000 (64526.000.000) 07/21 11:40:30 Job submitted from host: <139.153.252.230:9618?addrs=139.153.252.230-9618+[--1]-9618&noUDP&sock=729_9ca1_4>
...
000 (64526.001.000) 07/21 11:40:30 Job submitted from host: <139.153.252.230:9618?addrs=139.153.252.230-9618+[--1]-9618&noUDP&sock=729_9ca1_4>
...
000 (64526.002.000) 07/21 11:40:30 Job submitted from host: <139.153.252.230:9618?addrs=139.153.252.230-9618+[--1]-9618&noUDP&sock=729_9ca1_4>
...
000 (64526.003.000) 07/21 11:40:30 Job submitted from host: <139.153.252.230:9618?addrs=139.153.252.230-9618+[--1]-9618&noUDP&sock=729_9ca1_4>
...
000 (64526.004.000) 07/21 11:40:30 Job submitted from host: <139.153.252.230:9618?addrs=139.153.252.230-9618+[--1]-9618&noUDP&sock=729_9ca1_4>
...
000 (64526.005.000) 07/21 11:40:30 Job submitted from host: <139.153.252.230:9618?addrs=139.153.252.230-9618+[--1]-9618&noUDP&sock=729_9ca1_4>
...
000 (64526.006.000) 07/21 11:40:30 Job submitted from host: <139.153.252.230:9618?addrs=139.153.252.230-9618+[--1]-9618&noUDP&sock=729_9ca1_4>
...
000 (64526.007.000) 07/21 11:40:30 Job submitted from host: <139.153.252.230:9618?addrs=139.153.252.230-9618+[--1]-9618&noUDP&sock=729_9ca1_4>
...
000 (64526.008.000) 07/21 11:40:30 Job submitted from host: <139.153.252.230:9618?addrs=139.153.252.230-9618+[--1]-9618&noUDP&sock=729_9ca1_4>
...
000 (64526.009.000) 07/21 11:40:30 Job submitted from host: <139.153.252.230:9618?addrs=139.153.252.230-9618+[--1]-9618&noUDP&sock=729_9ca1_4>
...
001 (64526.007.000) 07/21 11:40:36 Job executing on host: <139.153.252.240:9618?addrs=139.153.252.240-9618+[--1]-9618&noUDP&sock=1047_bbbf_3>
...
001 (64526.008.000) 07/21 11:40:36 Job executing on host: <139.153.252.241:9618?addrs=139.153.252.241-9618+[--1]-9618&noUDP&sock=1072_e19d_3>
...
001 (64526.002.000) 07/21 11:40:36 Job executing on host: <139.153.252.235:9618?addrs=139.153.252.235-9618+[--1]-9618&noUDP&sock=2094_e367_3>
...
001 (64526.004.000) 07/21 11:40:37 Job executing on host: <139.153.252.237:9618?addrs=139.153.252.237-9618+[--1]-9618&noUDP&sock=2101_b091_3>
...
001 (64526.001.000) 07/21 11:40:37 Job executing on host: <139.153.252.234:9618?addrs=139.153.252.234-9618+[--1]-9618&noUDP&sock=2365_c592_3>
...
001 (64526.000.000) 07/21 11:40:37 Job executing on host: <139.153.252.233:9618?addrs=139.153.252.233-9618+[--1]-9618&noUDP&sock=1045_5c8e_3>
...
001 (64526.003.000) 07/21 11:40:37 Job executing on host: <139.153.252.236:9618?addrs=139.153.252.236-9618+[--1]-9618&noUDP&sock=1037_dfcd_3>
...
001 (64526.006.000) 07/21 11:40:37 Job executing on host: <139.153.252.239:9618?addrs=139.153.252.239-9618+[--1]-9618&noUDP&sock=1028_b372_3>
...
001 (64526.005.000) 07/21 11:40:37 Job executing on host: <139.153.252.238:9618?addrs=139.153.252.238-9618+[--1]-9618&noUDP&sock=1065_1473_3>
...
001 (64526.009.000) 07/21 11:40:37 Job executing on host: <139.153.252.242:9618?addrs=139.153.252.242-9618+[--1]-9618&noUDP&sock=1011_0a56_3>
...
006 (64526.007.000) 07/21 11:40:44 Image size of job updated: 217696
	213  -  MemoryUsage of job (MB)
	217696  -  ResidentSetSize of job (KB)
...
006 (64526.004.000) 07/21 11:40:45 Image size of job updated: 215892
	211  -  MemoryUsage of job (MB)
	215892  -  ResidentSetSize of job (KB)
...
006 (64526.008.000) 07/21 11:40:45 Image size of job updated: 205572
	201  -  MemoryUsage of job (MB)
	205572  -  ResidentSetSize of job (KB)
...
006 (64526.002.000) 07/21 11:40:45 Image size of job updated: 221000
	216  -  MemoryUsage of job (MB)
	221000  -  ResidentSetSize of job (KB)
...
006 (64526.001.000) 07/21 11:40:46 Image size of job updated: 213120
	209  -  MemoryUsage of job (MB)
	213120  -  ResidentSetSize of job (KB)
...
006 (64526.000.000) 07/21 11:40:46 Image size of job updated: 207804
	203  -  MemoryUsage of job (MB)
	207804  -  ResidentSetSize of job (KB)
...
006 (64526.003.000) 07/21 11:40:46 Image size of job updated: 219432
	215  -  MemoryUsage of job (MB)
	219432  -  ResidentSetSize of job (KB)
...
006 (64526.006.000) 07/21 11:40:46 Image size of job updated: 222444
	218  -  MemoryUsage of job (MB)
	222444  -  ResidentSetSize of job (KB)
...
006 (64526.005.000) 07/21 11:40:46 Image size of job updated: 215904
	211  -  MemoryUsage of job (MB)
	215904  -  ResidentSetSize of job (KB)
...
006 (64526.009.000) 07/21 11:40:46 Image size of job updated: 218168
	214  -  MemoryUsage of job (MB)
	218168  -  ResidentSetSize of job (KB)
...
006 (64526.007.000) 07/21 11:45:44 Image size of job updated: 318296
	311  -  MemoryUsage of job (MB)
	318296  -  ResidentSetSize of job (KB)
...
006 (64526.004.000) 07/21 11:45:45 Image size of job updated: 310388
	304  -  MemoryUsage of job (MB)
	310388  -  ResidentSetSize of job (KB)
...
006 (64526.008.000) 07/21 11:45:46 Image size of job updated: 313888
	307  -  MemoryUsage of job (MB)
	313888  -  ResidentSetSize of job (KB)
...
006 (64526.002.000) 07/21 11:45:46 Image size of job updated: 310060
	303  -  MemoryUsage of job (MB)
	310060  -  ResidentSetSize of job (KB)
...
006 (64526.000.000) 07/21 11:45:47 Image size of job updated: 298392
	292  -  MemoryUsage of job (MB)
	298392  -  ResidentSetSize of job (KB)
...
006 (64526.001.000) 07/21 11:45:47 Image size of job updated: 307864
	301  -  MemoryUsage of job (MB)
	307864  -  ResidentSetSize of job (KB)
...
006 (64526.006.000) 07/21 11:45:47 Image size of job updated: 312200
	305  -  MemoryUsage of job (MB)
	312200  -  ResidentSetSize of job (KB)
...
006 (64526.003.000) 07/21 11:45:47 Image size of job updated: 311760
	305  -  MemoryUsage of job (MB)
	311760  -  ResidentSetSize of job (KB)
...
006 (64526.005.000) 07/21 11:45:47 Image size of job updated: 299488
	293  -  MemoryUsage of job (MB)
	299488  -  ResidentSetSize of job (KB)
...
006 (64526.009.000) 07/21 11:45:47 Image size of job updated: 305480
	299  -  MemoryUsage of job (MB)
	305480  -  ResidentSetSize of job (KB)
...
006 (64526.007.000) 07/21 11:50:45 Image size of job updated: 321492
	314  -  MemoryUsage of job (MB)
	321492  -  ResidentSetSize of job (KB)
...
006 (64526.008.000) 07/21 11:50:46 Image size of job updated: 316524
	310  -  MemoryUsage of job (MB)
	316524  -  ResidentSetSize of job (KB)
...
006 (64526.002.000) 07/21 11:50:46 Image size of job updated: 313572
	307  -  MemoryUsage of job (MB)
	313572  -  ResidentSetSize of job (KB)
...
006 (64526.004.000) 07/21 11:50:46 Image size of job updated: 312264
	305  -  MemoryUsage of job (MB)
	312264  -  ResidentSetSize of job (KB)
...
006 (64526.000.000) 07/21 11:50:48 Image size of job updated: 304872
	298  -  MemoryUsage of job (MB)
	304872  -  ResidentSetSize of job (KB)
...
006 (64526.001.000) 07/21 11:50:48 Image size of job updated: 310424
	304  -  MemoryUsage of job (MB)
	310424  -  ResidentSetSize of job (KB)
...
006 (64526.003.000) 07/21 11:50:48 Image size of job updated: 316104
	309  -  MemoryUsage of job (MB)
	316104  -  ResidentSetSize of job (KB)
...
006 (64526.006.000) 07/21 11:50:48 Image size of job updated: 317852
	311  -  MemoryUsage of job (MB)
	317852  -  ResidentSetSize of job (KB)
...
006 (64526.009.000) 07/21 11:50:48 Image size of job updated: 308204
	301  -  MemoryUsage of job (MB)
	308204  -  ResidentSetSize of job (KB)
...
006 (64526.005.000) 07/21 11:50:48 Image size of job updated: 304292
	298  -  MemoryUsage of job (MB)
	304292  -  ResidentSetSize of job (KB)
...
006 (64526.007.000) 07/21 11:55:46 Image size of job updated: 323552
	316  -  MemoryUsage of job (MB)
	323552  -  ResidentSetSize of job (KB)
...
006 (64526.004.000) 07/21 11:55:47 Image size of job updated: 314316
	307  -  MemoryUsage of job (MB)
	314316  -  ResidentSetSize of job (KB)
...
006 (64526.000.000) 07/21 11:55:48 Image size of job updated: 307352
	301  -  MemoryUsage of job (MB)
	307352  -  ResidentSetSize of job (KB)
...
006 (64526.003.000) 07/21 11:55:48 Image size of job updated: 318208
	311  -  MemoryUsage of job (MB)
	318208  -  ResidentSetSize of job (KB)
...
006 (64526.009.000) 07/21 11:55:48 Image size of job updated: 310356
	304  -  MemoryUsage of job (MB)
	310356  -  ResidentSetSize of job (KB)
...
006 (64526.006.000) 07/21 11:55:48 Image size of job updated: 320728
	314  -  MemoryUsage of job (MB)
	320728  -  ResidentSetSize of job (KB)
...
006 (64526.001.000) 07/21 11:55:48 Image size of job updated: 312796
	306  -  MemoryUsage of job (MB)
	312796  -  ResidentSetSize of job (KB)
...
006 (64526.005.000) 07/21 11:55:48 Image size of job updated: 308512
	302  -  MemoryUsage of job (MB)
	308512  -  ResidentSetSize of job (KB)
...
006 (64526.007.000) 07/21 12:00:46 Image size of job updated: 323684
	317  -  MemoryUsage of job (MB)
	323684  -  ResidentSetSize of job (KB)
...
006 (64526.004.000) 07/21 12:00:47 Image size of job updated: 314580
	308  -  MemoryUsage of job (MB)
	314580  -  ResidentSetSize of job (KB)
...
006 (64526.008.000) 07/21 12:00:48 Image size of job updated: 318588
	312  -  MemoryUsage of job (MB)
	318588  -  ResidentSetSize of job (KB)
...
006 (64526.009.000) 07/21 12:00:48 Image size of job updated: 310488
	304  -  MemoryUsage of job (MB)
	310488  -  ResidentSetSize of job (KB)
...
006 (64526.006.000) 07/21 12:00:48 Image size of job updated: 320860
	314  -  MemoryUsage of job (MB)
	320860  -  ResidentSetSize of job (KB)
...
006 (64526.008.000) 07/21 12:05:48 Image size of job updated: 318720
	312  -  MemoryUsage of job (MB)
	318720  -  ResidentSetSize of job (KB)
...
005 (64526.009.000) 07/21 12:07:35 Job terminated.
	(1) Normal termination (return value 0)
		Usr 0 00:27:14, Sys 0 00:00:02  -  Run Remote Usage
		Usr 0 00:00:00, Sys 0 00:00:00  -  Run Local Usage
		Usr 0 00:27:14, Sys 0 00:00:02  -  Total Remote Usage
		Usr 0 00:00:00, Sys 0 00:00:00  -  Total Local Usage
	119564  -  Run Bytes Sent By Job
	45451000  -  Run Bytes Received By Job
	119564  -  Total Bytes Sent By Job
	45451000  -  Total Bytes Received By Job
	Partitionable Resources :    Usage  Request Allocated
	   Cpus                 :                 1         1
	   Disk (KB)            :    45000    45000  10608117
	   Memory (MB)          :      304        0      2004
...
005 (64526.004.000) 07/21 12:07:54 Job terminated.
	(1) Normal termination (return value 0)
		Usr 0 00:27:36, Sys 0 00:00:02  -  Run Remote Usage
		Usr 0 00:00:00, Sys 0 00:00:00  -  Run Local Usage
		Usr 0 00:27:36, Sys 0 00:00:02  -  Total Remote Usage
		Usr 0 00:00:00, Sys 0 00:00:00  -  Total Local Usage
	119440  -  Run Bytes Sent By Job
	45451000  -  Run Bytes Received By Job
	119440  -  Total Bytes Sent By Job
	45451000  -  Total Bytes Received By Job
	Partitionable Resources :    Usage  Request Allocated
	   Cpus                 :                 1         1
	   Disk (KB)            :    45000    45000  10092038
	   Memory (MB)          :      308        0      2004
...
005 (64526.006.000) 07/21 12:08:22 Job terminated.
	(1) Normal termination (return value 0)
		Usr 0 00:28:03, Sys 0 00:00:02  -  Run Remote Usage
		Usr 0 00:00:00, Sys 0 00:00:00  -  Run Local Usage
		Usr 0 00:28:03, Sys 0 00:00:02  -  Total Remote Usage
		Usr 0 00:00:00, Sys 0 00:00:00  -  Total Local Usage
	119386  -  Run Bytes Sent By Job
	45451000  -  Run Bytes Received By Job
	119386  -  Total Bytes Sent By Job
	45451000  -  Total Bytes Received By Job
	Partitionable Resources :    Usage  Request Allocated
	   Cpus                 :                 1         1
	   Disk (KB)            :    45000    45000  10609806
	   Memory (MB)          :      314        0      2004
...
005 (64526.007.000) 07/21 12:08:43 Job terminated.
	(1) Normal termination (return value 0)
		Usr 0 00:28:25, Sys 0 00:00:02  -  Run Remote Usage
		Usr 0 00:00:00, Sys 0 00:00:00  -  Run Local Usage
		Usr 0 00:28:25, Sys 0 00:00:02  -  Total Remote Usage
		Usr 0 00:00:00, Sys 0 00:00:00  -  Total Local Usage
	119616  -  Run Bytes Sent By Job
	45451000  -  Run Bytes Received By Job
	119616  -  Total Bytes Sent By Job
	45451000  -  Total Bytes Received By Job
	Partitionable Resources :    Usage  Request Allocated
	   Cpus                 :                 1         1
	   Disk (KB)            :    45000    45000  10608286
	   Memory (MB)          :      317        0      2004
...
005 (64526.005.000) 07/21 12:09:00 Job terminated.
	(1) Normal termination (return value 0)
		Usr 0 00:28:40, Sys 0 00:00:02  -  Run Remote Usage
		Usr 0 00:00:00, Sys 0 00:00:00  -  Run Local Usage
		Usr 0 00:28:40, Sys 0 00:00:02  -  Total Remote Usage
		Usr 0 00:00:00, Sys 0 00:00:00  -  Total Local Usage
	119379  -  Run Bytes Sent By Job
	45451000  -  Run Bytes Received By Job
	119379  -  Total Bytes Sent By Job
	45451000  -  Total Bytes Received By Job
	Partitionable Resources :    Usage  Request Allocated
	   Cpus                 :                 1         1
	   Disk (KB)            :    45000    45000  10608570
	   Memory (MB)          :      302        0      2004
...
005 (64526.002.000) 07/21 12:09:01 Job terminated.
	(1) Normal termination (return value 0)
		Usr 0 00:28:43, Sys 0 00:00:02  -  Run Remote Usage
		Usr 0 00:00:00, Sys 0 00:00:00  -  Run Local Usage
		Usr 0 00:28:43, Sys 0 00:00:02  -  Total Remote Usage
		Usr 0 00:00:00, Sys 0 00:00:00  -  Total Local Usage
	119682  -  Run Bytes Sent By Job
	45451000  -  Run Bytes Received By Job
	119682  -  Total Bytes Sent By Job
	45451000  -  Total Bytes Received By Job
	Partitionable Resources :    Usage  Request Allocated
	   Cpus                 :                 1         1
	   Disk (KB)            :    45000    45000  10052613
	   Memory (MB)          :      307        0      2004
...
005 (64526.003.000) 07/21 12:09:08 Job terminated.
	(1) Normal termination (return value 0)
		Usr 0 00:28:50, Sys 0 00:00:02  -  Run Remote Usage
		Usr 0 00:00:00, Sys 0 00:00:00  -  Run Local Usage
		Usr 0 00:28:50, Sys 0 00:00:02  -  Total Remote Usage
		Usr 0 00:00:00, Sys 0 00:00:00  -  Total Local Usage
	119676  -  Run Bytes Sent By Job
	45451000  -  Run Bytes Received By Job
	119676  -  Total Bytes Sent By Job
	45451000  -  Total Bytes Received By Job
	Partitionable Resources :    Usage  Request Allocated
	   Cpus                 :                 1         1
	   Disk (KB)            :    45000    45000  10049193
	   Memory (MB)          :      311        0      2004
...
006 (64526.001.000) 07/21 12:09:31 Image size of job updated: 3603912
	306  -  MemoryUsage of job (MB)
	312796  -  ResidentSetSize of job (KB)
...
005 (64526.001.000) 07/21 12:09:32 Job terminated.
	(1) Normal termination (return value 0)
		Usr 0 00:29:11, Sys 0 00:00:02  -  Run Remote Usage
		Usr 0 00:00:00, Sys 0 00:00:00  -  Run Local Usage
		Usr 0 00:29:11, Sys 0 00:00:02  -  Total Remote Usage
		Usr 0 00:00:00, Sys 0 00:00:00  -  Total Local Usage
	119409  -  Run Bytes Sent By Job
	45451000  -  Run Bytes Received By Job
	119409  -  Total Bytes Sent By Job
	45451000  -  Total Bytes Received By Job
	Partitionable Resources :    Usage  Request Allocated
	   Cpus                 :                 1         1
	   Disk (KB)            :    45000    45000  11861668
	   Memory (MB)          :      306        0      2004
...
006 (64526.000.000) 07/21 12:15:50 Image size of job updated: 307748
	301  -  MemoryUsage of job (MB)
	307748  -  ResidentSetSize of job (KB)
...
006 (64526.000.000) 07/21 14:11:06 Image size of job updated: 309800
	303  -  MemoryUsage of job (MB)
	309800  -  ResidentSetSize of job (KB)
...
005 (64526.008.000) 07/21 14:14:18 Job terminated.
	(1) Normal termination (return value 0)
		Usr 0 02:32:59, Sys 0 00:00:38  -  Run Remote Usage
		Usr 0 00:00:00, Sys 0 00:00:00  -  Run Local Usage
		Usr 0 02:32:59, Sys 0 00:00:38  -  Total Remote Usage
		Usr 0 00:00:00, Sys 0 00:00:00  -  Total Local Usage
	119524  -  Run Bytes Sent By Job
	45451000  -  Run Bytes Received By Job
	119524  -  Total Bytes Sent By Job
	45451000  -  Total Bytes Received By Job
	Partitionable Resources :    Usage  Request Allocated
	   Cpus                 :                 1         1
	   Disk (KB)            :    45000    45000  10607864
	   Memory (MB)          :      312        0      2004
...
005 (64526.000.000) 07/21 14:15:32 Job terminated.
	(1) Normal termination (return value 0)
		Usr 0 02:34:00, Sys 0 00:00:44  -  Run Remote Usage
		Usr 0 00:00:00, Sys 0 00:00:00  -  Run Local Usage
		Usr 0 02:34:00, Sys 0 00:00:44  -  Total Remote Usage
		Usr 0 00:00:00, Sys 0 00:00:00  -  Total Local Usage
	119777  -  Run Bytes Sent By Job
	45451000  -  Run Bytes Received By Job
	119777  -  Total Bytes Sent By Job
	45451000  -  Total Bytes Received By Job
	Partitionable Resources :    Usage  Request Allocated
	   Cpus                 :                 1         1
	   Disk (KB)            :    45000    45000  11886501
	   Memory (MB)          :      303        0      2004
...
