000 (64532.000.000) 07/21 12:07:13 Job submitted from host: <139.153.252.230:9618?addrs=139.153.252.230-9618+[--1]-9618&noUDP&sock=729_9ca1_4>
...
000 (64532.001.000) 07/21 12:07:13 Job submitted from host: <139.153.252.230:9618?addrs=139.153.252.230-9618+[--1]-9618&noUDP&sock=729_9ca1_4>
...
000 (64532.002.000) 07/21 12:07:13 Job submitted from host: <139.153.252.230:9618?addrs=139.153.252.230-9618+[--1]-9618&noUDP&sock=729_9ca1_4>
...
000 (64532.003.000) 07/21 12:07:13 Job submitted from host: <139.153.252.230:9618?addrs=139.153.252.230-9618+[--1]-9618&noUDP&sock=729_9ca1_4>
...
000 (64532.004.000) 07/21 12:07:13 Job submitted from host: <139.153.252.230:9618?addrs=139.153.252.230-9618+[--1]-9618&noUDP&sock=729_9ca1_4>
...
000 (64532.005.000) 07/21 12:07:13 Job submitted from host: <139.153.252.230:9618?addrs=139.153.252.230-9618+[--1]-9618&noUDP&sock=729_9ca1_4>
...
000 (64532.006.000) 07/21 12:07:13 Job submitted from host: <139.153.252.230:9618?addrs=139.153.252.230-9618+[--1]-9618&noUDP&sock=729_9ca1_4>
...
000 (64532.007.000) 07/21 12:07:13 Job submitted from host: <139.153.252.230:9618?addrs=139.153.252.230-9618+[--1]-9618&noUDP&sock=729_9ca1_4>
...
000 (64532.008.000) 07/21 12:07:13 Job submitted from host: <139.153.252.230:9618?addrs=139.153.252.230-9618+[--1]-9618&noUDP&sock=729_9ca1_4>
...
000 (64532.009.000) 07/21 12:07:13 Job submitted from host: <139.153.252.230:9618?addrs=139.153.252.230-9618+[--1]-9618&noUDP&sock=729_9ca1_4>
...
001 (64532.004.000) 07/21 12:07:17 Job executing on host: <139.153.252.232:9618?addrs=139.153.252.232-9618+[--1]-9618&noUDP&sock=2167_f5d1_3>
...
001 (64532.000.000) 07/21 12:07:18 Job executing on host: <139.153.252.241:9618?addrs=139.153.252.241-9618+[--1]-9618&noUDP&sock=1072_e19d_3>
...
001 (64532.002.000) 07/21 12:07:19 Job executing on host: <139.153.252.243:9618?addrs=139.153.252.243-9618+[--1]-9618&noUDP&sock=1374_0737_3>
...
001 (64532.005.000) 07/21 12:07:19 Job executing on host: <139.153.252.233:9618?addrs=139.153.252.233-9618+[--1]-9618&noUDP&sock=1045_5c8e_3>
...
001 (64532.007.000) 07/21 12:07:19 Job executing on host: <139.153.252.235:9618?addrs=139.153.252.235-9618+[--1]-9618&noUDP&sock=2094_e367_3>
...
001 (64532.008.000) 07/21 12:07:19 Job executing on host: <139.153.252.236:9618?addrs=139.153.252.236-9618+[--1]-9618&noUDP&sock=1037_dfcd_3>
...
001 (64532.003.000) 07/21 12:07:19 Job executing on host: <139.153.252.231:9618?addrs=139.153.252.231-9618+[--1]-9618&noUDP&sock=995_10d2_3>
...
001 (64532.006.000) 07/21 12:07:19 Job executing on host: <139.153.252.234:9618?addrs=139.153.252.234-9618+[--1]-9618&noUDP&sock=2365_c592_3>
...
001 (64532.009.000) 07/21 12:07:19 Job executing on host: <139.153.252.237:9618?addrs=139.153.252.237-9618+[--1]-9618&noUDP&sock=2101_b091_3>
...
001 (64532.001.000) 07/21 12:07:19 Job executing on host: <139.153.252.242:9618?addrs=139.153.252.242-9618+[--1]-9618&noUDP&sock=1011_0a56_3>
...
006 (64532.004.000) 07/21 12:07:26 Image size of job updated: 207136
	203  -  MemoryUsage of job (MB)
	207136  -  ResidentSetSize of job (KB)
...
006 (64532.002.000) 07/21 12:07:27 Image size of job updated: 183864
	180  -  MemoryUsage of job (MB)
	183864  -  ResidentSetSize of job (KB)
...
006 (64532.007.000) 07/21 12:07:27 Image size of job updated: 178736
	175  -  MemoryUsage of job (MB)
	178736  -  ResidentSetSize of job (KB)
...
006 (64532.000.000) 07/21 12:07:28 Image size of job updated: 89256
	88  -  MemoryUsage of job (MB)
	89256  -  ResidentSetSize of job (KB)
...
006 (64532.008.000) 07/21 12:07:28 Image size of job updated: 191700
	188  -  MemoryUsage of job (MB)
	191700  -  ResidentSetSize of job (KB)
...
006 (64532.003.000) 07/21 12:07:28 Image size of job updated: 221512
	217  -  MemoryUsage of job (MB)
	221512  -  ResidentSetSize of job (KB)
...
006 (64532.005.000) 07/21 12:07:28 Image size of job updated: 75308
	74  -  MemoryUsage of job (MB)
	75308  -  ResidentSetSize of job (KB)
...
006 (64532.006.000) 07/21 12:07:28 Image size of job updated: 193816
	190  -  MemoryUsage of job (MB)
	193816  -  ResidentSetSize of job (KB)
...
006 (64532.009.000) 07/21 12:07:28 Image size of job updated: 188576
	185  -  MemoryUsage of job (MB)
	188576  -  ResidentSetSize of job (KB)
...
006 (64532.001.000) 07/21 12:07:28 Image size of job updated: 197720
	194  -  MemoryUsage of job (MB)
	197720  -  ResidentSetSize of job (KB)
...
006 (64532.004.000) 07/21 12:12:27 Image size of job updated: 322812
	316  -  MemoryUsage of job (MB)
	322812  -  ResidentSetSize of job (KB)
...
006 (64532.002.000) 07/21 12:12:27 Image size of job updated: 299604
	293  -  MemoryUsage of job (MB)
	299604  -  ResidentSetSize of job (KB)
...
006 (64532.007.000) 07/21 12:12:27 Image size of job updated: 307592
	301  -  MemoryUsage of job (MB)
	307592  -  ResidentSetSize of job (KB)
...
006 (64532.000.000) 07/21 12:12:28 Image size of job updated: 305056
	298  -  MemoryUsage of job (MB)
	305056  -  ResidentSetSize of job (KB)
...
006 (64532.008.000) 07/21 12:12:29 Image size of job updated: 319644
	313  -  MemoryUsage of job (MB)
	319644  -  ResidentSetSize of job (KB)
...
006 (64532.003.000) 07/21 12:12:29 Image size of job updated: 315592
	309  -  MemoryUsage of job (MB)
	315592  -  ResidentSetSize of job (KB)
...
006 (64532.005.000) 07/21 12:12:29 Image size of job updated: 305424
	299  -  MemoryUsage of job (MB)
	305424  -  ResidentSetSize of job (KB)
...
006 (64532.006.000) 07/21 12:12:29 Image size of job updated: 304140
	298  -  MemoryUsage of job (MB)
	304140  -  ResidentSetSize of job (KB)
...
006 (64532.009.000) 07/21 12:12:29 Image size of job updated: 313344
	306  -  MemoryUsage of job (MB)
	313344  -  ResidentSetSize of job (KB)
...
006 (64532.001.000) 07/21 12:12:29 Image size of job updated: 321432
	314  -  MemoryUsage of job (MB)
	321432  -  ResidentSetSize of job (KB)
...
006 (64532.004.000) 07/21 12:17:27 Image size of job updated: 347800
	340  -  MemoryUsage of job (MB)
	347800  -  ResidentSetSize of job (KB)
...
006 (64532.007.000) 07/21 12:17:28 Image size of job updated: 328568
	321  -  MemoryUsage of job (MB)
	328568  -  ResidentSetSize of job (KB)
...
006 (64532.000.000) 07/21 12:17:28 Image size of job updated: 305188
	299  -  MemoryUsage of job (MB)
	305188  -  ResidentSetSize of job (KB)
...
006 (64532.002.000) 07/21 12:17:28 Image size of job updated: 322544
	315  -  MemoryUsage of job (MB)
	322544  -  ResidentSetSize of job (KB)
...
006 (64532.008.000) 07/21 12:17:30 Image size of job updated: 340572
	333  -  MemoryUsage of job (MB)
	340572  -  ResidentSetSize of job (KB)
...
006 (64532.003.000) 07/21 12:17:30 Image size of job updated: 340592
	333  -  MemoryUsage of job (MB)
	340592  -  ResidentSetSize of job (KB)
...
006 (64532.006.000) 07/21 12:17:30 Image size of job updated: 327160
	320  -  MemoryUsage of job (MB)
	327160  -  ResidentSetSize of job (KB)
...
006 (64532.009.000) 07/21 12:17:30 Image size of job updated: 334260
	327  -  MemoryUsage of job (MB)
	334260  -  ResidentSetSize of job (KB)
...
006 (64532.001.000) 07/21 12:17:30 Image size of job updated: 344356
	337  -  MemoryUsage of job (MB)
	344356  -  ResidentSetSize of job (KB)
...
006 (64532.004.000) 07/21 12:22:27 Image size of job updated: 366304
	358  -  MemoryUsage of job (MB)
	366304  -  ResidentSetSize of job (KB)
...
006 (64532.007.000) 07/21 12:22:28 Image size of job updated: 350280
	343  -  MemoryUsage of job (MB)
	350280  -  ResidentSetSize of job (KB)
...
006 (64532.002.000) 07/21 12:22:29 Image size of job updated: 349252
	342  -  MemoryUsage of job (MB)
	349252  -  ResidentSetSize of job (KB)
...
006 (64532.000.000) 07/21 12:22:29 Image size of job updated: 308212
	301  -  MemoryUsage of job (MB)
	308212  -  ResidentSetSize of job (KB)
...
006 (64532.008.000) 07/21 12:22:30 Image size of job updated: 366352
	358  -  MemoryUsage of job (MB)
	366352  -  ResidentSetSize of job (KB)
...
006 (64532.003.000) 07/21 12:22:30 Image size of job updated: 359096
	351  -  MemoryUsage of job (MB)
	359096  -  ResidentSetSize of job (KB)
...
006 (64532.009.000) 07/21 12:22:30 Image size of job updated: 357524
	350  -  MemoryUsage of job (MB)
	357524  -  ResidentSetSize of job (KB)
...
006 (64532.006.000) 07/21 12:22:30 Image size of job updated: 348832
	341  -  MemoryUsage of job (MB)
	348832  -  ResidentSetSize of job (KB)
...
006 (64532.001.000) 07/21 12:22:30 Image size of job updated: 367332
	359  -  MemoryUsage of job (MB)
	367332  -  ResidentSetSize of job (KB)
...
006 (64532.005.000) 07/21 12:22:30 Image size of job updated: 307164
	300  -  MemoryUsage of job (MB)
	307164  -  ResidentSetSize of job (KB)
...
006 (64532.004.000) 07/21 12:27:28 Image size of job updated: 371288
	363  -  MemoryUsage of job (MB)
	371288  -  ResidentSetSize of job (KB)
...
006 (64532.007.000) 07/21 12:27:28 Image size of job updated: 356424
	349  -  MemoryUsage of job (MB)
	356424  -  ResidentSetSize of job (KB)
...
006 (64532.002.000) 07/21 12:27:29 Image size of job updated: 351296
	344  -  MemoryUsage of job (MB)
	351296  -  ResidentSetSize of job (KB)
...
006 (64532.008.000) 07/21 12:27:30 Image size of job updated: 370480
	362  -  MemoryUsage of job (MB)
	370480  -  ResidentSetSize of job (KB)
...
006 (64532.003.000) 07/21 12:27:30 Image size of job updated: 364012
	356  -  MemoryUsage of job (MB)
	364012  -  ResidentSetSize of job (KB)
...
006 (64532.006.000) 07/21 12:27:30 Image size of job updated: 353116
	345  -  MemoryUsage of job (MB)
	353116  -  ResidentSetSize of job (KB)
...
006 (64532.009.000) 07/21 12:27:30 Image size of job updated: 361744
	354  -  MemoryUsage of job (MB)
	361744  -  ResidentSetSize of job (KB)
...
006 (64532.001.000) 07/21 12:27:30 Image size of job updated: 369388
	361  -  MemoryUsage of job (MB)
	369388  -  ResidentSetSize of job (KB)
...
006 (64532.005.000) 07/21 12:27:31 Image size of job updated: 307296
	301  -  MemoryUsage of job (MB)
	307296  -  ResidentSetSize of job (KB)
...
006 (64532.004.000) 07/21 12:32:28 Image size of job updated: 371436
	363  -  MemoryUsage of job (MB)
	371436  -  ResidentSetSize of job (KB)
...
006 (64532.007.000) 07/21 12:32:29 Image size of job updated: 356556
	349  -  MemoryUsage of job (MB)
	356556  -  ResidentSetSize of job (KB)
...
006 (64532.006.000) 07/21 12:32:31 Image size of job updated: 353248
	345  -  MemoryUsage of job (MB)
	353248  -  ResidentSetSize of job (KB)
...
006 (64532.009.000) 07/21 12:32:31 Image size of job updated: 361876
	354  -  MemoryUsage of job (MB)
	361876  -  ResidentSetSize of job (KB)
...
006 (64532.003.000) 07/21 12:32:31 Image size of job updated: 364144
	356  -  MemoryUsage of job (MB)
	364144  -  ResidentSetSize of job (KB)
...
006 (64532.004.000) 07/21 12:37:28 Image size of job updated: 411148
	402  -  MemoryUsage of job (MB)
	411148  -  ResidentSetSize of job (KB)
...
006 (64532.002.000) 07/21 12:37:30 Image size of job updated: 385780
	377  -  MemoryUsage of job (MB)
	385780  -  ResidentSetSize of job (KB)
...
006 (64532.007.000) 07/21 12:37:30 Image size of job updated: 390952
	382  -  MemoryUsage of job (MB)
	390952  -  ResidentSetSize of job (KB)
...
006 (64532.006.000) 07/21 12:37:31 Image size of job updated: 387692
	379  -  MemoryUsage of job (MB)
	387692  -  ResidentSetSize of job (KB)
...
006 (64532.009.000) 07/21 12:37:31 Image size of job updated: 396268
	387  -  MemoryUsage of job (MB)
	396268  -  ResidentSetSize of job (KB)
...
006 (64532.001.000) 07/21 12:37:31 Image size of job updated: 403876
	395  -  MemoryUsage of job (MB)
	403876  -  ResidentSetSize of job (KB)
...
006 (64532.000.000) 07/21 12:37:31 Image size of job updated: 308344
	302  -  MemoryUsage of job (MB)
	308344  -  ResidentSetSize of job (KB)
...
006 (64532.008.000) 07/21 12:37:32 Image size of job updated: 410252
	401  -  MemoryUsage of job (MB)
	410252  -  ResidentSetSize of job (KB)
...
006 (64532.003.000) 07/21 12:37:32 Image size of job updated: 403468
	395  -  MemoryUsage of job (MB)
	403468  -  ResidentSetSize of job (KB)
...
006 (64532.005.000) 07/21 12:37:32 Image size of job updated: 309416
	303  -  MemoryUsage of job (MB)
	309416  -  ResidentSetSize of job (KB)
...
006 (64532.009.000) 07/21 12:42:31 Image size of job updated: 396400
	388  -  MemoryUsage of job (MB)
	396400  -  ResidentSetSize of job (KB)
...
006 (64532.000.000) 07/21 12:42:32 Image size of job updated: 310984
	304  -  MemoryUsage of job (MB)
	310984  -  ResidentSetSize of job (KB)
...
006 (64532.005.000) 07/21 12:42:33 Image size of job updated: 309548
	303  -  MemoryUsage of job (MB)
	309548  -  ResidentSetSize of job (KB)
...
006 (64532.000.000) 07/21 12:47:32 Image size of job updated: 313044
	306  -  MemoryUsage of job (MB)
	313044  -  ResidentSetSize of job (KB)
...
006 (64532.005.000) 07/21 12:47:34 Image size of job updated: 311652
	305  -  MemoryUsage of job (MB)
	311652  -  ResidentSetSize of job (KB)
...
006 (64532.005.000) 07/21 12:52:34 Image size of job updated: 313760
	307  -  MemoryUsage of job (MB)
	313760  -  ResidentSetSize of job (KB)
...
006 (64532.007.000) 07/21 12:57:32 Image size of job updated: 391084
	382  -  MemoryUsage of job (MB)
	391084  -  ResidentSetSize of job (KB)
...
006 (64532.000.000) 07/21 12:57:34 Image size of job updated: 315156
	308  -  MemoryUsage of job (MB)
	315156  -  ResidentSetSize of job (KB)
...
006 (64532.008.000) 07/21 12:57:34 Image size of job updated: 410264
	401  -  MemoryUsage of job (MB)
	410264  -  ResidentSetSize of job (KB)
...
006 (64532.005.000) 07/21 12:57:35 Image size of job updated: 316020
	309  -  MemoryUsage of job (MB)
	316020  -  ResidentSetSize of job (KB)
...
006 (64532.004.000) 07/21 13:02:32 Image size of job updated: 411240
	402  -  MemoryUsage of job (MB)
	411240  -  ResidentSetSize of job (KB)
...
006 (64532.000.000) 07/21 13:02:34 Image size of job updated: 317204
	310  -  MemoryUsage of job (MB)
	317204  -  ResidentSetSize of job (KB)
...
006 (64532.005.000) 07/21 13:02:36 Image size of job updated: 318148
	311  -  MemoryUsage of job (MB)
	318148  -  ResidentSetSize of job (KB)
...
006 (64532.002.000) 07/21 13:07:32 Image size of job updated: 385812
	377  -  MemoryUsage of job (MB)
	385812  -  ResidentSetSize of job (KB)
...
006 (64532.007.000) 07/21 13:07:33 Image size of job updated: 391220
	383  -  MemoryUsage of job (MB)
	391220  -  ResidentSetSize of job (KB)
...
006 (64532.008.000) 07/21 13:07:35 Image size of job updated: 410348
	401  -  MemoryUsage of job (MB)
	410348  -  ResidentSetSize of job (KB)
...
006 (64532.003.000) 07/21 13:07:35 Image size of job updated: 403552
	395  -  MemoryUsage of job (MB)
	403552  -  ResidentSetSize of job (KB)
...
006 (64532.006.000) 07/21 13:07:35 Image size of job updated: 387800
	379  -  MemoryUsage of job (MB)
	387800  -  ResidentSetSize of job (KB)
...
006 (64532.009.000) 07/21 13:07:35 Image size of job updated: 396512
	388  -  MemoryUsage of job (MB)
	396512  -  ResidentSetSize of job (KB)
...
006 (64532.001.000) 07/21 13:07:35 Image size of job updated: 403980
	395  -  MemoryUsage of job (MB)
	403980  -  ResidentSetSize of job (KB)
...
006 (64532.000.000) 07/21 13:07:35 Image size of job updated: 321472
	314  -  MemoryUsage of job (MB)
	321472  -  ResidentSetSize of job (KB)
...
006 (64532.005.000) 07/21 13:07:36 Image size of job updated: 320216
	313  -  MemoryUsage of job (MB)
	320216  -  ResidentSetSize of job (KB)
...
006 (64532.000.000) 07/21 13:12:36 Image size of job updated: 323676
	317  -  MemoryUsage of job (MB)
	323676  -  ResidentSetSize of job (KB)
...
006 (64532.005.000) 07/21 13:12:37 Image size of job updated: 324460
	317  -  MemoryUsage of job (MB)
	324460  -  ResidentSetSize of job (KB)
...
006 (64532.000.000) 07/21 13:17:36 Image size of job updated: 325736
	319  -  MemoryUsage of job (MB)
	325736  -  ResidentSetSize of job (KB)
...
006 (64532.005.000) 07/21 13:17:38 Image size of job updated: 328576
	321  -  MemoryUsage of job (MB)
	328576  -  ResidentSetSize of job (KB)
...
006 (64532.000.000) 07/21 13:22:37 Image size of job updated: 329860
	323  -  MemoryUsage of job (MB)
	329860  -  ResidentSetSize of job (KB)
...
006 (64532.005.000) 07/21 13:22:38 Image size of job updated: 332684
	325  -  MemoryUsage of job (MB)
	332684  -  ResidentSetSize of job (KB)
...
006 (64532.000.000) 07/21 13:27:38 Image size of job updated: 333996
	327  -  MemoryUsage of job (MB)
	333996  -  ResidentSetSize of job (KB)
...
006 (64532.005.000) 07/21 13:27:39 Image size of job updated: 336840
	329  -  MemoryUsage of job (MB)
	336840  -  ResidentSetSize of job (KB)
...
006 (64532.004.000) 07/21 13:32:35 Image size of job updated: 411504
	402  -  MemoryUsage of job (MB)
	411504  -  ResidentSetSize of job (KB)
...
006 (64532.003.000) 07/21 13:32:37 Image size of job updated: 403820
	395  -  MemoryUsage of job (MB)
	403820  -  ResidentSetSize of job (KB)
...
006 (64532.000.000) 07/21 13:32:38 Image size of job updated: 338124
	331  -  MemoryUsage of job (MB)
	338124  -  ResidentSetSize of job (KB)
...
006 (64532.005.000) 07/21 13:32:40 Image size of job updated: 340940
	333  -  MemoryUsage of job (MB)
	340940  -  ResidentSetSize of job (KB)
...
006 (64532.002.000) 07/21 13:37:35 Image size of job updated: 386036
	377  -  MemoryUsage of job (MB)
	386036  -  ResidentSetSize of job (KB)
...
006 (64532.001.000) 07/21 13:37:37 Image size of job updated: 404264
	395  -  MemoryUsage of job (MB)
	404264  -  ResidentSetSize of job (KB)
...
006 (64532.008.000) 07/21 13:37:38 Image size of job updated: 410612
	401  -  MemoryUsage of job (MB)
	410612  -  ResidentSetSize of job (KB)
...
006 (64532.009.000) 07/21 13:37:38 Image size of job updated: 396820
	388  -  MemoryUsage of job (MB)
	396820  -  ResidentSetSize of job (KB)
...
006 (64532.006.000) 07/21 13:37:38 Image size of job updated: 388036
	379  -  MemoryUsage of job (MB)
	388036  -  ResidentSetSize of job (KB)
...
006 (64532.000.000) 07/21 13:37:39 Image size of job updated: 340224
	333  -  MemoryUsage of job (MB)
	340224  -  ResidentSetSize of job (KB)
...
006 (64532.005.000) 07/21 13:37:40 Image size of job updated: 345088
	337  -  MemoryUsage of job (MB)
	345088  -  ResidentSetSize of job (KB)
...
006 (64532.000.000) 07/21 13:42:40 Image size of job updated: 344352
	337  -  MemoryUsage of job (MB)
	344352  -  ResidentSetSize of job (KB)
...
006 (64532.005.000) 07/21 13:42:40 Image size of job updated: 347148
	340  -  MemoryUsage of job (MB)
	347148  -  ResidentSetSize of job (KB)
...
006 (64532.000.000) 07/21 13:47:40 Image size of job updated: 346412
	339  -  MemoryUsage of job (MB)
	346412  -  ResidentSetSize of job (KB)
...
006 (64532.005.000) 07/21 13:47:41 Image size of job updated: 349256
	342  -  MemoryUsage of job (MB)
	349256  -  ResidentSetSize of job (KB)
...
006 (64532.005.000) 07/21 13:52:41 Image size of job updated: 351308
	344  -  MemoryUsage of job (MB)
	351308  -  ResidentSetSize of job (KB)
...
006 (64532.000.000) 07/21 13:52:41 Image size of job updated: 348476
	341  -  MemoryUsage of job (MB)
	348476  -  ResidentSetSize of job (KB)
...
006 (64532.000.000) 07/21 13:57:42 Image size of job updated: 350544
	343  -  MemoryUsage of job (MB)
	350544  -  ResidentSetSize of job (KB)
...
006 (64532.005.000) 07/21 13:57:42 Image size of job updated: 353360
	346  -  MemoryUsage of job (MB)
	353360  -  ResidentSetSize of job (KB)
...
006 (64532.004.000) 07/21 14:02:38 Image size of job updated: 411560
	402  -  MemoryUsage of job (MB)
	411560  -  ResidentSetSize of job (KB)
...
006 (64532.003.000) 07/21 14:02:41 Image size of job updated: 403912
	395  -  MemoryUsage of job (MB)
	403912  -  ResidentSetSize of job (KB)
...
006 (64532.000.000) 07/21 14:02:42 Image size of job updated: 352604
	345  -  MemoryUsage of job (MB)
	352604  -  ResidentSetSize of job (KB)
...
006 (64532.005.000) 07/21 14:02:43 Image size of job updated: 355456
	348  -  MemoryUsage of job (MB)
	355456  -  ResidentSetSize of job (KB)
...
006 (64532.007.000) 07/21 14:07:38 Image size of job updated: 391452
	383  -  MemoryUsage of job (MB)
	391452  -  ResidentSetSize of job (KB)
...
006 (64532.001.000) 07/21 14:07:39 Image size of job updated: 404312
	395  -  MemoryUsage of job (MB)
	404312  -  ResidentSetSize of job (KB)
...
006 (64532.000.000) 07/21 14:07:43 Image size of job updated: 354652
	347  -  MemoryUsage of job (MB)
	354652  -  ResidentSetSize of job (KB)
...
006 (64532.000.000) 07/21 14:17:44 Image size of job updated: 356708
	349  -  MemoryUsage of job (MB)
	356708  -  ResidentSetSize of job (KB)
...
006 (64532.005.000) 07/21 14:17:45 Image size of job updated: 357516
	350  -  MemoryUsage of job (MB)
	357516  -  ResidentSetSize of job (KB)
...
005 (64532.003.000) 07/21 14:24:25 Job terminated.
	(1) Normal termination (return value 0)
		Usr 0 02:17:00, Sys 0 00:00:13  -  Run Remote Usage
		Usr 0 00:00:00, Sys 0 00:00:00  -  Run Local Usage
		Usr 0 02:17:00, Sys 0 00:00:13  -  Total Remote Usage
		Usr 0 00:00:00, Sys 0 00:00:00  -  Total Local Usage
	584239  -  Run Bytes Sent By Job
	45451000  -  Run Bytes Received By Job
	584239  -  Total Bytes Sent By Job
	45451000  -  Total Bytes Received By Job
	Partitionable Resources :    Usage  Request Allocated
	   Cpus                 :                 1         1
	   Disk (KB)            :    45000    45000  11883160
	   Memory (MB)          :      395        0      2004
...
005 (64532.004.000) 07/21 14:24:50 Job terminated.
	(1) Normal termination (return value 0)
		Usr 0 02:17:31, Sys 0 00:00:14  -  Run Remote Usage
		Usr 0 00:00:00, Sys 0 00:00:00  -  Run Local Usage
		Usr 0 02:17:31, Sys 0 00:00:14  -  Total Remote Usage
		Usr 0 00:00:00, Sys 0 00:00:00  -  Total Local Usage
	583824  -  Run Bytes Sent By Job
	45451000  -  Run Bytes Received By Job
	583824  -  Total Bytes Sent By Job
	45451000  -  Total Bytes Received By Job
	Partitionable Resources :    Usage  Request Allocated
	   Cpus                 :                 1         1
	   Disk (KB)            :    45000    45000  11902753
	   Memory (MB)          :      402        0      2004
...
005 (64532.002.000) 07/21 14:28:00 Job terminated.
	(1) Normal termination (return value 0)
		Usr 0 02:20:41, Sys 0 00:00:15  -  Run Remote Usage
		Usr 0 00:00:00, Sys 0 00:00:00  -  Run Local Usage
		Usr 0 02:20:41, Sys 0 00:00:15  -  Total Remote Usage
		Usr 0 00:00:00, Sys 0 00:00:00  -  Total Local Usage
	584126  -  Run Bytes Sent By Job
	45451000  -  Run Bytes Received By Job
	584126  -  Total Bytes Sent By Job
	45451000  -  Total Bytes Received By Job
	Partitionable Resources :    Usage  Request Allocated
	   Cpus                 :                 1         1
	   Disk (KB)            :    45000    45000  10609299
	   Memory (MB)          :      377        0      2004
...
005 (64532.006.000) 07/21 14:30:08 Job terminated.
	(1) Normal termination (return value 0)
		Usr 0 02:22:44, Sys 0 00:00:16  -  Run Remote Usage
		Usr 0 00:00:00, Sys 0 00:00:00  -  Run Local Usage
		Usr 0 02:22:44, Sys 0 00:00:16  -  Total Remote Usage
		Usr 0 00:00:00, Sys 0 00:00:00  -  Total Local Usage
	584109  -  Run Bytes Sent By Job
	45451000  -  Run Bytes Received By Job
	584109  -  Total Bytes Sent By Job
	45451000  -  Total Bytes Received By Job
	Partitionable Resources :    Usage  Request Allocated
	   Cpus                 :                 1         1
	   Disk (KB)            :    45000    45000  11861668
	   Memory (MB)          :      379        0      2004
...
005 (64532.001.000) 07/21 14:31:28 Job terminated.
	(1) Normal termination (return value 0)
		Usr 0 02:24:09, Sys 0 00:00:16  -  Run Remote Usage
		Usr 0 00:00:00, Sys 0 00:00:00  -  Run Local Usage
		Usr 0 02:24:09, Sys 0 00:00:16  -  Total Remote Usage
		Usr 0 00:00:00, Sys 0 00:00:00  -  Total Local Usage
	583640  -  Run Bytes Sent By Job
	45451000  -  Run Bytes Received By Job
	583640  -  Total Bytes Sent By Job
	45451000  -  Total Bytes Received By Job
	Partitionable Resources :    Usage  Request Allocated
	   Cpus                 :                 1         1
	   Disk (KB)            :    45000    45000  10608117
	   Memory (MB)          :      395        0      2004
...
005 (64532.007.000) 07/21 14:31:29 Job terminated.
	(1) Normal termination (return value 0)
		Usr 0 02:24:10, Sys 0 00:00:16  -  Run Remote Usage
		Usr 0 00:00:00, Sys 0 00:00:00  -  Run Local Usage
		Usr 0 02:24:10, Sys 0 00:00:16  -  Total Remote Usage
		Usr 0 00:00:00, Sys 0 00:00:00  -  Total Local Usage
	584885  -  Run Bytes Sent By Job
	45451000  -  Run Bytes Received By Job
	584885  -  Total Bytes Sent By Job
	45451000  -  Total Bytes Received By Job
	Partitionable Resources :    Usage  Request Allocated
	   Cpus                 :                 1         1
	   Disk (KB)            :    45000    45000  10052613
	   Memory (MB)          :      383        0      2004
...
006 (64532.000.000) 07/21 14:32:46 Image size of job updated: 358816
	351  -  MemoryUsage of job (MB)
	358816  -  ResidentSetSize of job (KB)
...
005 (64532.008.000) 07/21 14:32:59 Job terminated.
	(1) Normal termination (return value 0)
		Usr 0 02:25:41, Sys 0 00:00:15  -  Run Remote Usage
		Usr 0 00:00:00, Sys 0 00:00:00  -  Run Local Usage
		Usr 0 02:25:41, Sys 0 00:00:15  -  Total Remote Usage
		Usr 0 00:00:00, Sys 0 00:00:00  -  Total Local Usage
	584279  -  Run Bytes Sent By Job
	45451000  -  Run Bytes Received By Job
	584279  -  Total Bytes Sent By Job
	45451000  -  Total Bytes Received By Job
	Partitionable Resources :    Usage  Request Allocated
	   Cpus                 :                 1         1
	   Disk (KB)            :    45000    45000  10049193
	   Memory (MB)          :      401        0      2004
...
005 (64532.009.000) 07/21 14:33:02 Job terminated.
	(1) Normal termination (return value 0)
		Usr 0 02:25:48, Sys 0 00:00:15  -  Run Remote Usage
		Usr 0 00:00:00, Sys 0 00:00:00  -  Run Local Usage
		Usr 0 02:25:48, Sys 0 00:00:15  -  Total Remote Usage
		Usr 0 00:00:00, Sys 0 00:00:00  -  Total Local Usage
	584509  -  Run Bytes Sent By Job
	45451000  -  Run Bytes Received By Job
	584509  -  Total Bytes Sent By Job
	45451000  -  Total Bytes Received By Job
	Partitionable Resources :    Usage  Request Allocated
	   Cpus                 :                 1         1
	   Disk (KB)            :    45000    45000  10092038
	   Memory (MB)          :      388        0      2004
...
006 (64532.000.000) 07/21 15:42:56 Image size of job updated: 393564
	385  -  MemoryUsage of job (MB)
	393564  -  ResidentSetSize of job (KB)
...
006 (64532.005.000) 07/21 15:42:56 Image size of job updated: 391772
	383  -  MemoryUsage of job (MB)
	391772  -  ResidentSetSize of job (KB)
...
006 (64532.000.000) 07/21 17:23:10 Image size of job updated: 393696
	385  -  MemoryUsage of job (MB)
	393696  -  ResidentSetSize of job (KB)
...
006 (64532.005.000) 07/21 18:38:19 Image size of job updated: 391904
	383  -  MemoryUsage of job (MB)
	391904  -  ResidentSetSize of job (KB)
...
006 (64532.005.000) 07/21 22:18:48 Image size of job updated: 392008
	383  -  MemoryUsage of job (MB)
	392008  -  ResidentSetSize of job (KB)
...
006 (64532.000.000) 07/21 22:23:44 Image size of job updated: 393724
	385  -  MemoryUsage of job (MB)
	393724  -  ResidentSetSize of job (KB)
...
006 (64532.005.000) 07/22 01:34:09 Image size of job updated: 392172
	383  -  MemoryUsage of job (MB)
	392172  -  ResidentSetSize of job (KB)
...
005 (64532.000.000) 07/22 04:46:01 Job terminated.
	(1) Normal termination (return value 0)
		Usr 0 16:41:41, Sys 0 00:05:05  -  Run Remote Usage
		Usr 0 00:00:00, Sys 0 00:00:00  -  Run Local Usage
		Usr 0 16:41:41, Sys 0 00:05:05  -  Total Remote Usage
		Usr 0 00:00:00, Sys 0 00:00:00  -  Total Local Usage
	584034  -  Run Bytes Sent By Job
	45451000  -  Run Bytes Received By Job
	584034  -  Total Bytes Sent By Job
	45451000  -  Total Bytes Received By Job
	Partitionable Resources :    Usage  Request Allocated
	   Cpus                 :                 1         1
	   Disk (KB)            :    45000    45000  10607864
	   Memory (MB)          :      385        0      2004
...
005 (64532.005.000) 07/22 04:46:50 Job terminated.
	(1) Normal termination (return value 0)
		Usr 0 16:41:59, Sys 0 00:05:08  -  Run Remote Usage
		Usr 0 00:00:00, Sys 0 00:00:00  -  Run Local Usage
		Usr 0 16:41:59, Sys 0 00:05:08  -  Total Remote Usage
		Usr 0 00:00:00, Sys 0 00:00:00  -  Total Local Usage
	584796  -  Run Bytes Sent By Job
	45451000  -  Run Bytes Received By Job
	584796  -  Total Bytes Sent By Job
	45451000  -  Total Bytes Received By Job
	Partitionable Resources :    Usage  Request Allocated
	   Cpus                 :                 1         1
	   Disk (KB)            :    45000    45000  11886501
	   Memory (MB)          :      383        0      2004
...
