000 (64525.000.000) 07/21 11:39:52 Job submitted from host: <139.153.252.230:9618?addrs=139.153.252.230-9618+[--1]-9618&noUDP&sock=729_9ca1_4>
...
000 (64525.001.000) 07/21 11:39:52 Job submitted from host: <139.153.252.230:9618?addrs=139.153.252.230-9618+[--1]-9618&noUDP&sock=729_9ca1_4>
...
000 (64525.002.000) 07/21 11:39:52 Job submitted from host: <139.153.252.230:9618?addrs=139.153.252.230-9618+[--1]-9618&noUDP&sock=729_9ca1_4>
...
000 (64525.003.000) 07/21 11:39:52 Job submitted from host: <139.153.252.230:9618?addrs=139.153.252.230-9618+[--1]-9618&noUDP&sock=729_9ca1_4>
...
000 (64525.004.000) 07/21 11:39:52 Job submitted from host: <139.153.252.230:9618?addrs=139.153.252.230-9618+[--1]-9618&noUDP&sock=729_9ca1_4>
...
000 (64525.005.000) 07/21 11:39:52 Job submitted from host: <139.153.252.230:9618?addrs=139.153.252.230-9618+[--1]-9618&noUDP&sock=729_9ca1_4>
...
000 (64525.006.000) 07/21 11:39:52 Job submitted from host: <139.153.252.230:9618?addrs=139.153.252.230-9618+[--1]-9618&noUDP&sock=729_9ca1_4>
...
000 (64525.007.000) 07/21 11:39:52 Job submitted from host: <139.153.252.230:9618?addrs=139.153.252.230-9618+[--1]-9618&noUDP&sock=729_9ca1_4>
...
000 (64525.008.000) 07/21 11:39:52 Job submitted from host: <139.153.252.230:9618?addrs=139.153.252.230-9618+[--1]-9618&noUDP&sock=729_9ca1_4>
...
000 (64525.009.000) 07/21 11:39:52 Job submitted from host: <139.153.252.230:9618?addrs=139.153.252.230-9618+[--1]-9618&noUDP&sock=729_9ca1_4>
...
001 (64525.001.000) 07/21 11:40:15 Job executing on host: <139.153.254.119:9618?addrs=139.153.254.119-9618+[--1]-9618&noUDP&sock=1744_d142_3>
...
001 (64525.007.000) 07/21 11:40:16 Job executing on host: <139.153.254.119:9618?addrs=139.153.254.119-9618+[--1]-9618&noUDP&sock=1744_d142_3>
...
001 (64525.009.000) 07/21 11:40:16 Job executing on host: <139.153.252.232:9618?addrs=139.153.252.232-9618+[--1]-9618&noUDP&sock=2167_f5d1_3>
...
001 (64525.000.000) 07/21 11:40:16 Job executing on host: <139.153.254.119:9618?addrs=139.153.254.119-9618+[--1]-9618&noUDP&sock=1744_d142_3>
...
001 (64525.003.000) 07/21 11:40:16 Job executing on host: <139.153.254.119:9618?addrs=139.153.254.119-9618+[--1]-9618&noUDP&sock=1744_d142_3>
...
001 (64525.008.000) 07/21 11:40:16 Job executing on host: <139.153.252.231:9618?addrs=139.153.252.231-9618+[--1]-9618&noUDP&sock=995_10d2_3>
...
001 (64525.002.000) 07/21 11:40:16 Job executing on host: <139.153.254.119:9618?addrs=139.153.254.119-9618+[--1]-9618&noUDP&sock=1744_d142_3>
...
001 (64525.006.000) 07/21 11:40:16 Job executing on host: <139.153.254.119:9618?addrs=139.153.254.119-9618+[--1]-9618&noUDP&sock=1744_d142_3>
...
001 (64525.004.000) 07/21 11:40:16 Job executing on host: <139.153.254.119:9618?addrs=139.153.254.119-9618+[--1]-9618&noUDP&sock=1744_d142_3>
...
001 (64525.005.000) 07/21 11:40:16 Job executing on host: <139.153.254.119:9618?addrs=139.153.254.119-9618+[--1]-9618&noUDP&sock=1744_d142_3>
...
006 (64525.007.000) 07/21 11:40:24 Image size of job updated: 165412
	162  -  MemoryUsage of job (MB)
	165412  -  ResidentSetSize of job (KB)
...
006 (64525.001.000) 07/21 11:40:24 Image size of job updated: 175680
	172  -  MemoryUsage of job (MB)
	175680  -  ResidentSetSize of job (KB)
...
006 (64525.009.000) 07/21 11:40:25 Image size of job updated: 259272
	254  -  MemoryUsage of job (MB)
	259272  -  ResidentSetSize of job (KB)
...
006 (64525.000.000) 07/21 11:40:25 Image size of job updated: 158648
	155  -  MemoryUsage of job (MB)
	158648  -  ResidentSetSize of job (KB)
...
006 (64525.003.000) 07/21 11:40:25 Image size of job updated: 150924
	148  -  MemoryUsage of job (MB)
	150924  -  ResidentSetSize of job (KB)
...
006 (64525.008.000) 07/21 11:40:25 Image size of job updated: 248496
	243  -  MemoryUsage of job (MB)
	248496  -  ResidentSetSize of job (KB)
...
006 (64525.002.000) 07/21 11:40:25 Image size of job updated: 150736
	148  -  MemoryUsage of job (MB)
	150736  -  ResidentSetSize of job (KB)
...
006 (64525.006.000) 07/21 11:40:25 Image size of job updated: 162044
	159  -  MemoryUsage of job (MB)
	162044  -  ResidentSetSize of job (KB)
...
006 (64525.004.000) 07/21 11:40:25 Image size of job updated: 154520
	151  -  MemoryUsage of job (MB)
	154520  -  ResidentSetSize of job (KB)
...
006 (64525.005.000) 07/21 11:40:25 Image size of job updated: 150096
	147  -  MemoryUsage of job (MB)
	150096  -  ResidentSetSize of job (KB)
...
006 (64525.007.000) 07/21 11:45:24 Image size of job updated: 314056
	307  -  MemoryUsage of job (MB)
	314056  -  ResidentSetSize of job (KB)
...
006 (64525.001.000) 07/21 11:45:25 Image size of job updated: 325048
	318  -  MemoryUsage of job (MB)
	325048  -  ResidentSetSize of job (KB)
...
006 (64525.009.000) 07/21 11:45:26 Image size of job updated: 332516
	325  -  MemoryUsage of job (MB)
	332516  -  ResidentSetSize of job (KB)
...
006 (64525.000.000) 07/21 11:45:26 Image size of job updated: 317120
	310  -  MemoryUsage of job (MB)
	317120  -  ResidentSetSize of job (KB)
...
006 (64525.008.000) 07/21 11:45:26 Image size of job updated: 334512
	327  -  MemoryUsage of job (MB)
	334512  -  ResidentSetSize of job (KB)
...
006 (64525.003.000) 07/21 11:45:26 Image size of job updated: 354152
	346  -  MemoryUsage of job (MB)
	354152  -  ResidentSetSize of job (KB)
...
006 (64525.002.000) 07/21 11:45:26 Image size of job updated: 312364
	306  -  MemoryUsage of job (MB)
	312364  -  ResidentSetSize of job (KB)
...
006 (64525.006.000) 07/21 11:45:26 Image size of job updated: 315848
	309  -  MemoryUsage of job (MB)
	315848  -  ResidentSetSize of job (KB)
...
006 (64525.004.000) 07/21 11:45:26 Image size of job updated: 333364
	326  -  MemoryUsage of job (MB)
	333364  -  ResidentSetSize of job (KB)
...
006 (64525.005.000) 07/21 11:45:26 Image size of job updated: 340460
	333  -  MemoryUsage of job (MB)
	340460  -  ResidentSetSize of job (KB)
...
006 (64525.001.000) 07/21 11:50:25 Image size of job updated: 342768
	335  -  MemoryUsage of job (MB)
	342768  -  ResidentSetSize of job (KB)
...
006 (64525.007.000) 07/21 11:50:25 Image size of job updated: 338288
	331  -  MemoryUsage of job (MB)
	338288  -  ResidentSetSize of job (KB)
...
006 (64525.009.000) 07/21 11:50:26 Image size of job updated: 364216
	356  -  MemoryUsage of job (MB)
	364216  -  ResidentSetSize of job (KB)
...
006 (64525.000.000) 07/21 11:50:26 Image size of job updated: 337812
	330  -  MemoryUsage of job (MB)
	337812  -  ResidentSetSize of job (KB)
...
006 (64525.008.000) 07/21 11:50:26 Image size of job updated: 361188
	353  -  MemoryUsage of job (MB)
	361188  -  ResidentSetSize of job (KB)
...
006 (64525.003.000) 07/21 11:50:26 Image size of job updated: 374748
	366  -  MemoryUsage of job (MB)
	374748  -  ResidentSetSize of job (KB)
...
006 (64525.002.000) 07/21 11:50:26 Image size of job updated: 335060
	328  -  MemoryUsage of job (MB)
	335060  -  ResidentSetSize of job (KB)
...
006 (64525.006.000) 07/21 11:50:26 Image size of job updated: 334348
	327  -  MemoryUsage of job (MB)
	334348  -  ResidentSetSize of job (KB)
...
006 (64525.004.000) 07/21 11:50:26 Image size of job updated: 351920
	344  -  MemoryUsage of job (MB)
	351920  -  ResidentSetSize of job (KB)
...
006 (64525.005.000) 07/21 11:50:26 Image size of job updated: 359148
	351  -  MemoryUsage of job (MB)
	359148  -  ResidentSetSize of job (KB)
...
005 (64525.006.000) 07/21 11:53:33 Job terminated.
	(1) Normal termination (return value 0)
		Usr 0 00:13:16, Sys 0 00:00:00  -  Run Remote Usage
		Usr 0 00:00:00, Sys 0 00:00:00  -  Run Local Usage
		Usr 0 00:13:16, Sys 0 00:00:00  -  Total Remote Usage
		Usr 0 00:00:00, Sys 0 00:00:00  -  Total Local Usage
	116387  -  Run Bytes Sent By Job
	45451000  -  Run Bytes Received By Job
	116387  -  Total Bytes Sent By Job
	45451000  -  Total Bytes Received By Job
	Partitionable Resources :    Usage  Request Allocated
	   Cpus                 :                 1         1
	   Disk (KB)            :    45000    45000  10634657
	   Memory (MB)          :      327        0       978
...
006 (64525.004.000) 07/21 11:53:34 Image size of job updated: 3535168
	344  -  MemoryUsage of job (MB)
	351920  -  ResidentSetSize of job (KB)
...
006 (64525.001.000) 07/21 11:53:35 Image size of job updated: 3601732
	335  -  MemoryUsage of job (MB)
	342768  -  ResidentSetSize of job (KB)
...
005 (64525.004.000) 07/21 11:53:35 Job terminated.
	(1) Normal termination (return value 0)
		Usr 0 00:13:16, Sys 0 00:00:00  -  Run Remote Usage
		Usr 0 00:00:00, Sys 0 00:00:00  -  Run Local Usage
		Usr 0 00:13:16, Sys 0 00:00:00  -  Total Remote Usage
		Usr 0 00:00:00, Sys 0 00:00:00  -  Total Local Usage
	116114  -  Run Bytes Sent By Job
	45451000  -  Run Bytes Received By Job
	116114  -  Total Bytes Sent By Job
	45451000  -  Total Bytes Received By Job
	Partitionable Resources :    Usage  Request Allocated
	   Cpus                 :                 1         1
	   Disk (KB)            :    45000    45000  10634657
	   Memory (MB)          :      344        0       978
...
005 (64525.001.000) 07/21 11:53:36 Job terminated.
	(1) Normal termination (return value 0)
		Usr 0 00:13:20, Sys 0 00:00:00  -  Run Remote Usage
		Usr 0 00:00:00, Sys 0 00:00:00  -  Run Local Usage
		Usr 0 00:13:20, Sys 0 00:00:00  -  Total Remote Usage
		Usr 0 00:00:00, Sys 0 00:00:00  -  Total Local Usage
	115994  -  Run Bytes Sent By Job
	45451000  -  Run Bytes Received By Job
	115994  -  Total Bytes Sent By Job
	45451000  -  Total Bytes Received By Job
	Partitionable Resources :    Usage  Request Allocated
	   Cpus                 :                 1         1
	   Disk (KB)            :    45000    45000  10634657
	   Memory (MB)          :      335        0       978
...
006 (64525.003.000) 07/21 11:53:37 Image size of job updated: 375008
	366  -  MemoryUsage of job (MB)
	374748  -  ResidentSetSize of job (KB)
...
005 (64525.003.000) 07/21 11:53:38 Job terminated.
	(1) Normal termination (return value 0)
		Usr 0 00:13:18, Sys 0 00:00:01  -  Run Remote Usage
		Usr 0 00:00:00, Sys 0 00:00:00  -  Run Local Usage
		Usr 0 00:13:18, Sys 0 00:00:01  -  Total Remote Usage
		Usr 0 00:00:00, Sys 0 00:00:00  -  Total Local Usage
	116145  -  Run Bytes Sent By Job
	45451000  -  Run Bytes Received By Job
	116145  -  Total Bytes Sent By Job
	45451000  -  Total Bytes Received By Job
	Partitionable Resources :    Usage  Request Allocated
	   Cpus                 :                 1         1
	   Disk (KB)            :    45000    45000  10634657
	   Memory (MB)          :      366        0       978
...
005 (64525.002.000) 07/21 11:53:38 Job terminated.
	(1) Normal termination (return value 0)
		Usr 0 00:13:19, Sys 0 00:00:00  -  Run Remote Usage
		Usr 0 00:00:00, Sys 0 00:00:00  -  Run Local Usage
		Usr 0 00:13:19, Sys 0 00:00:00  -  Total Remote Usage
		Usr 0 00:00:00, Sys 0 00:00:00  -  Total Local Usage
	116095  -  Run Bytes Sent By Job
	45451000  -  Run Bytes Received By Job
	116095  -  Total Bytes Sent By Job
	45451000  -  Total Bytes Received By Job
	Partitionable Resources :    Usage  Request Allocated
	   Cpus                 :                 1         1
	   Disk (KB)            :    45000    45000  10634657
	   Memory (MB)          :      328        0       978
...
006 (64525.007.000) 07/21 11:53:39 Image size of job updated: 338420
	331  -  MemoryUsage of job (MB)
	338288  -  ResidentSetSize of job (KB)
...
006 (64525.005.000) 07/21 11:53:39 Image size of job updated: 3535168
	351  -  MemoryUsage of job (MB)
	359148  -  ResidentSetSize of job (KB)
...
006 (64525.000.000) 07/21 11:53:39 Image size of job updated: 3535168
	330  -  MemoryUsage of job (MB)
	337812  -  ResidentSetSize of job (KB)
...
005 (64525.007.000) 07/21 11:53:40 Job terminated.
	(1) Normal termination (return value 0)
		Usr 0 00:13:21, Sys 0 00:00:00  -  Run Remote Usage
		Usr 0 00:00:00, Sys 0 00:00:00  -  Run Local Usage
		Usr 0 00:13:21, Sys 0 00:00:00  -  Total Remote Usage
		Usr 0 00:00:00, Sys 0 00:00:00  -  Total Local Usage
	116372  -  Run Bytes Sent By Job
	45451000  -  Run Bytes Received By Job
	116372  -  Total Bytes Sent By Job
	45451000  -  Total Bytes Received By Job
	Partitionable Resources :    Usage  Request Allocated
	   Cpus                 :                 1         1
	   Disk (KB)            :    45000    45000  10634657
	   Memory (MB)          :      331        0       978
...
005 (64525.005.000) 07/21 11:53:40 Job terminated.
	(1) Normal termination (return value 0)
		Usr 0 00:13:20, Sys 0 00:00:00  -  Run Remote Usage
		Usr 0 00:00:00, Sys 0 00:00:00  -  Run Local Usage
		Usr 0 00:13:20, Sys 0 00:00:00  -  Total Remote Usage
		Usr 0 00:00:00, Sys 0 00:00:00  -  Total Local Usage
	116612  -  Run Bytes Sent By Job
	45451000  -  Run Bytes Received By Job
	116612  -  Total Bytes Sent By Job
	45451000  -  Total Bytes Received By Job
	Partitionable Resources :    Usage  Request Allocated
	   Cpus                 :                 1         1
	   Disk (KB)            :    45000    45000  10634657
	   Memory (MB)          :      351        0       978
...
005 (64525.000.000) 07/21 11:53:40 Job terminated.
	(1) Normal termination (return value 0)
		Usr 0 00:13:22, Sys 0 00:00:00  -  Run Remote Usage
		Usr 0 00:00:00, Sys 0 00:00:00  -  Run Local Usage
		Usr 0 00:13:22, Sys 0 00:00:00  -  Total Remote Usage
		Usr 0 00:00:00, Sys 0 00:00:00  -  Total Local Usage
	116476  -  Run Bytes Sent By Job
	45451000  -  Run Bytes Received By Job
	116476  -  Total Bytes Sent By Job
	45451000  -  Total Bytes Received By Job
	Partitionable Resources :    Usage  Request Allocated
	   Cpus                 :                 1         1
	   Disk (KB)            :    45000    45000  10634657
	   Memory (MB)          :      330        0       978
...
006 (64525.008.000) 07/21 11:55:26 Image size of job updated: 362164
	354  -  MemoryUsage of job (MB)
	362164  -  ResidentSetSize of job (KB)
...
006 (64525.009.000) 07/21 11:55:26 Image size of job updated: 364348
	356  -  MemoryUsage of job (MB)
	364348  -  ResidentSetSize of job (KB)
...
005 (64525.009.000) 07/21 11:56:34 Job terminated.
	(1) Normal termination (return value 0)
		Usr 0 00:16:31, Sys 0 00:00:01  -  Run Remote Usage
		Usr 0 00:00:00, Sys 0 00:00:00  -  Run Local Usage
		Usr 0 00:16:31, Sys 0 00:00:01  -  Total Remote Usage
		Usr 0 00:00:00, Sys 0 00:00:00  -  Total Local Usage
	116464  -  Run Bytes Sent By Job
	45451000  -  Run Bytes Received By Job
	116464  -  Total Bytes Sent By Job
	45451000  -  Total Bytes Received By Job
	Partitionable Resources :    Usage  Request Allocated
	   Cpus                 :                 1         1
	   Disk (KB)            :    45000    45000  11902753
	   Memory (MB)          :      356        0      2004
...
006 (64525.008.000) 07/21 11:56:42 Image size of job updated: 3601864
	354  -  MemoryUsage of job (MB)
	362164  -  ResidentSetSize of job (KB)
...
005 (64525.008.000) 07/21 11:56:43 Job terminated.
	(1) Normal termination (return value 0)
		Usr 0 00:16:39, Sys 0 00:00:01  -  Run Remote Usage
		Usr 0 00:00:00, Sys 0 00:00:00  -  Run Local Usage
		Usr 0 00:16:39, Sys 0 00:00:01  -  Total Remote Usage
		Usr 0 00:00:00, Sys 0 00:00:00  -  Total Local Usage
	116204  -  Run Bytes Sent By Job
	45451000  -  Run Bytes Received By Job
	116204  -  Total Bytes Sent By Job
	45451000  -  Total Bytes Received By Job
	Partitionable Resources :    Usage  Request Allocated
	   Cpus                 :                 1         1
	   Disk (KB)            :    45000    45000  11883160
	   Memory (MB)          :      354        0      2004
...
