000 (64449.000.000) 06/30 17:49:30 Job submitted from host: <139.153.252.230:9618?addrs=139.153.252.230-9618+[--1]-9618&noUDP&sock=729_9ca1_4>
...
000 (64449.001.000) 06/30 17:49:30 Job submitted from host: <139.153.252.230:9618?addrs=139.153.252.230-9618+[--1]-9618&noUDP&sock=729_9ca1_4>
...
000 (64449.002.000) 06/30 17:49:30 Job submitted from host: <139.153.252.230:9618?addrs=139.153.252.230-9618+[--1]-9618&noUDP&sock=729_9ca1_4>
...
000 (64449.003.000) 06/30 17:49:30 Job submitted from host: <139.153.252.230:9618?addrs=139.153.252.230-9618+[--1]-9618&noUDP&sock=729_9ca1_4>
...
000 (64449.004.000) 06/30 17:49:30 Job submitted from host: <139.153.252.230:9618?addrs=139.153.252.230-9618+[--1]-9618&noUDP&sock=729_9ca1_4>
...
001 (64449.004.000) 06/30 17:49:45 Job executing on host: <139.153.253.8:9618?addrs=139.153.253.8-9618&noUDP&sock=3632_5cf6_3>
...
001 (64449.002.000) 06/30 17:49:45 Job executing on host: <139.153.253.6:9618?addrs=139.153.253.6-9618&noUDP&sock=3312_54cc_3>
...
001 (64449.001.000) 06/30 17:49:45 Job executing on host: <139.153.253.5:9618?addrs=139.153.253.5-9618&noUDP&sock=3320_5500_3>
...
001 (64449.003.000) 06/30 17:49:45 Job executing on host: <139.153.253.7:9618?addrs=139.153.253.7-9618&noUDP&sock=2576_4204_3>
...
001 (64449.000.000) 06/30 17:49:45 Job executing on host: <139.153.253.4:9618?addrs=139.153.253.4-9618&noUDP&sock=1244_200a_3>
...
006 (64449.004.000) 06/30 17:49:53 Image size of job updated: 0
	1  -  MemoryUsage of job (MB)
	116  -  ResidentSetSize of job (KB)
...
006 (64449.002.000) 06/30 17:49:54 Image size of job updated: 0
	1  -  MemoryUsage of job (MB)
	116  -  ResidentSetSize of job (KB)
...
006 (64449.001.000) 06/30 17:49:54 Image size of job updated: 0
	1  -  MemoryUsage of job (MB)
	116  -  ResidentSetSize of job (KB)
...
006 (64449.003.000) 06/30 17:49:54 Image size of job updated: 111296
	109  -  MemoryUsage of job (MB)
	111296  -  ResidentSetSize of job (KB)
...
006 (64449.000.000) 06/30 17:49:54 Image size of job updated: 111368
	109  -  MemoryUsage of job (MB)
	111368  -  ResidentSetSize of job (KB)
...
006 (64449.004.000) 06/30 17:54:53 Image size of job updated: 111412
	109  -  MemoryUsage of job (MB)
	111412  -  ResidentSetSize of job (KB)
...
006 (64449.002.000) 06/30 17:54:55 Image size of job updated: 111636
	110  -  MemoryUsage of job (MB)
	111636  -  ResidentSetSize of job (KB)
...
006 (64449.001.000) 06/30 17:54:55 Image size of job updated: 110796
	109  -  MemoryUsage of job (MB)
	110796  -  ResidentSetSize of job (KB)
...
004 (64449.002.000) 06/30 18:30:28 Job was evicted.
	(0) Job was not checkpointed.
		Usr 0 00:00:01, Sys 0 00:00:00  -  Run Remote Usage
		Usr 0 00:00:00, Sys 0 00:00:00  -  Run Local Usage
	92390  -  Run Bytes Sent By Job
	45497132  -  Run Bytes Received By Job
	Partitionable Resources :    Usage  Request Allocated
	   Cpus                 :                 1         1
	   Disk (KB)            :    45000    45000   4744197
	   Memory (MB)          :      110        0      1004
...
004 (64449.004.000) 06/30 18:30:29 Job was evicted.
	(0) Job was not checkpointed.
		Usr 0 00:00:01, Sys 0 00:00:00  -  Run Remote Usage
		Usr 0 00:00:00, Sys 0 00:00:00  -  Run Local Usage
	92414  -  Run Bytes Sent By Job
	45497132  -  Run Bytes Received By Job
	Partitionable Resources :    Usage  Request Allocated
	   Cpus                 :                 1         1
	   Disk (KB)            :    45000    45000   4408495
	   Memory (MB)          :      109        0      1004
...
004 (64449.003.000) 06/30 18:31:56 Job was evicted.
	(0) Job was not checkpointed.
		Usr 0 00:00:01, Sys 0 00:00:00  -  Run Remote Usage
		Usr 0 00:00:00, Sys 0 00:00:00  -  Run Local Usage
	92344  -  Run Bytes Sent By Job
	45497132  -  Run Bytes Received By Job
	Partitionable Resources :    Usage  Request Allocated
	   Cpus                 :                 1         1
	   Disk (KB)            :    45000    45000   4733030
	   Memory (MB)          :      109        0      1004
...
001 (64449.003.000) 06/30 18:32:17 Job executing on host: <139.153.253.3:9618?addrs=139.153.253.3-9618&noUDP&sock=3540_5a9c_3>
...
001 (64449.004.000) 06/30 18:32:17 Job executing on host: <139.153.253.6:9618?addrs=139.153.253.6-9618&noUDP&sock=3312_54cc_3>
...
001 (64449.002.000) 06/30 18:32:17 Job executing on host: <139.153.253.2:9618?addrs=139.153.253.2-9618&noUDP&sock=1468_25c0_3>
...
004 (64449.001.000) 06/30 18:32:29 Job was evicted.
	(0) Job was not checkpointed.
		Usr 0 00:00:01, Sys 0 00:00:00  -  Run Remote Usage
		Usr 0 00:00:00, Sys 0 00:00:00  -  Run Local Usage
	92406  -  Run Bytes Sent By Job
	45497132  -  Run Bytes Received By Job
	Partitionable Resources :    Usage  Request Allocated
	   Cpus                 :                 1         1
	   Disk (KB)            :    45000    45000   4684464
	   Memory (MB)          :      109        0      1004
...
004 (64449.000.000) 06/30 18:32:29 Job was evicted.
	(0) Job was not checkpointed.
		Usr 0 00:00:01, Sys 0 00:00:00  -  Run Remote Usage
		Usr 0 00:00:00, Sys 0 00:00:00  -  Run Local Usage
	92423  -  Run Bytes Sent By Job
	45497132  -  Run Bytes Received By Job
	Partitionable Resources :    Usage  Request Allocated
	   Cpus                 :                 1         1
	   Disk (KB)            :    45000    45000   4420415
	   Memory (MB)          :      109        0      1004
...
001 (64449.000.000) 06/30 18:33:08 Job executing on host: <139.153.253.4:9618?addrs=139.153.253.4-9618&noUDP&sock=1244_200a_3>
...
001 (64449.001.000) 06/30 18:33:09 Job executing on host: <139.153.253.5:9618?addrs=139.153.253.5-9618&noUDP&sock=3320_5500_3>
...
004 (64449.002.000) 06/30 19:12:29 Job was evicted.
	(0) Job was not checkpointed.
		Usr 0 00:00:01, Sys 0 00:00:00  -  Run Remote Usage
		Usr 0 00:00:00, Sys 0 00:00:00  -  Run Local Usage
	92406  -  Run Bytes Sent By Job
	45497132  -  Run Bytes Received By Job
	Partitionable Resources :    Usage  Request Allocated
	   Cpus                 :                 1         1
	   Disk (KB)            :    45000    45000   4617362
	   Memory (MB)          :      123      123      1004
...
004 (64449.003.000) 06/30 19:13:00 Job was evicted.
	(0) Job was not checkpointed.
		Usr 0 00:00:01, Sys 0 00:00:00  -  Run Remote Usage
		Usr 0 00:00:00, Sys 0 00:00:00  -  Run Local Usage
	92414  -  Run Bytes Sent By Job
	45497132  -  Run Bytes Received By Job
	Partitionable Resources :    Usage  Request Allocated
	   Cpus                 :                 1         1
	   Disk (KB)            :    45000    45000   4394283
	   Memory (MB)          :      123      123      1004
...
004 (64449.004.000) 06/30 19:15:00 Job was evicted.
	(0) Job was not checkpointed.
		Usr 0 00:00:01, Sys 0 00:00:00  -  Run Remote Usage
		Usr 0 00:00:00, Sys 0 00:00:00  -  Run Local Usage
	92406  -  Run Bytes Sent By Job
	45497132  -  Run Bytes Received By Job
	Partitionable Resources :    Usage  Request Allocated
	   Cpus                 :                 1         1
	   Disk (KB)            :    45000    45000   4744197
	   Memory (MB)          :      123      123      1004
...
001 (64449.003.000) 06/30 19:15:17 Job executing on host: <139.153.253.6:9618?addrs=139.153.253.6-9618&noUDP&sock=3312_54cc_3>
...
001 (64449.004.000) 06/30 19:15:17 Job executing on host: <139.153.253.7:9618?addrs=139.153.253.7-9618&noUDP&sock=2576_4204_3>
...
001 (64449.002.000) 06/30 19:15:17 Job executing on host: <139.153.253.3:9618?addrs=139.153.253.3-9618&noUDP&sock=3540_5a9c_3>
...
004 (64449.001.000) 06/30 19:15:21 Job was evicted.
	(0) Job was not checkpointed.
		Usr 0 00:00:01, Sys 0 00:00:00  -  Run Remote Usage
		Usr 0 00:00:00, Sys 0 00:00:00  -  Run Local Usage
	92390  -  Run Bytes Sent By Job
	45497132  -  Run Bytes Received By Job
	Partitionable Resources :    Usage  Request Allocated
	   Cpus                 :                 1         1
	   Disk (KB)            :    45000    45000   4684464
	   Memory (MB)          :      123      123      1004
...
004 (64449.000.000) 06/30 19:15:54 Job was evicted.
	(0) Job was not checkpointed.
		Usr 0 00:00:01, Sys 0 00:00:00  -  Run Remote Usage
		Usr 0 00:00:00, Sys 0 00:00:00  -  Run Local Usage
	92423  -  Run Bytes Sent By Job
	45497132  -  Run Bytes Received By Job
	Partitionable Resources :    Usage  Request Allocated
	   Cpus                 :                 1         1
	   Disk (KB)            :    45000    45000   4420415
	   Memory (MB)          :      123      123      1004
...
001 (64449.001.000) 06/30 19:16:09 Job executing on host: <139.153.253.4:9618?addrs=139.153.253.4-9618&noUDP&sock=1244_200a_3>
...
001 (64449.000.000) 06/30 19:16:10 Job executing on host: <139.153.253.13:9618?addrs=139.153.253.13-9618&noUDP&sock=1412_2452_3>
...
004 (64449.004.000) 06/30 19:55:28 Job was evicted.
	(0) Job was not checkpointed.
		Usr 0 00:00:01, Sys 0 00:00:00  -  Run Remote Usage
		Usr 0 00:00:00, Sys 0 00:00:00  -  Run Local Usage
	92344  -  Run Bytes Sent By Job
	45497132  -  Run Bytes Received By Job
	Partitionable Resources :    Usage  Request Allocated
	   Cpus                 :                 1         1
	   Disk (KB)            :    45000    45000   4733030
	   Memory (MB)          :      123      123      1004
...
004 (64449.002.000) 06/30 19:57:30 Job was evicted.
	(0) Job was not checkpointed.
		Usr 0 00:00:01, Sys 0 00:00:00  -  Run Remote Usage
		Usr 0 00:00:00, Sys 0 00:00:00  -  Run Local Usage
	92406  -  Run Bytes Sent By Job
	45497132  -  Run Bytes Received By Job
	Partitionable Resources :    Usage  Request Allocated
	   Cpus                 :                 1         1
	   Disk (KB)            :    45000    45000   4394283
	   Memory (MB)          :      123      123      1004
...
004 (64449.003.000) 06/30 19:57:58 Job was evicted.
	(0) Job was not checkpointed.
		Usr 0 00:00:01, Sys 0 00:00:00  -  Run Remote Usage
		Usr 0 00:00:00, Sys 0 00:00:00  -  Run Local Usage
	92423  -  Run Bytes Sent By Job
	45497132  -  Run Bytes Received By Job
	Partitionable Resources :    Usage  Request Allocated
	   Cpus                 :                 1         1
	   Disk (KB)            :    45000    45000   4744197
	   Memory (MB)          :      123      123      1004
...
001 (64449.003.000) 06/30 19:58:18 Job executing on host: <139.153.253.6:9618?addrs=139.153.253.6-9618&noUDP&sock=3312_54cc_3>
...
001 (64449.002.000) 06/30 19:58:18 Job executing on host: <139.153.253.3:9618?addrs=139.153.253.3-9618&noUDP&sock=3540_5a9c_3>
...
001 (64449.004.000) 06/30 19:58:18 Job executing on host: <139.153.253.7:9618?addrs=139.153.253.7-9618&noUDP&sock=2576_4204_3>
...
004 (64449.000.000) 06/30 19:58:51 Job was evicted.
	(0) Job was not checkpointed.
		Usr 0 00:00:01, Sys 0 00:00:00  -  Run Remote Usage
		Usr 0 00:00:00, Sys 0 00:00:00  -  Run Local Usage
	92423  -  Run Bytes Sent By Job
	45497132  -  Run Bytes Received By Job
	Partitionable Resources :    Usage  Request Allocated
	   Cpus                 :                 1         1
	   Disk (KB)            :    45000    45000   4462816
	   Memory (MB)          :      123      123      1004
...
004 (64449.001.000) 06/30 19:58:56 Job was evicted.
	(0) Job was not checkpointed.
		Usr 0 00:00:01, Sys 0 00:00:00  -  Run Remote Usage
		Usr 0 00:00:00, Sys 0 00:00:00  -  Run Local Usage
	92414  -  Run Bytes Sent By Job
	45497132  -  Run Bytes Received By Job
	Partitionable Resources :    Usage  Request Allocated
	   Cpus                 :                 1         1
	   Disk (KB)            :    45000    45000   4420415
	   Memory (MB)          :      123      123      1004
...
001 (64449.000.000) 06/30 19:59:09 Job executing on host: <139.153.253.13:9618?addrs=139.153.253.13-9618&noUDP&sock=1412_2452_3>
...
001 (64449.001.000) 06/30 19:59:10 Job executing on host: <139.153.253.4:9618?addrs=139.153.253.4-9618&noUDP&sock=1244_200a_3>
...
004 (64449.003.000) 06/30 20:39:01 Job was evicted.
	(0) Job was not checkpointed.
		Usr 0 00:00:01, Sys 0 00:00:00  -  Run Remote Usage
		Usr 0 00:00:00, Sys 0 00:00:00  -  Run Local Usage
	92390  -  Run Bytes Sent By Job
	45497132  -  Run Bytes Received By Job
	Partitionable Resources :    Usage  Request Allocated
	   Cpus                 :                 1         1
	   Disk (KB)            :    45000    45000   4744197
	   Memory (MB)          :      123      123      1004
...
004 (64449.002.000) 06/30 20:39:01 Job was evicted.
	(0) Job was not checkpointed.
		Usr 0 00:00:01, Sys 0 00:00:00  -  Run Remote Usage
		Usr 0 00:00:00, Sys 0 00:00:00  -  Run Local Usage
	92414  -  Run Bytes Sent By Job
	45497132  -  Run Bytes Received By Job
	Partitionable Resources :    Usage  Request Allocated
	   Cpus                 :                 1         1
	   Disk (KB)            :    45000    45000   4394283
	   Memory (MB)          :      123      123      1004
...
004 (64449.001.000) 06/30 20:39:24 Job was evicted.
	(0) Job was not checkpointed.
		Usr 0 00:00:01, Sys 0 00:00:00  -  Run Remote Usage
		Usr 0 00:00:00, Sys 0 00:00:00  -  Run Local Usage
	92344  -  Run Bytes Sent By Job
	45497132  -  Run Bytes Received By Job
	Partitionable Resources :    Usage  Request Allocated
	   Cpus                 :                 1         1
	   Disk (KB)            :    45000    45000   4420415
	   Memory (MB)          :      123      123      1004
...
004 (64449.004.000) 06/30 20:40:28 Job was evicted.
	(0) Job was not checkpointed.
		Usr 0 00:00:01, Sys 0 00:00:00  -  Run Remote Usage
		Usr 0 00:00:00, Sys 0 00:00:00  -  Run Local Usage
	92423  -  Run Bytes Sent By Job
	45497132  -  Run Bytes Received By Job
	Partitionable Resources :    Usage  Request Allocated
	   Cpus                 :                 1         1
	   Disk (KB)            :    45000    45000   4733030
	   Memory (MB)          :      123      123      1004
...
001 (64449.004.000) 06/30 20:41:18 Job executing on host: <139.153.253.11:9618?addrs=139.153.253.11-9618&noUDP&sock=3504_59b2_3>
...
001 (64449.003.000) 06/30 20:41:19 Job executing on host: <139.153.253.9:9618?addrs=139.153.253.9-9618&noUDP&sock=1444_2524_3>
...
001 (64449.002.000) 06/30 20:41:19 Job executing on host: <139.153.253.7:9618?addrs=139.153.253.7-9618&noUDP&sock=2576_4204_3>
...
001 (64449.001.000) 06/30 20:41:20 Job executing on host: <139.153.253.6:9618?addrs=139.153.253.6-9618&noUDP&sock=3312_54cc_3>
...
004 (64449.000.000) 06/30 20:41:57 Job was evicted.
	(0) Job was not checkpointed.
		Usr 0 00:00:01, Sys 0 00:00:00  -  Run Remote Usage
		Usr 0 00:00:00, Sys 0 00:00:00  -  Run Local Usage
	92390  -  Run Bytes Sent By Job
	45497132  -  Run Bytes Received By Job
	Partitionable Resources :    Usage  Request Allocated
	   Cpus                 :                 1         1
	   Disk (KB)            :    45000    45000   4462816
	   Memory (MB)          :      123      123      1004
...
001 (64449.000.000) 06/30 20:43:10 Job executing on host: <139.153.253.14:9618?addrs=139.153.253.14-9618&noUDP&sock=2688_44e0_3>
...
004 (64449.001.000) 06/30 21:23:29 Job was evicted.
	(0) Job was not checkpointed.
		Usr 0 00:00:01, Sys 0 00:00:00  -  Run Remote Usage
		Usr 0 00:00:00, Sys 0 00:00:00  -  Run Local Usage
	92423  -  Run Bytes Sent By Job
	45497132  -  Run Bytes Received By Job
	Partitionable Resources :    Usage  Request Allocated
	   Cpus                 :                 1         1
	   Disk (KB)            :    45000    45000   4744197
	   Memory (MB)          :      123      123      1004
...
004 (64449.002.000) 06/30 21:23:32 Job was evicted.
	(0) Job was not checkpointed.
		Usr 0 00:00:01, Sys 0 00:00:00  -  Run Remote Usage
		Usr 0 00:00:00, Sys 0 00:00:00  -  Run Local Usage
	92423  -  Run Bytes Sent By Job
	45497132  -  Run Bytes Received By Job
	Partitionable Resources :    Usage  Request Allocated
	   Cpus                 :                 1         1
	   Disk (KB)            :    45000    45000   4733030
	   Memory (MB)          :      123      123      1004
...
004 (64449.004.000) 06/30 21:24:04 Job was evicted.
	(0) Job was not checkpointed.
		Usr 0 00:00:01, Sys 0 00:00:00  -  Run Remote Usage
		Usr 0 00:00:00, Sys 0 00:00:00  -  Run Local Usage
	92414  -  Run Bytes Sent By Job
	45497132  -  Run Bytes Received By Job
	Partitionable Resources :    Usage  Request Allocated
	   Cpus                 :                 1         1
	   Disk (KB)            :    45000    45000   4468508
	   Memory (MB)          :      123      123      1004
...
004 (64449.003.000) 06/30 21:24:05 Job was evicted.
	(0) Job was not checkpointed.
		Usr 0 00:00:01, Sys 0 00:00:00  -  Run Remote Usage
		Usr 0 00:00:00, Sys 0 00:00:00  -  Run Local Usage
	92414  -  Run Bytes Sent By Job
	45497132  -  Run Bytes Received By Job
	Partitionable Resources :    Usage  Request Allocated
	   Cpus                 :                 1         1
	   Disk (KB)            :    45000    45000   4438562
	   Memory (MB)          :      123      123      1004
...
001 (64449.001.000) 06/30 21:25:19 Job executing on host: <139.153.253.3:9618?addrs=139.153.253.3-9618&noUDP&sock=3540_5a9c_3>
...
001 (64449.002.000) 06/30 21:25:19 Job executing on host: <139.153.253.4:9618?addrs=139.153.253.4-9618&noUDP&sock=1244_200a_3>
...
001 (64449.004.000) 06/30 21:25:19 Job executing on host: <139.153.253.6:9618?addrs=139.153.253.6-9618&noUDP&sock=3312_54cc_3>
...
001 (64449.003.000) 06/30 21:25:19 Job executing on host: <139.153.253.5:9618?addrs=139.153.253.5-9618&noUDP&sock=3320_5500_3>
...
004 (64449.000.000) 06/30 21:25:21 Job was evicted.
	(0) Job was not checkpointed.
		Usr 0 00:00:01, Sys 0 00:00:00  -  Run Remote Usage
		Usr 0 00:00:00, Sys 0 00:00:00  -  Run Local Usage
	92414  -  Run Bytes Sent By Job
	45497132  -  Run Bytes Received By Job
	Partitionable Resources :    Usage  Request Allocated
	   Cpus                 :                 1         1
	   Disk (KB)            :    45000    45000   4460892
	   Memory (MB)          :      123      123      1004
...
001 (64449.000.000) 06/30 21:26:09 Job executing on host: <139.153.253.2:9618?addrs=139.153.253.2-9618&noUDP&sock=1468_25c0_3>
...
004 (64449.000.000) 06/30 22:06:22 Job was evicted.
	(0) Job was not checkpointed.
		Usr 0 00:00:01, Sys 0 00:00:00  -  Run Remote Usage
		Usr 0 00:00:00, Sys 0 00:00:00  -  Run Local Usage
	92390  -  Run Bytes Sent By Job
	45497132  -  Run Bytes Received By Job
	Partitionable Resources :    Usage  Request Allocated
	   Cpus                 :                 1         1
	   Disk (KB)            :    45000    45000   4617362
	   Memory (MB)          :      123      123      1004
...
004 (64449.004.000) 06/30 22:07:30 Job was evicted.
	(0) Job was not checkpointed.
		Usr 0 00:00:01, Sys 0 00:00:00  -  Run Remote Usage
		Usr 0 00:00:00, Sys 0 00:00:00  -  Run Local Usage
	92344  -  Run Bytes Sent By Job
	45497132  -  Run Bytes Received By Job
	Partitionable Resources :    Usage  Request Allocated
	   Cpus                 :                 1         1
	   Disk (KB)            :    45000    45000   4744197
	   Memory (MB)          :      123      123      1004
...
004 (64449.002.000) 06/30 22:07:30 Job was evicted.
	(0) Job was not checkpointed.
		Usr 0 00:00:01, Sys 0 00:00:00  -  Run Remote Usage
		Usr 0 00:00:00, Sys 0 00:00:00  -  Run Local Usage
	92344  -  Run Bytes Sent By Job
	45497132  -  Run Bytes Received By Job
	Partitionable Resources :    Usage  Request Allocated
	   Cpus                 :                 1         1
	   Disk (KB)            :    45000    45000   4420415
	   Memory (MB)          :      123      123      1004
...
004 (64449.003.000) 06/30 22:07:30 Job was evicted.
	(0) Job was not checkpointed.
		Usr 0 00:00:01, Sys 0 00:00:00  -  Run Remote Usage
		Usr 0 00:00:00, Sys 0 00:00:00  -  Run Local Usage
	92390  -  Run Bytes Sent By Job
	45497132  -  Run Bytes Received By Job
	Partitionable Resources :    Usage  Request Allocated
	   Cpus                 :                 1         1
	   Disk (KB)            :    45000    45000   4684464
	   Memory (MB)          :      123      123      1004
...
004 (64449.001.000) 06/30 22:08:02 Job was evicted.
	(0) Job was not checkpointed.
		Usr 0 00:00:01, Sys 0 00:00:00  -  Run Remote Usage
		Usr 0 00:00:00, Sys 0 00:00:00  -  Run Local Usage
	92423  -  Run Bytes Sent By Job
	45497132  -  Run Bytes Received By Job
	Partitionable Resources :    Usage  Request Allocated
	   Cpus                 :                 1         1
	   Disk (KB)            :    45000    45000   4394283
	   Memory (MB)          :      123      123      1004
...
001 (64449.000.000) 06/30 22:08:19 Job executing on host: <139.153.253.9:9618?addrs=139.153.253.9-9618&noUDP&sock=1444_2524_3>
...
001 (64449.002.000) 06/30 22:08:19 Job executing on host: <139.153.253.11:9618?addrs=139.153.253.11-9618&noUDP&sock=3504_59b2_3>
...
001 (64449.004.000) 06/30 22:08:20 Job executing on host: <139.153.253.13:9618?addrs=139.153.253.13-9618&noUDP&sock=1412_2452_3>
...
001 (64449.003.000) 06/30 22:08:20 Job executing on host: <139.153.253.12:9618?addrs=139.153.253.12-9618&noUDP&sock=3552_5aea_3>
...
001 (64449.001.000) 06/30 22:08:20 Job executing on host: <139.153.253.10:9618?addrs=139.153.253.10-9618&noUDP&sock=1356_22e4_3>
...
004 (64449.004.000) 06/30 22:48:31 Job was evicted.
	(0) Job was not checkpointed.
		Usr 0 00:00:01, Sys 0 00:00:00  -  Run Remote Usage
		Usr 0 00:00:00, Sys 0 00:00:00  -  Run Local Usage
	92344  -  Run Bytes Sent By Job
	45497132  -  Run Bytes Received By Job
	Partitionable Resources :    Usage  Request Allocated
	   Cpus                 :                 1         1
	   Disk (KB)            :    45000    45000   4462816
	   Memory (MB)          :      123      123      1004
...
001 (64449.004.000) 06/30 22:50:14 Job executing on host: <139.153.253.13:9618?addrs=139.153.253.13-9618&noUDP&sock=1412_2452_3>
...
004 (64449.002.000) 06/30 22:50:32 Job was evicted.
	(0) Job was not checkpointed.
		Usr 0 00:00:01, Sys 0 00:00:00  -  Run Remote Usage
		Usr 0 00:00:00, Sys 0 00:00:00  -  Run Local Usage
	92414  -  Run Bytes Sent By Job
	45497132  -  Run Bytes Received By Job
	Partitionable Resources :    Usage  Request Allocated
	   Cpus                 :                 1         1
	   Disk (KB)            :    45000    45000   4468508
	   Memory (MB)          :      123      123      1004
...
004 (64449.001.000) 06/30 22:51:03 Job was evicted.
	(0) Job was not checkpointed.
		Usr 0 00:00:01, Sys 0 00:00:00  -  Run Remote Usage
		Usr 0 00:00:00, Sys 0 00:00:00  -  Run Local Usage
	92414  -  Run Bytes Sent By Job
	45497132  -  Run Bytes Received By Job
	Partitionable Resources :    Usage  Request Allocated
	   Cpus                 :                 1         1
	   Disk (KB)            :    45000    45000   4469200
	   Memory (MB)          :      123      123      1004
...
004 (64449.003.000) 06/30 22:51:06 Job was evicted.
	(0) Job was not checkpointed.
		Usr 0 00:00:01, Sys 0 00:00:00  -  Run Remote Usage
		Usr 0 00:00:00, Sys 0 00:00:00  -  Run Local Usage
	92406  -  Run Bytes Sent By Job
	45497132  -  Run Bytes Received By Job
	Partitionable Resources :    Usage  Request Allocated
	   Cpus                 :                 1         1
	   Disk (KB)            :    45000    45000   4426293
	   Memory (MB)          :      123      123      1004
...
004 (64449.000.000) 06/30 22:51:06 Job was evicted.
	(0) Job was not checkpointed.
		Usr 0 00:00:01, Sys 0 00:00:00  -  Run Remote Usage
		Usr 0 00:00:00, Sys 0 00:00:00  -  Run Local Usage
	92414  -  Run Bytes Sent By Job
	45497132  -  Run Bytes Received By Job
	Partitionable Resources :    Usage  Request Allocated
	   Cpus                 :                 1         1
	   Disk (KB)            :    45000    45000   4438562
	   Memory (MB)          :      123      123      1004
...
001 (64449.000.000) 06/30 22:51:16 Job executing on host: <139.153.253.9:9618?addrs=139.153.253.9-9618&noUDP&sock=1444_2524_3>
...
001 (64449.001.000) 06/30 22:51:17 Job executing on host: <139.153.253.10:9618?addrs=139.153.253.10-9618&noUDP&sock=1356_22e4_3>
...
001 (64449.002.000) 06/30 22:51:19 Job executing on host: <139.153.253.11:9618?addrs=139.153.253.11-9618&noUDP&sock=3504_59b2_3>
...
001 (64449.003.000) 06/30 22:51:20 Job executing on host: <139.153.253.12:9618?addrs=139.153.253.12-9618&noUDP&sock=3552_5aea_3>
...
004 (64449.001.000) 06/30 23:31:32 Job was evicted.
	(0) Job was not checkpointed.
		Usr 0 00:00:01, Sys 0 00:00:00  -  Run Remote Usage
		Usr 0 00:00:00, Sys 0 00:00:00  -  Run Local Usage
	92390  -  Run Bytes Sent By Job
	45497132  -  Run Bytes Received By Job
	Partitionable Resources :    Usage  Request Allocated
	   Cpus                 :                 1         1
	   Disk (KB)            :    45000    45000   4469200
	   Memory (MB)          :      123      123      1004
...
004 (64449.004.000) 06/30 23:32:58 Job was evicted.
	(0) Job was not checkpointed.
		Usr 0 00:00:01, Sys 0 00:00:00  -  Run Remote Usage
		Usr 0 00:00:00, Sys 0 00:00:00  -  Run Local Usage
	92344  -  Run Bytes Sent By Job
	45497132  -  Run Bytes Received By Job
	Partitionable Resources :    Usage  Request Allocated
	   Cpus                 :                 1         1
	   Disk (KB)            :    45000    45000   4462816
	   Memory (MB)          :      123      123      1004
...
001 (64449.001.000) 06/30 23:33:18 Job executing on host: <139.153.253.10:9618?addrs=139.153.253.10-9618&noUDP&sock=1356_22e4_3>
...
001 (64449.004.000) 06/30 23:33:18 Job executing on host: <139.153.253.13:9618?addrs=139.153.253.13-9618&noUDP&sock=1412_2452_3>
...
004 (64449.000.000) 06/30 23:33:27 Job was evicted.
	(0) Job was not checkpointed.
		Usr 0 00:00:01, Sys 0 00:00:00  -  Run Remote Usage
		Usr 0 00:00:00, Sys 0 00:00:00  -  Run Local Usage
	92423  -  Run Bytes Sent By Job
	45497132  -  Run Bytes Received By Job
	Partitionable Resources :    Usage  Request Allocated
	   Cpus                 :                 1         1
	   Disk (KB)            :    45000    45000   4438562
	   Memory (MB)          :      123      123      1004
...
004 (64449.003.000) 06/30 23:33:32 Job was evicted.
	(0) Job was not checkpointed.
		Usr 0 00:00:01, Sys 0 00:00:00  -  Run Remote Usage
		Usr 0 00:00:00, Sys 0 00:00:00  -  Run Local Usage
	92406  -  Run Bytes Sent By Job
	45497132  -  Run Bytes Received By Job
	Partitionable Resources :    Usage  Request Allocated
	   Cpus                 :                 1         1
	   Disk (KB)            :    45000    45000   4426293
	   Memory (MB)          :      123      123      1004
...
004 (64449.002.000) 06/30 23:34:06 Job was evicted.
	(0) Job was not checkpointed.
		Usr 0 00:00:01, Sys 0 00:00:00  -  Run Remote Usage
		Usr 0 00:00:00, Sys 0 00:00:00  -  Run Local Usage
	92390  -  Run Bytes Sent By Job
	45497132  -  Run Bytes Received By Job
	Partitionable Resources :    Usage  Request Allocated
	   Cpus                 :                 1         1
	   Disk (KB)            :    45000    45000   4468508
	   Memory (MB)          :      123      123      1004
...
001 (64449.000.000) 06/30 23:34:17 Job executing on host: <139.153.253.9:9618?addrs=139.153.253.9-9618&noUDP&sock=1444_2524_3>
...
001 (64449.003.000) 06/30 23:34:18 Job executing on host: <139.153.253.12:9618?addrs=139.153.253.12-9618&noUDP&sock=3552_5aea_3>
...
001 (64449.002.000) 06/30 23:34:18 Job executing on host: <139.153.253.11:9618?addrs=139.153.253.11-9618&noUDP&sock=3504_59b2_3>
...
004 (64449.004.000) 07/01 00:15:31 Job was evicted.
	(0) Job was not checkpointed.
		Usr 0 00:00:01, Sys 0 00:00:00  -  Run Remote Usage
		Usr 0 00:00:00, Sys 0 00:00:00  -  Run Local Usage
	92414  -  Run Bytes Sent By Job
	45497132  -  Run Bytes Received By Job
	Partitionable Resources :    Usage  Request Allocated
	   Cpus                 :                 1         1
	   Disk (KB)            :    45000    45000   4462816
	   Memory (MB)          :      123      123      1004
...
004 (64449.001.000) 07/01 00:15:33 Job was evicted.
	(0) Job was not checkpointed.
		Usr 0 00:00:01, Sys 0 00:00:00  -  Run Remote Usage
		Usr 0 00:00:00, Sys 0 00:00:00  -  Run Local Usage
	92390  -  Run Bytes Sent By Job
	45497132  -  Run Bytes Received By Job
	Partitionable Resources :    Usage  Request Allocated
	   Cpus                 :                 1         1
	   Disk (KB)            :    45000    45000   4469200
	   Memory (MB)          :      123      123      1004
...
004 (64449.000.000) 07/01 00:15:54 Job was evicted.
	(0) Job was not checkpointed.
		Usr 0 00:00:01, Sys 0 00:00:00  -  Run Remote Usage
		Usr 0 00:00:00, Sys 0 00:00:00  -  Run Local Usage
	92344  -  Run Bytes Sent By Job
	45497132  -  Run Bytes Received By Job
	Partitionable Resources :    Usage  Request Allocated
	   Cpus                 :                 1         1
	   Disk (KB)            :    45000    45000   4438562
	   Memory (MB)          :      123      123      1004
...
001 (64449.004.000) 07/01 00:16:18 Job executing on host: <139.153.253.0:9618?addrs=139.153.253.0-9618&noUDP&sock=3900_63cc_3>
...
001 (64449.001.000) 07/01 00:16:18 Job executing on host: <139.153.253.13:9618?addrs=139.153.253.13-9618&noUDP&sock=1412_2452_3>
...
001 (64449.000.000) 07/01 00:16:18 Job executing on host: <139.153.253.10:9618?addrs=139.153.253.10-9618&noUDP&sock=1356_22e4_3>
...
004 (64449.003.000) 07/01 00:16:32 Job was evicted.
	(0) Job was not checkpointed.
		Usr 0 00:00:01, Sys 0 00:00:00  -  Run Remote Usage
		Usr 0 00:00:00, Sys 0 00:00:00  -  Run Local Usage
	92414  -  Run Bytes Sent By Job
	45497132  -  Run Bytes Received By Job
	Partitionable Resources :    Usage  Request Allocated
	   Cpus                 :                 1         1
	   Disk (KB)            :    45000    45000   4426293
	   Memory (MB)          :      123      123      1004
...
004 (64449.002.000) 07/01 00:17:03 Job was evicted.
	(0) Job was not checkpointed.
		Usr 0 00:00:01, Sys 0 00:00:00  -  Run Remote Usage
		Usr 0 00:00:00, Sys 0 00:00:00  -  Run Local Usage
	92390  -  Run Bytes Sent By Job
	45497132  -  Run Bytes Received By Job
	Partitionable Resources :    Usage  Request Allocated
	   Cpus                 :                 1         1
	   Disk (KB)            :    45000    45000   4468508
	   Memory (MB)          :      123      123      1004
...
001 (64449.002.000) 07/01 00:17:16 Job executing on host: <139.153.253.11:9618?addrs=139.153.253.11-9618&noUDP&sock=3504_59b2_3>
...
001 (64449.003.000) 07/01 00:17:16 Job executing on host: <139.153.253.12:9618?addrs=139.153.253.12-9618&noUDP&sock=3552_5aea_3>
...
004 (64449.000.000) 07/01 00:56:29 Job was evicted.
	(0) Job was not checkpointed.
		Usr 0 00:00:01, Sys 0 00:00:00  -  Run Remote Usage
		Usr 0 00:00:00, Sys 0 00:00:00  -  Run Local Usage
	92390  -  Run Bytes Sent By Job
	45497132  -  Run Bytes Received By Job
	Partitionable Resources :    Usage  Request Allocated
	   Cpus                 :                 1         1
	   Disk (KB)            :    45000    45000   4469200
	   Memory (MB)          :      123      123      1004
...
004 (64449.002.000) 07/01 00:57:26 Job was evicted.
	(0) Job was not checkpointed.
		Usr 0 00:00:01, Sys 0 00:00:00  -  Run Remote Usage
		Usr 0 00:00:00, Sys 0 00:00:00  -  Run Local Usage
	92423  -  Run Bytes Sent By Job
	45497132  -  Run Bytes Received By Job
	Partitionable Resources :    Usage  Request Allocated
	   Cpus                 :                 1         1
	   Disk (KB)            :    45000    45000   4468508
	   Memory (MB)          :      123      123      1004
...
004 (64449.003.000) 07/01 00:58:00 Job was evicted.
	(0) Job was not checkpointed.
		Usr 0 00:00:01, Sys 0 00:00:00  -  Run Remote Usage
		Usr 0 00:00:00, Sys 0 00:00:00  -  Run Local Usage
	92423  -  Run Bytes Sent By Job
	45497132  -  Run Bytes Received By Job
	Partitionable Resources :    Usage  Request Allocated
	   Cpus                 :                 1         1
	   Disk (KB)            :    45000    45000   4426293
	   Memory (MB)          :      123      123      1004
...
004 (64449.004.000) 07/01 00:58:29 Job was evicted.
	(0) Job was not checkpointed.
		Usr 0 00:00:01, Sys 0 00:00:00  -  Run Remote Usage
		Usr 0 00:00:00, Sys 0 00:00:00  -  Run Local Usage
	92423  -  Run Bytes Sent By Job
	45497132  -  Run Bytes Received By Job
	Partitionable Resources :    Usage  Request Allocated
	   Cpus                 :                 1         1
	   Disk (KB)            :    45000    45000   4834083
	   Memory (MB)          :      123      123      1004
...
004 (64449.001.000) 07/01 00:58:33 Job was evicted.
	(0) Job was not checkpointed.
		Usr 0 00:00:01, Sys 0 00:00:00  -  Run Remote Usage
		Usr 0 00:00:00, Sys 0 00:00:00  -  Run Local Usage
	92344  -  Run Bytes Sent By Job
	45497132  -  Run Bytes Received By Job
	Partitionable Resources :    Usage  Request Allocated
	   Cpus                 :                 1         1
	   Disk (KB)            :    45000    45000   4462816
	   Memory (MB)          :      123      123      1004
...
001 (64449.004.000) 07/01 00:59:21 Job executing on host: <139.153.253.2:9618?addrs=139.153.253.2-9618&noUDP&sock=1468_25c0_3>
...
001 (64449.003.000) 07/01 00:59:21 Job executing on host: <139.153.253.0:9618?addrs=139.153.253.0-9618&noUDP&sock=3900_63cc_3>
...
001 (64449.001.000) 07/01 00:59:21 Job executing on host: <139.153.253.12:9618?addrs=139.153.253.12-9618&noUDP&sock=3552_5aea_3>
...
001 (64449.002.000) 07/01 00:59:21 Job executing on host: <139.153.253.13:9618?addrs=139.153.253.13-9618&noUDP&sock=1412_2452_3>
...
001 (64449.000.000) 07/01 00:59:21 Job executing on host: <139.153.253.11:9618?addrs=139.153.253.11-9618&noUDP&sock=3504_59b2_3>
...
004 (64449.001.000) 07/01 01:41:31 Job was evicted.
	(0) Job was not checkpointed.
		Usr 0 00:00:01, Sys 0 00:00:00  -  Run Remote Usage
		Usr 0 00:00:00, Sys 0 00:00:00  -  Run Local Usage
	92423  -  Run Bytes Sent By Job
	45497132  -  Run Bytes Received By Job
	Partitionable Resources :    Usage  Request Allocated
	   Cpus                 :                 1         1
	   Disk (KB)            :    45000    45000   4426293
	   Memory (MB)          :      123      123      1004
...
004 (64449.003.000) 07/01 01:41:35 Job was evicted.
	(0) Job was not checkpointed.
		Usr 0 00:00:01, Sys 0 00:00:00  -  Run Remote Usage
		Usr 0 00:00:00, Sys 0 00:00:00  -  Run Local Usage
	92414  -  Run Bytes Sent By Job
	45497132  -  Run Bytes Received By Job
	Partitionable Resources :    Usage  Request Allocated
	   Cpus                 :                 1         1
	   Disk (KB)            :    45000    45000   4834083
	   Memory (MB)          :      123      123      1004
...
004 (64449.004.000) 07/01 01:41:36 Job was evicted.
	(0) Job was not checkpointed.
		Usr 0 00:00:01, Sys 0 00:00:00  -  Run Remote Usage
		Usr 0 00:00:00, Sys 0 00:00:00  -  Run Local Usage
	92414  -  Run Bytes Sent By Job
	45497132  -  Run Bytes Received By Job
	Partitionable Resources :    Usage  Request Allocated
	   Cpus                 :                 1         1
	   Disk (KB)            :    45000    45000   4617362
	   Memory (MB)          :      123      123      1004
...
004 (64449.000.000) 07/01 01:41:37 Job was evicted.
	(0) Job was not checkpointed.
		Usr 0 00:00:01, Sys 0 00:00:00  -  Run Remote Usage
		Usr 0 00:00:00, Sys 0 00:00:00  -  Run Local Usage
	92390  -  Run Bytes Sent By Job
	45497132  -  Run Bytes Received By Job
	Partitionable Resources :    Usage  Request Allocated
	   Cpus                 :                 1         1
	   Disk (KB)            :    45000    45000   4468508
	   Memory (MB)          :      123      123      1004
...
004 (64449.002.000) 07/01 01:42:09 Job was evicted.
	(0) Job was not checkpointed.
		Usr 0 00:00:01, Sys 0 00:00:00  -  Run Remote Usage
		Usr 0 00:00:00, Sys 0 00:00:00  -  Run Local Usage
	92390  -  Run Bytes Sent By Job
	45497132  -  Run Bytes Received By Job
	Partitionable Resources :    Usage  Request Allocated
	   Cpus                 :                 1         1
	   Disk (KB)            :    45000    45000   4462816
	   Memory (MB)          :      123      123      1004
...
001 (64449.002.000) 07/01 01:42:23 Job executing on host: <139.153.253.11:9618?addrs=139.153.253.11-9618&noUDP&sock=3504_59b2_3>
...
001 (64449.003.000) 07/01 01:42:23 Job executing on host: <139.153.253.12:9618?addrs=139.153.253.12-9618&noUDP&sock=3552_5aea_3>
...
001 (64449.001.000) 07/01 01:42:23 Job executing on host: <139.153.253.10:9618?addrs=139.153.253.10-9618&noUDP&sock=1356_22e4_3>
...
001 (64449.000.000) 07/01 01:42:24 Job executing on host: <139.153.253.9:9618?addrs=139.153.253.9-9618&noUDP&sock=1444_2524_3>
...
001 (64449.004.000) 07/01 01:42:24 Job executing on host: <139.153.253.13:9618?addrs=139.153.253.13-9618&noUDP&sock=1412_2452_3>
...
004 (64449.003.000) 07/01 02:24:01 Job was evicted.
	(0) Job was not checkpointed.
		Usr 0 00:00:01, Sys 0 00:00:00  -  Run Remote Usage
		Usr 0 00:00:00, Sys 0 00:00:00  -  Run Local Usage
	92390  -  Run Bytes Sent By Job
	45497132  -  Run Bytes Received By Job
	Partitionable Resources :    Usage  Request Allocated
	   Cpus                 :                 1         1
	   Disk (KB)            :    45000    45000   4426293
	   Memory (MB)          :      123      123      1004
...
004 (64449.000.000) 07/01 02:24:34 Job was evicted.
	(0) Job was not checkpointed.
		Usr 0 00:00:01, Sys 0 00:00:00  -  Run Remote Usage
		Usr 0 00:00:00, Sys 0 00:00:00  -  Run Local Usage
	92414  -  Run Bytes Sent By Job
	45497132  -  Run Bytes Received By Job
	Partitionable Resources :    Usage  Request Allocated
	   Cpus                 :                 1         1
	   Disk (KB)            :    45000    45000   4438562
	   Memory (MB)          :      123      123      1004
...
004 (64449.004.000) 07/01 02:24:35 Job was evicted.
	(0) Job was not checkpointed.
		Usr 0 00:00:01, Sys 0 00:00:00  -  Run Remote Usage
		Usr 0 00:00:00, Sys 0 00:00:00  -  Run Local Usage
	92344  -  Run Bytes Sent By Job
	45497132  -  Run Bytes Received By Job
	Partitionable Resources :    Usage  Request Allocated
	   Cpus                 :                 1         1
	   Disk (KB)            :    45000    45000   4462816
	   Memory (MB)          :      123      123      1004
...
004 (64449.001.000) 07/01 02:25:06 Job was evicted.
	(0) Job was not checkpointed.
		Usr 0 00:00:01, Sys 0 00:00:00  -  Run Remote Usage
		Usr 0 00:00:00, Sys 0 00:00:00  -  Run Local Usage
	92414  -  Run Bytes Sent By Job
	45497132  -  Run Bytes Received By Job
	Partitionable Resources :    Usage  Request Allocated
	   Cpus                 :                 1         1
	   Disk (KB)            :    45000    45000   4469200
	   Memory (MB)          :      123      123      1004
...
004 (64449.002.000) 07/01 02:25:09 Job was evicted.
	(0) Job was not checkpointed.
		Usr 0 00:00:01, Sys 0 00:00:00  -  Run Remote Usage
		Usr 0 00:00:00, Sys 0 00:00:00  -  Run Local Usage
	92406  -  Run Bytes Sent By Job
	45497132  -  Run Bytes Received By Job
	Partitionable Resources :    Usage  Request Allocated
	   Cpus                 :                 1         1
	   Disk (KB)            :    45000    45000   4468508
	   Memory (MB)          :      123      123      1004
...
001 (64449.003.000) 07/01 02:25:24 Job executing on host: <139.153.253.4:9618?addrs=139.153.253.4-9618&noUDP&sock=1244_200a_3>
...
001 (64449.004.000) 07/01 02:25:24 Job executing on host: <139.153.253.5:9618?addrs=139.153.253.5-9618&noUDP&sock=3320_5500_3>
...
001 (64449.002.000) 07/01 02:25:24 Job executing on host: <139.153.253.3:9618?addrs=139.153.253.3-9618&noUDP&sock=3540_5a9c_3>
...
001 (64449.000.000) 07/01 02:25:24 Job executing on host: <139.153.253.1:9618?addrs=139.153.253.1-9618&noUDP&sock=1440_250a_3>
...
001 (64449.001.000) 07/01 02:25:25 Job executing on host: <139.153.253.2:9618?addrs=139.153.253.2-9618&noUDP&sock=1468_25c0_3>
...
004 (64449.003.000) 07/01 03:08:05 Job was evicted.
	(0) Job was not checkpointed.
		Usr 0 00:00:01, Sys 0 00:00:00  -  Run Remote Usage
		Usr 0 00:00:00, Sys 0 00:00:00  -  Run Local Usage
	92423  -  Run Bytes Sent By Job
	45497132  -  Run Bytes Received By Job
	Partitionable Resources :    Usage  Request Allocated
	   Cpus                 :                 1         1
	   Disk (KB)            :    45000    45000   4420415
	   Memory (MB)          :      123      123      1004
...
004 (64449.004.000) 07/01 03:08:07 Job was evicted.
	(0) Job was not checkpointed.
		Usr 0 00:00:01, Sys 0 00:00:00  -  Run Remote Usage
		Usr 0 00:00:00, Sys 0 00:00:00  -  Run Local Usage
	92406  -  Run Bytes Sent By Job
	45497132  -  Run Bytes Received By Job
	Partitionable Resources :    Usage  Request Allocated
	   Cpus                 :                 1         1
	   Disk (KB)            :    45000    45000   4684464
	   Memory (MB)          :      123      123      1004
...
004 (64449.000.000) 07/01 03:08:09 Job was evicted.
	(0) Job was not checkpointed.
		Usr 0 00:00:01, Sys 0 00:00:00  -  Run Remote Usage
		Usr 0 00:00:00, Sys 0 00:00:00  -  Run Local Usage
	92406  -  Run Bytes Sent By Job
	45497132  -  Run Bytes Received By Job
	Partitionable Resources :    Usage  Request Allocated
	   Cpus                 :                 1         1
	   Disk (KB)            :    45000    45000   4348990
	   Memory (MB)          :      123      123      1004
...
004 (64449.001.000) 07/01 03:08:09 Job was evicted.
	(0) Job was not checkpointed.
		Usr 0 00:00:01, Sys 0 00:00:00  -  Run Remote Usage
		Usr 0 00:00:00, Sys 0 00:00:00  -  Run Local Usage
	92344  -  Run Bytes Sent By Job
	45497132  -  Run Bytes Received By Job
	Partitionable Resources :    Usage  Request Allocated
	   Cpus                 :                 1         1
	   Disk (KB)            :    45000    45000   4617362
	   Memory (MB)          :      123      123      1004
...
004 (64449.002.000) 07/01 03:08:11 Job was evicted.
	(0) Job was not checkpointed.
		Usr 0 00:00:01, Sys 0 00:00:00  -  Run Remote Usage
		Usr 0 00:00:00, Sys 0 00:00:00  -  Run Local Usage
	92406  -  Run Bytes Sent By Job
	45497132  -  Run Bytes Received By Job
	Partitionable Resources :    Usage  Request Allocated
	   Cpus                 :                 1         1
	   Disk (KB)            :    45000    45000   4394283
	   Memory (MB)          :      123      123      1004
...
001 (64449.002.000) 07/01 03:12:22 Job executing on host: <139.153.253.3:9618?addrs=139.153.253.3-9618&noUDP&sock=3540_5a9c_3>
...
001 (64449.004.000) 07/01 03:12:22 Job executing on host: <139.153.253.5:9618?addrs=139.153.253.5-9618&noUDP&sock=3320_5500_3>
...
001 (64449.000.000) 07/01 03:12:22 Job executing on host: <139.153.253.1:9618?addrs=139.153.253.1-9618&noUDP&sock=1440_250a_3>
...
001 (64449.003.000) 07/01 03:12:23 Job executing on host: <139.153.253.4:9618?addrs=139.153.253.4-9618&noUDP&sock=1244_200a_3>
...
001 (64449.001.000) 07/01 03:12:23 Job executing on host: <139.153.253.2:9618?addrs=139.153.253.2-9618&noUDP&sock=1468_25c0_3>
...
004 (64449.003.000) 07/01 03:52:37 Job was evicted.
	(0) Job was not checkpointed.
		Usr 0 00:00:01, Sys 0 00:00:00  -  Run Remote Usage
		Usr 0 00:00:00, Sys 0 00:00:00  -  Run Local Usage
	92406  -  Run Bytes Sent By Job
	45497132  -  Run Bytes Received By Job
	Partitionable Resources :    Usage  Request Allocated
	   Cpus                 :                 1         1
	   Disk (KB)            :    45000    45000   4420415
	   Memory (MB)          :      123      123      1004
...
004 (64449.004.000) 07/01 03:53:05 Job was evicted.
	(0) Job was not checkpointed.
		Usr 0 00:00:01, Sys 0 00:00:00  -  Run Remote Usage
		Usr 0 00:00:00, Sys 0 00:00:00  -  Run Local Usage
	92390  -  Run Bytes Sent By Job
	45497132  -  Run Bytes Received By Job
	Partitionable Resources :    Usage  Request Allocated
	   Cpus                 :                 1         1
	   Disk (KB)            :    45000    45000   4684464
	   Memory (MB)          :      123      123      1004
...
004 (64449.002.000) 07/01 03:53:07 Job was evicted.
	(0) Job was not checkpointed.
		Usr 0 00:00:01, Sys 0 00:00:00  -  Run Remote Usage
		Usr 0 00:00:00, Sys 0 00:00:00  -  Run Local Usage
	92414  -  Run Bytes Sent By Job
	45497132  -  Run Bytes Received By Job
	Partitionable Resources :    Usage  Request Allocated
	   Cpus                 :                 1         1
	   Disk (KB)            :    45000    45000   4394283
	   Memory (MB)          :      123      123      1004
...
004 (64449.001.000) 07/01 03:53:08 Job was evicted.
	(0) Job was not checkpointed.
		Usr 0 00:00:01, Sys 0 00:00:00  -  Run Remote Usage
		Usr 0 00:00:00, Sys 0 00:00:00  -  Run Local Usage
	92390  -  Run Bytes Sent By Job
	45497132  -  Run Bytes Received By Job
	Partitionable Resources :    Usage  Request Allocated
	   Cpus                 :                 1         1
	   Disk (KB)            :    45000    45000   4617362
	   Memory (MB)          :      123      123      1004
...
001 (64449.003.000) 07/01 03:54:21 Job executing on host: <139.153.253.4:9618?addrs=139.153.253.4-9618&noUDP&sock=1244_200a_3>
...
001 (64449.004.000) 07/01 03:54:21 Job executing on host: <139.153.253.5:9618?addrs=139.153.253.5-9618&noUDP&sock=3320_5500_3>
...
001 (64449.002.000) 07/01 03:54:21 Job executing on host: <139.153.253.3:9618?addrs=139.153.253.3-9618&noUDP&sock=3540_5a9c_3>
...
001 (64449.001.000) 07/01 03:54:22 Job executing on host: <139.153.253.2:9618?addrs=139.153.253.2-9618&noUDP&sock=1468_25c0_3>
...
004 (64449.000.000) 07/01 03:55:08 Job was evicted.
	(0) Job was not checkpointed.
		Usr 0 00:00:01, Sys 0 00:00:00  -  Run Remote Usage
		Usr 0 00:00:00, Sys 0 00:00:00  -  Run Local Usage
	92390  -  Run Bytes Sent By Job
	45497132  -  Run Bytes Received By Job
	Partitionable Resources :    Usage  Request Allocated
	   Cpus                 :                 1         1
	   Disk (KB)            :    45000    45000   4348990
	   Memory (MB)          :      123      123      1004
...
001 (64449.000.000) 07/01 03:55:20 Job executing on host: <139.153.253.1:9618?addrs=139.153.253.1-9618&noUDP&sock=1440_250a_3>
...
004 (64449.004.000) 07/01 04:34:33 Job was evicted.
	(0) Job was not checkpointed.
		Usr 0 00:00:01, Sys 0 00:00:00  -  Run Remote Usage
		Usr 0 00:00:00, Sys 0 00:00:00  -  Run Local Usage
	92344  -  Run Bytes Sent By Job
	45497132  -  Run Bytes Received By Job
	Partitionable Resources :    Usage  Request Allocated
	   Cpus                 :                 1         1
	   Disk (KB)            :    45000    45000   4684464
	   Memory (MB)          :      123      123      1004
...
004 (64449.002.000) 07/01 04:36:35 Job was evicted.
	(0) Job was not checkpointed.
		Usr 0 00:00:01, Sys 0 00:00:00  -  Run Remote Usage
		Usr 0 00:00:00, Sys 0 00:00:00  -  Run Local Usage
	92423  -  Run Bytes Sent By Job
	45497132  -  Run Bytes Received By Job
	Partitionable Resources :    Usage  Request Allocated
	   Cpus                 :                 1         1
	   Disk (KB)            :    45000    45000   4394283
	   Memory (MB)          :      123      123      1004
...
004 (64449.003.000) 07/01 04:36:35 Job was evicted.
	(0) Job was not checkpointed.
		Usr 0 00:00:01, Sys 0 00:00:00  -  Run Remote Usage
		Usr 0 00:00:00, Sys 0 00:00:00  -  Run Local Usage
	92414  -  Run Bytes Sent By Job
	45497132  -  Run Bytes Received By Job
	Partitionable Resources :    Usage  Request Allocated
	   Cpus                 :                 1         1
	   Disk (KB)            :    45000    45000   4420415
	   Memory (MB)          :      123      123      1004
...
004 (64449.001.000) 07/01 04:37:08 Job was evicted.
	(0) Job was not checkpointed.
		Usr 0 00:00:00, Sys 0 00:00:00  -  Run Remote Usage
		Usr 0 00:00:00, Sys 0 00:00:00  -  Run Local Usage
	92414  -  Run Bytes Sent By Job
	45497132  -  Run Bytes Received By Job
	Partitionable Resources :    Usage  Request Allocated
	   Cpus                 :                 1         1
	   Disk (KB)            :    45000    45000   4617362
	   Memory (MB)          :      123      123      1004
...
001 (64449.004.000) 07/01 04:37:22 Job executing on host: <139.153.253.5:9618?addrs=139.153.253.5-9618&noUDP&sock=3320_5500_3>
...
001 (64449.003.000) 07/01 04:37:23 Job executing on host: <139.153.253.4:9618?addrs=139.153.253.4-9618&noUDP&sock=1244_200a_3>
...
001 (64449.001.000) 07/01 04:37:23 Job executing on host: <139.153.253.2:9618?addrs=139.153.253.2-9618&noUDP&sock=1468_25c0_3>
...
001 (64449.002.000) 07/01 04:37:23 Job executing on host: <139.153.253.3:9618?addrs=139.153.253.3-9618&noUDP&sock=3540_5a9c_3>
...
004 (64449.000.000) 07/01 04:37:36 Job was evicted.
	(0) Job was not checkpointed.
		Usr 0 00:00:01, Sys 0 00:00:00  -  Run Remote Usage
		Usr 0 00:00:00, Sys 0 00:00:00  -  Run Local Usage
	92406  -  Run Bytes Sent By Job
	45497132  -  Run Bytes Received By Job
	Partitionable Resources :    Usage  Request Allocated
	   Cpus                 :                 1         1
	   Disk (KB)            :    45000    45000   4348990
	   Memory (MB)          :      123      123      1004
...
001 (64449.000.000) 07/01 04:38:21 Job executing on host: <139.153.253.1:9618?addrs=139.153.253.1-9618&noUDP&sock=1440_250a_3>
...
004 (64449.004.000) 07/01 05:17:34 Job was evicted.
	(0) Job was not checkpointed.
		Usr 0 00:00:01, Sys 0 00:00:00  -  Run Remote Usage
		Usr 0 00:00:00, Sys 0 00:00:00  -  Run Local Usage
	92423  -  Run Bytes Sent By Job
	45497132  -  Run Bytes Received By Job
	Partitionable Resources :    Usage  Request Allocated
	   Cpus                 :                 1         1
	   Disk (KB)            :    45000    45000   4684464
	   Memory (MB)          :      123      123      1004
...
004 (64449.003.000) 07/01 05:18:57 Job was evicted.
	(0) Job was not checkpointed.
		Usr 0 00:00:01, Sys 0 00:00:00  -  Run Remote Usage
		Usr 0 00:00:00, Sys 0 00:00:00  -  Run Local Usage
	92423  -  Run Bytes Sent By Job
	45497132  -  Run Bytes Received By Job
	Partitionable Resources :    Usage  Request Allocated
	   Cpus                 :                 1         1
	   Disk (KB)            :    45000    45000   4420415
	   Memory (MB)          :      123      123      1004
...
004 (64449.001.000) 07/01 05:19:37 Job was evicted.
	(0) Job was not checkpointed.
		Usr 0 00:00:01, Sys 0 00:00:00  -  Run Remote Usage
		Usr 0 00:00:00, Sys 0 00:00:00  -  Run Local Usage
	92423  -  Run Bytes Sent By Job
	45497132  -  Run Bytes Received By Job
	Partitionable Resources :    Usage  Request Allocated
	   Cpus                 :                 1         1
	   Disk (KB)            :    45000    45000   4617362
	   Memory (MB)          :      123      123      1004
...
004 (64449.002.000) 07/01 05:20:10 Job was evicted.
	(0) Job was not checkpointed.
		Usr 0 00:00:01, Sys 0 00:00:00  -  Run Remote Usage
		Usr 0 00:00:00, Sys 0 00:00:00  -  Run Local Usage
	92390  -  Run Bytes Sent By Job
	45497132  -  Run Bytes Received By Job
	Partitionable Resources :    Usage  Request Allocated
	   Cpus                 :                 1         1
	   Disk (KB)            :    45000    45000   4394283
	   Memory (MB)          :      123      123      1004
...
001 (64449.002.000) 07/01 05:20:24 Job executing on host: <139.153.253.3:9618?addrs=139.153.253.3-9618&noUDP&sock=3540_5a9c_3>
...
001 (64449.004.000) 07/01 05:20:24 Job executing on host: <139.153.253.5:9618?addrs=139.153.253.5-9618&noUDP&sock=3320_5500_3>
...
001 (64449.003.000) 07/01 05:20:25 Job executing on host: <139.153.253.4:9618?addrs=139.153.253.4-9618&noUDP&sock=1244_200a_3>
...
001 (64449.001.000) 07/01 05:20:25 Job executing on host: <139.153.253.2:9618?addrs=139.153.253.2-9618&noUDP&sock=1468_25c0_3>
...
004 (64449.000.000) 07/01 05:20:37 Job was evicted.
	(0) Job was not checkpointed.
		Usr 0 00:00:01, Sys 0 00:00:00  -  Run Remote Usage
		Usr 0 00:00:00, Sys 0 00:00:00  -  Run Local Usage
	92390  -  Run Bytes Sent By Job
	45497132  -  Run Bytes Received By Job
	Partitionable Resources :    Usage  Request Allocated
	   Cpus                 :                 1         1
	   Disk (KB)            :    45000    45000   4348990
	   Memory (MB)          :      123      123      1004
...
001 (64449.000.000) 07/01 05:21:21 Job executing on host: <139.153.253.1:9618?addrs=139.153.253.1-9618&noUDP&sock=1440_250a_3>
...
004 (64449.001.000) 07/01 06:00:37 Job was evicted.
	(0) Job was not checkpointed.
		Usr 0 00:00:01, Sys 0 00:00:00  -  Run Remote Usage
		Usr 0 00:00:00, Sys 0 00:00:00  -  Run Local Usage
	92344  -  Run Bytes Sent By Job
	45497132  -  Run Bytes Received By Job
	Partitionable Resources :    Usage  Request Allocated
	   Cpus                 :                 1         1
	   Disk (KB)            :    45000    45000   4617362
	   Memory (MB)          :      123      123      1004
...
004 (64449.002.000) 07/01 06:01:08 Job was evicted.
	(0) Job was not checkpointed.
		Usr 0 00:00:01, Sys 0 00:00:00  -  Run Remote Usage
		Usr 0 00:00:00, Sys 0 00:00:00  -  Run Local Usage
	92423  -  Run Bytes Sent By Job
	45497132  -  Run Bytes Received By Job
	Partitionable Resources :    Usage  Request Allocated
	   Cpus                 :                 1         1
	   Disk (KB)            :    45000    45000   4394283
	   Memory (MB)          :      123      123      1004
...
004 (64449.003.000) 07/01 06:02:35 Job was evicted.
	(0) Job was not checkpointed.
		Usr 0 00:00:01, Sys 0 00:00:00  -  Run Remote Usage
		Usr 0 00:00:00, Sys 0 00:00:00  -  Run Local Usage
	92390  -  Run Bytes Sent By Job
	45497132  -  Run Bytes Received By Job
	Partitionable Resources :    Usage  Request Allocated
	   Cpus                 :                 1         1
	   Disk (KB)            :    45000    45000   4420415
	   Memory (MB)          :      123      123      1004
...
004 (64449.004.000) 07/01 06:03:10 Job was evicted.
	(0) Job was not checkpointed.
		Usr 0 00:00:01, Sys 0 00:00:00  -  Run Remote Usage
		Usr 0 00:00:00, Sys 0 00:00:00  -  Run Local Usage
	92390  -  Run Bytes Sent By Job
	45497132  -  Run Bytes Received By Job
	Partitionable Resources :    Usage  Request Allocated
	   Cpus                 :                 1         1
	   Disk (KB)            :    45000    45000   4684464
	   Memory (MB)          :      123      123      1004
...
001 (64449.003.000) 07/01 06:03:23 Job executing on host: <139.153.253.4:9618?addrs=139.153.253.4-9618&noUDP&sock=1244_200a_3>
...
001 (64449.004.000) 07/01 06:03:23 Job executing on host: <139.153.253.5:9618?addrs=139.153.253.5-9618&noUDP&sock=3320_5500_3>
...
001 (64449.002.000) 07/01 06:03:24 Job executing on host: <139.153.253.3:9618?addrs=139.153.253.3-9618&noUDP&sock=3540_5a9c_3>
...
001 (64449.001.000) 07/01 06:03:24 Job executing on host: <139.153.253.2:9618?addrs=139.153.253.2-9618&noUDP&sock=1468_25c0_3>
...
004 (64449.000.000) 07/01 06:03:32 Job was evicted.
	(0) Job was not checkpointed.
		Usr 0 00:00:01, Sys 0 00:00:00  -  Run Remote Usage
		Usr 0 00:00:00, Sys 0 00:00:00  -  Run Local Usage
	92414  -  Run Bytes Sent By Job
	45497132  -  Run Bytes Received By Job
	Partitionable Resources :    Usage  Request Allocated
	   Cpus                 :                 1         1
	   Disk (KB)            :    45000    45000   4348990
	   Memory (MB)          :      123      123      1004
...
001 (64449.000.000) 07/01 06:04:21 Job executing on host: <139.153.253.1:9618?addrs=139.153.253.1-9618&noUDP&sock=1440_250a_3>
...
004 (64449.001.000) 07/01 06:43:35 Job was evicted.
	(0) Job was not checkpointed.
		Usr 0 00:00:01, Sys 0 00:00:00  -  Run Remote Usage
		Usr 0 00:00:00, Sys 0 00:00:00  -  Run Local Usage
	92406  -  Run Bytes Sent By Job
	45497132  -  Run Bytes Received By Job
	Partitionable Resources :    Usage  Request Allocated
	   Cpus                 :                 1         1
	   Disk (KB)            :    45000    45000   4617362
	   Memory (MB)          :      123      123      1004
...
004 (64449.002.000) 07/01 06:43:37 Job was evicted.
	(0) Job was not checkpointed.
		Usr 0 00:00:01, Sys 0 00:00:00  -  Run Remote Usage
		Usr 0 00:00:00, Sys 0 00:00:00  -  Run Local Usage
	92423  -  Run Bytes Sent By Job
	45497132  -  Run Bytes Received By Job
	Partitionable Resources :    Usage  Request Allocated
	   Cpus                 :                 1         1
	   Disk (KB)            :    45000    45000   4394283
	   Memory (MB)          :      123      123      1004
...
004 (64449.004.000) 07/01 06:45:37 Job was evicted.
	(0) Job was not checkpointed.
		Usr 0 00:00:01, Sys 0 00:00:00  -  Run Remote Usage
		Usr 0 00:00:00, Sys 0 00:00:00  -  Run Local Usage
	92344  -  Run Bytes Sent By Job
	45497132  -  Run Bytes Received By Job
	Partitionable Resources :    Usage  Request Allocated
	   Cpus                 :                 1         1
	   Disk (KB)            :    45000    45000   4684464
	   Memory (MB)          :      123      123      1004
...
004 (64449.000.000) 07/01 06:45:58 Job was evicted.
	(0) Job was not checkpointed.
		Usr 0 00:00:01, Sys 0 00:00:00  -  Run Remote Usage
		Usr 0 00:00:00, Sys 0 00:00:00  -  Run Local Usage
	92414  -  Run Bytes Sent By Job
	45497132  -  Run Bytes Received By Job
	Partitionable Resources :    Usage  Request Allocated
	   Cpus                 :                 1         1
	   Disk (KB)            :    45000    45000   4348990
	   Memory (MB)          :      123      123      1004
...
004 (64449.003.000) 07/01 06:46:06 Job was evicted.
	(0) Job was not checkpointed.
		Usr 0 00:00:01, Sys 0 00:00:00  -  Run Remote Usage
		Usr 0 00:00:00, Sys 0 00:00:00  -  Run Local Usage
	92344  -  Run Bytes Sent By Job
	45497132  -  Run Bytes Received By Job
	Partitionable Resources :    Usage  Request Allocated
	   Cpus                 :                 1         1
	   Disk (KB)            :    45000    45000   4420415
	   Memory (MB)          :      123      123      1004
...
001 (64449.002.000) 07/01 06:46:24 Job executing on host: <139.153.254.119:9618?addrs=139.153.254.119-9618+[--1]-9618&noUDP&sock=1744_d142_3>
...
001 (64449.003.000) 07/01 06:46:25 Job executing on host: <139.153.254.119:9618?addrs=139.153.254.119-9618+[--1]-9618&noUDP&sock=1744_d142_3>
...
001 (64449.000.000) 07/01 06:46:25 Job executing on host: <139.153.254.119:9618?addrs=139.153.254.119-9618+[--1]-9618&noUDP&sock=1744_d142_3>
...
001 (64449.001.000) 07/01 06:46:25 Job executing on host: <139.153.254.119:9618?addrs=139.153.254.119-9618+[--1]-9618&noUDP&sock=1744_d142_3>
...
001 (64449.004.000) 07/01 06:46:25 Job executing on host: <139.153.254.119:9618?addrs=139.153.254.119-9618+[--1]-9618&noUDP&sock=1744_d142_3>
...
006 (64449.003.000) 07/01 06:46:33 Image size of job updated: 149172
	146  -  MemoryUsage of job (MB)
	149172  -  ResidentSetSize of job (KB)
...
006 (64449.000.000) 07/01 06:46:33 Image size of job updated: 144184
	141  -  MemoryUsage of job (MB)
	144184  -  ResidentSetSize of job (KB)
...
006 (64449.001.000) 07/01 06:46:33 Image size of job updated: 148700
	146  -  MemoryUsage of job (MB)
	148700  -  ResidentSetSize of job (KB)
...
006 (64449.004.000) 07/01 06:46:33 Image size of job updated: 152392
	149  -  MemoryUsage of job (MB)
	152392  -  ResidentSetSize of job (KB)
...
006 (64449.002.000) 07/01 06:46:33 Image size of job updated: 173108
	170  -  MemoryUsage of job (MB)
	173108  -  ResidentSetSize of job (KB)
...
006 (64449.003.000) 07/01 06:51:33 Image size of job updated: 352832
	345  -  MemoryUsage of job (MB)
	352832  -  ResidentSetSize of job (KB)
...
006 (64449.000.000) 07/01 06:51:33 Image size of job updated: 392080
	383  -  MemoryUsage of job (MB)
	392080  -  ResidentSetSize of job (KB)
...
006 (64449.001.000) 07/01 06:51:33 Image size of job updated: 345448
	338  -  MemoryUsage of job (MB)
	345448  -  ResidentSetSize of job (KB)
...
006 (64449.004.000) 07/01 06:51:33 Image size of job updated: 366992
	359  -  MemoryUsage of job (MB)
	366992  -  ResidentSetSize of job (KB)
...
006 (64449.002.000) 07/01 06:51:34 Image size of job updated: 360032
	352  -  MemoryUsage of job (MB)
	360032  -  ResidentSetSize of job (KB)
...
006 (64449.002.000) 07/01 06:56:34 Image size of job updated: 361408
	353  -  MemoryUsage of job (MB)
	361408  -  ResidentSetSize of job (KB)
...
006 (64449.003.000) 07/01 06:56:34 Image size of job updated: 353096
	345  -  MemoryUsage of job (MB)
	353096  -  ResidentSetSize of job (KB)
...
006 (64449.000.000) 07/01 06:56:34 Image size of job updated: 392212
	384  -  MemoryUsage of job (MB)
	392212  -  ResidentSetSize of job (KB)
...
006 (64449.001.000) 07/01 06:56:34 Image size of job updated: 345580
	338  -  MemoryUsage of job (MB)
	345580  -  ResidentSetSize of job (KB)
...
006 (64449.004.000) 07/01 06:56:34 Image size of job updated: 367256
	359  -  MemoryUsage of job (MB)
	367256  -  ResidentSetSize of job (KB)
...
006 (64449.003.000) 07/01 07:01:35 Image size of job updated: 358040
	350  -  MemoryUsage of job (MB)
	358040  -  ResidentSetSize of job (KB)
...
006 (64449.000.000) 07/01 07:01:35 Image size of job updated: 404096
	395  -  MemoryUsage of job (MB)
	404096  -  ResidentSetSize of job (KB)
...
006 (64449.001.000) 07/01 07:01:35 Image size of job updated: 353124
	345  -  MemoryUsage of job (MB)
	353124  -  ResidentSetSize of job (KB)
...
006 (64449.004.000) 07/01 07:01:35 Image size of job updated: 371208
	363  -  MemoryUsage of job (MB)
	371208  -  ResidentSetSize of job (KB)
...
006 (64449.002.000) 07/01 07:01:35 Image size of job updated: 373196
	365  -  MemoryUsage of job (MB)
	373196  -  ResidentSetSize of job (KB)
...
006 (64449.003.000) 07/01 07:06:35 Image size of job updated: 372484
	364  -  MemoryUsage of job (MB)
	372484  -  ResidentSetSize of job (KB)
...
006 (64449.000.000) 07/01 07:06:35 Image size of job updated: 411200
	402  -  MemoryUsage of job (MB)
	411200  -  ResidentSetSize of job (KB)
...
006 (64449.004.000) 07/01 07:06:35 Image size of job updated: 386892
	378  -  MemoryUsage of job (MB)
	386892  -  ResidentSetSize of job (KB)
...
006 (64449.001.000) 07/01 07:06:35 Image size of job updated: 367016
	359  -  MemoryUsage of job (MB)
	367016  -  ResidentSetSize of job (KB)
...
006 (64449.002.000) 07/01 07:06:36 Image size of job updated: 382144
	374  -  MemoryUsage of job (MB)
	382144  -  ResidentSetSize of job (KB)
...
006 (64449.000.000) 07/01 07:11:35 Image size of job updated: 414668
	405  -  MemoryUsage of job (MB)
	414668  -  ResidentSetSize of job (KB)
...
006 (64449.001.000) 07/01 07:11:35 Image size of job updated: 369056
	361  -  MemoryUsage of job (MB)
	369056  -  ResidentSetSize of job (KB)
...
006 (64449.004.000) 07/01 07:16:36 Image size of job updated: 389292
	381  -  MemoryUsage of job (MB)
	389292  -  ResidentSetSize of job (KB)
...
006 (64449.001.000) 07/01 07:16:36 Image size of job updated: 371052
	363  -  MemoryUsage of job (MB)
	371052  -  ResidentSetSize of job (KB)
...
006 (64449.003.000) 07/01 07:21:37 Image size of job updated: 372640
	364  -  MemoryUsage of job (MB)
	372640  -  ResidentSetSize of job (KB)
...
006 (64449.002.000) 07/01 07:21:38 Image size of job updated: 382188
	374  -  MemoryUsage of job (MB)
	382188  -  ResidentSetSize of job (KB)
...
006 (64449.004.000) 07/01 07:26:36 Image size of job updated: 389424
	381  -  MemoryUsage of job (MB)
	389424  -  ResidentSetSize of job (KB)
...
006 (64449.001.000) 07/01 07:26:36 Image size of job updated: 371224
	363  -  MemoryUsage of job (MB)
	371224  -  ResidentSetSize of job (KB)
...
006 (64449.001.000) 07/01 07:31:37 Image size of job updated: 376872
	369  -  MemoryUsage of job (MB)
	376872  -  ResidentSetSize of job (KB)
...
006 (64449.004.000) 07/01 07:31:37 Image size of job updated: 391600
	383  -  MemoryUsage of job (MB)
	391600  -  ResidentSetSize of job (KB)
...
006 (64449.002.000) 07/01 07:31:38 Image size of job updated: 383536
	375  -  MemoryUsage of job (MB)
	383536  -  ResidentSetSize of job (KB)
...
006 (64449.000.000) 07/01 07:31:38 Image size of job updated: 416648
	407  -  MemoryUsage of job (MB)
	416648  -  ResidentSetSize of job (KB)
...
006 (64449.003.000) 07/01 07:36:39 Image size of job updated: 378060
	370  -  MemoryUsage of job (MB)
	378060  -  ResidentSetSize of job (KB)
...
006 (64449.000.000) 07/01 07:36:39 Image size of job updated: 416780
	408  -  MemoryUsage of job (MB)
	416780  -  ResidentSetSize of job (KB)
...
006 (64449.000.000) 07/01 07:46:39 Image size of job updated: 417428
	408  -  MemoryUsage of job (MB)
	417428  -  ResidentSetSize of job (KB)
...
006 (64449.002.000) 07/01 07:51:40 Image size of job updated: 384008
	376  -  MemoryUsage of job (MB)
	384008  -  ResidentSetSize of job (KB)
...
006 (64449.004.000) 07/01 08:06:41 Image size of job updated: 391732
	383  -  MemoryUsage of job (MB)
	391732  -  ResidentSetSize of job (KB)
...
006 (64449.002.000) 07/01 08:16:43 Image size of job updated: 384088
	376  -  MemoryUsage of job (MB)
	384088  -  ResidentSetSize of job (KB)
...
006 (64449.004.000) 07/01 08:21:43 Image size of job updated: 391796
	383  -  MemoryUsage of job (MB)
	391796  -  ResidentSetSize of job (KB)
...
006 (64449.000.000) 07/01 08:31:44 Image size of job updated: 417496
	408  -  MemoryUsage of job (MB)
	417496  -  ResidentSetSize of job (KB)
...
006 (64449.002.000) 07/01 08:36:45 Image size of job updated: 384092
	376  -  MemoryUsage of job (MB)
	384092  -  ResidentSetSize of job (KB)
...
006 (64449.004.000) 07/01 08:56:47 Image size of job updated: 391928
	383  -  MemoryUsage of job (MB)
	391928  -  ResidentSetSize of job (KB)
...
006 (64449.000.000) 07/01 09:01:48 Image size of job updated: 417580
	408  -  MemoryUsage of job (MB)
	417580  -  ResidentSetSize of job (KB)
...
006 (64449.002.000) 07/01 09:01:48 Image size of job updated: 384104
	376  -  MemoryUsage of job (MB)
	384104  -  ResidentSetSize of job (KB)
...
006 (64449.002.000) 07/01 09:11:49 Image size of job updated: 384168
	376  -  MemoryUsage of job (MB)
	384168  -  ResidentSetSize of job (KB)
...
006 (64449.004.000) 07/01 09:16:49 Image size of job updated: 392060
	383  -  MemoryUsage of job (MB)
	392060  -  ResidentSetSize of job (KB)
...
006 (64449.002.000) 07/01 09:26:51 Image size of job updated: 384256
	376  -  MemoryUsage of job (MB)
	384256  -  ResidentSetSize of job (KB)
...
006 (64449.001.000) 07/01 10:01:52 Image size of job updated: 376976
	369  -  MemoryUsage of job (MB)
	376976  -  ResidentSetSize of job (KB)
...
006 (64449.004.000) 07/01 10:06:54 Image size of job updated: 392104
	383  -  MemoryUsage of job (MB)
	392104  -  ResidentSetSize of job (KB)
...
006 (64449.000.000) 07/01 10:16:56 Image size of job updated: 417676
	408  -  MemoryUsage of job (MB)
	417676  -  ResidentSetSize of job (KB)
...
006 (64449.002.000) 07/01 10:21:56 Image size of job updated: 384412
	376  -  MemoryUsage of job (MB)
	384412  -  ResidentSetSize of job (KB)
...
006 (64449.004.000) 07/01 10:26:57 Image size of job updated: 392152
	383  -  MemoryUsage of job (MB)
	392152  -  ResidentSetSize of job (KB)
...
006 (64449.000.000) 07/01 10:31:58 Image size of job updated: 417808
	409  -  MemoryUsage of job (MB)
	417808  -  ResidentSetSize of job (KB)
...
005 (64449.001.000) 07/01 10:46:35 Job terminated.
	(1) Normal termination (return value 0)
		Usr 0 04:00:00, Sys 0 00:00:07  -  Run Remote Usage
		Usr 0 00:00:00, Sys 0 00:00:00  -  Run Local Usage
		Usr 0 04:00:00, Sys 0 00:00:07  -  Total Remote Usage
		Usr 0 00:00:00, Sys 0 00:00:00  -  Total Local Usage
	1724475  -  Run Bytes Sent By Job
	45497132  -  Run Bytes Received By Job
	3387571  -  Total Bytes Sent By Job
	864445568  -  Total Bytes Received By Job
	Partitionable Resources :    Usage  Request Allocated
	   Cpus                 :                 1         1
	   Disk (KB)            :    45000    45000  10634657
	   Memory (MB)          :      369      123       978
...
005 (64449.002.000) 07/01 10:47:20 Job terminated.
	(1) Normal termination (return value 0)
		Usr 0 04:00:45, Sys 0 00:00:07  -  Run Remote Usage
		Usr 0 00:00:00, Sys 0 00:00:00  -  Run Local Usage
		Usr 0 04:00:45, Sys 0 00:00:07  -  Total Remote Usage
		Usr 0 00:00:00, Sys 0 00:00:00  -  Total Local Usage
	1725446  -  Run Bytes Sent By Job
	45497132  -  Run Bytes Received By Job
	3388721  -  Total Bytes Sent By Job
	864445568  -  Total Bytes Received By Job
	Partitionable Resources :    Usage  Request Allocated
	   Cpus                 :                 1         1
	   Disk (KB)            :    45000    45000  10634657
	   Memory (MB)          :      376      123       978
...
006 (64449.000.000) 07/01 10:52:00 Image size of job updated: 417860
	409  -  MemoryUsage of job (MB)
	417860  -  ResidentSetSize of job (KB)
...
005 (64449.003.000) 07/01 10:53:08 Job terminated.
	(1) Normal termination (return value 0)
		Usr 0 04:06:33, Sys 0 00:00:07  -  Run Remote Usage
		Usr 0 00:00:00, Sys 0 00:00:00  -  Run Local Usage
		Usr 0 04:06:33, Sys 0 00:00:07  -  Total Remote Usage
		Usr 0 00:00:00, Sys 0 00:00:00  -  Total Local Usage
	1720845  -  Run Bytes Sent By Job
	45497132  -  Run Bytes Received By Job
	3384073  -  Total Bytes Sent By Job
	864445568  -  Total Bytes Received By Job
	Partitionable Resources :    Usage  Request Allocated
	   Cpus                 :                 1         1
	   Disk (KB)            :    45000    45000  10634657
	   Memory (MB)          :      370      123       978
...
005 (64449.004.000) 07/01 10:55:54 Job terminated.
	(1) Normal termination (return value 0)
		Usr 0 04:09:18, Sys 0 00:00:08  -  Run Remote Usage
		Usr 0 00:00:00, Sys 0 00:00:00  -  Run Local Usage
		Usr 0 04:09:18, Sys 0 00:00:08  -  Total Remote Usage
		Usr 0 00:00:00, Sys 0 00:00:00  -  Total Local Usage
	1716483  -  Run Bytes Sent By Job
	45497132  -  Run Bytes Received By Job
	3379408  -  Total Bytes Sent By Job
	864445568  -  Total Bytes Received By Job
	Partitionable Resources :    Usage  Request Allocated
	   Cpus                 :                 1         1
	   Disk (KB)            :    45000    45000  10634657
	   Memory (MB)          :      383      123       978
...
006 (64449.000.000) 07/01 10:59:16 Image size of job updated: 3537216
	409  -  MemoryUsage of job (MB)
	417860  -  ResidentSetSize of job (KB)
...
005 (64449.000.000) 07/01 10:59:17 Job terminated.
	(1) Normal termination (return value 0)
		Usr 0 04:12:43, Sys 0 00:00:07  -  Run Remote Usage
		Usr 0 00:00:00, Sys 0 00:00:00  -  Run Local Usage
		Usr 0 04:12:43, Sys 0 00:00:07  -  Total Remote Usage
		Usr 0 00:00:00, Sys 0 00:00:00  -  Total Local Usage
	1715924  -  Run Bytes Sent By Job
	45497132  -  Run Bytes Received By Job
	3379182  -  Total Bytes Sent By Job
	864445568  -  Total Bytes Received By Job
	Partitionable Resources :    Usage  Request Allocated
	   Cpus                 :                 1         1
	   Disk (KB)            :    45000    45000  10634657
	   Memory (MB)          :      409      123       978
...
