000 (64530.000.000) 07/21 12:03:49 Job submitted from host: <139.153.252.230:9618?addrs=139.153.252.230-9618+[--1]-9618&noUDP&sock=729_9ca1_4>
...
000 (64530.001.000) 07/21 12:03:49 Job submitted from host: <139.153.252.230:9618?addrs=139.153.252.230-9618+[--1]-9618&noUDP&sock=729_9ca1_4>
...
000 (64530.002.000) 07/21 12:03:49 Job submitted from host: <139.153.252.230:9618?addrs=139.153.252.230-9618+[--1]-9618&noUDP&sock=729_9ca1_4>
...
000 (64530.003.000) 07/21 12:03:49 Job submitted from host: <139.153.252.230:9618?addrs=139.153.252.230-9618+[--1]-9618&noUDP&sock=729_9ca1_4>
...
000 (64530.004.000) 07/21 12:03:49 Job submitted from host: <139.153.252.230:9618?addrs=139.153.252.230-9618+[--1]-9618&noUDP&sock=729_9ca1_4>
...
000 (64530.005.000) 07/21 12:03:49 Job submitted from host: <139.153.252.230:9618?addrs=139.153.252.230-9618+[--1]-9618&noUDP&sock=729_9ca1_4>
...
000 (64530.006.000) 07/21 12:03:49 Job submitted from host: <139.153.252.230:9618?addrs=139.153.252.230-9618+[--1]-9618&noUDP&sock=729_9ca1_4>
...
000 (64530.007.000) 07/21 12:03:49 Job submitted from host: <139.153.252.230:9618?addrs=139.153.252.230-9618+[--1]-9618&noUDP&sock=729_9ca1_4>
...
000 (64530.008.000) 07/21 12:03:49 Job submitted from host: <139.153.252.230:9618?addrs=139.153.252.230-9618+[--1]-9618&noUDP&sock=729_9ca1_4>
...
000 (64530.009.000) 07/21 12:03:49 Job submitted from host: <139.153.252.230:9618?addrs=139.153.252.230-9618+[--1]-9618&noUDP&sock=729_9ca1_4>
...
001 (64530.001.000) 07/21 12:04:07 Job executing on host: <139.153.252.238:9618?addrs=139.153.252.238-9618+[--1]-9618&noUDP&sock=1065_1473_3>
...
001 (64530.004.000) 07/21 12:04:07 Job executing on host: <139.153.252.241:9618?addrs=139.153.252.241-9618+[--1]-9618&noUDP&sock=1072_e19d_3>
...
001 (64530.000.000) 07/21 12:04:08 Job executing on host: <139.153.252.237:9618?addrs=139.153.252.237-9618+[--1]-9618&noUDP&sock=2101_b091_3>
...
001 (64530.002.000) 07/21 12:04:08 Job executing on host: <139.153.252.239:9618?addrs=139.153.252.239-9618+[--1]-9618&noUDP&sock=1028_b372_3>
...
001 (64530.005.000) 07/21 12:04:08 Job executing on host: <139.153.252.242:9618?addrs=139.153.252.242-9618+[--1]-9618&noUDP&sock=1011_0a56_3>
...
001 (64530.007.000) 07/21 12:04:08 Job executing on host: <139.153.252.231:9618?addrs=139.153.252.231-9618+[--1]-9618&noUDP&sock=995_10d2_3>
...
001 (64530.008.000) 07/21 12:04:09 Job executing on host: <139.153.252.232:9618?addrs=139.153.252.232-9618+[--1]-9618&noUDP&sock=2167_f5d1_3>
...
001 (64530.006.000) 07/21 12:04:09 Job executing on host: <139.153.252.243:9618?addrs=139.153.252.243-9618+[--1]-9618&noUDP&sock=1374_0737_3>
...
001 (64530.003.000) 07/21 12:04:09 Job executing on host: <139.153.252.240:9618?addrs=139.153.252.240-9618+[--1]-9618&noUDP&sock=1047_bbbf_3>
...
001 (64530.009.000) 07/21 12:04:09 Job executing on host: <139.153.252.233:9618?addrs=139.153.252.233-9618+[--1]-9618&noUDP&sock=1045_5c8e_3>
...
006 (64530.001.000) 07/21 12:04:16 Image size of job updated: 220144
	215  -  MemoryUsage of job (MB)
	220144  -  ResidentSetSize of job (KB)
...
006 (64530.004.000) 07/21 12:04:16 Image size of job updated: 145052
	142  -  MemoryUsage of job (MB)
	145052  -  ResidentSetSize of job (KB)
...
006 (64530.005.000) 07/21 12:04:17 Image size of job updated: 213964
	209  -  MemoryUsage of job (MB)
	213964  -  ResidentSetSize of job (KB)
...
006 (64530.007.000) 07/21 12:04:17 Image size of job updated: 215060
	211  -  MemoryUsage of job (MB)
	215060  -  ResidentSetSize of job (KB)
...
006 (64530.008.000) 07/21 12:04:17 Image size of job updated: 218944
	214  -  MemoryUsage of job (MB)
	218944  -  ResidentSetSize of job (KB)
...
006 (64530.006.000) 07/21 12:04:17 Image size of job updated: 206896
	203  -  MemoryUsage of job (MB)
	206896  -  ResidentSetSize of job (KB)
...
006 (64530.003.000) 07/21 12:04:17 Image size of job updated: 207076
	203  -  MemoryUsage of job (MB)
	207076  -  ResidentSetSize of job (KB)
...
006 (64530.009.000) 07/21 12:04:17 Image size of job updated: 108832
	107  -  MemoryUsage of job (MB)
	108832  -  ResidentSetSize of job (KB)
...
006 (64530.000.000) 07/21 12:04:17 Image size of job updated: 213972
	209  -  MemoryUsage of job (MB)
	213972  -  ResidentSetSize of job (KB)
...
006 (64530.002.000) 07/21 12:04:17 Image size of job updated: 225340
	221  -  MemoryUsage of job (MB)
	225340  -  ResidentSetSize of job (KB)
...
006 (64530.004.000) 07/21 12:09:17 Image size of job updated: 313620
	307  -  MemoryUsage of job (MB)
	313620  -  ResidentSetSize of job (KB)
...
006 (64530.007.000) 07/21 12:09:17 Image size of job updated: 316156
	309  -  MemoryUsage of job (MB)
	316156  -  ResidentSetSize of job (KB)
...
006 (64530.005.000) 07/21 12:09:17 Image size of job updated: 325320
	318  -  MemoryUsage of job (MB)
	325320  -  ResidentSetSize of job (KB)
...
006 (64530.003.000) 07/21 12:09:17 Image size of job updated: 310844
	304  -  MemoryUsage of job (MB)
	310844  -  ResidentSetSize of job (KB)
...
006 (64530.008.000) 07/21 12:09:17 Image size of job updated: 321372
	314  -  MemoryUsage of job (MB)
	321372  -  ResidentSetSize of job (KB)
...
006 (64530.006.000) 07/21 12:09:17 Image size of job updated: 318372
	311  -  MemoryUsage of job (MB)
	318372  -  ResidentSetSize of job (KB)
...
006 (64530.009.000) 07/21 12:09:17 Image size of job updated: 302744
	296  -  MemoryUsage of job (MB)
	302744  -  ResidentSetSize of job (KB)
...
006 (64530.001.000) 07/21 12:09:17 Image size of job updated: 320000
	313  -  MemoryUsage of job (MB)
	320000  -  ResidentSetSize of job (KB)
...
006 (64530.002.000) 07/21 12:09:18 Image size of job updated: 325316
	318  -  MemoryUsage of job (MB)
	325316  -  ResidentSetSize of job (KB)
...
006 (64530.000.000) 07/21 12:09:18 Image size of job updated: 313012
	306  -  MemoryUsage of job (MB)
	313012  -  ResidentSetSize of job (KB)
...
006 (64530.007.000) 07/21 12:14:17 Image size of job updated: 343220
	336  -  MemoryUsage of job (MB)
	343220  -  ResidentSetSize of job (KB)
...
006 (64530.005.000) 07/21 12:14:17 Image size of job updated: 358560
	351  -  MemoryUsage of job (MB)
	358560  -  ResidentSetSize of job (KB)
...
006 (64530.004.000) 07/21 12:14:17 Image size of job updated: 317208
	310  -  MemoryUsage of job (MB)
	317208  -  ResidentSetSize of job (KB)
...
006 (64530.003.000) 07/21 12:14:17 Image size of job updated: 341220
	334  -  MemoryUsage of job (MB)
	341220  -  ResidentSetSize of job (KB)
...
006 (64530.008.000) 07/21 12:14:17 Image size of job updated: 348772
	341  -  MemoryUsage of job (MB)
	348772  -  ResidentSetSize of job (KB)
...
006 (64530.006.000) 07/21 12:14:17 Image size of job updated: 348184
	341  -  MemoryUsage of job (MB)
	348184  -  ResidentSetSize of job (KB)
...
006 (64530.001.000) 07/21 12:14:18 Image size of job updated: 351024
	343  -  MemoryUsage of job (MB)
	351024  -  ResidentSetSize of job (KB)
...
006 (64530.002.000) 07/21 12:14:18 Image size of job updated: 356168
	348  -  MemoryUsage of job (MB)
	356168  -  ResidentSetSize of job (KB)
...
006 (64530.009.000) 07/21 12:14:18 Image size of job updated: 304356
	298  -  MemoryUsage of job (MB)
	304356  -  ResidentSetSize of job (KB)
...
006 (64530.000.000) 07/21 12:14:19 Image size of job updated: 346524
	339  -  MemoryUsage of job (MB)
	346524  -  ResidentSetSize of job (KB)
...
006 (64530.001.000) 07/21 12:19:18 Image size of job updated: 361296
	353  -  MemoryUsage of job (MB)
	361296  -  ResidentSetSize of job (KB)
...
006 (64530.002.000) 07/21 12:19:18 Image size of job updated: 368536
	360  -  MemoryUsage of job (MB)
	368536  -  ResidentSetSize of job (KB)
...
006 (64530.007.000) 07/21 12:19:18 Image size of job updated: 355420
	348  -  MemoryUsage of job (MB)
	355420  -  ResidentSetSize of job (KB)
...
006 (64530.005.000) 07/21 12:19:18 Image size of job updated: 368832
	361  -  MemoryUsage of job (MB)
	368832  -  ResidentSetSize of job (KB)
...
006 (64530.003.000) 07/21 12:19:18 Image size of job updated: 353620
	346  -  MemoryUsage of job (MB)
	353620  -  ResidentSetSize of job (KB)
...
006 (64530.008.000) 07/21 12:19:18 Image size of job updated: 363360
	355  -  MemoryUsage of job (MB)
	363360  -  ResidentSetSize of job (KB)
...
006 (64530.006.000) 07/21 12:19:18 Image size of job updated: 362428
	354  -  MemoryUsage of job (MB)
	362428  -  ResidentSetSize of job (KB)
...
006 (64530.009.000) 07/21 12:19:19 Image size of job updated: 304892
	298  -  MemoryUsage of job (MB)
	304892  -  ResidentSetSize of job (KB)
...
006 (64530.000.000) 07/21 12:19:19 Image size of job updated: 358904
	351  -  MemoryUsage of job (MB)
	358904  -  ResidentSetSize of job (KB)
...
006 (64530.007.000) 07/21 12:24:19 Image size of job updated: 357004
	349  -  MemoryUsage of job (MB)
	357004  -  ResidentSetSize of job (KB)
...
006 (64530.005.000) 07/21 12:24:19 Image size of job updated: 368964
	361  -  MemoryUsage of job (MB)
	368964  -  ResidentSetSize of job (KB)
...
006 (64530.008.000) 07/21 12:24:19 Image size of job updated: 365164
	357  -  MemoryUsage of job (MB)
	365164  -  ResidentSetSize of job (KB)
...
006 (64530.004.000) 07/21 12:24:19 Image size of job updated: 317340
	310  -  MemoryUsage of job (MB)
	317340  -  ResidentSetSize of job (KB)
...
006 (64530.002.000) 07/21 12:29:19 Image size of job updated: 368668
	361  -  MemoryUsage of job (MB)
	368668  -  ResidentSetSize of job (KB)
...
006 (64530.005.000) 07/21 12:29:19 Image size of job updated: 369096
	361  -  MemoryUsage of job (MB)
	369096  -  ResidentSetSize of job (KB)
...
006 (64530.004.000) 07/21 12:29:19 Image size of job updated: 319560
	313  -  MemoryUsage of job (MB)
	319560  -  ResidentSetSize of job (KB)
...
006 (64530.009.000) 07/21 12:29:20 Image size of job updated: 305024
	298  -  MemoryUsage of job (MB)
	305024  -  ResidentSetSize of job (KB)
...
006 (64530.001.000) 07/21 12:34:19 Image size of job updated: 395416
	387  -  MemoryUsage of job (MB)
	395416  -  ResidentSetSize of job (KB)
...
006 (64530.002.000) 07/21 12:34:19 Image size of job updated: 402744
	394  -  MemoryUsage of job (MB)
	402744  -  ResidentSetSize of job (KB)
...
006 (64530.005.000) 07/21 12:34:19 Image size of job updated: 409092
	400  -  MemoryUsage of job (MB)
	409092  -  ResidentSetSize of job (KB)
...
006 (64530.007.000) 07/21 12:34:19 Image size of job updated: 391436
	383  -  MemoryUsage of job (MB)
	391436  -  ResidentSetSize of job (KB)
...
006 (64530.008.000) 07/21 12:34:19 Image size of job updated: 399780
	391  -  MemoryUsage of job (MB)
	399780  -  ResidentSetSize of job (KB)
...
006 (64530.003.000) 07/21 12:34:19 Image size of job updated: 388292
	380  -  MemoryUsage of job (MB)
	388292  -  ResidentSetSize of job (KB)
...
006 (64530.006.000) 07/21 12:34:20 Image size of job updated: 402388
	393  -  MemoryUsage of job (MB)
	402388  -  ResidentSetSize of job (KB)
...
006 (64530.009.000) 07/21 12:34:21 Image size of job updated: 307144
	300  -  MemoryUsage of job (MB)
	307144  -  ResidentSetSize of job (KB)
...
006 (64530.000.000) 07/21 12:34:21 Image size of job updated: 393088
	384  -  MemoryUsage of job (MB)
	393088  -  ResidentSetSize of job (KB)
...
006 (64530.004.000) 07/21 12:39:21 Image size of job updated: 321664
	315  -  MemoryUsage of job (MB)
	321664  -  ResidentSetSize of job (KB)
...
006 (64530.009.000) 07/21 12:39:21 Image size of job updated: 309208
	302  -  MemoryUsage of job (MB)
	309208  -  ResidentSetSize of job (KB)
...
006 (64530.001.000) 07/21 12:44:20 Image size of job updated: 395724
	387  -  MemoryUsage of job (MB)
	395724  -  ResidentSetSize of job (KB)
...
006 (64530.004.000) 07/21 12:44:21 Image size of job updated: 323732
	317  -  MemoryUsage of job (MB)
	323732  -  ResidentSetSize of job (KB)
...
006 (64530.009.000) 07/21 12:44:22 Image size of job updated: 311368
	305  -  MemoryUsage of job (MB)
	311368  -  ResidentSetSize of job (KB)
...
006 (64530.005.000) 07/21 12:49:20 Image size of job updated: 409104
	400  -  MemoryUsage of job (MB)
	409104  -  ResidentSetSize of job (KB)
...
006 (64530.006.000) 07/21 12:49:21 Image size of job updated: 402424
	393  -  MemoryUsage of job (MB)
	402424  -  ResidentSetSize of job (KB)
...
006 (64530.004.000) 07/21 12:49:22 Image size of job updated: 325936
	319  -  MemoryUsage of job (MB)
	325936  -  ResidentSetSize of job (KB)
...
006 (64530.009.000) 07/21 12:49:23 Image size of job updated: 313468
	307  -  MemoryUsage of job (MB)
	313468  -  ResidentSetSize of job (KB)
...
006 (64530.004.000) 07/21 12:54:23 Image size of job updated: 327996
	321  -  MemoryUsage of job (MB)
	327996  -  ResidentSetSize of job (KB)
...
006 (64530.009.000) 07/21 12:54:23 Image size of job updated: 315656
	309  -  MemoryUsage of job (MB)
	315656  -  ResidentSetSize of job (KB)
...
006 (64530.007.000) 07/21 12:59:22 Image size of job updated: 391596
	383  -  MemoryUsage of job (MB)
	391596  -  ResidentSetSize of job (KB)
...
006 (64530.004.000) 07/21 12:59:23 Image size of job updated: 330096
	323  -  MemoryUsage of job (MB)
	330096  -  ResidentSetSize of job (KB)
...
006 (64530.009.000) 07/21 12:59:24 Image size of job updated: 317864
	311  -  MemoryUsage of job (MB)
	317864  -  ResidentSetSize of job (KB)
...
006 (64530.005.000) 07/21 13:04:22 Image size of job updated: 409192
	400  -  MemoryUsage of job (MB)
	409192  -  ResidentSetSize of job (KB)
...
006 (64530.008.000) 07/21 13:04:22 Image size of job updated: 399864
	391  -  MemoryUsage of job (MB)
	399864  -  ResidentSetSize of job (KB)
...
006 (64530.006.000) 07/21 13:04:22 Image size of job updated: 402780
	394  -  MemoryUsage of job (MB)
	402780  -  ResidentSetSize of job (KB)
...
006 (64530.001.000) 07/21 13:04:23 Image size of job updated: 395816
	387  -  MemoryUsage of job (MB)
	395816  -  ResidentSetSize of job (KB)
...
006 (64530.002.000) 07/21 13:04:23 Image size of job updated: 402788
	394  -  MemoryUsage of job (MB)
	402788  -  ResidentSetSize of job (KB)
...
006 (64530.004.000) 07/21 13:04:24 Image size of job updated: 334272
	327  -  MemoryUsage of job (MB)
	334272  -  ResidentSetSize of job (KB)
...
006 (64530.000.000) 07/21 13:04:25 Image size of job updated: 393316
	385  -  MemoryUsage of job (MB)
	393316  -  ResidentSetSize of job (KB)
...
006 (64530.009.000) 07/21 13:04:25 Image size of job updated: 321992
	315  -  MemoryUsage of job (MB)
	321992  -  ResidentSetSize of job (KB)
...
006 (64530.004.000) 07/21 13:09:25 Image size of job updated: 338396
	331  -  MemoryUsage of job (MB)
	338396  -  ResidentSetSize of job (KB)
...
006 (64530.009.000) 07/21 13:09:25 Image size of job updated: 326132
	319  -  MemoryUsage of job (MB)
	326132  -  ResidentSetSize of job (KB)
...
006 (64530.004.000) 07/21 13:14:25 Image size of job updated: 340560
	333  -  MemoryUsage of job (MB)
	340560  -  ResidentSetSize of job (KB)
...
006 (64530.009.000) 07/21 13:14:26 Image size of job updated: 330340
	323  -  MemoryUsage of job (MB)
	330340  -  ResidentSetSize of job (KB)
...
006 (64530.004.000) 07/21 13:19:26 Image size of job updated: 344684
	337  -  MemoryUsage of job (MB)
	344684  -  ResidentSetSize of job (KB)
...
006 (64530.009.000) 07/21 13:19:27 Image size of job updated: 334528
	327  -  MemoryUsage of job (MB)
	334528  -  ResidentSetSize of job (KB)
...
006 (64530.004.000) 07/21 13:24:27 Image size of job updated: 348744
	341  -  MemoryUsage of job (MB)
	348744  -  ResidentSetSize of job (KB)
...
006 (64530.009.000) 07/21 13:24:27 Image size of job updated: 338688
	331  -  MemoryUsage of job (MB)
	338688  -  ResidentSetSize of job (KB)
...
006 (64530.004.000) 07/21 13:29:27 Image size of job updated: 350764
	343  -  MemoryUsage of job (MB)
	350764  -  ResidentSetSize of job (KB)
...
006 (64530.009.000) 07/21 13:29:28 Image size of job updated: 340896
	333  -  MemoryUsage of job (MB)
	340896  -  ResidentSetSize of job (KB)
...
006 (64530.007.000) 07/21 13:34:26 Image size of job updated: 391928
	383  -  MemoryUsage of job (MB)
	391928  -  ResidentSetSize of job (KB)
...
006 (64530.004.000) 07/21 13:34:28 Image size of job updated: 355032
	347  -  MemoryUsage of job (MB)
	355032  -  ResidentSetSize of job (KB)
...
006 (64530.009.000) 07/21 13:34:29 Image size of job updated: 344996
	337  -  MemoryUsage of job (MB)
	344996  -  ResidentSetSize of job (KB)
...
006 (64530.005.000) 07/21 13:39:25 Image size of job updated: 409432
	400  -  MemoryUsage of job (MB)
	409432  -  ResidentSetSize of job (KB)
...
006 (64530.006.000) 07/21 13:39:25 Image size of job updated: 402912
	394  -  MemoryUsage of job (MB)
	402912  -  ResidentSetSize of job (KB)
...
006 (64530.002.000) 07/21 13:39:26 Image size of job updated: 403088
	394  -  MemoryUsage of job (MB)
	403088  -  ResidentSetSize of job (KB)
...
006 (64530.008.000) 07/21 13:39:26 Image size of job updated: 400192
	391  -  MemoryUsage of job (MB)
	400192  -  ResidentSetSize of job (KB)
...
006 (64530.003.000) 07/21 13:39:26 Image size of job updated: 388396
	380  -  MemoryUsage of job (MB)
	388396  -  ResidentSetSize of job (KB)
...
006 (64530.001.000) 07/21 13:39:27 Image size of job updated: 396024
	387  -  MemoryUsage of job (MB)
	396024  -  ResidentSetSize of job (KB)
...
006 (64530.000.000) 07/21 13:39:28 Image size of job updated: 393492
	385  -  MemoryUsage of job (MB)
	393492  -  ResidentSetSize of job (KB)
...
006 (64530.004.000) 07/21 13:39:29 Image size of job updated: 357152
	349  -  MemoryUsage of job (MB)
	357152  -  ResidentSetSize of job (KB)
...
006 (64530.009.000) 07/21 13:39:29 Image size of job updated: 347060
	339  -  MemoryUsage of job (MB)
	347060  -  ResidentSetSize of job (KB)
...
006 (64530.004.000) 07/21 13:44:29 Image size of job updated: 359200
	351  -  MemoryUsage of job (MB)
	359200  -  ResidentSetSize of job (KB)
...
006 (64530.009.000) 07/21 13:44:29 Image size of job updated: 349112
	341  -  MemoryUsage of job (MB)
	349112  -  ResidentSetSize of job (KB)
...
006 (64530.009.000) 07/21 13:49:30 Image size of job updated: 351300
	344  -  MemoryUsage of job (MB)
	351300  -  ResidentSetSize of job (KB)
...
006 (64530.004.000) 07/21 13:49:30 Image size of job updated: 361280
	353  -  MemoryUsage of job (MB)
	361280  -  ResidentSetSize of job (KB)
...
006 (64530.009.000) 07/21 13:59:30 Image size of job updated: 353348
	346  -  MemoryUsage of job (MB)
	353348  -  ResidentSetSize of job (KB)
...
006 (64530.004.000) 07/21 13:59:31 Image size of job updated: 363348
	355  -  MemoryUsage of job (MB)
	363348  -  ResidentSetSize of job (KB)
...
006 (64530.007.000) 07/21 14:04:29 Image size of job updated: 391984
	383  -  MemoryUsage of job (MB)
	391984  -  ResidentSetSize of job (KB)
...
006 (64530.008.000) 07/21 14:09:29 Image size of job updated: 400232
	391  -  MemoryUsage of job (MB)
	400232  -  ResidentSetSize of job (KB)
...
006 (64530.003.000) 07/21 14:09:29 Image size of job updated: 388488
	380  -  MemoryUsage of job (MB)
	388488  -  ResidentSetSize of job (KB)
...
006 (64530.004.000) 07/21 14:09:33 Image size of job updated: 365420
	357  -  MemoryUsage of job (MB)
	365420  -  ResidentSetSize of job (KB)
...
006 (64530.006.000) 07/21 14:14:29 Image size of job updated: 402936
	394  -  MemoryUsage of job (MB)
	402936  -  ResidentSetSize of job (KB)
...
006 (64530.001.000) 07/21 14:14:30 Image size of job updated: 396188
	387  -  MemoryUsage of job (MB)
	396188  -  ResidentSetSize of job (KB)
...
006 (64530.002.000) 07/21 14:14:30 Image size of job updated: 403096
	394  -  MemoryUsage of job (MB)
	403096  -  ResidentSetSize of job (KB)
...
006 (64530.000.000) 07/21 14:14:32 Image size of job updated: 393564
	385  -  MemoryUsage of job (MB)
	393564  -  ResidentSetSize of job (KB)
...
006 (64530.007.000) 07/21 14:23:27 Image size of job updated: 3603912
	383  -  MemoryUsage of job (MB)
	391984  -  ResidentSetSize of job (KB)
...
005 (64530.007.000) 07/21 14:23:28 Job terminated.
	(1) Normal termination (return value 0)
		Usr 0 02:19:12, Sys 0 00:00:14  -  Run Remote Usage
		Usr 0 00:00:00, Sys 0 00:00:00  -  Run Local Usage
		Usr 0 02:19:12, Sys 0 00:00:14  -  Total Remote Usage
		Usr 0 00:00:00, Sys 0 00:00:00  -  Total Local Usage
	585884  -  Run Bytes Sent By Job
	45451000  -  Run Bytes Received By Job
	585884  -  Total Bytes Sent By Job
	45451000  -  Total Bytes Received By Job
	Partitionable Resources :    Usage  Request Allocated
	   Cpus                 :                 1         1
	   Disk (KB)            :    45000    45000  11883160
	   Memory (MB)          :      383        0      2004
...
005 (64530.008.000) 07/21 14:26:34 Job terminated.
	(1) Normal termination (return value 0)
		Usr 0 02:22:23, Sys 0 00:00:14  -  Run Remote Usage
		Usr 0 00:00:00, Sys 0 00:00:00  -  Run Local Usage
		Usr 0 02:22:23, Sys 0 00:00:14  -  Total Remote Usage
		Usr 0 00:00:00, Sys 0 00:00:00  -  Total Local Usage
	586435  -  Run Bytes Sent By Job
	45451000  -  Run Bytes Received By Job
	586435  -  Total Bytes Sent By Job
	45451000  -  Total Bytes Received By Job
	Partitionable Resources :    Usage  Request Allocated
	   Cpus                 :                 1         1
	   Disk (KB)            :    45000    45000  11902753
	   Memory (MB)          :      391        0      2004
...
005 (64530.003.000) 07/21 14:31:01 Job terminated.
	(1) Normal termination (return value 0)
		Usr 0 02:26:51, Sys 0 00:00:14  -  Run Remote Usage
		Usr 0 00:00:00, Sys 0 00:00:00  -  Run Local Usage
		Usr 0 02:26:51, Sys 0 00:00:14  -  Total Remote Usage
		Usr 0 00:00:00, Sys 0 00:00:00  -  Total Local Usage
	586940  -  Run Bytes Sent By Job
	45451000  -  Run Bytes Received By Job
	586940  -  Total Bytes Sent By Job
	45451000  -  Total Bytes Received By Job
	Partitionable Resources :    Usage  Request Allocated
	   Cpus                 :                 1         1
	   Disk (KB)            :    45000    45000  10608286
	   Memory (MB)          :      380        0      2004
...
005 (64530.006.000) 07/21 14:31:10 Job terminated.
	(1) Normal termination (return value 0)
		Usr 0 02:27:02, Sys 0 00:00:15  -  Run Remote Usage
		Usr 0 00:00:00, Sys 0 00:00:00  -  Run Local Usage
		Usr 0 02:27:02, Sys 0 00:00:15  -  Total Remote Usage
		Usr 0 00:00:00, Sys 0 00:00:00  -  Total Local Usage
	586437  -  Run Bytes Sent By Job
	45451000  -  Run Bytes Received By Job
	586437  -  Total Bytes Sent By Job
	45451000  -  Total Bytes Received By Job
	Partitionable Resources :    Usage  Request Allocated
	   Cpus                 :                 1         1
	   Disk (KB)            :    45000    45000  10609299
	   Memory (MB)          :      394        0      2004
...
005 (64530.000.000) 07/21 14:31:36 Job terminated.
	(1) Normal termination (return value 0)
		Usr 0 02:27:25, Sys 0 00:00:15  -  Run Remote Usage
		Usr 0 00:00:00, Sys 0 00:00:00  -  Run Local Usage
		Usr 0 02:27:25, Sys 0 00:00:15  -  Total Remote Usage
		Usr 0 00:00:00, Sys 0 00:00:00  -  Total Local Usage
	585981  -  Run Bytes Sent By Job
	45451000  -  Run Bytes Received By Job
	585981  -  Total Bytes Sent By Job
	45451000  -  Total Bytes Received By Job
	Partitionable Resources :    Usage  Request Allocated
	   Cpus                 :                 1         1
	   Disk (KB)            :    45000    45000  10092038
	   Memory (MB)          :      385        0      2004
...
005 (64530.001.000) 07/21 14:31:54 Job terminated.
	(1) Normal termination (return value 0)
		Usr 0 02:27:46, Sys 0 00:00:15  -  Run Remote Usage
		Usr 0 00:00:00, Sys 0 00:00:00  -  Run Local Usage
		Usr 0 02:27:46, Sys 0 00:00:15  -  Total Remote Usage
		Usr 0 00:00:00, Sys 0 00:00:00  -  Total Local Usage
	586010  -  Run Bytes Sent By Job
	45451000  -  Run Bytes Received By Job
	586010  -  Total Bytes Sent By Job
	45451000  -  Total Bytes Received By Job
	Partitionable Resources :    Usage  Request Allocated
	   Cpus                 :                 1         1
	   Disk (KB)            :    45000    45000  10608570
	   Memory (MB)          :      387        0      2004
...
005 (64530.005.000) 07/21 14:33:06 Job terminated.
	(1) Normal termination (return value 0)
		Usr 0 02:28:56, Sys 0 00:00:16  -  Run Remote Usage
		Usr 0 00:00:00, Sys 0 00:00:00  -  Run Local Usage
		Usr 0 02:28:56, Sys 0 00:00:16  -  Total Remote Usage
		Usr 0 00:00:00, Sys 0 00:00:00  -  Total Local Usage
	586481  -  Run Bytes Sent By Job
	45451000  -  Run Bytes Received By Job
	586481  -  Total Bytes Sent By Job
	45451000  -  Total Bytes Received By Job
	Partitionable Resources :    Usage  Request Allocated
	   Cpus                 :                 1         1
	   Disk (KB)            :    45000    45000  10608117
	   Memory (MB)          :      400        0      2004
...
005 (64530.002.000) 07/21 14:33:45 Job terminated.
	(1) Normal termination (return value 0)
		Usr 0 02:29:38, Sys 0 00:00:15  -  Run Remote Usage
		Usr 0 00:00:00, Sys 0 00:00:00  -  Run Local Usage
		Usr 0 02:29:38, Sys 0 00:00:15  -  Total Remote Usage
		Usr 0 00:00:00, Sys 0 00:00:00  -  Total Local Usage
	586155  -  Run Bytes Sent By Job
	45451000  -  Run Bytes Received By Job
	586155  -  Total Bytes Sent By Job
	45451000  -  Total Bytes Received By Job
	Partitionable Resources :    Usage  Request Allocated
	   Cpus                 :                 1         1
	   Disk (KB)            :    45000    45000  10609806
	   Memory (MB)          :      394        0      2004
...
006 (64530.009.000) 07/21 15:29:37 Image size of job updated: 387756
	379  -  MemoryUsage of job (MB)
	387756  -  ResidentSetSize of job (KB)
...
006 (64530.004.000) 07/21 15:39:45 Image size of job updated: 399664
	391  -  MemoryUsage of job (MB)
	399664  -  ResidentSetSize of job (KB)
...
006 (64530.004.000) 07/21 15:54:47 Image size of job updated: 399796
	391  -  MemoryUsage of job (MB)
	399796  -  ResidentSetSize of job (KB)
...
006 (64530.004.000) 07/21 17:14:57 Image size of job updated: 399928
	391  -  MemoryUsage of job (MB)
	399928  -  ResidentSetSize of job (KB)
...
006 (64530.009.000) 07/21 18:45:03 Image size of job updated: 387872
	379  -  MemoryUsage of job (MB)
	387872  -  ResidentSetSize of job (KB)
...
006 (64530.009.000) 07/21 22:50:30 Image size of job updated: 387908
	379  -  MemoryUsage of job (MB)
	387908  -  ResidentSetSize of job (KB)
...
006 (64530.004.000) 07/21 23:20:39 Image size of job updated: 399948
	391  -  MemoryUsage of job (MB)
	399948  -  ResidentSetSize of job (KB)
...
006 (64530.009.000) 07/21 23:55:38 Image size of job updated: 388040
	379  -  MemoryUsage of job (MB)
	388040  -  ResidentSetSize of job (KB)
...
006 (64530.009.000) 07/22 02:30:59 Image size of job updated: 388052
	379  -  MemoryUsage of job (MB)
	388052  -  ResidentSetSize of job (KB)
...
006 (64530.004.000) 07/22 03:01:09 Image size of job updated: 400040
	391  -  MemoryUsage of job (MB)
	400040  -  ResidentSetSize of job (KB)
...
005 (64530.009.000) 07/22 04:52:36 Job terminated.
	(1) Normal termination (return value 0)
		Usr 0 16:50:15, Sys 0 00:05:11  -  Run Remote Usage
		Usr 0 00:00:00, Sys 0 00:00:00  -  Run Local Usage
		Usr 0 16:50:15, Sys 0 00:05:11  -  Total Remote Usage
		Usr 0 00:00:00, Sys 0 00:00:00  -  Total Local Usage
	586016  -  Run Bytes Sent By Job
	45451000  -  Run Bytes Received By Job
	586016  -  Total Bytes Sent By Job
	45451000  -  Total Bytes Received By Job
	Partitionable Resources :    Usage  Request Allocated
	   Cpus                 :                 1         1
	   Disk (KB)            :    45000    45000  11886501
	   Memory (MB)          :      379        0      2004
...
006 (64530.004.000) 07/22 05:06:19 Image size of job updated: 400172
	391  -  MemoryUsage of job (MB)
	400172  -  ResidentSetSize of job (KB)
...
005 (64530.004.000) 07/22 05:08:16 Job terminated.
	(1) Normal termination (return value 0)
		Usr 0 17:06:54, Sys 0 00:05:15  -  Run Remote Usage
		Usr 0 00:00:00, Sys 0 00:00:00  -  Run Local Usage
		Usr 0 17:06:54, Sys 0 00:05:15  -  Total Remote Usage
		Usr 0 00:00:00, Sys 0 00:00:00  -  Total Local Usage
	586610  -  Run Bytes Sent By Job
	45451000  -  Run Bytes Received By Job
	586610  -  Total Bytes Sent By Job
	45451000  -  Total Bytes Received By Job
	Partitionable Resources :    Usage  Request Allocated
	   Cpus                 :                 1         1
	   Disk (KB)            :    45000    45000  10607864
	   Memory (MB)          :      391        0      2004
...
