000 (64471.000.000) 07/10 14:57:17 Job submitted from host: <139.153.252.230:9618?addrs=139.153.252.230-9618+[--1]-9618&noUDP&sock=729_9ca1_4>
...
000 (64471.001.000) 07/10 14:57:17 Job submitted from host: <139.153.252.230:9618?addrs=139.153.252.230-9618+[--1]-9618&noUDP&sock=729_9ca1_4>
...
000 (64471.002.000) 07/10 14:57:17 Job submitted from host: <139.153.252.230:9618?addrs=139.153.252.230-9618+[--1]-9618&noUDP&sock=729_9ca1_4>
...
000 (64471.003.000) 07/10 14:57:17 Job submitted from host: <139.153.252.230:9618?addrs=139.153.252.230-9618+[--1]-9618&noUDP&sock=729_9ca1_4>
...
000 (64471.004.000) 07/10 14:57:17 Job submitted from host: <139.153.252.230:9618?addrs=139.153.252.230-9618+[--1]-9618&noUDP&sock=729_9ca1_4>
...
000 (64471.005.000) 07/10 14:57:17 Job submitted from host: <139.153.252.230:9618?addrs=139.153.252.230-9618+[--1]-9618&noUDP&sock=729_9ca1_4>
...
000 (64471.006.000) 07/10 14:57:17 Job submitted from host: <139.153.252.230:9618?addrs=139.153.252.230-9618+[--1]-9618&noUDP&sock=729_9ca1_4>
...
000 (64471.007.000) 07/10 14:57:17 Job submitted from host: <139.153.252.230:9618?addrs=139.153.252.230-9618+[--1]-9618&noUDP&sock=729_9ca1_4>
...
000 (64471.008.000) 07/10 14:57:17 Job submitted from host: <139.153.252.230:9618?addrs=139.153.252.230-9618+[--1]-9618&noUDP&sock=729_9ca1_4>
...
000 (64471.009.000) 07/10 14:57:17 Job submitted from host: <139.153.252.230:9618?addrs=139.153.252.230-9618+[--1]-9618&noUDP&sock=729_9ca1_4>
...
000 (64471.010.000) 07/10 14:57:17 Job submitted from host: <139.153.252.230:9618?addrs=139.153.252.230-9618+[--1]-9618&noUDP&sock=729_9ca1_4>
...
000 (64471.011.000) 07/10 14:57:17 Job submitted from host: <139.153.252.230:9618?addrs=139.153.252.230-9618+[--1]-9618&noUDP&sock=729_9ca1_4>
...
000 (64471.012.000) 07/10 14:57:17 Job submitted from host: <139.153.252.230:9618?addrs=139.153.252.230-9618+[--1]-9618&noUDP&sock=729_9ca1_4>
...
000 (64471.013.000) 07/10 14:57:17 Job submitted from host: <139.153.252.230:9618?addrs=139.153.252.230-9618+[--1]-9618&noUDP&sock=729_9ca1_4>
...
000 (64471.014.000) 07/10 14:57:17 Job submitted from host: <139.153.252.230:9618?addrs=139.153.252.230-9618+[--1]-9618&noUDP&sock=729_9ca1_4>
...
000 (64471.015.000) 07/10 14:57:17 Job submitted from host: <139.153.252.230:9618?addrs=139.153.252.230-9618+[--1]-9618&noUDP&sock=729_9ca1_4>
...
000 (64471.016.000) 07/10 14:57:17 Job submitted from host: <139.153.252.230:9618?addrs=139.153.252.230-9618+[--1]-9618&noUDP&sock=729_9ca1_4>
...
000 (64471.017.000) 07/10 14:57:17 Job submitted from host: <139.153.252.230:9618?addrs=139.153.252.230-9618+[--1]-9618&noUDP&sock=729_9ca1_4>
...
000 (64471.018.000) 07/10 14:57:17 Job submitted from host: <139.153.252.230:9618?addrs=139.153.252.230-9618+[--1]-9618&noUDP&sock=729_9ca1_4>
...
000 (64471.019.000) 07/10 14:57:17 Job submitted from host: <139.153.252.230:9618?addrs=139.153.252.230-9618+[--1]-9618&noUDP&sock=729_9ca1_4>
...
001 (64471.006.000) 07/10 14:57:22 Job executing on host: <139.153.254.119:9618?addrs=139.153.254.119-9618+[--1]-9618&noUDP&sock=1744_d142_3>
...
001 (64471.005.000) 07/10 14:57:22 Job executing on host: <139.153.254.119:9618?addrs=139.153.254.119-9618+[--1]-9618&noUDP&sock=1744_d142_3>
...
001 (64471.004.000) 07/10 14:57:22 Job executing on host: <139.153.254.119:9618?addrs=139.153.254.119-9618+[--1]-9618&noUDP&sock=1744_d142_3>
...
001 (64471.003.000) 07/10 14:57:23 Job executing on host: <139.153.254.119:9618?addrs=139.153.254.119-9618+[--1]-9618&noUDP&sock=1744_d142_3>
...
001 (64471.000.000) 07/10 14:57:23 Job executing on host: <139.153.254.119:9618?addrs=139.153.254.119-9618+[--1]-9618&noUDP&sock=1744_d142_3>
...
001 (64471.002.000) 07/10 14:57:23 Job executing on host: <139.153.254.119:9618?addrs=139.153.254.119-9618+[--1]-9618&noUDP&sock=1744_d142_3>
...
001 (64471.019.000) 07/10 14:57:23 Job executing on host: <139.153.253.13:9618?addrs=139.153.253.13-9618&noUDP&sock=1412_2452_3>
...
001 (64471.011.000) 07/10 14:57:24 Job executing on host: <139.153.253.4:9618?addrs=139.153.253.4-9618&noUDP&sock=1244_200a_3>
...
001 (64471.013.000) 07/10 14:57:24 Job executing on host: <139.153.253.7:9618?addrs=139.153.253.7-9618&noUDP&sock=3484_592e_3>
...
001 (64471.009.000) 07/10 14:57:25 Job executing on host: <139.153.253.2:9618?addrs=139.153.253.2-9618&noUDP&sock=1468_25c0_3>
...
001 (64471.007.000) 07/10 14:57:25 Job executing on host: <139.153.254.119:9618?addrs=139.153.254.119-9618+[--1]-9618&noUDP&sock=1744_d142_3>
...
001 (64471.001.000) 07/10 14:57:25 Job executing on host: <139.153.254.119:9618?addrs=139.153.254.119-9618+[--1]-9618&noUDP&sock=1744_d142_3>
...
001 (64471.010.000) 07/10 14:57:26 Job executing on host: <139.153.253.3:9618?addrs=139.153.253.3-9618&noUDP&sock=3540_5a9c_3>
...
001 (64471.018.000) 07/10 14:57:26 Job executing on host: <139.153.253.12:9618?addrs=139.153.253.12-9618&noUDP&sock=3552_5aea_3>
...
001 (64471.008.000) 07/10 14:57:27 Job executing on host: <139.153.253.1:9618?addrs=139.153.253.1-9618&noUDP&sock=3684_5e4a_3>
...
001 (64471.016.000) 07/10 14:57:27 Job executing on host: <139.153.253.10:9618?addrs=139.153.253.10-9618&noUDP&sock=1356_22e4_3>
...
001 (64471.015.000) 07/10 14:57:27 Job executing on host: <139.153.253.9:9618?addrs=139.153.253.9-9618&noUDP&sock=1444_2524_3>
...
001 (64471.014.000) 07/10 14:57:27 Job executing on host: <139.153.253.8:9618?addrs=139.153.253.8-9618&noUDP&sock=3632_5cf6_3>
...
001 (64471.012.000) 07/10 14:57:27 Job executing on host: <139.153.253.6:9618?addrs=139.153.253.6-9618&noUDP&sock=3312_54cc_3>
...
001 (64471.017.000) 07/10 14:57:27 Job executing on host: <139.153.253.11:9618?addrs=139.153.253.11-9618&noUDP&sock=3504_59b2_3>
...
006 (64471.003.000) 07/10 14:57:31 Image size of job updated: 166340
	163  -  MemoryUsage of job (MB)
	166340  -  ResidentSetSize of job (KB)
...
006 (64471.000.000) 07/10 14:57:31 Image size of job updated: 106412
	104  -  MemoryUsage of job (MB)
	106412  -  ResidentSetSize of job (KB)
...
006 (64471.002.000) 07/10 14:57:31 Image size of job updated: 170844
	167  -  MemoryUsage of job (MB)
	170844  -  ResidentSetSize of job (KB)
...
006 (64471.006.000) 07/10 14:57:31 Image size of job updated: 173940
	170  -  MemoryUsage of job (MB)
	173940  -  ResidentSetSize of job (KB)
...
006 (64471.005.000) 07/10 14:57:31 Image size of job updated: 171944
	168  -  MemoryUsage of job (MB)
	171944  -  ResidentSetSize of job (KB)
...
006 (64471.004.000) 07/10 14:57:32 Image size of job updated: 189364
	185  -  MemoryUsage of job (MB)
	189364  -  ResidentSetSize of job (KB)
...
006 (64471.011.000) 07/10 14:57:32 Image size of job updated: 0
	1  -  MemoryUsage of job (MB)
	116  -  ResidentSetSize of job (KB)
...
006 (64471.019.000) 07/10 14:57:32 Image size of job updated: 0
	1  -  MemoryUsage of job (MB)
	120  -  ResidentSetSize of job (KB)
...
006 (64471.013.000) 07/10 14:57:33 Image size of job updated: 111528
	109  -  MemoryUsage of job (MB)
	111528  -  ResidentSetSize of job (KB)
...
006 (64471.001.000) 07/10 14:57:34 Image size of job updated: 137924
	135  -  MemoryUsage of job (MB)
	137924  -  ResidentSetSize of job (KB)
...
006 (64471.010.000) 07/10 14:57:34 Image size of job updated: 111636
	110  -  MemoryUsage of job (MB)
	111636  -  ResidentSetSize of job (KB)
...
006 (64471.009.000) 07/10 14:57:34 Image size of job updated: 111732
	110  -  MemoryUsage of job (MB)
	111732  -  ResidentSetSize of job (KB)
...
006 (64471.007.000) 07/10 14:57:34 Image size of job updated: 157692
	154  -  MemoryUsage of job (MB)
	157692  -  ResidentSetSize of job (KB)
...
006 (64471.018.000) 07/10 14:57:34 Image size of job updated: 111536
	109  -  MemoryUsage of job (MB)
	111536  -  ResidentSetSize of job (KB)
...
006 (64471.008.000) 07/10 14:57:35 Image size of job updated: 111188
	109  -  MemoryUsage of job (MB)
	111188  -  ResidentSetSize of job (KB)
...
006 (64471.016.000) 07/10 14:57:35 Image size of job updated: 111076
	109  -  MemoryUsage of job (MB)
	111076  -  ResidentSetSize of job (KB)
...
006 (64471.015.000) 07/10 14:57:36 Image size of job updated: 111108
	109  -  MemoryUsage of job (MB)
	111108  -  ResidentSetSize of job (KB)
...
006 (64471.014.000) 07/10 14:57:36 Image size of job updated: 111160
	109  -  MemoryUsage of job (MB)
	111160  -  ResidentSetSize of job (KB)
...
006 (64471.012.000) 07/10 14:57:36 Image size of job updated: 111204
	109  -  MemoryUsage of job (MB)
	111204  -  ResidentSetSize of job (KB)
...
006 (64471.017.000) 07/10 14:57:36 Image size of job updated: 111444
	109  -  MemoryUsage of job (MB)
	111444  -  ResidentSetSize of job (KB)
...
005 (64471.008.000) 07/10 15:01:13 Job terminated.
	(1) Normal termination (return value 143)
		Usr 0 00:00:01, Sys 0 00:00:00  -  Run Remote Usage
		Usr 0 00:00:00, Sys 0 00:00:00  -  Run Local Usage
		Usr 0 00:00:01, Sys 0 00:00:00  -  Total Remote Usage
		Usr 0 00:00:00, Sys 0 00:00:00  -  Total Local Usage
	0  -  Run Bytes Sent By Job
	45436200  -  Run Bytes Received By Job
	0  -  Total Bytes Sent By Job
	45436200  -  Total Bytes Received By Job
	Partitionable Resources :    Usage  Request Allocated
	   Cpus                 :                 1         1
	   Disk (KB)            :    45000    45000   4720669
	   Memory (MB)          :      109        0      1004
...
006 (64471.003.000) 07/10 15:02:31 Image size of job updated: 335688
	328  -  MemoryUsage of job (MB)
	335688  -  ResidentSetSize of job (KB)
...
006 (64471.000.000) 07/10 15:02:31 Image size of job updated: 361612
	354  -  MemoryUsage of job (MB)
	361612  -  ResidentSetSize of job (KB)
...
006 (64471.002.000) 07/10 15:02:31 Image size of job updated: 341492
	334  -  MemoryUsage of job (MB)
	341492  -  ResidentSetSize of job (KB)
...
006 (64471.006.000) 07/10 15:02:32 Image size of job updated: 340044
	333  -  MemoryUsage of job (MB)
	340044  -  ResidentSetSize of job (KB)
...
006 (64471.005.000) 07/10 15:02:32 Image size of job updated: 339136
	332  -  MemoryUsage of job (MB)
	339136  -  ResidentSetSize of job (KB)
...
006 (64471.011.000) 07/10 15:02:32 Image size of job updated: 111560
	109  -  MemoryUsage of job (MB)
	111560  -  ResidentSetSize of job (KB)
...
006 (64471.004.000) 07/10 15:02:32 Image size of job updated: 344840
	337  -  MemoryUsage of job (MB)
	344840  -  ResidentSetSize of job (KB)
...
006 (64471.019.000) 07/10 15:02:32 Image size of job updated: 111644
	110  -  MemoryUsage of job (MB)
	111644  -  ResidentSetSize of job (KB)
...
006 (64471.001.000) 07/10 15:02:34 Image size of job updated: 335736
	328  -  MemoryUsage of job (MB)
	335736  -  ResidentSetSize of job (KB)
...
006 (64471.013.000) 07/10 15:02:34 Image size of job updated: 111712
	110  -  MemoryUsage of job (MB)
	111712  -  ResidentSetSize of job (KB)
...
006 (64471.007.000) 07/10 15:02:35 Image size of job updated: 345628
	338  -  MemoryUsage of job (MB)
	345628  -  ResidentSetSize of job (KB)
...
006 (64471.000.000) 07/10 15:07:32 Image size of job updated: 361780
	354  -  MemoryUsage of job (MB)
	361780  -  ResidentSetSize of job (KB)
...
006 (64471.006.000) 07/10 15:07:32 Image size of job updated: 340908
	333  -  MemoryUsage of job (MB)
	340908  -  ResidentSetSize of job (KB)
...
006 (64471.005.000) 07/10 15:07:32 Image size of job updated: 340288
	333  -  MemoryUsage of job (MB)
	340288  -  ResidentSetSize of job (KB)
...
006 (64471.004.000) 07/10 15:07:32 Image size of job updated: 345900
	338  -  MemoryUsage of job (MB)
	345900  -  ResidentSetSize of job (KB)
...
006 (64471.001.000) 07/10 15:07:34 Image size of job updated: 338836
	331  -  MemoryUsage of job (MB)
	338836  -  ResidentSetSize of job (KB)
...
006 (64471.007.000) 07/10 15:07:35 Image size of job updated: 346452
	339  -  MemoryUsage of job (MB)
	346452  -  ResidentSetSize of job (KB)
...
006 (64471.000.000) 07/10 15:12:32 Image size of job updated: 362024
	354  -  MemoryUsage of job (MB)
	362024  -  ResidentSetSize of job (KB)
...
006 (64471.005.000) 07/10 15:12:32 Image size of job updated: 343500
	336  -  MemoryUsage of job (MB)
	343500  -  ResidentSetSize of job (KB)
...
006 (64471.006.000) 07/10 15:12:32 Image size of job updated: 342716
	335  -  MemoryUsage of job (MB)
	342716  -  ResidentSetSize of job (KB)
...
006 (64471.003.000) 07/10 15:12:32 Image size of job updated: 338360
	331  -  MemoryUsage of job (MB)
	338360  -  ResidentSetSize of job (KB)
...
006 (64471.004.000) 07/10 15:12:33 Image size of job updated: 346056
	338  -  MemoryUsage of job (MB)
	346056  -  ResidentSetSize of job (KB)
...
006 (64471.007.000) 07/10 15:12:35 Image size of job updated: 346588
	339  -  MemoryUsage of job (MB)
	346588  -  ResidentSetSize of job (KB)
...
006 (64471.001.000) 07/10 15:12:35 Image size of job updated: 339236
	332  -  MemoryUsage of job (MB)
	339236  -  ResidentSetSize of job (KB)
...
006 (64471.000.000) 07/10 15:17:32 Image size of job updated: 362228
	354  -  MemoryUsage of job (MB)
	362228  -  ResidentSetSize of job (KB)
...
006 (64471.002.000) 07/10 15:17:32 Image size of job updated: 341924
	334  -  MemoryUsage of job (MB)
	341924  -  ResidentSetSize of job (KB)
...
006 (64471.003.000) 07/10 15:17:33 Image size of job updated: 354544
	347  -  MemoryUsage of job (MB)
	354544  -  ResidentSetSize of job (KB)
...
006 (64471.006.000) 07/10 15:17:33 Image size of job updated: 343052
	336  -  MemoryUsage of job (MB)
	343052  -  ResidentSetSize of job (KB)
...
006 (64471.007.000) 07/10 15:17:36 Image size of job updated: 346768
	339  -  MemoryUsage of job (MB)
	346768  -  ResidentSetSize of job (KB)
...
005 (64471.001.000) 07/10 15:20:08 Job terminated.
	(1) Normal termination (return value 0)
		Usr 0 00:22:39, Sys 0 00:00:01  -  Run Remote Usage
		Usr 0 00:00:00, Sys 0 00:00:00  -  Run Local Usage
		Usr 0 00:22:39, Sys 0 00:00:01  -  Total Remote Usage
		Usr 0 00:00:00, Sys 0 00:00:00  -  Total Local Usage
	118223  -  Run Bytes Sent By Job
	45436200  -  Run Bytes Received By Job
	118223  -  Total Bytes Sent By Job
	45436200  -  Total Bytes Received By Job
	Partitionable Resources :    Usage  Request Allocated
	   Cpus                 :                 1         1
	   Disk (KB)            :    45000    45000  10634657
	   Memory (MB)          :      332        0       978
...
006 (64471.003.000) 07/10 15:20:10 Image size of job updated: 3603780
	347  -  MemoryUsage of job (MB)
	354544  -  ResidentSetSize of job (KB)
...
005 (64471.003.000) 07/10 15:20:11 Job terminated.
	(1) Normal termination (return value 0)
		Usr 0 00:22:47, Sys 0 00:00:01  -  Run Remote Usage
		Usr 0 00:00:00, Sys 0 00:00:00  -  Run Local Usage
		Usr 0 00:22:47, Sys 0 00:00:01  -  Total Remote Usage
		Usr 0 00:00:00, Sys 0 00:00:00  -  Total Local Usage
	118255  -  Run Bytes Sent By Job
	45436200  -  Run Bytes Received By Job
	118255  -  Total Bytes Sent By Job
	45436200  -  Total Bytes Received By Job
	Partitionable Resources :    Usage  Request Allocated
	   Cpus                 :                 1         1
	   Disk (KB)            :    45000    45000  10634657
	   Memory (MB)          :      347        0       978
...
006 (64471.006.000) 07/10 15:20:13 Image size of job updated: 3601732
	336  -  MemoryUsage of job (MB)
	343052  -  ResidentSetSize of job (KB)
...
005 (64471.006.000) 07/10 15:20:14 Job terminated.
	(1) Normal termination (return value 0)
		Usr 0 00:22:50, Sys 0 00:00:01  -  Run Remote Usage
		Usr 0 00:00:00, Sys 0 00:00:00  -  Run Local Usage
		Usr 0 00:22:50, Sys 0 00:00:01  -  Total Remote Usage
		Usr 0 00:00:00, Sys 0 00:00:00  -  Total Local Usage
	118250  -  Run Bytes Sent By Job
	45436200  -  Run Bytes Received By Job
	118250  -  Total Bytes Sent By Job
	45436200  -  Total Bytes Received By Job
	Partitionable Resources :    Usage  Request Allocated
	   Cpus                 :                 1         1
	   Disk (KB)            :    45000    45000  10634657
	   Memory (MB)          :      336        0       978
...
006 (64471.005.000) 07/10 15:20:20 Image size of job updated: 3535168
	336  -  MemoryUsage of job (MB)
	343500  -  ResidentSetSize of job (KB)
...
005 (64471.005.000) 07/10 15:20:21 Job terminated.
	(1) Normal termination (return value 0)
		Usr 0 00:22:58, Sys 0 00:00:01  -  Run Remote Usage
		Usr 0 00:00:00, Sys 0 00:00:00  -  Run Local Usage
		Usr 0 00:22:58, Sys 0 00:00:01  -  Total Remote Usage
		Usr 0 00:00:00, Sys 0 00:00:00  -  Total Local Usage
	118235  -  Run Bytes Sent By Job
	45436200  -  Run Bytes Received By Job
	118235  -  Total Bytes Sent By Job
	45436200  -  Total Bytes Received By Job
	Partitionable Resources :    Usage  Request Allocated
	   Cpus                 :                 1         1
	   Disk (KB)            :    45000    45000  10634657
	   Memory (MB)          :      336        0       978
...
006 (64471.002.000) 07/10 15:20:23 Image size of job updated: 3535168
	334  -  MemoryUsage of job (MB)
	341924  -  ResidentSetSize of job (KB)
...
005 (64471.002.000) 07/10 15:20:24 Job terminated.
	(1) Normal termination (return value 0)
		Usr 0 00:23:00, Sys 0 00:00:01  -  Run Remote Usage
		Usr 0 00:00:00, Sys 0 00:00:00  -  Run Local Usage
		Usr 0 00:23:00, Sys 0 00:00:01  -  Total Remote Usage
		Usr 0 00:00:00, Sys 0 00:00:00  -  Total Local Usage
	118198  -  Run Bytes Sent By Job
	45436200  -  Run Bytes Received By Job
	118198  -  Total Bytes Sent By Job
	45436200  -  Total Bytes Received By Job
	Partitionable Resources :    Usage  Request Allocated
	   Cpus                 :                 1         1
	   Disk (KB)            :    45000    45000  10634657
	   Memory (MB)          :      334        0       978
...
006 (64471.000.000) 07/10 15:20:25 Image size of job updated: 3535168
	354  -  MemoryUsage of job (MB)
	362228  -  ResidentSetSize of job (KB)
...
006 (64471.004.000) 07/10 15:20:25 Image size of job updated: 3535168
	338  -  MemoryUsage of job (MB)
	346056  -  ResidentSetSize of job (KB)
...
005 (64471.000.000) 07/10 15:20:26 Job terminated.
	(1) Normal termination (return value 0)
		Usr 0 00:22:55, Sys 0 00:00:01  -  Run Remote Usage
		Usr 0 00:00:00, Sys 0 00:00:00  -  Run Local Usage
		Usr 0 00:22:55, Sys 0 00:00:01  -  Total Remote Usage
		Usr 0 00:00:00, Sys 0 00:00:00  -  Total Local Usage
	118255  -  Run Bytes Sent By Job
	45436200  -  Run Bytes Received By Job
	118255  -  Total Bytes Sent By Job
	45436200  -  Total Bytes Received By Job
	Partitionable Resources :    Usage  Request Allocated
	   Cpus                 :                 1         1
	   Disk (KB)            :    45000    45000  10634657
	   Memory (MB)          :      354        0       978
...
005 (64471.004.000) 07/10 15:20:26 Job terminated.
	(1) Normal termination (return value 0)
		Usr 0 00:23:03, Sys 0 00:00:01  -  Run Remote Usage
		Usr 0 00:00:00, Sys 0 00:00:00  -  Run Local Usage
		Usr 0 00:23:03, Sys 0 00:00:01  -  Total Remote Usage
		Usr 0 00:00:00, Sys 0 00:00:00  -  Total Local Usage
	118268  -  Run Bytes Sent By Job
	45436200  -  Run Bytes Received By Job
	118268  -  Total Bytes Sent By Job
	45436200  -  Total Bytes Received By Job
	Partitionable Resources :    Usage  Request Allocated
	   Cpus                 :                 1         1
	   Disk (KB)            :    45000    45000  10634657
	   Memory (MB)          :      338        0       978
...
006 (64471.007.000) 07/10 15:20:28 Image size of job updated: 3535168
	339  -  MemoryUsage of job (MB)
	346768  -  ResidentSetSize of job (KB)
...
005 (64471.007.000) 07/10 15:20:29 Job terminated.
	(1) Normal termination (return value 0)
		Usr 0 00:23:01, Sys 0 00:00:01  -  Run Remote Usage
		Usr 0 00:00:00, Sys 0 00:00:00  -  Run Local Usage
		Usr 0 00:23:01, Sys 0 00:00:01  -  Total Remote Usage
		Usr 0 00:00:00, Sys 0 00:00:00  -  Total Local Usage
	118196  -  Run Bytes Sent By Job
	45436200  -  Run Bytes Received By Job
	118196  -  Total Bytes Sent By Job
	45436200  -  Total Bytes Received By Job
	Partitionable Resources :    Usage  Request Allocated
	   Cpus                 :                 1         1
	   Disk (KB)            :    45000    45000  10634657
	   Memory (MB)          :      339        0       978
...
004 (64471.018.000) 07/10 15:37:37 Job was evicted.
	(0) Job was not checkpointed.
		Usr 0 00:00:01, Sys 0 00:00:00  -  Run Remote Usage
		Usr 0 00:00:00, Sys 0 00:00:00  -  Run Local Usage
	92406  -  Run Bytes Sent By Job
	45436200  -  Run Bytes Received By Job
	Partitionable Resources :    Usage  Request Allocated
	   Cpus                 :                 1         1
	   Disk (KB)            :    45000    45000   4426293
	   Memory (MB)          :      109        0      1004
...
004 (64471.010.000) 07/10 15:37:37 Job was evicted.
	(0) Job was not checkpointed.
		Usr 0 00:00:01, Sys 0 00:00:00  -  Run Remote Usage
		Usr 0 00:00:00, Sys 0 00:00:00  -  Run Local Usage
	92390  -  Run Bytes Sent By Job
	45436200  -  Run Bytes Received By Job
	Partitionable Resources :    Usage  Request Allocated
	   Cpus                 :                 1         1
	   Disk (KB)            :    45000    45000   4394283
	   Memory (MB)          :      110        0      1004
...
004 (64471.015.000) 07/10 15:37:39 Job was evicted.
	(0) Job was not checkpointed.
		Usr 0 00:00:01, Sys 0 00:00:00  -  Run Remote Usage
		Usr 0 00:00:00, Sys 0 00:00:00  -  Run Local Usage
	92344  -  Run Bytes Sent By Job
	45436200  -  Run Bytes Received By Job
	Partitionable Resources :    Usage  Request Allocated
	   Cpus                 :                 1         1
	   Disk (KB)            :    45000    45000   4438562
	   Memory (MB)          :      109        0      1004
...
004 (64471.011.000) 07/10 15:38:09 Job was evicted.
	(0) Job was not checkpointed.
		Usr 0 00:00:01, Sys 0 00:00:00  -  Run Remote Usage
		Usr 0 00:00:00, Sys 0 00:00:00  -  Run Local Usage
	92414  -  Run Bytes Sent By Job
	45436200  -  Run Bytes Received By Job
	Partitionable Resources :    Usage  Request Allocated
	   Cpus                 :                 1         1
	   Disk (KB)            :    45000    45000   4420415
	   Memory (MB)          :      109        0      1004
...
004 (64471.019.000) 07/10 15:39:35 Job was evicted.
	(0) Job was not checkpointed.
		Usr 0 00:00:01, Sys 0 00:00:00  -  Run Remote Usage
		Usr 0 00:00:00, Sys 0 00:00:00  -  Run Local Usage
	92390  -  Run Bytes Sent By Job
	45436200  -  Run Bytes Received By Job
	Partitionable Resources :    Usage  Request Allocated
	   Cpus                 :                 1         1
	   Disk (KB)            :    45000    45000   4462816
	   Memory (MB)          :      110        0      1004
...
004 (64471.016.000) 07/10 15:39:39 Job was evicted.
	(0) Job was not checkpointed.
		Usr 0 00:00:01, Sys 0 00:00:00  -  Run Remote Usage
		Usr 0 00:00:00, Sys 0 00:00:00  -  Run Local Usage
	92406  -  Run Bytes Sent By Job
	45436200  -  Run Bytes Received By Job
	Partitionable Resources :    Usage  Request Allocated
	   Cpus                 :                 1         1
	   Disk (KB)            :    45000    45000   4469200
	   Memory (MB)          :      109        0      1004
...
004 (64471.014.000) 07/10 15:39:40 Job was evicted.
	(0) Job was not checkpointed.
		Usr 0 00:00:01, Sys 0 00:00:00  -  Run Remote Usage
		Usr 0 00:00:00, Sys 0 00:00:00  -  Run Local Usage
	92406  -  Run Bytes Sent By Job
	45436200  -  Run Bytes Received By Job
	Partitionable Resources :    Usage  Request Allocated
	   Cpus                 :                 1         1
	   Disk (KB)            :    45000    45000   4408495
	   Memory (MB)          :      109        0      1004
...
004 (64471.013.000) 07/10 15:39:40 Job was evicted.
	(0) Job was not checkpointed.
		Usr 0 00:00:01, Sys 0 00:00:00  -  Run Remote Usage
		Usr 0 00:00:00, Sys 0 00:00:00  -  Run Local Usage
	92390  -  Run Bytes Sent By Job
	45436200  -  Run Bytes Received By Job
	Partitionable Resources :    Usage  Request Allocated
	   Cpus                 :                 1         1
	   Disk (KB)            :    45000    45000   4849424
	   Memory (MB)          :      110        0      1004
...
004 (64471.009.000) 07/10 15:39:41 Job was evicted.
	(0) Job was not checkpointed.
		Usr 0 00:00:01, Sys 0 00:00:00  -  Run Remote Usage
		Usr 0 00:00:00, Sys 0 00:00:00  -  Run Local Usage
	92406  -  Run Bytes Sent By Job
	45436200  -  Run Bytes Received By Job
	Partitionable Resources :    Usage  Request Allocated
	   Cpus                 :                 1         1
	   Disk (KB)            :    45000    45000   4617362
	   Memory (MB)          :      110        0      1004
...
004 (64471.012.000) 07/10 15:39:41 Job was evicted.
	(0) Job was not checkpointed.
		Usr 0 00:00:01, Sys 0 00:00:00  -  Run Remote Usage
		Usr 0 00:00:00, Sys 0 00:00:00  -  Run Local Usage
	92406  -  Run Bytes Sent By Job
	45436200  -  Run Bytes Received By Job
	Partitionable Resources :    Usage  Request Allocated
	   Cpus                 :                 1         1
	   Disk (KB)            :    45000    45000   4744197
	   Memory (MB)          :      109        0      1004
...
004 (64471.017.000) 07/10 15:39:43 Job was evicted.
	(0) Job was not checkpointed.
		Usr 0 00:00:01, Sys 0 00:00:00  -  Run Remote Usage
		Usr 0 00:00:00, Sys 0 00:00:00  -  Run Local Usage
	92423  -  Run Bytes Sent By Job
	45436200  -  Run Bytes Received By Job
	Partitionable Resources :    Usage  Request Allocated
	   Cpus                 :                 1         1
	   Disk (KB)            :    45000    45000   4468508
	   Memory (MB)          :      109        0      1004
...
001 (64471.010.000) 07/10 15:43:07 Job executing on host: <139.153.254.119:9618?addrs=139.153.254.119-9618+[--1]-9618&noUDP&sock=1744_d142_3>
...
001 (64471.009.000) 07/10 15:43:08 Job executing on host: <139.153.254.119:9618?addrs=139.153.254.119-9618+[--1]-9618&noUDP&sock=1744_d142_3>
...
001 (64471.013.000) 07/10 15:43:09 Job executing on host: <139.153.253.2:9618?addrs=139.153.253.2-9618&noUDP&sock=1468_25c0_3>
...
001 (64471.019.000) 07/10 15:43:10 Job executing on host: <139.153.253.13:9618?addrs=139.153.253.13-9618&noUDP&sock=1412_2452_3>
...
001 (64471.017.000) 07/10 15:43:10 Job executing on host: <139.153.253.7:9618?addrs=139.153.253.7-9618&noUDP&sock=3484_592e_3>
...
001 (64471.016.000) 07/10 15:43:10 Job executing on host: <139.153.253.6:9618?addrs=139.153.253.6-9618&noUDP&sock=3312_54cc_3>
...
001 (64471.015.000) 07/10 15:43:11 Job executing on host: <139.153.253.5:9618?addrs=139.153.253.5-9618&noUDP&sock=3320_5500_3>
...
001 (64471.011.000) 07/10 15:43:11 Job executing on host: <139.153.254.119:9618?addrs=139.153.254.119-9618+[--1]-9618&noUDP&sock=1744_d142_3>
...
001 (64471.012.000) 07/10 15:43:12 Job executing on host: <139.153.254.119:9618?addrs=139.153.254.119-9618+[--1]-9618&noUDP&sock=1744_d142_3>
...
001 (64471.014.000) 07/10 15:43:16 Job executing on host: <139.153.253.4:9618?addrs=139.153.253.4-9618&noUDP&sock=1244_200a_3>
...
006 (64471.010.000) 07/10 15:43:16 Image size of job updated: 198868
	195  -  MemoryUsage of job (MB)
	198868  -  ResidentSetSize of job (KB)
...
006 (64471.009.000) 07/10 15:43:17 Image size of job updated: 207236
	203  -  MemoryUsage of job (MB)
	207236  -  ResidentSetSize of job (KB)
...
006 (64471.011.000) 07/10 15:43:20 Image size of job updated: 149140
	146  -  MemoryUsage of job (MB)
	149140  -  ResidentSetSize of job (KB)
...
006 (64471.012.000) 07/10 15:43:21 Image size of job updated: 152084
	149  -  MemoryUsage of job (MB)
	152084  -  ResidentSetSize of job (KB)
...
001 (64471.018.000) 07/10 15:43:23 Job executing on host: <139.153.253.8:9618?addrs=139.153.253.8-9618&noUDP&sock=3632_5cf6_3>
...
006 (64471.010.000) 07/10 15:48:17 Image size of job updated: 355800
	348  -  MemoryUsage of job (MB)
	355800  -  ResidentSetSize of job (KB)
...
006 (64471.009.000) 07/10 15:48:18 Image size of job updated: 358388
	350  -  MemoryUsage of job (MB)
	358388  -  ResidentSetSize of job (KB)
...
006 (64471.011.000) 07/10 15:48:21 Image size of job updated: 348540
	341  -  MemoryUsage of job (MB)
	348540  -  ResidentSetSize of job (KB)
...
006 (64471.012.000) 07/10 15:48:22 Image size of job updated: 401816
	393  -  MemoryUsage of job (MB)
	401816  -  ResidentSetSize of job (KB)
...
006 (64471.010.000) 07/10 15:53:17 Image size of job updated: 355960
	348  -  MemoryUsage of job (MB)
	355960  -  ResidentSetSize of job (KB)
...
006 (64471.009.000) 07/10 15:53:19 Image size of job updated: 358536
	351  -  MemoryUsage of job (MB)
	358536  -  ResidentSetSize of job (KB)
...
006 (64471.011.000) 07/10 15:53:21 Image size of job updated: 348828
	341  -  MemoryUsage of job (MB)
	348828  -  ResidentSetSize of job (KB)
...
006 (64471.012.000) 07/10 15:53:23 Image size of job updated: 402004
	393  -  MemoryUsage of job (MB)
	402004  -  ResidentSetSize of job (KB)
...
006 (64471.010.000) 07/10 15:58:18 Image size of job updated: 356192
	348  -  MemoryUsage of job (MB)
	356192  -  ResidentSetSize of job (KB)
...
006 (64471.009.000) 07/10 15:58:19 Image size of job updated: 358640
	351  -  MemoryUsage of job (MB)
	358640  -  ResidentSetSize of job (KB)
...
006 (64471.011.000) 07/10 15:58:21 Image size of job updated: 348924
	341  -  MemoryUsage of job (MB)
	348924  -  ResidentSetSize of job (KB)
...
006 (64471.012.000) 07/10 15:58:23 Image size of job updated: 402120
	393  -  MemoryUsage of job (MB)
	402120  -  ResidentSetSize of job (KB)
...
006 (64471.010.000) 07/10 16:03:19 Image size of job updated: 359816
	352  -  MemoryUsage of job (MB)
	359816  -  ResidentSetSize of job (KB)
...
006 (64471.009.000) 07/10 16:03:19 Image size of job updated: 358944
	351  -  MemoryUsage of job (MB)
	358944  -  ResidentSetSize of job (KB)
...
006 (64471.011.000) 07/10 16:03:22 Image size of job updated: 349248
	342  -  MemoryUsage of job (MB)
	349248  -  ResidentSetSize of job (KB)
...
006 (64471.012.000) 07/10 16:03:24 Image size of job updated: 402504
	394  -  MemoryUsage of job (MB)
	402504  -  ResidentSetSize of job (KB)
...
006 (64471.010.000) 07/10 16:05:14 Image size of job updated: 359980
	352  -  MemoryUsage of job (MB)
	359816  -  ResidentSetSize of job (KB)
...
005 (64471.010.000) 07/10 16:05:15 Job terminated.
	(1) Normal termination (return value 0)
		Usr 0 00:22:08, Sys 0 00:00:01  -  Run Remote Usage
		Usr 0 00:00:00, Sys 0 00:00:00  -  Run Local Usage
		Usr 0 00:22:08, Sys 0 00:00:01  -  Total Remote Usage
		Usr 0 00:00:00, Sys 0 00:00:00  -  Total Local Usage
	118228  -  Run Bytes Sent By Job
	45436200  -  Run Bytes Received By Job
	210618  -  Total Bytes Sent By Job
	90872400  -  Total Bytes Received By Job
	Partitionable Resources :    Usage  Request Allocated
	   Cpus                 :                 1         1
	   Disk (KB)            :    45000    45000  10634657
	   Memory (MB)          :      352      123       978
...
006 (64471.009.000) 07/10 16:05:16 Image size of job updated: 3535168
	351  -  MemoryUsage of job (MB)
	358944  -  ResidentSetSize of job (KB)
...
005 (64471.009.000) 07/10 16:05:17 Job terminated.
	(1) Normal termination (return value 0)
		Usr 0 00:22:11, Sys 0 00:00:01  -  Run Remote Usage
		Usr 0 00:00:00, Sys 0 00:00:00  -  Run Local Usage
		Usr 0 00:22:11, Sys 0 00:00:01  -  Total Remote Usage
		Usr 0 00:00:00, Sys 0 00:00:00  -  Total Local Usage
	118258  -  Run Bytes Sent By Job
	45436200  -  Run Bytes Received By Job
	210664  -  Total Bytes Sent By Job
	90872400  -  Total Bytes Received By Job
	Partitionable Resources :    Usage  Request Allocated
	   Cpus                 :                 1         1
	   Disk (KB)            :    45000    45000  10634657
	   Memory (MB)          :      351      123       978
...
006 (64471.011.000) 07/10 16:05:19 Image size of job updated: 3535168
	342  -  MemoryUsage of job (MB)
	349248  -  ResidentSetSize of job (KB)
...
005 (64471.011.000) 07/10 16:05:20 Job terminated.
	(1) Normal termination (return value 0)
		Usr 0 00:22:05, Sys 0 00:00:01  -  Run Remote Usage
		Usr 0 00:00:00, Sys 0 00:00:00  -  Run Local Usage
		Usr 0 00:22:05, Sys 0 00:00:01  -  Total Remote Usage
		Usr 0 00:00:00, Sys 0 00:00:00  -  Total Local Usage
	118251  -  Run Bytes Sent By Job
	45436200  -  Run Bytes Received By Job
	210665  -  Total Bytes Sent By Job
	90872400  -  Total Bytes Received By Job
	Partitionable Resources :    Usage  Request Allocated
	   Cpus                 :                 1         1
	   Disk (KB)            :    45000    45000  10634657
	   Memory (MB)          :      342      123       978
...
005 (64471.012.000) 07/10 16:05:26 Job terminated.
	(1) Normal termination (return value 0)
		Usr 0 00:22:12, Sys 0 00:00:01  -  Run Remote Usage
		Usr 0 00:00:00, Sys 0 00:00:00  -  Run Local Usage
		Usr 0 00:22:12, Sys 0 00:00:01  -  Total Remote Usage
		Usr 0 00:00:00, Sys 0 00:00:00  -  Total Local Usage
	118244  -  Run Bytes Sent By Job
	45436200  -  Run Bytes Received By Job
	210650  -  Total Bytes Sent By Job
	90872400  -  Total Bytes Received By Job
	Partitionable Resources :    Usage  Request Allocated
	   Cpus                 :                 1         1
	   Disk (KB)            :    45000    45000  10634657
	   Memory (MB)          :      394      123       978
...
004 (64471.014.000) 07/10 16:23:32 Job was evicted.
	(0) Job was not checkpointed.
		Usr 0 00:00:01, Sys 0 00:00:00  -  Run Remote Usage
		Usr 0 00:00:00, Sys 0 00:00:00  -  Run Local Usage
	92390  -  Run Bytes Sent By Job
	45436200  -  Run Bytes Received By Job
	Partitionable Resources :    Usage  Request Allocated
	   Cpus                 :                 1         1
	   Disk (KB)            :    45000    45000   4420415
	   Memory (MB)          :      123      123      1004
...
004 (64471.019.000) 07/10 16:23:52 Job was evicted.
	(0) Job was not checkpointed.
		Usr 0 00:00:01, Sys 0 00:00:00  -  Run Remote Usage
		Usr 0 00:00:00, Sys 0 00:00:00  -  Run Local Usage
	92423  -  Run Bytes Sent By Job
	45436200  -  Run Bytes Received By Job
	Partitionable Resources :    Usage  Request Allocated
	   Cpus                 :                 1         1
	   Disk (KB)            :    45000    45000   4462816
	   Memory (MB)          :      123      123      1004
...
004 (64471.018.000) 07/10 16:24:10 Job was evicted.
	(0) Job was not checkpointed.
		Usr 0 00:00:01, Sys 0 00:00:00  -  Run Remote Usage
		Usr 0 00:00:00, Sys 0 00:00:00  -  Run Local Usage
	92406  -  Run Bytes Sent By Job
	45436200  -  Run Bytes Received By Job
	Partitionable Resources :    Usage  Request Allocated
	   Cpus                 :                 1         1
	   Disk (KB)            :    45000    45000   4408495
	   Memory (MB)          :      123      123      1004
...
004 (64471.015.000) 07/10 16:24:54 Job was evicted.
	(0) Job was not checkpointed.
		Usr 0 00:00:01, Sys 0 00:00:00  -  Run Remote Usage
		Usr 0 00:00:00, Sys 0 00:00:00  -  Run Local Usage
	92390  -  Run Bytes Sent By Job
	45436200  -  Run Bytes Received By Job
	Partitionable Resources :    Usage  Request Allocated
	   Cpus                 :                 1         1
	   Disk (KB)            :    45000    45000   4684464
	   Memory (MB)          :      123      123      1004
...
004 (64471.013.000) 07/10 16:25:23 Job was evicted.
	(0) Job was not checkpointed.
		Usr 0 00:00:01, Sys 0 00:00:00  -  Run Remote Usage
		Usr 0 00:00:00, Sys 0 00:00:00  -  Run Local Usage
	92390  -  Run Bytes Sent By Job
	45436200  -  Run Bytes Received By Job
	Partitionable Resources :    Usage  Request Allocated
	   Cpus                 :                 1         1
	   Disk (KB)            :    45000    45000   4617362
	   Memory (MB)          :      123      123      1004
...
004 (64471.017.000) 07/10 16:25:24 Job was evicted.
	(0) Job was not checkpointed.
		Usr 0 00:00:01, Sys 0 00:00:00  -  Run Remote Usage
		Usr 0 00:00:00, Sys 0 00:00:00  -  Run Local Usage
	92406  -  Run Bytes Sent By Job
	45436200  -  Run Bytes Received By Job
	Partitionable Resources :    Usage  Request Allocated
	   Cpus                 :                 1         1
	   Disk (KB)            :    45000    45000   4849424
	   Memory (MB)          :      123      123      1004
...
004 (64471.016.000) 07/10 16:25:24 Job was evicted.
	(0) Job was not checkpointed.
		Usr 0 00:00:01, Sys 0 00:00:00  -  Run Remote Usage
		Usr 0 00:00:00, Sys 0 00:00:00  -  Run Local Usage
	92423  -  Run Bytes Sent By Job
	45436200  -  Run Bytes Received By Job
	Partitionable Resources :    Usage  Request Allocated
	   Cpus                 :                 1         1
	   Disk (KB)            :    45000    45000   4744197
	   Memory (MB)          :      123      123      1004
...
001 (64471.013.000) 07/10 16:27:09 Job executing on host: <139.153.254.119:9618?addrs=139.153.254.119-9618+[--1]-9618&noUDP&sock=1744_d142_3>
...
001 (64471.014.000) 07/10 16:27:09 Job executing on host: <139.153.254.119:9618?addrs=139.153.254.119-9618+[--1]-9618&noUDP&sock=1744_d142_3>
...
001 (64471.015.000) 07/10 16:27:12 Job executing on host: <139.153.254.119:9618?addrs=139.153.254.119-9618+[--1]-9618&noUDP&sock=1744_d142_3>
...
001 (64471.019.000) 07/10 16:27:13 Job executing on host: <139.153.253.2:9618?addrs=139.153.253.2-9618&noUDP&sock=1468_25c0_3>
...
001 (64471.018.000) 07/10 16:27:13 Job executing on host: <139.153.254.119:9618?addrs=139.153.254.119-9618+[--1]-9618&noUDP&sock=1744_d142_3>
...
001 (64471.016.000) 07/10 16:27:14 Job executing on host: <139.153.254.119:9618?addrs=139.153.254.119-9618+[--1]-9618&noUDP&sock=1744_d142_3>
...
001 (64471.017.000) 07/10 16:27:14 Job executing on host: <139.153.254.119:9618?addrs=139.153.254.119-9618+[--1]-9618&noUDP&sock=1744_d142_3>
...
006 (64471.013.000) 07/10 16:27:17 Image size of job updated: 230548
	226  -  MemoryUsage of job (MB)
	230548  -  ResidentSetSize of job (KB)
...
006 (64471.014.000) 07/10 16:27:17 Image size of job updated: 211544
	207  -  MemoryUsage of job (MB)
	211544  -  ResidentSetSize of job (KB)
...
006 (64471.015.000) 07/10 16:27:20 Image size of job updated: 158124
	155  -  MemoryUsage of job (MB)
	158124  -  ResidentSetSize of job (KB)
...
006 (64471.018.000) 07/10 16:27:22 Image size of job updated: 151408
	148  -  MemoryUsage of job (MB)
	151408  -  ResidentSetSize of job (KB)
...
006 (64471.016.000) 07/10 16:27:22 Image size of job updated: 140216
	137  -  MemoryUsage of job (MB)
	140216  -  ResidentSetSize of job (KB)
...
006 (64471.017.000) 07/10 16:27:23 Image size of job updated: 141284
	138  -  MemoryUsage of job (MB)
	141284  -  ResidentSetSize of job (KB)
...
006 (64471.013.000) 07/10 16:32:17 Image size of job updated: 346632
	339  -  MemoryUsage of job (MB)
	346632  -  ResidentSetSize of job (KB)
...
006 (64471.014.000) 07/10 16:32:17 Image size of job updated: 352996
	345  -  MemoryUsage of job (MB)
	352996  -  ResidentSetSize of job (KB)
...
006 (64471.015.000) 07/10 16:32:20 Image size of job updated: 390888
	382  -  MemoryUsage of job (MB)
	390888  -  ResidentSetSize of job (KB)
...
006 (64471.018.000) 07/10 16:32:22 Image size of job updated: 363664
	356  -  MemoryUsage of job (MB)
	363664  -  ResidentSetSize of job (KB)
...
006 (64471.016.000) 07/10 16:32:22 Image size of job updated: 357008
	349  -  MemoryUsage of job (MB)
	357008  -  ResidentSetSize of job (KB)
...
006 (64471.017.000) 07/10 16:32:24 Image size of job updated: 360832
	353  -  MemoryUsage of job (MB)
	360832  -  ResidentSetSize of job (KB)
...
006 (64471.013.000) 07/10 16:37:17 Image size of job updated: 351140
	343  -  MemoryUsage of job (MB)
	351140  -  ResidentSetSize of job (KB)
...
006 (64471.014.000) 07/10 16:37:18 Image size of job updated: 353348
	346  -  MemoryUsage of job (MB)
	353348  -  ResidentSetSize of job (KB)
...
006 (64471.015.000) 07/10 16:37:21 Image size of job updated: 391328
	383  -  MemoryUsage of job (MB)
	391328  -  ResidentSetSize of job (KB)
...
006 (64471.018.000) 07/10 16:37:22 Image size of job updated: 363908
	356  -  MemoryUsage of job (MB)
	363908  -  ResidentSetSize of job (KB)
...
006 (64471.016.000) 07/10 16:37:24 Image size of job updated: 357468
	350  -  MemoryUsage of job (MB)
	357468  -  ResidentSetSize of job (KB)
...
006 (64471.017.000) 07/10 16:37:25 Image size of job updated: 360896
	353  -  MemoryUsage of job (MB)
	360896  -  ResidentSetSize of job (KB)
...
006 (64471.013.000) 07/10 16:42:18 Image size of job updated: 351372
	344  -  MemoryUsage of job (MB)
	351372  -  ResidentSetSize of job (KB)
...
006 (64471.014.000) 07/10 16:42:19 Image size of job updated: 357132
	349  -  MemoryUsage of job (MB)
	357132  -  ResidentSetSize of job (KB)
...
006 (64471.015.000) 07/10 16:42:22 Image size of job updated: 392280
	384  -  MemoryUsage of job (MB)
	392280  -  ResidentSetSize of job (KB)
...
006 (64471.018.000) 07/10 16:42:23 Image size of job updated: 364096
	356  -  MemoryUsage of job (MB)
	364096  -  ResidentSetSize of job (KB)
...
006 (64471.016.000) 07/10 16:42:24 Image size of job updated: 357492
	350  -  MemoryUsage of job (MB)
	357492  -  ResidentSetSize of job (KB)
...
006 (64471.017.000) 07/10 16:42:25 Image size of job updated: 361044
	353  -  MemoryUsage of job (MB)
	361044  -  ResidentSetSize of job (KB)
...
006 (64471.013.000) 07/10 16:47:19 Image size of job updated: 351380
	344  -  MemoryUsage of job (MB)
	351380  -  ResidentSetSize of job (KB)
...
006 (64471.014.000) 07/10 16:47:19 Image size of job updated: 357216
	349  -  MemoryUsage of job (MB)
	357216  -  ResidentSetSize of job (KB)
...
006 (64471.015.000) 07/10 16:47:22 Image size of job updated: 394172
	385  -  MemoryUsage of job (MB)
	394172  -  ResidentSetSize of job (KB)
...
006 (64471.018.000) 07/10 16:47:23 Image size of job updated: 366684
	359  -  MemoryUsage of job (MB)
	366684  -  ResidentSetSize of job (KB)
...
006 (64471.016.000) 07/10 16:47:24 Image size of job updated: 357996
	350  -  MemoryUsage of job (MB)
	357996  -  ResidentSetSize of job (KB)
...
006 (64471.017.000) 07/10 16:47:25 Image size of job updated: 361876
	354  -  MemoryUsage of job (MB)
	361876  -  ResidentSetSize of job (KB)
...
005 (64471.013.000) 07/10 16:48:48 Job terminated.
	(1) Normal termination (return value 0)
		Usr 0 00:21:44, Sys 0 00:00:01  -  Run Remote Usage
		Usr 0 00:00:00, Sys 0 00:00:00  -  Run Local Usage
		Usr 0 00:21:44, Sys 0 00:00:01  -  Total Remote Usage
		Usr 0 00:00:00, Sys 0 00:00:00  -  Total Local Usage
	118240  -  Run Bytes Sent By Job
	45436200  -  Run Bytes Received By Job
	303020  -  Total Bytes Sent By Job
	136308608  -  Total Bytes Received By Job
	Partitionable Resources :    Usage  Request Allocated
	   Cpus                 :                 1         1
	   Disk (KB)            :    45000    45000  10634657
	   Memory (MB)          :      344      123       978
...
006 (64471.016.000) 07/10 16:49:00 Image size of job updated: 360132
	350  -  MemoryUsage of job (MB)
	357996  -  ResidentSetSize of job (KB)
...
005 (64471.016.000) 07/10 16:49:01 Job terminated.
	(1) Normal termination (return value 0)
		Usr 0 00:21:45, Sys 0 00:00:01  -  Run Remote Usage
		Usr 0 00:00:00, Sys 0 00:00:00  -  Run Local Usage
		Usr 0 00:21:45, Sys 0 00:00:01  -  Total Remote Usage
		Usr 0 00:00:00, Sys 0 00:00:00  -  Total Local Usage
	118252  -  Run Bytes Sent By Job
	45436200  -  Run Bytes Received By Job
	303081  -  Total Bytes Sent By Job
	136308608  -  Total Bytes Received By Job
	Partitionable Resources :    Usage  Request Allocated
	   Cpus                 :                 1         1
	   Disk (KB)            :    45000    45000  10634657
	   Memory (MB)          :      350      123       978
...
006 (64471.018.000) 07/10 16:49:09 Image size of job updated: 366720
	359  -  MemoryUsage of job (MB)
	366684  -  ResidentSetSize of job (KB)
...
005 (64471.018.000) 07/10 16:49:10 Job terminated.
	(1) Normal termination (return value 0)
		Usr 0 00:21:54, Sys 0 00:00:01  -  Run Remote Usage
		Usr 0 00:00:00, Sys 0 00:00:00  -  Run Local Usage
		Usr 0 00:21:54, Sys 0 00:00:01  -  Total Remote Usage
		Usr 0 00:00:00, Sys 0 00:00:00  -  Total Local Usage
	118246  -  Run Bytes Sent By Job
	45436200  -  Run Bytes Received By Job
	303058  -  Total Bytes Sent By Job
	136308608  -  Total Bytes Received By Job
	Partitionable Resources :    Usage  Request Allocated
	   Cpus                 :                 1         1
	   Disk (KB)            :    45000    45000  10634657
	   Memory (MB)          :      359      123       978
...
006 (64471.014.000) 07/10 16:49:11 Image size of job updated: 3601732
	349  -  MemoryUsage of job (MB)
	357216  -  ResidentSetSize of job (KB)
...
005 (64471.014.000) 07/10 16:49:12 Job terminated.
	(1) Normal termination (return value 0)
		Usr 0 00:22:09, Sys 0 00:00:01  -  Run Remote Usage
		Usr 0 00:00:00, Sys 0 00:00:00  -  Run Local Usage
		Usr 0 00:22:09, Sys 0 00:00:01  -  Total Remote Usage
		Usr 0 00:00:00, Sys 0 00:00:00  -  Total Local Usage
	118236  -  Run Bytes Sent By Job
	45436200  -  Run Bytes Received By Job
	303032  -  Total Bytes Sent By Job
	136308608  -  Total Bytes Received By Job
	Partitionable Resources :    Usage  Request Allocated
	   Cpus                 :                 1         1
	   Disk (KB)            :    45000    45000  10634657
	   Memory (MB)          :      349      123       978
...
006 (64471.017.000) 07/10 16:49:14 Image size of job updated: 361948
	354  -  MemoryUsage of job (MB)
	361876  -  ResidentSetSize of job (KB)
...
006 (64471.015.000) 07/10 16:49:14 Image size of job updated: 3535168
	385  -  MemoryUsage of job (MB)
	394172  -  ResidentSetSize of job (KB)
...
005 (64471.017.000) 07/10 16:49:15 Job terminated.
	(1) Normal termination (return value 0)
		Usr 0 00:21:59, Sys 0 00:00:01  -  Run Remote Usage
		Usr 0 00:00:00, Sys 0 00:00:00  -  Run Local Usage
		Usr 0 00:21:59, Sys 0 00:00:01  -  Total Remote Usage
		Usr 0 00:00:00, Sys 0 00:00:00  -  Total Local Usage
	118227  -  Run Bytes Sent By Job
	45436200  -  Run Bytes Received By Job
	303056  -  Total Bytes Sent By Job
	136308608  -  Total Bytes Received By Job
	Partitionable Resources :    Usage  Request Allocated
	   Cpus                 :                 1         1
	   Disk (KB)            :    45000    45000  10634657
	   Memory (MB)          :      354      123       978
...
005 (64471.015.000) 07/10 16:49:15 Job terminated.
	(1) Normal termination (return value 0)
		Usr 0 00:22:03, Sys 0 00:00:01  -  Run Remote Usage
		Usr 0 00:00:00, Sys 0 00:00:00  -  Run Local Usage
		Usr 0 00:22:03, Sys 0 00:00:01  -  Total Remote Usage
		Usr 0 00:00:00, Sys 0 00:00:00  -  Total Local Usage
	118229  -  Run Bytes Sent By Job
	45436200  -  Run Bytes Received By Job
	302963  -  Total Bytes Sent By Job
	136308608  -  Total Bytes Received By Job
	Partitionable Resources :    Usage  Request Allocated
	   Cpus                 :                 1         1
	   Disk (KB)            :    45000    45000  10634657
	   Memory (MB)          :      385      123       978
...
004 (64471.019.000) 07/10 17:07:26 Job was evicted.
	(0) Job was not checkpointed.
		Usr 0 00:00:01, Sys 0 00:00:00  -  Run Remote Usage
		Usr 0 00:00:00, Sys 0 00:00:00  -  Run Local Usage
	92414  -  Run Bytes Sent By Job
	45436200  -  Run Bytes Received By Job
	Partitionable Resources :    Usage  Request Allocated
	   Cpus                 :                 1         1
	   Disk (KB)            :    45000    45000   4617362
	   Memory (MB)          :      123      123      1004
...
001 (64471.019.000) 07/10 17:13:10 Job executing on host: <139.153.254.119:9618?addrs=139.153.254.119-9618+[--1]-9618&noUDP&sock=1744_d142_3>
...
006 (64471.019.000) 07/10 17:13:19 Image size of job updated: 226568
	222  -  MemoryUsage of job (MB)
	226568  -  ResidentSetSize of job (KB)
...
006 (64471.019.000) 07/10 17:18:20 Image size of job updated: 331624
	324  -  MemoryUsage of job (MB)
	331624  -  ResidentSetSize of job (KB)
...
006 (64471.019.000) 07/10 17:23:21 Image size of job updated: 335116
	328  -  MemoryUsage of job (MB)
	335116  -  ResidentSetSize of job (KB)
...
006 (64471.019.000) 07/10 17:28:21 Image size of job updated: 335144
	328  -  MemoryUsage of job (MB)
	335144  -  ResidentSetSize of job (KB)
...
006 (64471.019.000) 07/10 17:33:22 Image size of job updated: 335684
	328  -  MemoryUsage of job (MB)
	335684  -  ResidentSetSize of job (KB)
...
005 (64471.019.000) 07/10 17:35:58 Job terminated.
	(1) Normal termination (return value 0)
		Usr 0 00:22:51, Sys 0 00:00:01  -  Run Remote Usage
		Usr 0 00:00:00, Sys 0 00:00:00  -  Run Local Usage
		Usr 0 00:22:51, Sys 0 00:00:01  -  Total Remote Usage
		Usr 0 00:00:00, Sys 0 00:00:00  -  Total Local Usage
	118272  -  Run Bytes Sent By Job
	45436200  -  Run Bytes Received By Job
	395499  -  Total Bytes Sent By Job
	181744800  -  Total Bytes Received By Job
	Partitionable Resources :    Usage  Request Allocated
	   Cpus                 :                 1         1
	   Disk (KB)            :    45000    45000  10634657
	   Memory (MB)          :      328      123       978
...
