000 (64536.000.000) 07/21 12:10:55 Job submitted from host: <139.153.252.230:9618?addrs=139.153.252.230-9618+[--1]-9618&noUDP&sock=729_9ca1_4>
...
000 (64536.001.000) 07/21 12:10:55 Job submitted from host: <139.153.252.230:9618?addrs=139.153.252.230-9618+[--1]-9618&noUDP&sock=729_9ca1_4>
...
000 (64536.002.000) 07/21 12:10:55 Job submitted from host: <139.153.252.230:9618?addrs=139.153.252.230-9618+[--1]-9618&noUDP&sock=729_9ca1_4>
...
000 (64536.003.000) 07/21 12:10:55 Job submitted from host: <139.153.252.230:9618?addrs=139.153.252.230-9618+[--1]-9618&noUDP&sock=729_9ca1_4>
...
000 (64536.004.000) 07/21 12:10:55 Job submitted from host: <139.153.252.230:9618?addrs=139.153.252.230-9618+[--1]-9618&noUDP&sock=729_9ca1_4>
...
000 (64536.005.000) 07/21 12:10:55 Job submitted from host: <139.153.252.230:9618?addrs=139.153.252.230-9618+[--1]-9618&noUDP&sock=729_9ca1_4>
...
000 (64536.006.000) 07/21 12:10:55 Job submitted from host: <139.153.252.230:9618?addrs=139.153.252.230-9618+[--1]-9618&noUDP&sock=729_9ca1_4>
...
000 (64536.007.000) 07/21 12:10:55 Job submitted from host: <139.153.252.230:9618?addrs=139.153.252.230-9618+[--1]-9618&noUDP&sock=729_9ca1_4>
...
000 (64536.008.000) 07/21 12:10:55 Job submitted from host: <139.153.252.230:9618?addrs=139.153.252.230-9618+[--1]-9618&noUDP&sock=729_9ca1_4>
...
000 (64536.009.000) 07/21 12:10:55 Job submitted from host: <139.153.252.230:9618?addrs=139.153.252.230-9618+[--1]-9618&noUDP&sock=729_9ca1_4>
...
001 (64536.001.000) 07/21 12:11:00 Job executing on host: <139.153.252.235:9618?addrs=139.153.252.235-9618+[--1]-9618&noUDP&sock=2094_e367_3>
...
001 (64536.002.000) 07/21 12:11:01 Job executing on host: <139.153.252.236:9618?addrs=139.153.252.236-9618+[--1]-9618&noUDP&sock=1037_dfcd_3>
...
001 (64536.009.000) 07/21 12:11:01 Job executing on host: <139.153.252.243:9618?addrs=139.153.252.243-9618+[--1]-9618&noUDP&sock=1374_0737_3>
...
001 (64536.008.000) 07/21 12:11:02 Job executing on host: <139.153.252.242:9618?addrs=139.153.252.242-9618+[--1]-9618&noUDP&sock=1011_0a56_3>
...
001 (64536.007.000) 07/21 12:11:02 Job executing on host: <139.153.252.241:9618?addrs=139.153.252.241-9618+[--1]-9618&noUDP&sock=1072_e19d_3>
...
001 (64536.006.000) 07/21 12:11:02 Job executing on host: <139.153.252.240:9618?addrs=139.153.252.240-9618+[--1]-9618&noUDP&sock=1047_bbbf_3>
...
001 (64536.004.000) 07/21 12:11:02 Job executing on host: <139.153.252.238:9618?addrs=139.153.252.238-9618+[--1]-9618&noUDP&sock=1065_1473_3>
...
001 (64536.005.000) 07/21 12:11:02 Job executing on host: <139.153.252.239:9618?addrs=139.153.252.239-9618+[--1]-9618&noUDP&sock=1028_b372_3>
...
001 (64536.000.000) 07/21 12:11:02 Job executing on host: <139.153.252.234:9618?addrs=139.153.252.234-9618+[--1]-9618&noUDP&sock=2365_c592_3>
...
001 (64536.003.000) 07/21 12:11:02 Job executing on host: <139.153.252.237:9618?addrs=139.153.252.237-9618+[--1]-9618&noUDP&sock=2101_b091_3>
...
006 (64536.001.000) 07/21 12:11:09 Image size of job updated: 142568
	140  -  MemoryUsage of job (MB)
	142568  -  ResidentSetSize of job (KB)
...
006 (64536.008.000) 07/21 12:11:10 Image size of job updated: 128776
	126  -  MemoryUsage of job (MB)
	128776  -  ResidentSetSize of job (KB)
...
006 (64536.006.000) 07/21 12:11:10 Image size of job updated: 130012
	127  -  MemoryUsage of job (MB)
	130012  -  ResidentSetSize of job (KB)
...
006 (64536.004.000) 07/21 12:11:10 Image size of job updated: 129636
	127  -  MemoryUsage of job (MB)
	129636  -  ResidentSetSize of job (KB)
...
006 (64536.005.000) 07/21 12:11:10 Image size of job updated: 127468
	125  -  MemoryUsage of job (MB)
	127468  -  ResidentSetSize of job (KB)
...
006 (64536.000.000) 07/21 12:11:10 Image size of job updated: 130324
	128  -  MemoryUsage of job (MB)
	130324  -  ResidentSetSize of job (KB)
...
006 (64536.003.000) 07/21 12:11:10 Image size of job updated: 134872
	132  -  MemoryUsage of job (MB)
	134872  -  ResidentSetSize of job (KB)
...
006 (64536.007.000) 07/21 12:11:10 Image size of job updated: 52404
	52  -  MemoryUsage of job (MB)
	52404  -  ResidentSetSize of job (KB)
...
006 (64536.002.000) 07/21 12:11:10 Image size of job updated: 148664
	146  -  MemoryUsage of job (MB)
	148664  -  ResidentSetSize of job (KB)
...
006 (64536.009.000) 07/21 12:11:10 Image size of job updated: 147128
	144  -  MemoryUsage of job (MB)
	147128  -  ResidentSetSize of job (KB)
...
006 (64536.008.000) 07/21 12:16:10 Image size of job updated: 298804
	292  -  MemoryUsage of job (MB)
	298804  -  ResidentSetSize of job (KB)
...
006 (64536.006.000) 07/21 12:16:10 Image size of job updated: 321428
	314  -  MemoryUsage of job (MB)
	321428  -  ResidentSetSize of job (KB)
...
006 (64536.004.000) 07/21 12:16:10 Image size of job updated: 321844
	315  -  MemoryUsage of job (MB)
	321844  -  ResidentSetSize of job (KB)
...
006 (64536.000.000) 07/21 12:16:10 Image size of job updated: 313484
	307  -  MemoryUsage of job (MB)
	313484  -  ResidentSetSize of job (KB)
...
006 (64536.005.000) 07/21 12:16:10 Image size of job updated: 316600
	310  -  MemoryUsage of job (MB)
	316600  -  ResidentSetSize of job (KB)
...
006 (64536.003.000) 07/21 12:16:10 Image size of job updated: 318184
	311  -  MemoryUsage of job (MB)
	318184  -  ResidentSetSize of job (KB)
...
006 (64536.007.000) 07/21 12:16:10 Image size of job updated: 310036
	303  -  MemoryUsage of job (MB)
	310036  -  ResidentSetSize of job (KB)
...
006 (64536.001.000) 07/21 12:16:10 Image size of job updated: 315192
	308  -  MemoryUsage of job (MB)
	315192  -  ResidentSetSize of job (KB)
...
006 (64536.002.000) 07/21 12:16:11 Image size of job updated: 309556
	303  -  MemoryUsage of job (MB)
	309556  -  ResidentSetSize of job (KB)
...
006 (64536.009.000) 07/21 12:16:11 Image size of job updated: 317364
	310  -  MemoryUsage of job (MB)
	317364  -  ResidentSetSize of job (KB)
...
006 (64536.008.000) 07/21 12:21:10 Image size of job updated: 309260
	303  -  MemoryUsage of job (MB)
	309260  -  ResidentSetSize of job (KB)
...
006 (64536.006.000) 07/21 12:21:10 Image size of job updated: 332104
	325  -  MemoryUsage of job (MB)
	332104  -  ResidentSetSize of job (KB)
...
006 (64536.004.000) 07/21 12:21:10 Image size of job updated: 332268
	325  -  MemoryUsage of job (MB)
	332268  -  ResidentSetSize of job (KB)
...
006 (64536.000.000) 07/21 12:21:10 Image size of job updated: 323920
	317  -  MemoryUsage of job (MB)
	323920  -  ResidentSetSize of job (KB)
...
006 (64536.005.000) 07/21 12:21:10 Image size of job updated: 327028
	320  -  MemoryUsage of job (MB)
	327028  -  ResidentSetSize of job (KB)
...
006 (64536.001.000) 07/21 12:21:11 Image size of job updated: 325672
	319  -  MemoryUsage of job (MB)
	325672  -  ResidentSetSize of job (KB)
...
006 (64536.002.000) 07/21 12:21:11 Image size of job updated: 320248
	313  -  MemoryUsage of job (MB)
	320248  -  ResidentSetSize of job (KB)
...
006 (64536.009.000) 07/21 12:21:11 Image size of job updated: 327832
	321  -  MemoryUsage of job (MB)
	327832  -  ResidentSetSize of job (KB)
...
006 (64536.003.000) 07/21 12:21:11 Image size of job updated: 328640
	321  -  MemoryUsage of job (MB)
	328640  -  ResidentSetSize of job (KB)
...
006 (64536.007.000) 07/21 12:21:11 Image size of job updated: 314408
	308  -  MemoryUsage of job (MB)
	314408  -  ResidentSetSize of job (KB)
...
006 (64536.006.000) 07/21 12:26:11 Image size of job updated: 354880
	347  -  MemoryUsage of job (MB)
	354880  -  ResidentSetSize of job (KB)
...
006 (64536.004.000) 07/21 12:26:11 Image size of job updated: 355008
	347  -  MemoryUsage of job (MB)
	355008  -  ResidentSetSize of job (KB)
...
006 (64536.000.000) 07/21 12:26:11 Image size of job updated: 346660
	339  -  MemoryUsage of job (MB)
	346660  -  ResidentSetSize of job (KB)
...
006 (64536.005.000) 07/21 12:26:11 Image size of job updated: 347780
	340  -  MemoryUsage of job (MB)
	347780  -  ResidentSetSize of job (KB)
...
006 (64536.001.000) 07/21 12:26:11 Image size of job updated: 350468
	343  -  MemoryUsage of job (MB)
	350468  -  ResidentSetSize of job (KB)
...
006 (64536.002.000) 07/21 12:26:11 Image size of job updated: 340816
	333  -  MemoryUsage of job (MB)
	340816  -  ResidentSetSize of job (KB)
...
006 (64536.009.000) 07/21 12:26:11 Image size of job updated: 350592
	343  -  MemoryUsage of job (MB)
	350592  -  ResidentSetSize of job (KB)
...
006 (64536.008.000) 07/21 12:26:11 Image size of job updated: 334044
	327  -  MemoryUsage of job (MB)
	334044  -  ResidentSetSize of job (KB)
...
006 (64536.003.000) 07/21 12:26:12 Image size of job updated: 351576
	344  -  MemoryUsage of job (MB)
	351576  -  ResidentSetSize of job (KB)
...
006 (64536.007.000) 07/21 12:26:12 Image size of job updated: 314540
	308  -  MemoryUsage of job (MB)
	314540  -  ResidentSetSize of job (KB)
...
006 (64536.004.000) 07/21 12:31:11 Image size of job updated: 381712
	373  -  MemoryUsage of job (MB)
	381712  -  ResidentSetSize of job (KB)
...
006 (64536.006.000) 07/21 12:31:11 Image size of job updated: 381596
	373  -  MemoryUsage of job (MB)
	381596  -  ResidentSetSize of job (KB)
...
006 (64536.000.000) 07/21 12:31:11 Image size of job updated: 374896
	367  -  MemoryUsage of job (MB)
	374896  -  ResidentSetSize of job (KB)
...
006 (64536.005.000) 07/21 12:31:11 Image size of job updated: 372452
	364  -  MemoryUsage of job (MB)
	372452  -  ResidentSetSize of job (KB)
...
006 (64536.008.000) 07/21 12:31:12 Image size of job updated: 362804
	355  -  MemoryUsage of job (MB)
	362804  -  ResidentSetSize of job (KB)
...
006 (64536.003.000) 07/21 12:31:12 Image size of job updated: 376368
	368  -  MemoryUsage of job (MB)
	376368  -  ResidentSetSize of job (KB)
...
006 (64536.007.000) 07/21 12:31:12 Image size of job updated: 318472
	312  -  MemoryUsage of job (MB)
	318472  -  ResidentSetSize of job (KB)
...
006 (64536.001.000) 07/21 12:31:12 Image size of job updated: 381272
	373  -  MemoryUsage of job (MB)
	381272  -  ResidentSetSize of job (KB)
...
006 (64536.002.000) 07/21 12:31:12 Image size of job updated: 365464
	357  -  MemoryUsage of job (MB)
	365464  -  ResidentSetSize of job (KB)
...
006 (64536.009.000) 07/21 12:31:12 Image size of job updated: 379372
	371  -  MemoryUsage of job (MB)
	379372  -  ResidentSetSize of job (KB)
...
006 (64536.004.000) 07/21 12:36:11 Image size of job updated: 405732
	397  -  MemoryUsage of job (MB)
	405732  -  ResidentSetSize of job (KB)
...
006 (64536.006.000) 07/21 12:36:11 Image size of job updated: 403152
	394  -  MemoryUsage of job (MB)
	403152  -  ResidentSetSize of job (KB)
...
006 (64536.000.000) 07/21 12:36:11 Image size of job updated: 395216
	386  -  MemoryUsage of job (MB)
	395216  -  ResidentSetSize of job (KB)
...
006 (64536.005.000) 07/21 12:36:11 Image size of job updated: 396844
	388  -  MemoryUsage of job (MB)
	396844  -  ResidentSetSize of job (KB)
...
006 (64536.008.000) 07/21 12:36:12 Image size of job updated: 382740
	374  -  MemoryUsage of job (MB)
	382740  -  ResidentSetSize of job (KB)
...
006 (64536.003.000) 07/21 12:36:12 Image size of job updated: 397728
	389  -  MemoryUsage of job (MB)
	397728  -  ResidentSetSize of job (KB)
...
006 (64536.001.000) 07/21 12:36:13 Image size of job updated: 398572
	390  -  MemoryUsage of job (MB)
	398572  -  ResidentSetSize of job (KB)
...
006 (64536.002.000) 07/21 12:36:13 Image size of job updated: 391456
	383  -  MemoryUsage of job (MB)
	391456  -  ResidentSetSize of job (KB)
...
006 (64536.009.000) 07/21 12:36:13 Image size of job updated: 402596
	394  -  MemoryUsage of job (MB)
	402596  -  ResidentSetSize of job (KB)
...
006 (64536.004.000) 07/21 12:41:12 Image size of job updated: 406900
	398  -  MemoryUsage of job (MB)
	406900  -  ResidentSetSize of job (KB)
...
006 (64536.006.000) 07/21 12:41:12 Image size of job updated: 410280
	401  -  MemoryUsage of job (MB)
	410280  -  ResidentSetSize of job (KB)
...
006 (64536.000.000) 07/21 12:41:12 Image size of job updated: 396908
	388  -  MemoryUsage of job (MB)
	396908  -  ResidentSetSize of job (KB)
...
006 (64536.005.000) 07/21 12:41:12 Image size of job updated: 400520
	392  -  MemoryUsage of job (MB)
	400520  -  ResidentSetSize of job (KB)
...
006 (64536.002.000) 07/21 12:41:13 Image size of job updated: 394916
	386  -  MemoryUsage of job (MB)
	394916  -  ResidentSetSize of job (KB)
...
006 (64536.003.000) 07/21 12:41:13 Image size of job updated: 401344
	392  -  MemoryUsage of job (MB)
	401344  -  ResidentSetSize of job (KB)
...
006 (64536.004.000) 07/21 12:46:13 Image size of job updated: 407032
	398  -  MemoryUsage of job (MB)
	407032  -  ResidentSetSize of job (KB)
...
006 (64536.000.000) 07/21 12:46:13 Image size of job updated: 397172
	388  -  MemoryUsage of job (MB)
	397172  -  ResidentSetSize of job (KB)
...
006 (64536.008.000) 07/21 12:46:14 Image size of job updated: 382872
	374  -  MemoryUsage of job (MB)
	382872  -  ResidentSetSize of job (KB)
...
006 (64536.007.000) 07/21 12:46:14 Image size of job updated: 320552
	314  -  MemoryUsage of job (MB)
	320552  -  ResidentSetSize of job (KB)
...
006 (64536.009.000) 07/21 12:46:14 Image size of job updated: 402728
	394  -  MemoryUsage of job (MB)
	402728  -  ResidentSetSize of job (KB)
...
006 (64536.003.000) 07/21 12:51:14 Image size of job updated: 401476
	393  -  MemoryUsage of job (MB)
	401476  -  ResidentSetSize of job (KB)
...
006 (64536.001.000) 07/21 12:56:15 Image size of job updated: 398652
	390  -  MemoryUsage of job (MB)
	398652  -  ResidentSetSize of job (KB)
...
006 (64536.004.000) 07/21 13:01:14 Image size of job updated: 407176
	398  -  MemoryUsage of job (MB)
	407176  -  ResidentSetSize of job (KB)
...
006 (64536.008.000) 07/21 13:01:15 Image size of job updated: 382992
	375  -  MemoryUsage of job (MB)
	382992  -  ResidentSetSize of job (KB)
...
006 (64536.005.000) 07/21 13:01:15 Image size of job updated: 400572
	392  -  MemoryUsage of job (MB)
	400572  -  ResidentSetSize of job (KB)
...
006 (64536.002.000) 07/21 13:01:15 Image size of job updated: 394944
	386  -  MemoryUsage of job (MB)
	394944  -  ResidentSetSize of job (KB)
...
006 (64536.003.000) 07/21 13:01:16 Image size of job updated: 401488
	393  -  MemoryUsage of job (MB)
	401488  -  ResidentSetSize of job (KB)
...
006 (64536.007.000) 07/21 13:01:16 Image size of job updated: 322600
	316  -  MemoryUsage of job (MB)
	322600  -  ResidentSetSize of job (KB)
...
006 (64536.007.000) 07/21 13:06:17 Image size of job updated: 324704
	318  -  MemoryUsage of job (MB)
	324704  -  ResidentSetSize of job (KB)
...
006 (64536.006.000) 07/21 13:11:14 Image size of job updated: 410360
	401  -  MemoryUsage of job (MB)
	410360  -  ResidentSetSize of job (KB)
...
006 (64536.007.000) 07/21 13:11:18 Image size of job updated: 326796
	320  -  MemoryUsage of job (MB)
	326796  -  ResidentSetSize of job (KB)
...
006 (64536.004.000) 07/21 13:21:16 Image size of job updated: 412412
	403  -  MemoryUsage of job (MB)
	412412  -  ResidentSetSize of job (KB)
...
006 (64536.006.000) 07/21 13:21:16 Image size of job updated: 410408
	401  -  MemoryUsage of job (MB)
	410408  -  ResidentSetSize of job (KB)
...
006 (64536.005.000) 07/21 13:21:16 Image size of job updated: 400620
	392  -  MemoryUsage of job (MB)
	400620  -  ResidentSetSize of job (KB)
...
006 (64536.008.000) 07/21 13:21:17 Image size of job updated: 383080
	375  -  MemoryUsage of job (MB)
	383080  -  ResidentSetSize of job (KB)
...
006 (64536.000.000) 07/21 13:21:17 Image size of job updated: 402648
	394  -  MemoryUsage of job (MB)
	402648  -  ResidentSetSize of job (KB)
...
006 (64536.003.000) 07/21 13:21:17 Image size of job updated: 401780
	393  -  MemoryUsage of job (MB)
	401780  -  ResidentSetSize of job (KB)
...
006 (64536.009.000) 07/21 13:21:17 Image size of job updated: 402856
	394  -  MemoryUsage of job (MB)
	402856  -  ResidentSetSize of job (KB)
...
006 (64536.007.000) 07/21 13:21:19 Image size of job updated: 328976
	322  -  MemoryUsage of job (MB)
	328976  -  ResidentSetSize of job (KB)
...
006 (64536.007.000) 07/21 13:26:20 Image size of job updated: 331084
	324  -  MemoryUsage of job (MB)
	331084  -  ResidentSetSize of job (KB)
...
006 (64536.007.000) 07/21 13:31:20 Image size of job updated: 335384
	328  -  MemoryUsage of job (MB)
	335384  -  ResidentSetSize of job (KB)
...
006 (64536.004.000) 07/21 13:36:18 Image size of job updated: 412544
	403  -  MemoryUsage of job (MB)
	412544  -  ResidentSetSize of job (KB)
...
006 (64536.007.000) 07/21 13:36:21 Image size of job updated: 337480
	330  -  MemoryUsage of job (MB)
	337480  -  ResidentSetSize of job (KB)
...
006 (64536.008.000) 07/21 13:41:18 Image size of job updated: 383168
	375  -  MemoryUsage of job (MB)
	383168  -  ResidentSetSize of job (KB)
...
006 (64536.005.000) 07/21 13:41:18 Image size of job updated: 400760
	392  -  MemoryUsage of job (MB)
	400760  -  ResidentSetSize of job (KB)
...
006 (64536.000.000) 07/21 13:41:19 Image size of job updated: 402688
	394  -  MemoryUsage of job (MB)
	402688  -  ResidentSetSize of job (KB)
...
006 (64536.001.000) 07/21 13:41:19 Image size of job updated: 398840
	390  -  MemoryUsage of job (MB)
	398840  -  ResidentSetSize of job (KB)
...
006 (64536.002.000) 07/21 13:41:20 Image size of job updated: 394956
	386  -  MemoryUsage of job (MB)
	394956  -  ResidentSetSize of job (KB)
...
006 (64536.009.000) 07/21 13:41:20 Image size of job updated: 402896
	394  -  MemoryUsage of job (MB)
	402896  -  ResidentSetSize of job (KB)
...
006 (64536.007.000) 07/21 13:41:22 Image size of job updated: 339652
	332  -  MemoryUsage of job (MB)
	339652  -  ResidentSetSize of job (KB)
...
006 (64536.008.000) 07/21 13:46:18 Image size of job updated: 383212
	375  -  MemoryUsage of job (MB)
	383212  -  ResidentSetSize of job (KB)
...
006 (64536.005.000) 07/21 13:46:19 Image size of job updated: 400788
	392  -  MemoryUsage of job (MB)
	400788  -  ResidentSetSize of job (KB)
...
006 (64536.007.000) 07/21 13:46:22 Image size of job updated: 343876
	336  -  MemoryUsage of job (MB)
	343876  -  ResidentSetSize of job (KB)
...
006 (64536.007.000) 07/21 13:51:23 Image size of job updated: 345952
	338  -  MemoryUsage of job (MB)
	345952  -  ResidentSetSize of job (KB)
...
006 (64536.007.000) 07/21 13:56:24 Image size of job updated: 350080
	342  -  MemoryUsage of job (MB)
	350080  -  ResidentSetSize of job (KB)
...
006 (64536.008.000) 07/21 14:01:20 Image size of job updated: 383228
	375  -  MemoryUsage of job (MB)
	383228  -  ResidentSetSize of job (KB)
...
006 (64536.005.000) 07/21 14:01:20 Image size of job updated: 400860
	392  -  MemoryUsage of job (MB)
	400860  -  ResidentSetSize of job (KB)
...
006 (64536.001.000) 07/21 14:01:22 Image size of job updated: 398940
	390  -  MemoryUsage of job (MB)
	398940  -  ResidentSetSize of job (KB)
...
006 (64536.007.000) 07/21 14:01:24 Image size of job updated: 354188
	346  -  MemoryUsage of job (MB)
	354188  -  ResidentSetSize of job (KB)
...
006 (64536.002.000) 07/21 14:06:22 Image size of job updated: 395032
	386  -  MemoryUsage of job (MB)
	395032  -  ResidentSetSize of job (KB)
...
006 (64536.009.000) 07/21 14:06:22 Image size of job updated: 402952
	394  -  MemoryUsage of job (MB)
	402952  -  ResidentSetSize of job (KB)
...
006 (64536.007.000) 07/21 14:06:25 Image size of job updated: 358304
	350  -  MemoryUsage of job (MB)
	358304  -  ResidentSetSize of job (KB)
...
006 (64536.002.000) 07/21 14:11:23 Image size of job updated: 395164
	386  -  MemoryUsage of job (MB)
	395164  -  ResidentSetSize of job (KB)
...
006 (64536.007.000) 07/21 14:11:26 Image size of job updated: 360356
	352  -  MemoryUsage of job (MB)
	360356  -  ResidentSetSize of job (KB)
...
006 (64536.001.000) 07/21 14:16:23 Image size of job updated: 399000
	390  -  MemoryUsage of job (MB)
	399000  -  ResidentSetSize of job (KB)
...
006 (64536.007.000) 07/21 14:16:26 Image size of job updated: 365012
	357  -  MemoryUsage of job (MB)
	365012  -  ResidentSetSize of job (KB)
...
006 (64536.001.000) 07/21 14:21:24 Image size of job updated: 403080
	394  -  MemoryUsage of job (MB)
	403080  -  ResidentSetSize of job (KB)
...
006 (64536.002.000) 07/21 14:21:24 Image size of job updated: 395172
	386  -  MemoryUsage of job (MB)
	395172  -  ResidentSetSize of job (KB)
...
006 (64536.007.000) 07/21 14:21:27 Image size of job updated: 371196
	363  -  MemoryUsage of job (MB)
	371196  -  ResidentSetSize of job (KB)
...
006 (64536.006.000) 07/21 14:26:22 Image size of job updated: 410532
	401  -  MemoryUsage of job (MB)
	410532  -  ResidentSetSize of job (KB)
...
006 (64536.008.000) 07/21 14:26:24 Image size of job updated: 386396
	378  -  MemoryUsage of job (MB)
	386396  -  ResidentSetSize of job (KB)
...
006 (64536.000.000) 07/21 14:26:24 Image size of job updated: 404000
	395  -  MemoryUsage of job (MB)
	404000  -  ResidentSetSize of job (KB)
...
006 (64536.005.000) 07/21 14:26:24 Image size of job updated: 405764
	397  -  MemoryUsage of job (MB)
	405764  -  ResidentSetSize of job (KB)
...
006 (64536.009.000) 07/21 14:26:24 Image size of job updated: 406576
	398  -  MemoryUsage of job (MB)
	406576  -  ResidentSetSize of job (KB)
...
006 (64536.003.000) 07/21 14:26:25 Image size of job updated: 401828
	393  -  MemoryUsage of job (MB)
	401828  -  ResidentSetSize of job (KB)
...
006 (64536.007.000) 07/21 14:26:28 Image size of job updated: 375328
	367  -  MemoryUsage of job (MB)
	375328  -  ResidentSetSize of job (KB)
...
006 (64536.007.000) 07/21 14:31:28 Image size of job updated: 379424
	371  -  MemoryUsage of job (MB)
	379424  -  ResidentSetSize of job (KB)
...
006 (64536.007.000) 07/21 14:36:29 Image size of job updated: 383504
	375  -  MemoryUsage of job (MB)
	383504  -  ResidentSetSize of job (KB)
...
006 (64536.007.000) 07/21 14:41:30 Image size of job updated: 387604
	379  -  MemoryUsage of job (MB)
	387604  -  ResidentSetSize of job (KB)
...
006 (64536.005.000) 07/21 14:46:25 Image size of job updated: 405788
	397  -  MemoryUsage of job (MB)
	405788  -  ResidentSetSize of job (KB)
...
006 (64536.008.000) 07/21 14:46:26 Image size of job updated: 387040
	378  -  MemoryUsage of job (MB)
	387040  -  ResidentSetSize of job (KB)
...
006 (64536.001.000) 07/21 14:46:26 Image size of job updated: 403176
	394  -  MemoryUsage of job (MB)
	403176  -  ResidentSetSize of job (KB)
...
006 (64536.009.000) 07/21 14:46:26 Image size of job updated: 406624
	398  -  MemoryUsage of job (MB)
	406624  -  ResidentSetSize of job (KB)
...
006 (64536.007.000) 07/21 14:46:30 Image size of job updated: 391808
	383  -  MemoryUsage of job (MB)
	391808  -  ResidentSetSize of job (KB)
...
005 (64536.001.000) 07/21 14:48:36 Job terminated.
	(1) Normal termination (return value 0)
		Usr 0 02:37:14, Sys 0 00:00:18  -  Run Remote Usage
		Usr 0 00:00:00, Sys 0 00:00:00  -  Run Local Usage
		Usr 0 02:37:14, Sys 0 00:00:18  -  Total Remote Usage
		Usr 0 00:00:00, Sys 0 00:00:00  -  Total Local Usage
	593888  -  Run Bytes Sent By Job
	45451000  -  Run Bytes Received By Job
	593888  -  Total Bytes Sent By Job
	45451000  -  Total Bytes Received By Job
	Partitionable Resources :    Usage  Request Allocated
	   Cpus                 :                 1         1
	   Disk (KB)            :    45000    45000  10052613
	   Memory (MB)          :      394        0      2004
...
005 (64536.008.000) 07/21 14:48:46 Job terminated.
	(1) Normal termination (return value 0)
		Usr 0 02:37:24, Sys 0 00:00:14  -  Run Remote Usage
		Usr 0 00:00:00, Sys 0 00:00:00  -  Run Local Usage
		Usr 0 02:37:24, Sys 0 00:00:14  -  Total Remote Usage
		Usr 0 00:00:00, Sys 0 00:00:00  -  Total Local Usage
	593145  -  Run Bytes Sent By Job
	45451000  -  Run Bytes Received By Job
	593145  -  Total Bytes Sent By Job
	45451000  -  Total Bytes Received By Job
	Partitionable Resources :    Usage  Request Allocated
	   Cpus                 :                 1         1
	   Disk (KB)            :    45000    45000  10608117
	   Memory (MB)          :      378        0      2004
...
005 (64536.009.000) 07/21 14:48:58 Job terminated.
	(1) Normal termination (return value 0)
		Usr 0 02:37:39, Sys 0 00:00:15  -  Run Remote Usage
		Usr 0 00:00:00, Sys 0 00:00:00  -  Run Local Usage
		Usr 0 02:37:39, Sys 0 00:00:15  -  Total Remote Usage
		Usr 0 00:00:00, Sys 0 00:00:00  -  Total Local Usage
	593002  -  Run Bytes Sent By Job
	45451000  -  Run Bytes Received By Job
	593002  -  Total Bytes Sent By Job
	45451000  -  Total Bytes Received By Job
	Partitionable Resources :    Usage  Request Allocated
	   Cpus                 :                 1         1
	   Disk (KB)            :    45000    45000  10609299
	   Memory (MB)          :      398        0      2004
...
005 (64536.005.000) 07/21 14:49:32 Job terminated.
	(1) Normal termination (return value 0)
		Usr 0 02:38:10, Sys 0 00:00:16  -  Run Remote Usage
		Usr 0 00:00:00, Sys 0 00:00:00  -  Run Local Usage
		Usr 0 02:38:10, Sys 0 00:00:16  -  Total Remote Usage
		Usr 0 00:00:00, Sys 0 00:00:00  -  Total Local Usage
	593935  -  Run Bytes Sent By Job
	45451000  -  Run Bytes Received By Job
	593935  -  Total Bytes Sent By Job
	45451000  -  Total Bytes Received By Job
	Partitionable Resources :    Usage  Request Allocated
	   Cpus                 :                 1         1
	   Disk (KB)            :    45000    45000  10609806
	   Memory (MB)          :      397        0      2004
...
006 (64536.003.000) 07/21 14:50:15 Image size of job updated: 3537348
	393  -  MemoryUsage of job (MB)
	401828  -  ResidentSetSize of job (KB)
...
005 (64536.003.000) 07/21 14:50:16 Job terminated.
	(1) Normal termination (return value 0)
		Usr 0 02:38:56, Sys 0 00:00:16  -  Run Remote Usage
		Usr 0 00:00:00, Sys 0 00:00:00  -  Run Local Usage
		Usr 0 02:38:56, Sys 0 00:00:16  -  Total Remote Usage
		Usr 0 00:00:00, Sys 0 00:00:00  -  Total Local Usage
	593747  -  Run Bytes Sent By Job
	45451000  -  Run Bytes Received By Job
	593747  -  Total Bytes Sent By Job
	45451000  -  Total Bytes Received By Job
	Partitionable Resources :    Usage  Request Allocated
	   Cpus                 :                 1         1
	   Disk (KB)            :    45000    45000  10092038
	   Memory (MB)          :      393        0      2004
...
005 (64536.004.000) 07/21 14:51:22 Job terminated.
	(1) Normal termination (return value 0)
		Usr 0 02:40:02, Sys 0 00:00:16  -  Run Remote Usage
		Usr 0 00:00:00, Sys 0 00:00:00  -  Run Local Usage
		Usr 0 02:40:02, Sys 0 00:00:16  -  Total Remote Usage
		Usr 0 00:00:00, Sys 0 00:00:00  -  Total Local Usage
	593645  -  Run Bytes Sent By Job
	45451000  -  Run Bytes Received By Job
	593645  -  Total Bytes Sent By Job
	45451000  -  Total Bytes Received By Job
	Partitionable Resources :    Usage  Request Allocated
	   Cpus                 :                 1         1
	   Disk (KB)            :    45000    45000  10608570
	   Memory (MB)          :      403        0      2004
...
006 (64536.002.000) 07/21 14:51:27 Image size of job updated: 395208
	386  -  MemoryUsage of job (MB)
	395208  -  ResidentSetSize of job (KB)
...
006 (64536.007.000) 07/21 14:51:31 Image size of job updated: 395904
	387  -  MemoryUsage of job (MB)
	395904  -  ResidentSetSize of job (KB)
...
005 (64536.000.000) 07/21 14:51:43 Job terminated.
	(1) Normal termination (return value 0)
		Usr 0 02:40:24, Sys 0 00:00:15  -  Run Remote Usage
		Usr 0 00:00:00, Sys 0 00:00:00  -  Run Local Usage
		Usr 0 02:40:24, Sys 0 00:00:15  -  Total Remote Usage
		Usr 0 00:00:00, Sys 0 00:00:00  -  Total Local Usage
	593724  -  Run Bytes Sent By Job
	45451000  -  Run Bytes Received By Job
	593724  -  Total Bytes Sent By Job
	45451000  -  Total Bytes Received By Job
	Partitionable Resources :    Usage  Request Allocated
	   Cpus                 :                 1         1
	   Disk (KB)            :    45000    45000  11861668
	   Memory (MB)          :      395        0      2004
...
005 (64536.006.000) 07/21 14:52:23 Job terminated.
	(1) Normal termination (return value 0)
		Usr 0 02:41:06, Sys 0 00:00:16  -  Run Remote Usage
		Usr 0 00:00:00, Sys 0 00:00:00  -  Run Local Usage
		Usr 0 02:41:06, Sys 0 00:00:16  -  Total Remote Usage
		Usr 0 00:00:00, Sys 0 00:00:00  -  Total Local Usage
	593171  -  Run Bytes Sent By Job
	45451000  -  Run Bytes Received By Job
	593171  -  Total Bytes Sent By Job
	45451000  -  Total Bytes Received By Job
	Partitionable Resources :    Usage  Request Allocated
	   Cpus                 :                 1         1
	   Disk (KB)            :    45000    45000  10608286
	   Memory (MB)          :      401        0      2004
...
005 (64536.002.000) 07/21 14:53:30 Job terminated.
	(1) Normal termination (return value 0)
		Usr 0 02:42:06, Sys 0 00:00:18  -  Run Remote Usage
		Usr 0 00:00:00, Sys 0 00:00:00  -  Run Local Usage
		Usr 0 02:42:06, Sys 0 00:00:18  -  Total Remote Usage
		Usr 0 00:00:00, Sys 0 00:00:00  -  Total Local Usage
	593000  -  Run Bytes Sent By Job
	45451000  -  Run Bytes Received By Job
	593000  -  Total Bytes Sent By Job
	45451000  -  Total Bytes Received By Job
	Partitionable Resources :    Usage  Request Allocated
	   Cpus                 :                 1         1
	   Disk (KB)            :    45000    45000  10049193
	   Memory (MB)          :      386        0      2004
...
006 (64536.007.000) 07/21 14:56:32 Image size of job updated: 397952
	389  -  MemoryUsage of job (MB)
	397952  -  ResidentSetSize of job (KB)
...
006 (64536.007.000) 07/21 15:01:32 Image size of job updated: 400020
	391  -  MemoryUsage of job (MB)
	400020  -  ResidentSetSize of job (KB)
...
006 (64536.007.000) 07/21 15:06:33 Image size of job updated: 406224
	397  -  MemoryUsage of job (MB)
	406224  -  ResidentSetSize of job (KB)
...
006 (64536.007.000) 07/21 15:16:34 Image size of job updated: 406260
	397  -  MemoryUsage of job (MB)
	406260  -  ResidentSetSize of job (KB)
...
006 (64536.007.000) 07/21 16:16:42 Image size of job updated: 406296
	397  -  MemoryUsage of job (MB)
	406296  -  ResidentSetSize of job (KB)
...
006 (64536.007.000) 07/21 19:57:12 Image size of job updated: 406456
	397  -  MemoryUsage of job (MB)
	406456  -  ResidentSetSize of job (KB)
...
006 (64536.007.000) 07/21 23:27:31 Image size of job updated: 406588
	398  -  MemoryUsage of job (MB)
	406588  -  ResidentSetSize of job (KB)
...
006 (64536.007.000) 07/22 00:42:37 Image size of job updated: 406720
	398  -  MemoryUsage of job (MB)
	406720  -  ResidentSetSize of job (KB)
...
006 (64536.007.000) 07/22 03:07:54 Image size of job updated: 406776
	398  -  MemoryUsage of job (MB)
	406776  -  ResidentSetSize of job (KB)
...
005 (64536.007.000) 07/22 05:36:19 Job terminated.
	(1) Normal termination (return value 0)
		Usr 0 17:27:38, Sys 0 00:05:22  -  Run Remote Usage
		Usr 0 00:00:00, Sys 0 00:00:00  -  Run Local Usage
		Usr 0 17:27:38, Sys 0 00:05:22  -  Total Remote Usage
		Usr 0 00:00:00, Sys 0 00:00:00  -  Total Local Usage
	592369  -  Run Bytes Sent By Job
	45451000  -  Run Bytes Received By Job
	592369  -  Total Bytes Sent By Job
	45451000  -  Total Bytes Received By Job
	Partitionable Resources :    Usage  Request Allocated
	   Cpus                 :                 1         1
	   Disk (KB)            :    45000    45000  10607864
	   Memory (MB)          :      398        0      2004
...
