000 (64533.000.000) 07/21 12:08:03 Job submitted from host: <139.153.252.230:9618?addrs=139.153.252.230-9618+[--1]-9618&noUDP&sock=729_9ca1_4>
...
000 (64533.001.000) 07/21 12:08:03 Job submitted from host: <139.153.252.230:9618?addrs=139.153.252.230-9618+[--1]-9618&noUDP&sock=729_9ca1_4>
...
000 (64533.002.000) 07/21 12:08:03 Job submitted from host: <139.153.252.230:9618?addrs=139.153.252.230-9618+[--1]-9618&noUDP&sock=729_9ca1_4>
...
000 (64533.003.000) 07/21 12:08:03 Job submitted from host: <139.153.252.230:9618?addrs=139.153.252.230-9618+[--1]-9618&noUDP&sock=729_9ca1_4>
...
000 (64533.004.000) 07/21 12:08:03 Job submitted from host: <139.153.252.230:9618?addrs=139.153.252.230-9618+[--1]-9618&noUDP&sock=729_9ca1_4>
...
000 (64533.005.000) 07/21 12:08:03 Job submitted from host: <139.153.252.230:9618?addrs=139.153.252.230-9618+[--1]-9618&noUDP&sock=729_9ca1_4>
...
000 (64533.006.000) 07/21 12:08:03 Job submitted from host: <139.153.252.230:9618?addrs=139.153.252.230-9618+[--1]-9618&noUDP&sock=729_9ca1_4>
...
000 (64533.007.000) 07/21 12:08:03 Job submitted from host: <139.153.252.230:9618?addrs=139.153.252.230-9618+[--1]-9618&noUDP&sock=729_9ca1_4>
...
000 (64533.008.000) 07/21 12:08:03 Job submitted from host: <139.153.252.230:9618?addrs=139.153.252.230-9618+[--1]-9618&noUDP&sock=729_9ca1_4>
...
000 (64533.009.000) 07/21 12:08:03 Job submitted from host: <139.153.252.230:9618?addrs=139.153.252.230-9618+[--1]-9618&noUDP&sock=729_9ca1_4>
...
001 (64533.001.000) 07/21 12:08:07 Job executing on host: <139.153.252.242:9618?addrs=139.153.252.242-9618+[--1]-9618&noUDP&sock=1011_0a56_3>
...
001 (64533.000.000) 07/21 12:08:09 Job executing on host: <139.153.252.237:9618?addrs=139.153.252.237-9618+[--1]-9618&noUDP&sock=2101_b091_3>
...
001 (64533.008.000) 07/21 12:08:09 Job executing on host: <139.153.252.231:9618?addrs=139.153.252.231-9618+[--1]-9618&noUDP&sock=995_10d2_3>
...
001 (64533.009.000) 07/21 12:08:09 Job executing on host: <139.153.252.232:9618?addrs=139.153.252.232-9618+[--1]-9618&noUDP&sock=2167_f5d1_3>
...
001 (64533.005.000) 07/21 12:08:09 Job executing on host: <139.153.252.241:9618?addrs=139.153.252.241-9618+[--1]-9618&noUDP&sock=1072_e19d_3>
...
001 (64533.003.000) 07/21 12:08:09 Job executing on host: <139.153.252.239:9618?addrs=139.153.252.239-9618+[--1]-9618&noUDP&sock=1028_b372_3>
...
001 (64533.002.000) 07/21 12:08:09 Job executing on host: <139.153.252.238:9618?addrs=139.153.252.238-9618+[--1]-9618&noUDP&sock=1065_1473_3>
...
001 (64533.006.000) 07/21 12:08:09 Job executing on host: <139.153.252.242:9618?addrs=139.153.252.242-9618+[--1]-9618&noUDP&sock=1011_0a56_3>
...
001 (64533.004.000) 07/21 12:08:09 Job executing on host: <139.153.252.240:9618?addrs=139.153.252.240-9618+[--1]-9618&noUDP&sock=1047_bbbf_3>
...
001 (64533.007.000) 07/21 12:08:09 Job executing on host: <139.153.252.243:9618?addrs=139.153.252.243-9618+[--1]-9618&noUDP&sock=1374_0737_3>
...
006 (64533.001.000) 07/21 12:08:16 Image size of job updated: 184308
	180  -  MemoryUsage of job (MB)
	184308  -  ResidentSetSize of job (KB)
...
006 (64533.008.000) 07/21 12:08:17 Image size of job updated: 178600
	175  -  MemoryUsage of job (MB)
	178600  -  ResidentSetSize of job (KB)
...
006 (64533.000.000) 07/21 12:08:17 Image size of job updated: 180668
	177  -  MemoryUsage of job (MB)
	180668  -  ResidentSetSize of job (KB)
...
006 (64533.009.000) 07/21 12:08:17 Image size of job updated: 177104
	173  -  MemoryUsage of job (MB)
	177104  -  ResidentSetSize of job (KB)
...
006 (64533.003.000) 07/21 12:08:17 Image size of job updated: 178640
	175  -  MemoryUsage of job (MB)
	178640  -  ResidentSetSize of job (KB)
...
006 (64533.002.000) 07/21 12:08:17 Image size of job updated: 181008
	177  -  MemoryUsage of job (MB)
	181008  -  ResidentSetSize of job (KB)
...
006 (64533.004.000) 07/21 12:08:17 Image size of job updated: 180732
	177  -  MemoryUsage of job (MB)
	180732  -  ResidentSetSize of job (KB)
...
006 (64533.007.000) 07/21 12:08:17 Image size of job updated: 178164
	174  -  MemoryUsage of job (MB)
	178164  -  ResidentSetSize of job (KB)
...
006 (64533.006.000) 07/21 12:08:17 Image size of job updated: 171784
	168  -  MemoryUsage of job (MB)
	171784  -  ResidentSetSize of job (KB)
...
006 (64533.005.000) 07/21 12:08:17 Image size of job updated: 64048
	63  -  MemoryUsage of job (MB)
	64048  -  ResidentSetSize of job (KB)
...
006 (64533.001.000) 07/21 12:13:17 Image size of job updated: 301572
	295  -  MemoryUsage of job (MB)
	301572  -  ResidentSetSize of job (KB)
...
006 (64533.008.000) 07/21 12:13:17 Image size of job updated: 297520
	291  -  MemoryUsage of job (MB)
	297520  -  ResidentSetSize of job (KB)
...
006 (64533.000.000) 07/21 12:13:17 Image size of job updated: 314748
	308  -  MemoryUsage of job (MB)
	314748  -  ResidentSetSize of job (KB)
...
006 (64533.009.000) 07/21 12:13:17 Image size of job updated: 313192
	306  -  MemoryUsage of job (MB)
	313192  -  ResidentSetSize of job (KB)
...
006 (64533.003.000) 07/21 12:13:17 Image size of job updated: 295460
	289  -  MemoryUsage of job (MB)
	295460  -  ResidentSetSize of job (KB)
...
006 (64533.002.000) 07/21 12:13:17 Image size of job updated: 304400
	298  -  MemoryUsage of job (MB)
	304400  -  ResidentSetSize of job (KB)
...
006 (64533.004.000) 07/21 12:13:17 Image size of job updated: 322752
	316  -  MemoryUsage of job (MB)
	322752  -  ResidentSetSize of job (KB)
...
006 (64533.006.000) 07/21 12:13:17 Image size of job updated: 309200
	302  -  MemoryUsage of job (MB)
	309200  -  ResidentSetSize of job (KB)
...
006 (64533.007.000) 07/21 12:13:17 Image size of job updated: 307460
	301  -  MemoryUsage of job (MB)
	307460  -  ResidentSetSize of job (KB)
...
006 (64533.005.000) 07/21 12:13:18 Image size of job updated: 312768
	306  -  MemoryUsage of job (MB)
	312768  -  ResidentSetSize of job (KB)
...
006 (64533.002.000) 07/21 12:18:18 Image size of job updated: 304532
	298  -  MemoryUsage of job (MB)
	304532  -  ResidentSetSize of job (KB)
...
006 (64533.004.000) 07/21 12:18:18 Image size of job updated: 322884
	316  -  MemoryUsage of job (MB)
	322884  -  ResidentSetSize of job (KB)
...
006 (64533.006.000) 07/21 12:18:18 Image size of job updated: 309332
	303  -  MemoryUsage of job (MB)
	309332  -  ResidentSetSize of job (KB)
...
006 (64533.008.000) 07/21 12:18:18 Image size of job updated: 297652
	291  -  MemoryUsage of job (MB)
	297652  -  ResidentSetSize of job (KB)
...
006 (64533.000.000) 07/21 12:18:18 Image size of job updated: 314880
	308  -  MemoryUsage of job (MB)
	314880  -  ResidentSetSize of job (KB)
...
006 (64533.009.000) 07/21 12:18:18 Image size of job updated: 313324
	306  -  MemoryUsage of job (MB)
	313324  -  ResidentSetSize of job (KB)
...
006 (64533.003.000) 07/21 12:18:19 Image size of job updated: 295592
	289  -  MemoryUsage of job (MB)
	295592  -  ResidentSetSize of job (KB)
...
006 (64533.001.000) 07/21 12:23:17 Image size of job updated: 305732
	299  -  MemoryUsage of job (MB)
	305732  -  ResidentSetSize of job (KB)
...
006 (64533.004.000) 07/21 12:23:18 Image size of job updated: 325032
	318  -  MemoryUsage of job (MB)
	325032  -  ResidentSetSize of job (KB)
...
006 (64533.002.000) 07/21 12:23:18 Image size of job updated: 310344
	304  -  MemoryUsage of job (MB)
	310344  -  ResidentSetSize of job (KB)
...
006 (64533.006.000) 07/21 12:23:18 Image size of job updated: 309464
	303  -  MemoryUsage of job (MB)
	309464  -  ResidentSetSize of job (KB)
...
006 (64533.007.000) 07/21 12:23:18 Image size of job updated: 307592
	301  -  MemoryUsage of job (MB)
	307592  -  ResidentSetSize of job (KB)
...
006 (64533.003.000) 07/21 12:23:19 Image size of job updated: 299788
	293  -  MemoryUsage of job (MB)
	299788  -  ResidentSetSize of job (KB)
...
006 (64533.005.000) 07/21 12:23:19 Image size of job updated: 314740
	308  -  MemoryUsage of job (MB)
	314740  -  ResidentSetSize of job (KB)
...
006 (64533.004.000) 07/21 12:28:18 Image size of job updated: 325972
	319  -  MemoryUsage of job (MB)
	325972  -  ResidentSetSize of job (KB)
...
006 (64533.006.000) 07/21 12:28:18 Image size of job updated: 312904
	306  -  MemoryUsage of job (MB)
	312904  -  ResidentSetSize of job (KB)
...
006 (64533.007.000) 07/21 12:28:18 Image size of job updated: 312208
	305  -  MemoryUsage of job (MB)
	312208  -  ResidentSetSize of job (KB)
...
006 (64533.000.000) 07/21 12:28:19 Image size of job updated: 318544
	312  -  MemoryUsage of job (MB)
	318544  -  ResidentSetSize of job (KB)
...
006 (64533.009.000) 07/21 12:28:19 Image size of job updated: 313456
	307  -  MemoryUsage of job (MB)
	313456  -  ResidentSetSize of job (KB)
...
006 (64533.001.000) 07/21 12:33:19 Image size of job updated: 305864
	299  -  MemoryUsage of job (MB)
	305864  -  ResidentSetSize of job (KB)
...
006 (64533.008.000) 07/21 12:33:19 Image size of job updated: 300280
	294  -  MemoryUsage of job (MB)
	300280  -  ResidentSetSize of job (KB)
...
006 (64533.000.000) 07/21 12:33:19 Image size of job updated: 318676
	312  -  MemoryUsage of job (MB)
	318676  -  ResidentSetSize of job (KB)
...
006 (64533.004.000) 07/21 12:33:19 Image size of job updated: 326104
	319  -  MemoryUsage of job (MB)
	326104  -  ResidentSetSize of job (KB)
...
006 (64533.002.000) 07/21 12:33:19 Image size of job updated: 310608
	304  -  MemoryUsage of job (MB)
	310608  -  ResidentSetSize of job (KB)
...
006 (64533.007.000) 07/21 12:33:19 Image size of job updated: 312340
	306  -  MemoryUsage of job (MB)
	312340  -  ResidentSetSize of job (KB)
...
006 (64533.009.000) 07/21 12:33:20 Image size of job updated: 316720
	310  -  MemoryUsage of job (MB)
	316720  -  ResidentSetSize of job (KB)
...
006 (64533.005.000) 07/21 12:33:21 Image size of job updated: 314872
	308  -  MemoryUsage of job (MB)
	314872  -  ResidentSetSize of job (KB)
...
006 (64533.001.000) 07/21 12:38:19 Image size of job updated: 305996
	299  -  MemoryUsage of job (MB)
	305996  -  ResidentSetSize of job (KB)
...
006 (64533.008.000) 07/21 12:38:20 Image size of job updated: 341404
	334  -  MemoryUsage of job (MB)
	341404  -  ResidentSetSize of job (KB)
...
006 (64533.002.000) 07/21 12:38:20 Image size of job updated: 310740
	304  -  MemoryUsage of job (MB)
	310740  -  ResidentSetSize of job (KB)
...
006 (64533.009.000) 07/21 12:38:21 Image size of job updated: 357928
	350  -  MemoryUsage of job (MB)
	357928  -  ResidentSetSize of job (KB)
...
006 (64533.008.000) 07/21 12:43:20 Image size of job updated: 343468
	336  -  MemoryUsage of job (MB)
	343468  -  ResidentSetSize of job (KB)
...
006 (64533.000.000) 07/21 12:43:20 Image size of job updated: 362008
	354  -  MemoryUsage of job (MB)
	362008  -  ResidentSetSize of job (KB)
...
006 (64533.004.000) 07/21 12:43:20 Image size of job updated: 369456
	361  -  MemoryUsage of job (MB)
	369456  -  ResidentSetSize of job (KB)
...
006 (64533.002.000) 07/21 12:43:20 Image size of job updated: 353920
	346  -  MemoryUsage of job (MB)
	353920  -  ResidentSetSize of job (KB)
...
006 (64533.006.000) 07/21 12:43:20 Image size of job updated: 356288
	348  -  MemoryUsage of job (MB)
	356288  -  ResidentSetSize of job (KB)
...
006 (64533.007.000) 07/21 12:43:20 Image size of job updated: 355660
	348  -  MemoryUsage of job (MB)
	355660  -  ResidentSetSize of job (KB)
...
006 (64533.001.000) 07/21 12:43:20 Image size of job updated: 349148
	341  -  MemoryUsage of job (MB)
	349148  -  ResidentSetSize of job (KB)
...
006 (64533.009.000) 07/21 12:43:21 Image size of job updated: 360000
	352  -  MemoryUsage of job (MB)
	360000  -  ResidentSetSize of job (KB)
...
006 (64533.003.000) 07/21 12:43:21 Image size of job updated: 342964
	335  -  MemoryUsage of job (MB)
	342964  -  ResidentSetSize of job (KB)
...
006 (64533.008.000) 07/21 12:48:20 Image size of job updated: 345680
	338  -  MemoryUsage of job (MB)
	345680  -  ResidentSetSize of job (KB)
...
006 (64533.001.000) 07/21 12:48:21 Image size of job updated: 351400
	344  -  MemoryUsage of job (MB)
	351400  -  ResidentSetSize of job (KB)
...
006 (64533.009.000) 07/21 12:48:21 Image size of job updated: 362040
	354  -  MemoryUsage of job (MB)
	362040  -  ResidentSetSize of job (KB)
...
006 (64533.002.000) 07/21 12:48:21 Image size of job updated: 356108
	348  -  MemoryUsage of job (MB)
	356108  -  ResidentSetSize of job (KB)
...
006 (64533.004.000) 07/21 12:48:21 Image size of job updated: 371640
	363  -  MemoryUsage of job (MB)
	371640  -  ResidentSetSize of job (KB)
...
006 (64533.006.000) 07/21 12:48:21 Image size of job updated: 356420
	349  -  MemoryUsage of job (MB)
	356420  -  ResidentSetSize of job (KB)
...
006 (64533.007.000) 07/21 12:48:21 Image size of job updated: 357876
	350  -  MemoryUsage of job (MB)
	357876  -  ResidentSetSize of job (KB)
...
006 (64533.001.000) 07/21 12:53:21 Image size of job updated: 353496
	346  -  MemoryUsage of job (MB)
	353496  -  ResidentSetSize of job (KB)
...
006 (64533.008.000) 07/21 12:53:21 Image size of job updated: 347824
	340  -  MemoryUsage of job (MB)
	347824  -  ResidentSetSize of job (KB)
...
006 (64533.000.000) 07/21 12:53:21 Image size of job updated: 364104
	356  -  MemoryUsage of job (MB)
	364104  -  ResidentSetSize of job (KB)
...
006 (64533.009.000) 07/21 12:53:22 Image size of job updated: 364140
	356  -  MemoryUsage of job (MB)
	364140  -  ResidentSetSize of job (KB)
...
006 (64533.003.000) 07/21 12:53:22 Image size of job updated: 345084
	337  -  MemoryUsage of job (MB)
	345084  -  ResidentSetSize of job (KB)
...
006 (64533.006.000) 07/21 12:53:22 Image size of job updated: 358496
	351  -  MemoryUsage of job (MB)
	358496  -  ResidentSetSize of job (KB)
...
006 (64533.007.000) 07/21 12:53:22 Image size of job updated: 359952
	352  -  MemoryUsage of job (MB)
	359952  -  ResidentSetSize of job (KB)
...
006 (64533.001.000) 07/21 12:58:21 Image size of job updated: 355620
	348  -  MemoryUsage of job (MB)
	355620  -  ResidentSetSize of job (KB)
...
006 (64533.008.000) 07/21 12:58:22 Image size of job updated: 349952
	342  -  MemoryUsage of job (MB)
	349952  -  ResidentSetSize of job (KB)
...
006 (64533.000.000) 07/21 12:58:22 Image size of job updated: 366208
	358  -  MemoryUsage of job (MB)
	366208  -  ResidentSetSize of job (KB)
...
006 (64533.009.000) 07/21 12:58:22 Image size of job updated: 366244
	358  -  MemoryUsage of job (MB)
	366244  -  ResidentSetSize of job (KB)
...
006 (64533.003.000) 07/21 12:58:22 Image size of job updated: 347196
	340  -  MemoryUsage of job (MB)
	347196  -  ResidentSetSize of job (KB)
...
006 (64533.002.000) 07/21 12:58:22 Image size of job updated: 358220
	350  -  MemoryUsage of job (MB)
	358220  -  ResidentSetSize of job (KB)
...
006 (64533.004.000) 07/21 12:58:22 Image size of job updated: 373728
	365  -  MemoryUsage of job (MB)
	373728  -  ResidentSetSize of job (KB)
...
006 (64533.006.000) 07/21 12:58:22 Image size of job updated: 360580
	353  -  MemoryUsage of job (MB)
	360580  -  ResidentSetSize of job (KB)
...
006 (64533.007.000) 07/21 12:58:22 Image size of job updated: 362044
	354  -  MemoryUsage of job (MB)
	362044  -  ResidentSetSize of job (KB)
...
006 (64533.005.000) 07/21 12:58:22 Image size of job updated: 315004
	308  -  MemoryUsage of job (MB)
	315004  -  ResidentSetSize of job (KB)
...
006 (64533.001.000) 07/21 13:03:22 Image size of job updated: 357720
	350  -  MemoryUsage of job (MB)
	357720  -  ResidentSetSize of job (KB)
...
006 (64533.008.000) 07/21 13:03:22 Image size of job updated: 352016
	344  -  MemoryUsage of job (MB)
	352016  -  ResidentSetSize of job (KB)
...
006 (64533.000.000) 07/21 13:03:22 Image size of job updated: 368308
	360  -  MemoryUsage of job (MB)
	368308  -  ResidentSetSize of job (KB)
...
006 (64533.009.000) 07/21 13:03:22 Image size of job updated: 368336
	360  -  MemoryUsage of job (MB)
	368336  -  ResidentSetSize of job (KB)
...
006 (64533.003.000) 07/21 13:03:22 Image size of job updated: 349316
	342  -  MemoryUsage of job (MB)
	349316  -  ResidentSetSize of job (KB)
...
006 (64533.004.000) 07/21 13:03:22 Image size of job updated: 375792
	367  -  MemoryUsage of job (MB)
	375792  -  ResidentSetSize of job (KB)
...
006 (64533.002.000) 07/21 13:03:22 Image size of job updated: 360280
	352  -  MemoryUsage of job (MB)
	360280  -  ResidentSetSize of job (KB)
...
006 (64533.006.000) 07/21 13:03:22 Image size of job updated: 362660
	355  -  MemoryUsage of job (MB)
	362660  -  ResidentSetSize of job (KB)
...
006 (64533.007.000) 07/21 13:03:22 Image size of job updated: 364204
	356  -  MemoryUsage of job (MB)
	364204  -  ResidentSetSize of job (KB)
...
006 (64533.005.000) 07/21 13:03:23 Image size of job updated: 315136
	308  -  MemoryUsage of job (MB)
	315136  -  ResidentSetSize of job (KB)
...
006 (64533.001.000) 07/21 13:08:22 Image size of job updated: 359828
	352  -  MemoryUsage of job (MB)
	359828  -  ResidentSetSize of job (KB)
...
006 (64533.007.000) 07/21 13:08:23 Image size of job updated: 366412
	358  -  MemoryUsage of job (MB)
	366412  -  ResidentSetSize of job (KB)
...
006 (64533.008.000) 07/21 13:08:23 Image size of job updated: 384388
	376  -  MemoryUsage of job (MB)
	384388  -  ResidentSetSize of job (KB)
...
006 (64533.000.000) 07/21 13:08:23 Image size of job updated: 370476
	362  -  MemoryUsage of job (MB)
	370476  -  ResidentSetSize of job (KB)
...
006 (64533.009.000) 07/21 13:08:23 Image size of job updated: 400788
	392  -  MemoryUsage of job (MB)
	400788  -  ResidentSetSize of job (KB)
...
006 (64533.003.000) 07/21 13:08:23 Image size of job updated: 351384
	344  -  MemoryUsage of job (MB)
	351384  -  ResidentSetSize of job (KB)
...
006 (64533.004.000) 07/21 13:08:23 Image size of job updated: 377884
	370  -  MemoryUsage of job (MB)
	377884  -  ResidentSetSize of job (KB)
...
006 (64533.002.000) 07/21 13:08:23 Image size of job updated: 362304
	354  -  MemoryUsage of job (MB)
	362304  -  ResidentSetSize of job (KB)
...
006 (64533.006.000) 07/21 13:08:24 Image size of job updated: 364856
	357  -  MemoryUsage of job (MB)
	364856  -  ResidentSetSize of job (KB)
...
006 (64533.001.000) 07/21 13:13:22 Image size of job updated: 390256
	382  -  MemoryUsage of job (MB)
	390256  -  ResidentSetSize of job (KB)
...
006 (64533.007.000) 07/21 13:13:23 Image size of job updated: 396680
	388  -  MemoryUsage of job (MB)
	396680  -  ResidentSetSize of job (KB)
...
006 (64533.000.000) 07/21 13:13:24 Image size of job updated: 402492
	394  -  MemoryUsage of job (MB)
	402492  -  ResidentSetSize of job (KB)
...
006 (64533.003.000) 07/21 13:13:24 Image size of job updated: 383524
	375  -  MemoryUsage of job (MB)
	383524  -  ResidentSetSize of job (KB)
...
006 (64533.004.000) 07/21 13:13:24 Image size of job updated: 415832
	407  -  MemoryUsage of job (MB)
	415832  -  ResidentSetSize of job (KB)
...
006 (64533.002.000) 07/21 13:13:24 Image size of job updated: 394636
	386  -  MemoryUsage of job (MB)
	394636  -  ResidentSetSize of job (KB)
...
006 (64533.006.000) 07/21 13:13:24 Image size of job updated: 397052
	388  -  MemoryUsage of job (MB)
	397052  -  ResidentSetSize of job (KB)
...
006 (64533.004.000) 07/21 13:33:26 Image size of job updated: 415852
	407  -  MemoryUsage of job (MB)
	415852  -  ResidentSetSize of job (KB)
...
006 (64533.008.000) 07/21 13:53:28 Image size of job updated: 384624
	376  -  MemoryUsage of job (MB)
	384624  -  ResidentSetSize of job (KB)
...
006 (64533.001.000) 07/21 13:58:28 Image size of job updated: 390260
	382  -  MemoryUsage of job (MB)
	390260  -  ResidentSetSize of job (KB)
...
006 (64533.008.000) 07/21 13:58:28 Image size of job updated: 384756
	376  -  MemoryUsage of job (MB)
	384756  -  ResidentSetSize of job (KB)
...
006 (64533.009.000) 07/21 13:58:29 Image size of job updated: 401080
	392  -  MemoryUsage of job (MB)
	401080  -  ResidentSetSize of job (KB)
...
006 (64533.000.000) 07/21 14:03:29 Image size of job updated: 402776
	394  -  MemoryUsage of job (MB)
	402776  -  ResidentSetSize of job (KB)
...
006 (64533.002.000) 07/21 14:03:29 Image size of job updated: 394860
	386  -  MemoryUsage of job (MB)
	394860  -  ResidentSetSize of job (KB)
...
006 (64533.006.000) 07/21 14:03:29 Image size of job updated: 397188
	388  -  MemoryUsage of job (MB)
	397188  -  ResidentSetSize of job (KB)
...
006 (64533.007.000) 07/21 14:03:29 Image size of job updated: 396952
	388  -  MemoryUsage of job (MB)
	396952  -  ResidentSetSize of job (KB)
...
006 (64533.003.000) 07/21 14:03:30 Image size of job updated: 383632
	375  -  MemoryUsage of job (MB)
	383632  -  ResidentSetSize of job (KB)
...
006 (64533.004.000) 07/21 14:08:29 Image size of job updated: 415984
	407  -  MemoryUsage of job (MB)
	415984  -  ResidentSetSize of job (KB)
...
005 (64533.008.000) 07/21 14:26:26 Job terminated.
	(1) Normal termination (return value 0)
		Usr 0 02:18:11, Sys 0 00:00:13  -  Run Remote Usage
		Usr 0 00:00:00, Sys 0 00:00:00  -  Run Local Usage
		Usr 0 02:18:11, Sys 0 00:00:13  -  Total Remote Usage
		Usr 0 00:00:00, Sys 0 00:00:00  -  Total Local Usage
	579704  -  Run Bytes Sent By Job
	45451000  -  Run Bytes Received By Job
	579704  -  Total Bytes Sent By Job
	45451000  -  Total Bytes Received By Job
	Partitionable Resources :    Usage  Request Allocated
	   Cpus                 :                 1         1
	   Disk (KB)            :    45000    45000  11883160
	   Memory (MB)          :      376        0      2004
...
005 (64533.009.000) 07/21 14:29:06 Job terminated.
	(1) Normal termination (return value 0)
		Usr 0 02:20:58, Sys 0 00:00:15  -  Run Remote Usage
		Usr 0 00:00:00, Sys 0 00:00:00  -  Run Local Usage
		Usr 0 02:20:58, Sys 0 00:00:15  -  Total Remote Usage
		Usr 0 00:00:00, Sys 0 00:00:00  -  Total Local Usage
	580216  -  Run Bytes Sent By Job
	45451000  -  Run Bytes Received By Job
	580216  -  Total Bytes Sent By Job
	45451000  -  Total Bytes Received By Job
	Partitionable Resources :    Usage  Request Allocated
	   Cpus                 :                 1         1
	   Disk (KB)            :    45000    45000  11902753
	   Memory (MB)          :      392        0      2004
...
006 (64533.005.000) 07/21 14:33:29 Image size of job updated: 315268
	308  -  MemoryUsage of job (MB)
	315268  -  ResidentSetSize of job (KB)
...
005 (64533.001.000) 07/21 14:35:26 Job terminated.
	(1) Normal termination (return value 0)
		Usr 0 02:27:19, Sys 0 00:00:14  -  Run Remote Usage
		Usr 0 00:00:00, Sys 0 00:00:00  -  Run Local Usage
		Usr 0 02:27:19, Sys 0 00:00:14  -  Total Remote Usage
		Usr 0 00:00:00, Sys 0 00:00:00  -  Total Local Usage
	579879  -  Run Bytes Sent By Job
	45451000  -  Run Bytes Received By Job
	579879  -  Total Bytes Sent By Job
	45451000  -  Total Bytes Received By Job
	Partitionable Resources :    Usage  Request Allocated
	   Cpus                 :                 1         1
	   Disk (KB)            :    45000    45000  10608117
	   Memory (MB)          :      382        0      2004
...
005 (64533.007.000) 07/21 14:35:46 Job terminated.
	(1) Normal termination (return value 0)
		Usr 0 02:27:42, Sys 0 00:00:15  -  Run Remote Usage
		Usr 0 00:00:00, Sys 0 00:00:00  -  Run Local Usage
		Usr 0 02:27:42, Sys 0 00:00:15  -  Total Remote Usage
		Usr 0 00:00:00, Sys 0 00:00:00  -  Total Local Usage
	579806  -  Run Bytes Sent By Job
	45451000  -  Run Bytes Received By Job
	579806  -  Total Bytes Sent By Job
	45451000  -  Total Bytes Received By Job
	Partitionable Resources :    Usage  Request Allocated
	   Cpus                 :                 1         1
	   Disk (KB)            :    45000    45000  10609299
	   Memory (MB)          :      388        0      2004
...
005 (64533.006.000) 07/21 14:36:42 Job terminated.
	(1) Normal termination (return value 0)
		Usr 0 02:28:34, Sys 0 00:00:14  -  Run Remote Usage
		Usr 0 00:00:00, Sys 0 00:00:00  -  Run Local Usage
		Usr 0 02:28:34, Sys 0 00:00:14  -  Total Remote Usage
		Usr 0 00:00:00, Sys 0 00:00:00  -  Total Local Usage
	579604  -  Run Bytes Sent By Job
	45451000  -  Run Bytes Received By Job
	579604  -  Total Bytes Sent By Job
	45451000  -  Total Bytes Received By Job
	Partitionable Resources :    Usage  Request Allocated
	   Cpus                 :                 1         1
	   Disk (KB)            :    45000    45000  10608117
	   Memory (MB)          :      388        0      2004
...
005 (64533.000.000) 07/21 14:36:59 Job terminated.
	(1) Normal termination (return value 0)
		Usr 0 02:28:54, Sys 0 00:00:15  -  Run Remote Usage
		Usr 0 00:00:00, Sys 0 00:00:00  -  Run Local Usage
		Usr 0 02:28:54, Sys 0 00:00:15  -  Total Remote Usage
		Usr 0 00:00:00, Sys 0 00:00:00  -  Total Local Usage
	579830  -  Run Bytes Sent By Job
	45451000  -  Run Bytes Received By Job
	579830  -  Total Bytes Sent By Job
	45451000  -  Total Bytes Received By Job
	Partitionable Resources :    Usage  Request Allocated
	   Cpus                 :                 1         1
	   Disk (KB)            :    45000    45000  10092038
	   Memory (MB)          :      394        0      2004
...
005 (64533.002.000) 07/21 14:38:12 Job terminated.
	(1) Normal termination (return value 0)
		Usr 0 02:30:05, Sys 0 00:00:15  -  Run Remote Usage
		Usr 0 00:00:00, Sys 0 00:00:00  -  Run Local Usage
		Usr 0 02:30:05, Sys 0 00:00:15  -  Total Remote Usage
		Usr 0 00:00:00, Sys 0 00:00:00  -  Total Local Usage
	579858  -  Run Bytes Sent By Job
	45451000  -  Run Bytes Received By Job
	579858  -  Total Bytes Sent By Job
	45451000  -  Total Bytes Received By Job
	Partitionable Resources :    Usage  Request Allocated
	   Cpus                 :                 1         1
	   Disk (KB)            :    45000    45000  10608570
	   Memory (MB)          :      386        0      2004
...
005 (64533.003.000) 07/21 14:38:20 Job terminated.
	(1) Normal termination (return value 0)
		Usr 0 02:30:08, Sys 0 00:00:16  -  Run Remote Usage
		Usr 0 00:00:00, Sys 0 00:00:00  -  Run Local Usage
		Usr 0 02:30:08, Sys 0 00:00:16  -  Total Remote Usage
		Usr 0 00:00:00, Sys 0 00:00:00  -  Total Local Usage
	579688  -  Run Bytes Sent By Job
	45451000  -  Run Bytes Received By Job
	579688  -  Total Bytes Sent By Job
	45451000  -  Total Bytes Received By Job
	Partitionable Resources :    Usage  Request Allocated
	   Cpus                 :                 1         1
	   Disk (KB)            :    45000    45000  10609806
	   Memory (MB)          :      375        0      2004
...
006 (64533.005.000) 07/21 14:38:29 Image size of job updated: 315400
	309  -  MemoryUsage of job (MB)
	315400  -  ResidentSetSize of job (KB)
...
005 (64533.004.000) 07/21 14:39:44 Job terminated.
	(1) Normal termination (return value 0)
		Usr 0 02:31:39, Sys 0 00:00:15  -  Run Remote Usage
		Usr 0 00:00:00, Sys 0 00:00:00  -  Run Local Usage
		Usr 0 02:31:39, Sys 0 00:00:15  -  Total Remote Usage
		Usr 0 00:00:00, Sys 0 00:00:00  -  Total Local Usage
	579165  -  Run Bytes Sent By Job
	45451000  -  Run Bytes Received By Job
	579165  -  Total Bytes Sent By Job
	45451000  -  Total Bytes Received By Job
	Partitionable Resources :    Usage  Request Allocated
	   Cpus                 :                 1         1
	   Disk (KB)            :    45000    45000  10608286
	   Memory (MB)          :      407        0      2004
...
006 (64533.005.000) 07/21 15:23:34 Image size of job updated: 315532
	309  -  MemoryUsage of job (MB)
	315532  -  ResidentSetSize of job (KB)
...
006 (64533.005.000) 07/21 15:28:34 Image size of job updated: 356896
	349  -  MemoryUsage of job (MB)
	356896  -  ResidentSetSize of job (KB)
...
006 (64533.005.000) 07/21 15:43:36 Image size of job updated: 358956
	351  -  MemoryUsage of job (MB)
	358956  -  ResidentSetSize of job (KB)
...
006 (64533.005.000) 07/21 16:18:41 Image size of job updated: 361128
	353  -  MemoryUsage of job (MB)
	361128  -  ResidentSetSize of job (KB)
...
006 (64533.005.000) 07/21 16:23:42 Image size of job updated: 361260
	353  -  MemoryUsage of job (MB)
	361260  -  ResidentSetSize of job (KB)
...
006 (64533.005.000) 07/21 16:48:45 Image size of job updated: 363356
	355  -  MemoryUsage of job (MB)
	363356  -  ResidentSetSize of job (KB)
...
006 (64533.005.000) 07/21 17:23:50 Image size of job updated: 365448
	357  -  MemoryUsage of job (MB)
	365448  -  ResidentSetSize of job (KB)
...
006 (64533.005.000) 07/21 17:58:54 Image size of job updated: 367524
	359  -  MemoryUsage of job (MB)
	367524  -  ResidentSetSize of job (KB)
...
006 (64533.005.000) 07/21 18:28:58 Image size of job updated: 369620
	361  -  MemoryUsage of job (MB)
	369620  -  ResidentSetSize of job (KB)
...
006 (64533.005.000) 07/21 18:33:59 Image size of job updated: 405348
	396  -  MemoryUsage of job (MB)
	405348  -  ResidentSetSize of job (KB)
...
006 (64533.005.000) 07/21 18:44:00 Image size of job updated: 405384
	396  -  MemoryUsage of job (MB)
	405384  -  ResidentSetSize of job (KB)
...
006 (64533.005.000) 07/22 03:32:03 Image size of job updated: 3537348
	396  -  MemoryUsage of job (MB)
	405384  -  ResidentSetSize of job (KB)
...
005 (64533.005.000) 07/22 03:32:03 Job terminated.
	(1) Normal termination (return value 0)
		Usr 0 15:26:48, Sys 0 00:04:52  -  Run Remote Usage
		Usr 0 00:00:00, Sys 0 00:00:00  -  Run Local Usage
		Usr 0 15:26:48, Sys 0 00:04:52  -  Total Remote Usage
		Usr 0 00:00:00, Sys 0 00:00:00  -  Total Local Usage
	579551  -  Run Bytes Sent By Job
	45451000  -  Run Bytes Received By Job
	579551  -  Total Bytes Sent By Job
	45451000  -  Total Bytes Received By Job
	Partitionable Resources :    Usage  Request Allocated
	   Cpus                 :                 1         1
	   Disk (KB)            :    45000    45000  10607864
	   Memory (MB)          :      396        0      2004
...
