java.lang.ExceptionInInitializerError
	at org.nlogo.api.LibraryManager.<init>(LibraryManager.scala:60)
	at org.nlogo.workspace.AbstractWorkspaceScala.<init>(AbstractWorkspaceScala.scala:40)
	at org.nlogo.headless.HeadlessWorkspace.<init>(HeadlessWorkspace.scala:110)
	at java.base/jdk.internal.reflect.NativeConstructorAccessorImpl.newInstance0(Native Method)
	at java.base/jdk.internal.reflect.NativeConstructorAccessorImpl.newInstance(NativeConstructorAccessorImpl.java:62)
	at java.base/jdk.internal.reflect.DelegatingConstructorAccessorImpl.newInstance(DelegatingConstructorAccessorImpl.java:45)
	at java.base/java.lang.reflect.Constructor.newInstanceWithCaller(Constructor.java:500)
	at java.base/java.lang.reflect.Constructor.newInstance(Constructor.java:481)
	at org.picocontainer.injectors.AbstractInjector.newInstance(AbstractInjector.java:147)
	at org.picocontainer.injectors.ConstructorInjector$1.run(ConstructorInjector.java:332)
	at org.picocontainer.injectors.AbstractInjector$ThreadLocalCyclicDependencyGuard.observe(AbstractInjector.java:272)
	at org.picocontainer.injectors.ConstructorInjector.getComponentInstance(ConstructorInjector.java:354)
	at org.picocontainer.injectors.AbstractInjectionFactory$LifecycleAdapter.getComponentInstance(AbstractInjectionFactory.java:56)
	at org.picocontainer.behaviors.AbstractBehavior.getComponentInstance(AbstractBehavior.java:64)
	at org.picocontainer.behaviors.Stored.getComponentInstance(Stored.java:91)
	at org.picocontainer.DefaultPicoContainer.getInstance(DefaultPicoContainer.java:692)
	at org.picocontainer.DefaultPicoContainer.getComponent(DefaultPicoContainer.java:646)
	at org.picocontainer.DefaultPicoContainer.getComponent(DefaultPicoContainer.java:671)
	at org.nlogo.headless.HeadlessWorkspace$.newInstance(HeadlessWorkspace.scala:51)
	at org.nlogo.headless.HeadlessWorkspace$.newInstance(HeadlessWorkspace.scala:33)
	at org.nlogo.headless.Main$.newWorkspace$1(Main.scala:17)
	at org.nlogo.headless.Main$.runExperiment(Main.scala:21)
	at org.nlogo.headless.Main$.$anonfun$main$1(Main.scala:12)
	at org.nlogo.headless.Main$.$anonfun$main$1$adapted(Main.scala:12)
	at scala.Option.foreach(Option.scala:274)
	at org.nlogo.headless.Main$.main(Main.scala:12)
	at org.nlogo.headless.Main.main(Main.scala)
	at java.base/jdk.internal.reflect.NativeMethodAccessorImpl.invoke0(Native Method)
	at java.base/jdk.internal.reflect.NativeMethodAccessorImpl.invoke(NativeMethodAccessorImpl.java:62)
	at java.base/jdk.internal.reflect.DelegatingMethodAccessorImpl.invoke(DelegatingMethodAccessorImpl.java:43)
	at java.base/java.lang.reflect.Method.invoke(Method.java:567)
	at CondorJavaWrapper.main(CondorJavaWrapper.java:106)
Caused by: com.typesafe.config.ConfigException$IO: /home/aav/.netlogo/6.1/libraries-location.conf: read error: Stale file handle
	at com.typesafe.config.impl.Tokenizer$TokenIterator.nextCharRaw(Tokenizer.java:159)
	at com.typesafe.config.impl.Tokenizer$TokenIterator.nextCharAfterWhitespace(Tokenizer.java:211)
	at com.typesafe.config.impl.Tokenizer$TokenIterator.pullNextToken(Tokenizer.java:579)
	at com.typesafe.config.impl.Tokenizer$TokenIterator.queueNextToken(Tokenizer.java:660)
	at com.typesafe.config.impl.Tokenizer$TokenIterator.next(Tokenizer.java:678)
	at com.typesafe.config.impl.Tokenizer$TokenIterator.next(Tokenizer.java:63)
	at com.typesafe.config.impl.ConfigDocumentParser$ParseContext.popToken(ConfigDocumentParser.java:45)
	at com.typesafe.config.impl.ConfigDocumentParser$ParseContext.nextToken(ConfigDocumentParser.java:51)
	at com.typesafe.config.impl.ConfigDocumentParser$ParseContext.parse(ConfigDocumentParser.java:619)
	at com.typesafe.config.impl.ConfigDocumentParser.parse(ConfigDocumentParser.java:14)
	at com.typesafe.config.impl.Parseable.rawParseValue(Parseable.java:260)
	at com.typesafe.config.impl.Parseable.rawParseValue(Parseable.java:248)
	at com.typesafe.config.impl.Parseable.parseValue(Parseable.java:180)
	at com.typesafe.config.impl.Parseable.parseValue(Parseable.java:174)
	at com.typesafe.config.impl.Parseable.parse(Parseable.java:299)
	at com.typesafe.config.ConfigFactory.parseFile(ConfigFactory.java:688)
	at com.typesafe.config.ConfigFactory.parseFile(ConfigFactory.java:702)
	at org.nlogo.api.LibraryManager$.getMetadataURL(LibraryManager.scala:25)
	at org.nlogo.api.LibraryManager$.<init>(LibraryManager.scala:19)
	at org.nlogo.api.LibraryManager$.<clinit>(LibraryManager.scala)
	... 32 more
Caused by: java.io.IOException: Stale file handle
	at java.base/java.io.FileInputStream.readBytes(Native Method)
	at java.base/java.io.FileInputStream.read(FileInputStream.java:273)
	at java.base/sun.nio.cs.StreamDecoder.readBytes(StreamDecoder.java:284)
	at java.base/sun.nio.cs.StreamDecoder.implRead(StreamDecoder.java:326)
	at java.base/sun.nio.cs.StreamDecoder.read(StreamDecoder.java:178)
	at java.base/java.io.InputStreamReader.read(InputStreamReader.java:185)
	at java.base/java.io.BufferedReader.fill(BufferedReader.java:161)
	at java.base/java.io.BufferedReader.read(BufferedReader.java:182)
	at com.typesafe.config.impl.Tokenizer$TokenIterator.nextCharRaw(Tokenizer.java:156)
	... 51 more
Jul 15, 2020 11:05:57 AM java.util.prefs.FileSystemPreferences syncWorld
WARNING: Couldn't flush user prefs: java.util.prefs.BackingStoreException: Couldn't get file lock.
