000 (64534.000.000) 07/21 12:09:26 Job submitted from host: <139.153.252.230:9618?addrs=139.153.252.230-9618+[--1]-9618&noUDP&sock=729_9ca1_4>
...
000 (64534.001.000) 07/21 12:09:26 Job submitted from host: <139.153.252.230:9618?addrs=139.153.252.230-9618+[--1]-9618&noUDP&sock=729_9ca1_4>
...
000 (64534.002.000) 07/21 12:09:26 Job submitted from host: <139.153.252.230:9618?addrs=139.153.252.230-9618+[--1]-9618&noUDP&sock=729_9ca1_4>
...
000 (64534.003.000) 07/21 12:09:26 Job submitted from host: <139.153.252.230:9618?addrs=139.153.252.230-9618+[--1]-9618&noUDP&sock=729_9ca1_4>
...
000 (64534.004.000) 07/21 12:09:26 Job submitted from host: <139.153.252.230:9618?addrs=139.153.252.230-9618+[--1]-9618&noUDP&sock=729_9ca1_4>
...
000 (64534.005.000) 07/21 12:09:26 Job submitted from host: <139.153.252.230:9618?addrs=139.153.252.230-9618+[--1]-9618&noUDP&sock=729_9ca1_4>
...
000 (64534.006.000) 07/21 12:09:26 Job submitted from host: <139.153.252.230:9618?addrs=139.153.252.230-9618+[--1]-9618&noUDP&sock=729_9ca1_4>
...
000 (64534.007.000) 07/21 12:09:26 Job submitted from host: <139.153.252.230:9618?addrs=139.153.252.230-9618+[--1]-9618&noUDP&sock=729_9ca1_4>
...
000 (64534.008.000) 07/21 12:09:26 Job submitted from host: <139.153.252.230:9618?addrs=139.153.252.230-9618+[--1]-9618&noUDP&sock=729_9ca1_4>
...
000 (64534.009.000) 07/21 12:09:26 Job submitted from host: <139.153.252.230:9618?addrs=139.153.252.230-9618+[--1]-9618&noUDP&sock=729_9ca1_4>
...
001 (64534.002.000) 07/21 12:09:31 Job executing on host: <139.153.252.238:9618?addrs=139.153.252.238-9618+[--1]-9618&noUDP&sock=1065_1473_3>
...
001 (64534.001.000) 07/21 12:09:32 Job executing on host: <139.153.252.236:9618?addrs=139.153.252.236-9618+[--1]-9618&noUDP&sock=1037_dfcd_3>
...
001 (64534.008.000) 07/21 12:09:32 Job executing on host: <139.153.252.236:9618?addrs=139.153.252.236-9618+[--1]-9618&noUDP&sock=1037_dfcd_3>
...
001 (64534.000.000) 07/21 12:09:32 Job executing on host: <139.153.252.235:9618?addrs=139.153.252.235-9618+[--1]-9618&noUDP&sock=2094_e367_3>
...
001 (64534.005.000) 07/21 12:09:32 Job executing on host: <139.153.252.233:9618?addrs=139.153.252.233-9618+[--1]-9618&noUDP&sock=1045_5c8e_3>
...
001 (64534.006.000) 07/21 12:09:32 Job executing on host: <139.153.252.234:9618?addrs=139.153.252.234-9618+[--1]-9618&noUDP&sock=2365_c592_3>
...
001 (64534.003.000) 07/21 12:09:32 Job executing on host: <139.153.252.239:9618?addrs=139.153.252.239-9618+[--1]-9618&noUDP&sock=1028_b372_3>
...
001 (64534.007.000) 07/21 12:09:32 Job executing on host: <139.153.252.235:9618?addrs=139.153.252.235-9618+[--1]-9618&noUDP&sock=2094_e367_3>
...
001 (64534.009.000) 07/21 12:09:32 Job executing on host: <139.153.252.237:9618?addrs=139.153.252.237-9618+[--1]-9618&noUDP&sock=2101_b091_3>
...
001 (64534.004.000) 07/21 12:09:32 Job executing on host: <139.153.252.240:9618?addrs=139.153.252.240-9618+[--1]-9618&noUDP&sock=1047_bbbf_3>
...
006 (64534.001.000) 07/21 12:09:40 Image size of job updated: 153316
	150  -  MemoryUsage of job (MB)
	153316  -  ResidentSetSize of job (KB)
...
006 (64534.002.000) 07/21 12:09:40 Image size of job updated: 187056
	183  -  MemoryUsage of job (MB)
	187056  -  ResidentSetSize of job (KB)
...
006 (64534.008.000) 07/21 12:09:41 Image size of job updated: 155208
	152  -  MemoryUsage of job (MB)
	155208  -  ResidentSetSize of job (KB)
...
006 (64534.000.000) 07/21 12:09:41 Image size of job updated: 154300
	151  -  MemoryUsage of job (MB)
	154300  -  ResidentSetSize of job (KB)
...
006 (64534.006.000) 07/21 12:09:41 Image size of job updated: 199908
	196  -  MemoryUsage of job (MB)
	199908  -  ResidentSetSize of job (KB)
...
006 (64534.003.000) 07/21 12:09:41 Image size of job updated: 190740
	187  -  MemoryUsage of job (MB)
	190740  -  ResidentSetSize of job (KB)
...
006 (64534.007.000) 07/21 12:09:41 Image size of job updated: 156272
	153  -  MemoryUsage of job (MB)
	156272  -  ResidentSetSize of job (KB)
...
006 (64534.009.000) 07/21 12:09:41 Image size of job updated: 174252
	171  -  MemoryUsage of job (MB)
	174252  -  ResidentSetSize of job (KB)
...
006 (64534.004.000) 07/21 12:09:41 Image size of job updated: 190468
	187  -  MemoryUsage of job (MB)
	190468  -  ResidentSetSize of job (KB)
...
006 (64534.005.000) 07/21 12:09:41 Image size of job updated: 69252
	68  -  MemoryUsage of job (MB)
	69252  -  ResidentSetSize of job (KB)
...
006 (64534.001.000) 07/21 12:14:40 Image size of job updated: 306704
	300  -  MemoryUsage of job (MB)
	306704  -  ResidentSetSize of job (KB)
...
006 (64534.002.000) 07/21 12:14:42 Image size of job updated: 309392
	303  -  MemoryUsage of job (MB)
	309392  -  ResidentSetSize of job (KB)
...
006 (64534.000.000) 07/21 12:14:42 Image size of job updated: 310552
	304  -  MemoryUsage of job (MB)
	310552  -  ResidentSetSize of job (KB)
...
006 (64534.006.000) 07/21 12:14:42 Image size of job updated: 307100
	300  -  MemoryUsage of job (MB)
	307100  -  ResidentSetSize of job (KB)
...
006 (64534.003.000) 07/21 12:14:42 Image size of job updated: 304388
	298  -  MemoryUsage of job (MB)
	304388  -  ResidentSetSize of job (KB)
...
006 (64534.007.000) 07/21 12:14:42 Image size of job updated: 308872
	302  -  MemoryUsage of job (MB)
	308872  -  ResidentSetSize of job (KB)
...
006 (64534.009.000) 07/21 12:14:42 Image size of job updated: 310772
	304  -  MemoryUsage of job (MB)
	310772  -  ResidentSetSize of job (KB)
...
006 (64534.004.000) 07/21 12:14:42 Image size of job updated: 309412
	303  -  MemoryUsage of job (MB)
	309412  -  ResidentSetSize of job (KB)
...
006 (64534.005.000) 07/21 12:14:42 Image size of job updated: 299076
	293  -  MemoryUsage of job (MB)
	299076  -  ResidentSetSize of job (KB)
...
006 (64534.008.000) 07/21 12:14:42 Image size of job updated: 309680
	303  -  MemoryUsage of job (MB)
	309680  -  ResidentSetSize of job (KB)
...
006 (64534.001.000) 07/21 12:19:41 Image size of job updated: 311072
	304  -  MemoryUsage of job (MB)
	311072  -  ResidentSetSize of job (KB)
...
006 (64534.002.000) 07/21 12:19:42 Image size of job updated: 315688
	309  -  MemoryUsage of job (MB)
	315688  -  ResidentSetSize of job (KB)
...
006 (64534.000.000) 07/21 12:19:42 Image size of job updated: 314948
	308  -  MemoryUsage of job (MB)
	314948  -  ResidentSetSize of job (KB)
...
006 (64534.006.000) 07/21 12:19:42 Image size of job updated: 313540
	307  -  MemoryUsage of job (MB)
	313540  -  ResidentSetSize of job (KB)
...
006 (64534.003.000) 07/21 12:19:42 Image size of job updated: 310820
	304  -  MemoryUsage of job (MB)
	310820  -  ResidentSetSize of job (KB)
...
006 (64534.007.000) 07/21 12:19:42 Image size of job updated: 313220
	306  -  MemoryUsage of job (MB)
	313220  -  ResidentSetSize of job (KB)
...
006 (64534.009.000) 07/21 12:19:42 Image size of job updated: 315056
	308  -  MemoryUsage of job (MB)
	315056  -  ResidentSetSize of job (KB)
...
006 (64534.004.000) 07/21 12:19:42 Image size of job updated: 315688
	309  -  MemoryUsage of job (MB)
	315688  -  ResidentSetSize of job (KB)
...
006 (64534.005.000) 07/21 12:19:42 Image size of job updated: 303212
	297  -  MemoryUsage of job (MB)
	303212  -  ResidentSetSize of job (KB)
...
006 (64534.008.000) 07/21 12:19:43 Image size of job updated: 314068
	307  -  MemoryUsage of job (MB)
	314068  -  ResidentSetSize of job (KB)
...
006 (64534.001.000) 07/21 12:24:42 Image size of job updated: 321556
	315  -  MemoryUsage of job (MB)
	321556  -  ResidentSetSize of job (KB)
...
006 (64534.002.000) 07/21 12:24:42 Image size of job updated: 327468
	320  -  MemoryUsage of job (MB)
	327468  -  ResidentSetSize of job (KB)
...
006 (64534.000.000) 07/21 12:24:42 Image size of job updated: 329412
	322  -  MemoryUsage of job (MB)
	329412  -  ResidentSetSize of job (KB)
...
006 (64534.006.000) 07/21 12:24:42 Image size of job updated: 327300
	320  -  MemoryUsage of job (MB)
	327300  -  ResidentSetSize of job (KB)
...
006 (64534.003.000) 07/21 12:24:42 Image size of job updated: 321212
	314  -  MemoryUsage of job (MB)
	321212  -  ResidentSetSize of job (KB)
...
006 (64534.007.000) 07/21 12:24:42 Image size of job updated: 323636
	317  -  MemoryUsage of job (MB)
	323636  -  ResidentSetSize of job (KB)
...
006 (64534.008.000) 07/21 12:24:43 Image size of job updated: 324516
	317  -  MemoryUsage of job (MB)
	324516  -  ResidentSetSize of job (KB)
...
006 (64534.009.000) 07/21 12:24:43 Image size of job updated: 325592
	318  -  MemoryUsage of job (MB)
	325592  -  ResidentSetSize of job (KB)
...
006 (64534.004.000) 07/21 12:24:43 Image size of job updated: 326160
	319  -  MemoryUsage of job (MB)
	326160  -  ResidentSetSize of job (KB)
...
006 (64534.001.000) 07/21 12:29:42 Image size of job updated: 338324
	331  -  MemoryUsage of job (MB)
	338324  -  ResidentSetSize of job (KB)
...
006 (64534.006.000) 07/21 12:29:43 Image size of job updated: 339760
	332  -  MemoryUsage of job (MB)
	339760  -  ResidentSetSize of job (KB)
...
006 (64534.003.000) 07/21 12:29:43 Image size of job updated: 336188
	329  -  MemoryUsage of job (MB)
	336188  -  ResidentSetSize of job (KB)
...
006 (64534.007.000) 07/21 12:29:43 Image size of job updated: 345892
	338  -  MemoryUsage of job (MB)
	345892  -  ResidentSetSize of job (KB)
...
006 (64534.008.000) 07/21 12:29:43 Image size of job updated: 340112
	333  -  MemoryUsage of job (MB)
	340112  -  ResidentSetSize of job (KB)
...
006 (64534.002.000) 07/21 12:29:43 Image size of job updated: 343992
	336  -  MemoryUsage of job (MB)
	343992  -  ResidentSetSize of job (KB)
...
006 (64534.000.000) 07/21 12:29:43 Image size of job updated: 343828
	336  -  MemoryUsage of job (MB)
	343828  -  ResidentSetSize of job (KB)
...
006 (64534.009.000) 07/21 12:29:44 Image size of job updated: 342372
	335  -  MemoryUsage of job (MB)
	342372  -  ResidentSetSize of job (KB)
...
006 (64534.004.000) 07/21 12:29:44 Image size of job updated: 344136
	337  -  MemoryUsage of job (MB)
	344136  -  ResidentSetSize of job (KB)
...
006 (64534.005.000) 07/21 12:29:44 Image size of job updated: 305440
	299  -  MemoryUsage of job (MB)
	305440  -  ResidentSetSize of job (KB)
...
006 (64534.006.000) 07/21 12:34:43 Image size of job updated: 350048
	342  -  MemoryUsage of job (MB)
	350048  -  ResidentSetSize of job (KB)
...
006 (64534.007.000) 07/21 12:34:43 Image size of job updated: 356164
	348  -  MemoryUsage of job (MB)
	356164  -  ResidentSetSize of job (KB)
...
006 (64534.003.000) 07/21 12:34:43 Image size of job updated: 348524
	341  -  MemoryUsage of job (MB)
	348524  -  ResidentSetSize of job (KB)
...
006 (64534.001.000) 07/21 12:34:43 Image size of job updated: 350664
	343  -  MemoryUsage of job (MB)
	350664  -  ResidentSetSize of job (KB)
...
006 (64534.002.000) 07/21 12:34:44 Image size of job updated: 354268
	346  -  MemoryUsage of job (MB)
	354268  -  ResidentSetSize of job (KB)
...
006 (64534.000.000) 07/21 12:34:44 Image size of job updated: 358256
	350  -  MemoryUsage of job (MB)
	358256  -  ResidentSetSize of job (KB)
...
006 (64534.009.000) 07/21 12:34:44 Image size of job updated: 354708
	347  -  MemoryUsage of job (MB)
	354708  -  ResidentSetSize of job (KB)
...
006 (64534.004.000) 07/21 12:34:44 Image size of job updated: 356492
	349  -  MemoryUsage of job (MB)
	356492  -  ResidentSetSize of job (KB)
...
006 (64534.005.000) 07/21 12:34:44 Image size of job updated: 305572
	299  -  MemoryUsage of job (MB)
	305572  -  ResidentSetSize of job (KB)
...
006 (64534.008.000) 07/21 12:34:44 Image size of job updated: 353580
	346  -  MemoryUsage of job (MB)
	353580  -  ResidentSetSize of job (KB)
...
006 (64534.006.000) 07/21 12:39:43 Image size of job updated: 356412
	349  -  MemoryUsage of job (MB)
	356412  -  ResidentSetSize of job (KB)
...
006 (64534.003.000) 07/21 12:39:43 Image size of job updated: 354852
	347  -  MemoryUsage of job (MB)
	354852  -  ResidentSetSize of job (KB)
...
006 (64534.007.000) 07/21 12:39:43 Image size of job updated: 362344
	354  -  MemoryUsage of job (MB)
	362344  -  ResidentSetSize of job (KB)
...
006 (64534.001.000) 07/21 12:39:44 Image size of job updated: 356932
	349  -  MemoryUsage of job (MB)
	356932  -  ResidentSetSize of job (KB)
...
006 (64534.002.000) 07/21 12:39:44 Image size of job updated: 360624
	353  -  MemoryUsage of job (MB)
	360624  -  ResidentSetSize of job (KB)
...
006 (64534.000.000) 07/21 12:39:44 Image size of job updated: 362528
	355  -  MemoryUsage of job (MB)
	362528  -  ResidentSetSize of job (KB)
...
006 (64534.009.000) 07/21 12:39:44 Image size of job updated: 360928
	353  -  MemoryUsage of job (MB)
	360928  -  ResidentSetSize of job (KB)
...
006 (64534.004.000) 07/21 12:39:44 Image size of job updated: 362884
	355  -  MemoryUsage of job (MB)
	362884  -  ResidentSetSize of job (KB)
...
006 (64534.008.000) 07/21 12:39:45 Image size of job updated: 361920
	354  -  MemoryUsage of job (MB)
	361920  -  ResidentSetSize of job (KB)
...
006 (64534.001.000) 07/21 12:44:44 Image size of job updated: 393620
	385  -  MemoryUsage of job (MB)
	393620  -  ResidentSetSize of job (KB)
...
006 (64534.002.000) 07/21 12:44:44 Image size of job updated: 397092
	388  -  MemoryUsage of job (MB)
	397092  -  ResidentSetSize of job (KB)
...
006 (64534.006.000) 07/21 12:44:44 Image size of job updated: 394492
	386  -  MemoryUsage of job (MB)
	394492  -  ResidentSetSize of job (KB)
...
006 (64534.003.000) 07/21 12:44:44 Image size of job updated: 396940
	388  -  MemoryUsage of job (MB)
	396940  -  ResidentSetSize of job (KB)
...
006 (64534.007.000) 07/21 12:44:44 Image size of job updated: 398848
	390  -  MemoryUsage of job (MB)
	398848  -  ResidentSetSize of job (KB)
...
006 (64534.008.000) 07/21 12:44:45 Image size of job updated: 363976
	356  -  MemoryUsage of job (MB)
	363976  -  ResidentSetSize of job (KB)
...
006 (64534.000.000) 07/21 12:44:45 Image size of job updated: 404612
	396  -  MemoryUsage of job (MB)
	404612  -  ResidentSetSize of job (KB)
...
006 (64534.009.000) 07/21 12:44:46 Image size of job updated: 397368
	389  -  MemoryUsage of job (MB)
	397368  -  ResidentSetSize of job (KB)
...
006 (64534.004.000) 07/21 12:44:46 Image size of job updated: 397216
	388  -  MemoryUsage of job (MB)
	397216  -  ResidentSetSize of job (KB)
...
006 (64534.005.000) 07/21 12:44:46 Image size of job updated: 305704
	299  -  MemoryUsage of job (MB)
	305704  -  ResidentSetSize of job (KB)
...
006 (64534.005.000) 07/21 12:49:46 Image size of job updated: 305836
	299  -  MemoryUsage of job (MB)
	305836  -  ResidentSetSize of job (KB)
...
006 (64534.008.000) 07/21 12:49:46 Image size of job updated: 398368
	390  -  MemoryUsage of job (MB)
	398368  -  ResidentSetSize of job (KB)
...
006 (64534.000.000) 07/21 12:59:46 Image size of job updated: 404684
	396  -  MemoryUsage of job (MB)
	404684  -  ResidentSetSize of job (KB)
...
006 (64534.009.000) 07/21 13:04:48 Image size of job updated: 397500
	389  -  MemoryUsage of job (MB)
	397500  -  ResidentSetSize of job (KB)
...
006 (64534.005.000) 07/21 13:04:48 Image size of job updated: 307940
	301  -  MemoryUsage of job (MB)
	307940  -  ResidentSetSize of job (KB)
...
006 (64534.002.000) 07/21 13:14:47 Image size of job updated: 397224
	388  -  MemoryUsage of job (MB)
	397224  -  ResidentSetSize of job (KB)
...
006 (64534.006.000) 07/21 13:14:47 Image size of job updated: 394624
	386  -  MemoryUsage of job (MB)
	394624  -  ResidentSetSize of job (KB)
...
006 (64534.007.000) 07/21 13:19:48 Image size of job updated: 398924
	390  -  MemoryUsage of job (MB)
	398924  -  ResidentSetSize of job (KB)
...
006 (64534.003.000) 07/21 13:19:48 Image size of job updated: 397032
	388  -  MemoryUsage of job (MB)
	397032  -  ResidentSetSize of job (KB)
...
006 (64534.008.000) 07/21 13:19:48 Image size of job updated: 398752
	390  -  MemoryUsage of job (MB)
	398752  -  ResidentSetSize of job (KB)
...
006 (64534.002.000) 07/21 13:19:48 Image size of job updated: 397488
	389  -  MemoryUsage of job (MB)
	397488  -  ResidentSetSize of job (KB)
...
006 (64534.006.000) 07/21 13:19:48 Image size of job updated: 394660
	386  -  MemoryUsage of job (MB)
	394660  -  ResidentSetSize of job (KB)
...
006 (64534.009.000) 07/21 13:19:49 Image size of job updated: 397584
	389  -  MemoryUsage of job (MB)
	397584  -  ResidentSetSize of job (KB)
...
006 (64534.004.000) 07/21 13:19:49 Image size of job updated: 397284
	388  -  MemoryUsage of job (MB)
	397284  -  ResidentSetSize of job (KB)
...
006 (64534.005.000) 07/21 13:19:50 Image size of job updated: 310084
	303  -  MemoryUsage of job (MB)
	310084  -  ResidentSetSize of job (KB)
...
006 (64534.005.000) 07/21 13:29:52 Image size of job updated: 312328
	306  -  MemoryUsage of job (MB)
	312328  -  ResidentSetSize of job (KB)
...
006 (64534.005.000) 07/21 13:39:53 Image size of job updated: 314404
	308  -  MemoryUsage of job (MB)
	314404  -  ResidentSetSize of job (KB)
...
006 (64534.005.000) 07/21 13:44:54 Image size of job updated: 316476
	310  -  MemoryUsage of job (MB)
	316476  -  ResidentSetSize of job (KB)
...
006 (64534.005.000) 07/21 13:49:54 Image size of job updated: 318568
	312  -  MemoryUsage of job (MB)
	318568  -  ResidentSetSize of job (KB)
...
006 (64534.007.000) 07/21 13:54:51 Image size of job updated: 398984
	390  -  MemoryUsage of job (MB)
	398984  -  ResidentSetSize of job (KB)
...
006 (64534.003.000) 07/21 13:54:51 Image size of job updated: 397360
	389  -  MemoryUsage of job (MB)
	397360  -  ResidentSetSize of job (KB)
...
006 (64534.001.000) 07/21 13:54:51 Image size of job updated: 393700
	385  -  MemoryUsage of job (MB)
	393700  -  ResidentSetSize of job (KB)
...
006 (64534.006.000) 07/21 13:54:52 Image size of job updated: 394928
	386  -  MemoryUsage of job (MB)
	394928  -  ResidentSetSize of job (KB)
...
006 (64534.008.000) 07/21 13:54:52 Image size of job updated: 398992
	390  -  MemoryUsage of job (MB)
	398992  -  ResidentSetSize of job (KB)
...
006 (64534.004.000) 07/21 13:54:53 Image size of job updated: 397516
	389  -  MemoryUsage of job (MB)
	397516  -  ResidentSetSize of job (KB)
...
006 (64534.009.000) 07/21 13:54:53 Image size of job updated: 397656
	389  -  MemoryUsage of job (MB)
	397656  -  ResidentSetSize of job (KB)
...
006 (64534.005.000) 07/21 13:59:56 Image size of job updated: 320624
	314  -  MemoryUsage of job (MB)
	320624  -  ResidentSetSize of job (KB)
...
006 (64534.005.000) 07/21 14:04:56 Image size of job updated: 322764
	316  -  MemoryUsage of job (MB)
	322764  -  ResidentSetSize of job (KB)
...
006 (64534.004.000) 07/21 14:09:54 Image size of job updated: 397648
	389  -  MemoryUsage of job (MB)
	397648  -  ResidentSetSize of job (KB)
...
006 (64534.005.000) 07/21 14:09:57 Image size of job updated: 324820
	318  -  MemoryUsage of job (MB)
	324820  -  ResidentSetSize of job (KB)
...
006 (64534.005.000) 07/21 14:14:58 Image size of job updated: 326896
	320  -  MemoryUsage of job (MB)
	326896  -  ResidentSetSize of job (KB)
...
006 (64534.005.000) 07/21 14:19:58 Image size of job updated: 328948
	322  -  MemoryUsage of job (MB)
	328948  -  ResidentSetSize of job (KB)
...
006 (64534.007.000) 07/21 14:24:54 Image size of job updated: 398996
	390  -  MemoryUsage of job (MB)
	398996  -  ResidentSetSize of job (KB)
...
006 (64534.003.000) 07/21 14:24:54 Image size of job updated: 397396
	389  -  MemoryUsage of job (MB)
	397396  -  ResidentSetSize of job (KB)
...
006 (64534.008.000) 07/21 14:24:56 Image size of job updated: 399032
	390  -  MemoryUsage of job (MB)
	399032  -  ResidentSetSize of job (KB)
...
006 (64534.009.000) 07/21 14:24:56 Image size of job updated: 397824
	389  -  MemoryUsage of job (MB)
	397824  -  ResidentSetSize of job (KB)
...
006 (64534.005.000) 07/21 14:24:59 Image size of job updated: 331004
	324  -  MemoryUsage of job (MB)
	331004  -  ResidentSetSize of job (KB)
...
006 (64534.001.000) 07/21 14:29:54 Image size of job updated: 393812
	385  -  MemoryUsage of job (MB)
	393812  -  ResidentSetSize of job (KB)
...
006 (64534.004.000) 07/21 14:29:57 Image size of job updated: 397728
	389  -  MemoryUsage of job (MB)
	397728  -  ResidentSetSize of job (KB)
...
006 (64534.005.000) 07/21 14:30:00 Image size of job updated: 335188
	328  -  MemoryUsage of job (MB)
	335188  -  ResidentSetSize of job (KB)
...
006 (64534.005.000) 07/21 14:35:00 Image size of job updated: 337236
	330  -  MemoryUsage of job (MB)
	337236  -  ResidentSetSize of job (KB)
...
006 (64534.005.000) 07/21 14:40:01 Image size of job updated: 339288
	332  -  MemoryUsage of job (MB)
	339288  -  ResidentSetSize of job (KB)
...
006 (64534.005.000) 07/21 14:45:02 Image size of job updated: 341360
	334  -  MemoryUsage of job (MB)
	341360  -  ResidentSetSize of job (KB)
...
005 (64534.003.000) 07/21 14:49:13 Job terminated.
	(1) Normal termination (return value 0)
		Usr 0 02:39:47, Sys 0 00:00:14  -  Run Remote Usage
		Usr 0 00:00:00, Sys 0 00:00:00  -  Run Local Usage
		Usr 0 02:39:47, Sys 0 00:00:14  -  Total Remote Usage
		Usr 0 00:00:00, Sys 0 00:00:00  -  Total Local Usage
	586375  -  Run Bytes Sent By Job
	45451000  -  Run Bytes Received By Job
	586375  -  Total Bytes Sent By Job
	45451000  -  Total Bytes Received By Job
	Partitionable Resources :    Usage  Request Allocated
	   Cpus                 :                 1         1
	   Disk (KB)            :    45000    45000  10609806
	   Memory (MB)          :      389        0      2004
...
005 (64534.002.000) 07/21 14:49:26 Job terminated.
	(1) Normal termination (return value 0)
		Usr 0 02:39:57, Sys 0 00:00:15  -  Run Remote Usage
		Usr 0 00:00:00, Sys 0 00:00:00  -  Run Local Usage
		Usr 0 02:39:57, Sys 0 00:00:15  -  Total Remote Usage
		Usr 0 00:00:00, Sys 0 00:00:00  -  Total Local Usage
	586252  -  Run Bytes Sent By Job
	45451000  -  Run Bytes Received By Job
	586252  -  Total Bytes Sent By Job
	45451000  -  Total Bytes Received By Job
	Partitionable Resources :    Usage  Request Allocated
	   Cpus                 :                 1         1
	   Disk (KB)            :    45000    45000  10608570
	   Memory (MB)          :      389        0      2004
...
006 (64534.005.000) 07/21 14:50:02 Image size of job updated: 343412
	336  -  MemoryUsage of job (MB)
	343412  -  ResidentSetSize of job (KB)
...
005 (64534.006.000) 07/21 14:50:29 Job terminated.
	(1) Normal termination (return value 0)
		Usr 0 02:40:52, Sys 0 00:00:15  -  Run Remote Usage
		Usr 0 00:00:00, Sys 0 00:00:00  -  Run Local Usage
		Usr 0 02:40:52, Sys 0 00:00:15  -  Total Remote Usage
		Usr 0 00:00:00, Sys 0 00:00:00  -  Total Local Usage
	586556  -  Run Bytes Sent By Job
	45451000  -  Run Bytes Received By Job
	586556  -  Total Bytes Sent By Job
	45451000  -  Total Bytes Received By Job
	Partitionable Resources :    Usage  Request Allocated
	   Cpus                 :                 1         1
	   Disk (KB)            :    45000    45000  11861668
	   Memory (MB)          :      386        0      2004
...
005 (64534.009.000) 07/21 14:50:35 Job terminated.
	(1) Normal termination (return value 0)
		Usr 0 02:41:03, Sys 0 00:00:16  -  Run Remote Usage
		Usr 0 00:00:00, Sys 0 00:00:00  -  Run Local Usage
		Usr 0 02:41:03, Sys 0 00:00:16  -  Total Remote Usage
		Usr 0 00:00:00, Sys 0 00:00:00  -  Total Local Usage
	586431  -  Run Bytes Sent By Job
	45451000  -  Run Bytes Received By Job
	586431  -  Total Bytes Sent By Job
	45451000  -  Total Bytes Received By Job
	Partitionable Resources :    Usage  Request Allocated
	   Cpus                 :                 1         1
	   Disk (KB)            :    45000    45000  10092038
	   Memory (MB)          :      389        0      2004
...
005 (64534.008.000) 07/21 14:51:09 Job terminated.
	(1) Normal termination (return value 0)
		Usr 0 02:41:30, Sys 0 00:00:16  -  Run Remote Usage
		Usr 0 00:00:00, Sys 0 00:00:00  -  Run Local Usage
		Usr 0 02:41:30, Sys 0 00:00:16  -  Total Remote Usage
		Usr 0 00:00:00, Sys 0 00:00:00  -  Total Local Usage
	586341  -  Run Bytes Sent By Job
	45451000  -  Run Bytes Received By Job
	586341  -  Total Bytes Sent By Job
	45451000  -  Total Bytes Received By Job
	Partitionable Resources :    Usage  Request Allocated
	   Cpus                 :                 1         1
	   Disk (KB)            :    45000    45000  10049193
	   Memory (MB)          :      390        0      2004
...
005 (64534.007.000) 07/21 14:51:47 Job terminated.
	(1) Normal termination (return value 0)
		Usr 0 02:42:10, Sys 0 00:00:15  -  Run Remote Usage
		Usr 0 00:00:00, Sys 0 00:00:00  -  Run Local Usage
		Usr 0 02:42:10, Sys 0 00:00:15  -  Total Remote Usage
		Usr 0 00:00:00, Sys 0 00:00:00  -  Total Local Usage
	586174  -  Run Bytes Sent By Job
	45451000  -  Run Bytes Received By Job
	586174  -  Total Bytes Sent By Job
	45451000  -  Total Bytes Received By Job
	Partitionable Resources :    Usage  Request Allocated
	   Cpus                 :                 1         1
	   Disk (KB)            :    45000    45000  10052613
	   Memory (MB)          :      390        0      2004
...
005 (64534.004.000) 07/21 14:52:40 Job terminated.
	(1) Normal termination (return value 0)
		Usr 0 02:43:07, Sys 0 00:00:14  -  Run Remote Usage
		Usr 0 00:00:00, Sys 0 00:00:00  -  Run Local Usage
		Usr 0 02:43:07, Sys 0 00:00:14  -  Total Remote Usage
		Usr 0 00:00:00, Sys 0 00:00:00  -  Total Local Usage
	586275  -  Run Bytes Sent By Job
	45451000  -  Run Bytes Received By Job
	586275  -  Total Bytes Sent By Job
	45451000  -  Total Bytes Received By Job
	Partitionable Resources :    Usage  Request Allocated
	   Cpus                 :                 1         1
	   Disk (KB)            :    45000    45000  10608286
	   Memory (MB)          :      389        0      2004
...
005 (64534.001.000) 07/21 14:54:03 Job terminated.
	(1) Normal termination (return value 0)
		Usr 0 02:44:25, Sys 0 00:00:16  -  Run Remote Usage
		Usr 0 00:00:00, Sys 0 00:00:00  -  Run Local Usage
		Usr 0 02:44:25, Sys 0 00:00:16  -  Total Remote Usage
		Usr 0 00:00:00, Sys 0 00:00:00  -  Total Local Usage
	586624  -  Run Bytes Sent By Job
	45451000  -  Run Bytes Received By Job
	586624  -  Total Bytes Sent By Job
	45451000  -  Total Bytes Received By Job
	Partitionable Resources :    Usage  Request Allocated
	   Cpus                 :                 1         1
	   Disk (KB)            :    45000    45000  10049193
	   Memory (MB)          :      385        0      2004
...
005 (64534.000.000) 07/21 14:54:10 Job terminated.
	(1) Normal termination (return value 0)
		Usr 0 02:44:33, Sys 0 00:00:17  -  Run Remote Usage
		Usr 0 00:00:00, Sys 0 00:00:00  -  Run Local Usage
		Usr 0 02:44:33, Sys 0 00:00:17  -  Total Remote Usage
		Usr 0 00:00:00, Sys 0 00:00:00  -  Total Local Usage
	586457  -  Run Bytes Sent By Job
	45451000  -  Run Bytes Received By Job
	586457  -  Total Bytes Sent By Job
	45451000  -  Total Bytes Received By Job
	Partitionable Resources :    Usage  Request Allocated
	   Cpus                 :                 1         1
	   Disk (KB)            :    45000    45000  10052613
	   Memory (MB)          :      396        0      2004
...
006 (64534.005.000) 07/21 14:55:03 Image size of job updated: 345464
	338  -  MemoryUsage of job (MB)
	345464  -  ResidentSetSize of job (KB)
...
006 (64534.005.000) 07/21 15:00:04 Image size of job updated: 347520
	340  -  MemoryUsage of job (MB)
	347520  -  ResidentSetSize of job (KB)
...
006 (64534.005.000) 07/21 15:05:04 Image size of job updated: 349580
	342  -  MemoryUsage of job (MB)
	349580  -  ResidentSetSize of job (KB)
...
006 (64534.005.000) 07/21 15:15:06 Image size of job updated: 351628
	344  -  MemoryUsage of job (MB)
	351628  -  ResidentSetSize of job (KB)
...
006 (64534.005.000) 07/21 15:25:07 Image size of job updated: 353704
	346  -  MemoryUsage of job (MB)
	353704  -  ResidentSetSize of job (KB)
...
006 (64534.005.000) 07/21 15:40:09 Image size of job updated: 355780
	348  -  MemoryUsage of job (MB)
	355780  -  ResidentSetSize of job (KB)
...
006 (64534.005.000) 07/21 16:15:14 Image size of job updated: 389872
	381  -  MemoryUsage of job (MB)
	389872  -  ResidentSetSize of job (KB)
...
006 (64534.005.000) 07/21 19:55:43 Image size of job updated: 389896
	381  -  MemoryUsage of job (MB)
	389896  -  ResidentSetSize of job (KB)
...
006 (64534.005.000) 07/21 23:36:07 Image size of job updated: 389940
	381  -  MemoryUsage of job (MB)
	389940  -  ResidentSetSize of job (KB)
...
006 (64534.005.000) 07/22 03:11:30 Image size of job updated: 390028
	381  -  MemoryUsage of job (MB)
	390028  -  ResidentSetSize of job (KB)
...
005 (64534.005.000) 07/22 05:40:53 Job terminated.
	(1) Normal termination (return value 0)
		Usr 0 17:33:12, Sys 0 00:05:24  -  Run Remote Usage
		Usr 0 00:00:00, Sys 0 00:00:00  -  Run Local Usage
		Usr 0 17:33:12, Sys 0 00:05:24  -  Total Remote Usage
		Usr 0 00:00:00, Sys 0 00:00:00  -  Total Local Usage
	585694  -  Run Bytes Sent By Job
	45451000  -  Run Bytes Received By Job
	585694  -  Total Bytes Sent By Job
	45451000  -  Total Bytes Received By Job
	Partitionable Resources :    Usage  Request Allocated
	   Cpus                 :                 1         1
	   Disk (KB)            :    45000    45000  11886501
	   Memory (MB)          :      381        0      2004
...
