000 (64430.000.000) 06/26 19:03:48 Job submitted from host: <139.153.252.230:9618?addrs=139.153.252.230-9618+[--1]-9618&noUDP&sock=729_9ca1_4>
...
000 (64430.001.000) 06/26 19:03:48 Job submitted from host: <139.153.252.230:9618?addrs=139.153.252.230-9618+[--1]-9618&noUDP&sock=729_9ca1_4>
...
000 (64430.002.000) 06/26 19:03:48 Job submitted from host: <139.153.252.230:9618?addrs=139.153.252.230-9618+[--1]-9618&noUDP&sock=729_9ca1_4>
...
000 (64430.003.000) 06/26 19:03:48 Job submitted from host: <139.153.252.230:9618?addrs=139.153.252.230-9618+[--1]-9618&noUDP&sock=729_9ca1_4>
...
000 (64430.004.000) 06/26 19:03:48 Job submitted from host: <139.153.252.230:9618?addrs=139.153.252.230-9618+[--1]-9618&noUDP&sock=729_9ca1_4>
...
000 (64430.005.000) 06/26 19:03:48 Job submitted from host: <139.153.252.230:9618?addrs=139.153.252.230-9618+[--1]-9618&noUDP&sock=729_9ca1_4>
...
000 (64430.006.000) 06/26 19:03:48 Job submitted from host: <139.153.252.230:9618?addrs=139.153.252.230-9618+[--1]-9618&noUDP&sock=729_9ca1_4>
...
000 (64430.007.000) 06/26 19:03:48 Job submitted from host: <139.153.252.230:9618?addrs=139.153.252.230-9618+[--1]-9618&noUDP&sock=729_9ca1_4>
...
000 (64430.008.000) 06/26 19:03:48 Job submitted from host: <139.153.252.230:9618?addrs=139.153.252.230-9618+[--1]-9618&noUDP&sock=729_9ca1_4>
...
000 (64430.009.000) 06/26 19:03:48 Job submitted from host: <139.153.252.230:9618?addrs=139.153.252.230-9618+[--1]-9618&noUDP&sock=729_9ca1_4>
...
001 (64430.001.000) 06/26 19:04:09 Job executing on host: <139.153.253.10:9618?addrs=139.153.253.10-9618&noUDP&sock=1356_22e4_3>
...
001 (64430.006.000) 06/26 19:04:12 Job executing on host: <139.153.253.0:9618?addrs=139.153.253.0-9618&noUDP&sock=3900_63cc_3>
...
001 (64430.007.000) 06/26 19:04:12 Job executing on host: <139.153.253.1:9618?addrs=139.153.253.1-9618&noUDP&sock=1440_250a_3>
...
001 (64430.009.000) 06/26 19:04:12 Job executing on host: <139.153.253.3:9618?addrs=139.153.253.3-9618&noUDP&sock=3540_5a9c_3>
...
001 (64430.008.000) 06/26 19:04:13 Job executing on host: <139.153.253.2:9618?addrs=139.153.253.2-9618&noUDP&sock=1468_25c0_3>
...
001 (64430.003.000) 06/26 19:04:13 Job executing on host: <139.153.253.12:9618?addrs=139.153.253.12-9618&noUDP&sock=3552_5aea_3>
...
001 (64430.000.000) 06/26 19:04:13 Job executing on host: <139.153.253.9:9618?addrs=139.153.253.9-9618&noUDP&sock=1444_2524_3>
...
001 (64430.005.000) 06/26 19:04:13 Job executing on host: <139.153.253.14:9618?addrs=139.153.253.14-9618&noUDP&sock=2688_44e0_3>
...
001 (64430.002.000) 06/26 19:04:13 Job executing on host: <139.153.253.11:9618?addrs=139.153.253.11-9618&noUDP&sock=3504_59b2_3>
...
001 (64430.004.000) 06/26 19:04:14 Job executing on host: <139.153.253.13:9618?addrs=139.153.253.13-9618&noUDP&sock=1412_2452_3>
...
006 (64430.001.000) 06/26 19:04:18 Image size of job updated: 90024
	88  -  MemoryUsage of job (MB)
	90024  -  ResidentSetSize of job (KB)
...
006 (64430.008.000) 06/26 19:04:21 Image size of job updated: 111996
	110  -  MemoryUsage of job (MB)
	111996  -  ResidentSetSize of job (KB)
...
006 (64430.003.000) 06/26 19:04:21 Image size of job updated: 111136
	109  -  MemoryUsage of job (MB)
	111136  -  ResidentSetSize of job (KB)
...
006 (64430.005.000) 06/26 19:04:21 Image size of job updated: 111148
	109  -  MemoryUsage of job (MB)
	111148  -  ResidentSetSize of job (KB)
...
006 (64430.002.000) 06/26 19:04:21 Image size of job updated: 110900
	109  -  MemoryUsage of job (MB)
	110900  -  ResidentSetSize of job (KB)
...
006 (64430.006.000) 06/26 19:04:21 Image size of job updated: 111272
	109  -  MemoryUsage of job (MB)
	111272  -  ResidentSetSize of job (KB)
...
006 (64430.007.000) 06/26 19:04:21 Image size of job updated: 110720
	109  -  MemoryUsage of job (MB)
	110720  -  ResidentSetSize of job (KB)
...
006 (64430.009.000) 06/26 19:04:22 Image size of job updated: 110720
	109  -  MemoryUsage of job (MB)
	110720  -  ResidentSetSize of job (KB)
...
006 (64430.000.000) 06/26 19:04:22 Image size of job updated: 111596
	109  -  MemoryUsage of job (MB)
	111596  -  ResidentSetSize of job (KB)
...
006 (64430.004.000) 06/26 19:04:23 Image size of job updated: 111584
	109  -  MemoryUsage of job (MB)
	111584  -  ResidentSetSize of job (KB)
...
006 (64430.001.000) 06/26 19:09:19 Image size of job updated: 112184
	110  -  MemoryUsage of job (MB)
	112184  -  ResidentSetSize of job (KB)
...
004 (64430.001.000) 06/26 19:44:21 Job was evicted.
	(0) Job was not checkpointed.
		Usr 0 00:00:01, Sys 0 00:00:00  -  Run Remote Usage
		Usr 0 00:00:00, Sys 0 00:00:00  -  Run Local Usage
	92390  -  Run Bytes Sent By Job
	45463808  -  Run Bytes Received By Job
	Partitionable Resources :    Usage  Request Allocated
	   Cpus                 :                 1         1
	   Disk (KB)            :    45000    45000   4469200
	   Memory (MB)          :      110        0      1004
...
004 (64430.009.000) 06/26 19:44:28 Job was evicted.
	(0) Job was not checkpointed.
		Usr 0 00:00:01, Sys 0 00:00:00  -  Run Remote Usage
		Usr 0 00:00:00, Sys 0 00:00:00  -  Run Local Usage
	92406  -  Run Bytes Sent By Job
	45463808  -  Run Bytes Received By Job
	Partitionable Resources :    Usage  Request Allocated
	   Cpus                 :                 1         1
	   Disk (KB)            :    45000    45000   4394283
	   Memory (MB)          :      109        0      1004
...
004 (64430.006.000) 06/26 19:44:57 Job was evicted.
	(0) Job was not checkpointed.
		Usr 0 00:00:01, Sys 0 00:00:00  -  Run Remote Usage
		Usr 0 00:00:00, Sys 0 00:00:00  -  Run Local Usage
	92390  -  Run Bytes Sent By Job
	45463808  -  Run Bytes Received By Job
	Partitionable Resources :    Usage  Request Allocated
	   Cpus                 :                 1         1
	   Disk (KB)            :    45000    45000   4834083
	   Memory (MB)          :      109        0      1004
...
004 (64430.004.000) 06/26 19:45:48 Job was evicted.
	(0) Job was not checkpointed.
		Usr 0 00:00:01, Sys 0 00:00:00  -  Run Remote Usage
		Usr 0 00:00:00, Sys 0 00:00:00  -  Run Local Usage
	92344  -  Run Bytes Sent By Job
	45463808  -  Run Bytes Received By Job
	Partitionable Resources :    Usage  Request Allocated
	   Cpus                 :                 1         1
	   Disk (KB)            :    45000    45000   4462816
	   Memory (MB)          :      109        0      1004
...
004 (64430.002.000) 06/26 19:45:48 Job was evicted.
	(0) Job was not checkpointed.
		Usr 0 00:00:01, Sys 0 00:00:00  -  Run Remote Usage
		Usr 0 00:00:00, Sys 0 00:00:00  -  Run Local Usage
	92423  -  Run Bytes Sent By Job
	45463808  -  Run Bytes Received By Job
	Partitionable Resources :    Usage  Request Allocated
	   Cpus                 :                 1         1
	   Disk (KB)            :    45000    45000   4468508
	   Memory (MB)          :      109        0      1004
...
004 (64430.008.000) 06/26 19:46:03 Job was evicted.
	(0) Job was not checkpointed.
		Usr 0 00:00:01, Sys 0 00:00:00  -  Run Remote Usage
		Usr 0 00:00:00, Sys 0 00:00:00  -  Run Local Usage
	92390  -  Run Bytes Sent By Job
	45463808  -  Run Bytes Received By Job
	Partitionable Resources :    Usage  Request Allocated
	   Cpus                 :                 1         1
	   Disk (KB)            :    45000    45000   4617362
	   Memory (MB)          :      110        0      1004
...
004 (64430.003.000) 06/26 19:46:22 Job was evicted.
	(0) Job was not checkpointed.
		Usr 0 00:00:01, Sys 0 00:00:00  -  Run Remote Usage
		Usr 0 00:00:00, Sys 0 00:00:00  -  Run Local Usage
	92423  -  Run Bytes Sent By Job
	45463808  -  Run Bytes Received By Job
	Partitionable Resources :    Usage  Request Allocated
	   Cpus                 :                 1         1
	   Disk (KB)            :    45000    45000   4426293
	   Memory (MB)          :      109        0      1004
...
004 (64430.007.000) 06/26 19:46:23 Job was evicted.
	(0) Job was not checkpointed.
		Usr 0 00:00:01, Sys 0 00:00:00  -  Run Remote Usage
		Usr 0 00:00:00, Sys 0 00:00:00  -  Run Local Usage
	92390  -  Run Bytes Sent By Job
	45463808  -  Run Bytes Received By Job
	Partitionable Resources :    Usage  Request Allocated
	   Cpus                 :                 1         1
	   Disk (KB)            :    45000    45000   4348990
	   Memory (MB)          :      109        0      1004
...
004 (64430.005.000) 06/26 19:46:27 Job was evicted.
	(0) Job was not checkpointed.
		Usr 0 00:00:01, Sys 0 00:00:00  -  Run Remote Usage
		Usr 0 00:00:00, Sys 0 00:00:00  -  Run Local Usage
	92414  -  Run Bytes Sent By Job
	45463808  -  Run Bytes Received By Job
	Partitionable Resources :    Usage  Request Allocated
	   Cpus                 :                 1         1
	   Disk (KB)            :    45000    45000   4460892
	   Memory (MB)          :      109        0      1004
...
004 (64430.000.000) 06/26 19:46:28 Job was evicted.
	(0) Job was not checkpointed.
		Usr 0 00:00:01, Sys 0 00:00:00  -  Run Remote Usage
		Usr 0 00:00:00, Sys 0 00:00:00  -  Run Local Usage
	92390  -  Run Bytes Sent By Job
	45463808  -  Run Bytes Received By Job
	Partitionable Resources :    Usage  Request Allocated
	   Cpus                 :                 1         1
	   Disk (KB)            :    45000    45000   4438562
	   Memory (MB)          :      109        0      1004
...
001 (64430.005.000) 06/26 19:48:26 Job executing on host: <139.153.253.5:9618?addrs=139.153.253.5-9618&noUDP&sock=3320_5500_3>
...
001 (64430.009.000) 06/26 19:48:26 Job executing on host: <139.153.253.9:9618?addrs=139.153.253.9-9618&noUDP&sock=1444_2524_3>
...
001 (64430.001.000) 06/26 19:48:27 Job executing on host: <139.153.253.1:9618?addrs=139.153.253.1-9618&noUDP&sock=1440_250a_3>
...
001 (64430.006.000) 06/26 19:48:27 Job executing on host: <139.153.253.6:9618?addrs=139.153.253.6-9618&noUDP&sock=3312_54cc_3>
...
001 (64430.007.000) 06/26 19:48:27 Job executing on host: <139.153.253.7:9618?addrs=139.153.253.7-9618&noUDP&sock=2576_4204_3>
...
001 (64430.004.000) 06/26 19:48:27 Job executing on host: <139.153.253.4:9618?addrs=139.153.253.4-9618&noUDP&sock=1244_200a_3>
...
001 (64430.002.000) 06/26 19:48:28 Job executing on host: <139.153.253.2:9618?addrs=139.153.253.2-9618&noUDP&sock=1468_25c0_3>
...
001 (64430.003.000) 06/26 19:48:28 Job executing on host: <139.153.253.3:9618?addrs=139.153.253.3-9618&noUDP&sock=3540_5a9c_3>
...
001 (64430.008.000) 06/26 19:48:28 Job executing on host: <139.153.253.8:9618?addrs=139.153.253.8-9618&noUDP&sock=3632_5cf6_3>
...
001 (64430.000.000) 06/26 19:48:29 Job executing on host: <139.153.253.0:9618?addrs=139.153.253.0-9618&noUDP&sock=3900_63cc_3>
...
004 (64430.007.000) 06/26 20:28:39 Job was evicted.
	(0) Job was not checkpointed.
		Usr 0 00:00:01, Sys 0 00:00:00  -  Run Remote Usage
		Usr 0 00:00:00, Sys 0 00:00:00  -  Run Local Usage
	92344  -  Run Bytes Sent By Job
	45463808  -  Run Bytes Received By Job
	Partitionable Resources :    Usage  Request Allocated
	   Cpus                 :                 1         1
	   Disk (KB)            :    45000    45000   4733030
	   Memory (MB)          :      123      123      1004
...
004 (64430.009.000) 06/26 20:29:10 Job was evicted.
	(0) Job was not checkpointed.
		Usr 0 00:00:01, Sys 0 00:00:00  -  Run Remote Usage
		Usr 0 00:00:00, Sys 0 00:00:00  -  Run Local Usage
	92423  -  Run Bytes Sent By Job
	45463808  -  Run Bytes Received By Job
	Partitionable Resources :    Usage  Request Allocated
	   Cpus                 :                 1         1
	   Disk (KB)            :    45000    45000   4438562
	   Memory (MB)          :      123      123      1004
...
004 (64430.008.000) 06/26 20:29:13 Job was evicted.
	(0) Job was not checkpointed.
		Usr 0 00:00:01, Sys 0 00:00:00  -  Run Remote Usage
		Usr 0 00:00:00, Sys 0 00:00:00  -  Run Local Usage
	92390  -  Run Bytes Sent By Job
	45463808  -  Run Bytes Received By Job
	Partitionable Resources :    Usage  Request Allocated
	   Cpus                 :                 1         1
	   Disk (KB)            :    45000    45000   4408495
	   Memory (MB)          :      123      123      1004
...
004 (64430.003.000) 06/26 20:30:04 Job was evicted.
	(0) Job was not checkpointed.
		Usr 0 00:00:01, Sys 0 00:00:00  -  Run Remote Usage
		Usr 0 00:00:00, Sys 0 00:00:00  -  Run Local Usage
	92344  -  Run Bytes Sent By Job
	45463808  -  Run Bytes Received By Job
	Partitionable Resources :    Usage  Request Allocated
	   Cpus                 :                 1         1
	   Disk (KB)            :    45000    45000   4394283
	   Memory (MB)          :      123      123      1004
...
004 (64430.001.000) 06/26 20:30:38 Job was evicted.
	(0) Job was not checkpointed.
		Usr 0 00:00:01, Sys 0 00:00:00  -  Run Remote Usage
		Usr 0 00:00:00, Sys 0 00:00:00  -  Run Local Usage
	92344  -  Run Bytes Sent By Job
	45463808  -  Run Bytes Received By Job
	Partitionable Resources :    Usage  Request Allocated
	   Cpus                 :                 1         1
	   Disk (KB)            :    45000    45000   4348990
	   Memory (MB)          :      123      123      1004
...
004 (64430.002.000) 06/26 20:30:42 Job was evicted.
	(0) Job was not checkpointed.
		Usr 0 00:00:01, Sys 0 00:00:00  -  Run Remote Usage
		Usr 0 00:00:00, Sys 0 00:00:00  -  Run Local Usage
	92423  -  Run Bytes Sent By Job
	45463808  -  Run Bytes Received By Job
	Partitionable Resources :    Usage  Request Allocated
	   Cpus                 :                 1         1
	   Disk (KB)            :    45000    45000   4617362
	   Memory (MB)          :      123      123      1004
...
004 (64430.004.000) 06/26 20:31:11 Job was evicted.
	(0) Job was not checkpointed.
		Usr 0 00:00:01, Sys 0 00:00:00  -  Run Remote Usage
		Usr 0 00:00:00, Sys 0 00:00:00  -  Run Local Usage
	92423  -  Run Bytes Sent By Job
	45463808  -  Run Bytes Received By Job
	Partitionable Resources :    Usage  Request Allocated
	   Cpus                 :                 1         1
	   Disk (KB)            :    45000    45000   4420415
	   Memory (MB)          :      123      123      1004
...
004 (64430.005.000) 06/26 20:31:14 Job was evicted.
	(0) Job was not checkpointed.
		Usr 0 00:00:01, Sys 0 00:00:00  -  Run Remote Usage
		Usr 0 00:00:00, Sys 0 00:00:00  -  Run Local Usage
	92390  -  Run Bytes Sent By Job
	45463808  -  Run Bytes Received By Job
	Partitionable Resources :    Usage  Request Allocated
	   Cpus                 :                 1         1
	   Disk (KB)            :    45000    45000   4684464
	   Memory (MB)          :      123      123      1004
...
004 (64430.006.000) 06/26 20:31:15 Job was evicted.
	(0) Job was not checkpointed.
		Usr 0 00:00:01, Sys 0 00:00:00  -  Run Remote Usage
		Usr 0 00:00:00, Sys 0 00:00:00  -  Run Local Usage
	92390  -  Run Bytes Sent By Job
	45463808  -  Run Bytes Received By Job
	Partitionable Resources :    Usage  Request Allocated
	   Cpus                 :                 1         1
	   Disk (KB)            :    45000    45000   4744197
	   Memory (MB)          :      123      123      1004
...
004 (64430.000.000) 06/26 20:31:17 Job was evicted.
	(0) Job was not checkpointed.
		Usr 0 00:00:00, Sys 0 00:00:00  -  Run Remote Usage
		Usr 0 00:00:00, Sys 0 00:00:00  -  Run Local Usage
	92414  -  Run Bytes Sent By Job
	45463808  -  Run Bytes Received By Job
	Partitionable Resources :    Usage  Request Allocated
	   Cpus                 :                 1         1
	   Disk (KB)            :    45000    45000   4834083
	   Memory (MB)          :      123      123      1004
...
001 (64430.002.000) 06/26 20:31:23 Job executing on host: <139.153.253.2:9618?addrs=139.153.253.2-9618&noUDP&sock=1468_25c0_3>
...
001 (64430.003.000) 06/26 20:31:23 Job executing on host: <139.153.253.3:9618?addrs=139.153.253.3-9618&noUDP&sock=3540_5a9c_3>
...
001 (64430.008.000) 06/26 20:31:27 Job executing on host: <139.153.253.11:9618?addrs=139.153.253.11-9618&noUDP&sock=3504_59b2_3>
...
001 (64430.004.000) 06/26 20:31:27 Job executing on host: <139.153.253.7:9618?addrs=139.153.253.7-9618&noUDP&sock=2576_4204_3>
...
001 (64430.001.000) 06/26 20:31:27 Job executing on host: <139.153.253.1:9618?addrs=139.153.253.1-9618&noUDP&sock=1440_250a_3>
...
001 (64430.009.000) 06/26 20:31:31 Job executing on host: <139.153.253.12:9618?addrs=139.153.253.12-9618&noUDP&sock=3552_5aea_3>
...
001 (64430.007.000) 06/26 20:31:31 Job executing on host: <139.153.253.8:9618?addrs=139.153.253.8-9618&noUDP&sock=3632_5cf6_3>
...
001 (64430.006.000) 06/26 20:32:18 Job executing on host: <139.153.253.10:9618?addrs=139.153.253.10-9618&noUDP&sock=1356_22e4_3>
...
001 (64430.000.000) 06/26 20:32:19 Job executing on host: <139.153.253.3:9618?addrs=139.153.253.3-9618&noUDP&sock=3540_5a9c_3>
...
001 (64430.005.000) 06/26 20:32:21 Job executing on host: <139.153.253.4:9618?addrs=139.153.253.4-9618&noUDP&sock=1244_200a_3>
...
004 (64430.002.000) 06/26 21:12:09 Job was evicted.
	(0) Job was not checkpointed.
		Usr 0 00:00:01, Sys 0 00:00:00  -  Run Remote Usage
		Usr 0 00:00:00, Sys 0 00:00:00  -  Run Local Usage
	92414  -  Run Bytes Sent By Job
	45463808  -  Run Bytes Received By Job
	Partitionable Resources :    Usage  Request Allocated
	   Cpus                 :                 1         1
	   Disk (KB)            :    45000    45000   4617362
	   Memory (MB)          :      123      123      1004
...
004 (64430.007.000) 06/26 21:12:13 Job was evicted.
	(0) Job was not checkpointed.
		Usr 0 00:00:01, Sys 0 00:00:00  -  Run Remote Usage
		Usr 0 00:00:00, Sys 0 00:00:00  -  Run Local Usage
	92344  -  Run Bytes Sent By Job
	45463808  -  Run Bytes Received By Job
	Partitionable Resources :    Usage  Request Allocated
	   Cpus                 :                 1         1
	   Disk (KB)            :    45000    45000   4408495
	   Memory (MB)          :      123      123      1004
...
004 (64430.001.000) 06/26 21:12:34 Job was evicted.
	(0) Job was not checkpointed.
		Usr 0 00:00:01, Sys 0 00:00:00  -  Run Remote Usage
		Usr 0 00:00:00, Sys 0 00:00:00  -  Run Local Usage
	92414  -  Run Bytes Sent By Job
	45463808  -  Run Bytes Received By Job
	Partitionable Resources :    Usage  Request Allocated
	   Cpus                 :                 1         1
	   Disk (KB)            :    45000    45000   4348990
	   Memory (MB)          :      123      123      1004
...
004 (64430.006.000) 06/26 21:13:01 Job was evicted.
	(0) Job was not checkpointed.
		Usr 0 00:00:01, Sys 0 00:00:00  -  Run Remote Usage
		Usr 0 00:00:00, Sys 0 00:00:00  -  Run Local Usage
	92414  -  Run Bytes Sent By Job
	45463808  -  Run Bytes Received By Job
	Partitionable Resources :    Usage  Request Allocated
	   Cpus                 :                 1         1
	   Disk (KB)            :    45000    45000   4469200
	   Memory (MB)          :      123      123      1004
...
004 (64430.008.000) 06/26 21:13:38 Job was evicted.
	(0) Job was not checkpointed.
		Usr 0 00:00:01, Sys 0 00:00:00  -  Run Remote Usage
		Usr 0 00:00:00, Sys 0 00:00:00  -  Run Local Usage
	92414  -  Run Bytes Sent By Job
	45463808  -  Run Bytes Received By Job
	Partitionable Resources :    Usage  Request Allocated
	   Cpus                 :                 1         1
	   Disk (KB)            :    45000    45000   4468508
	   Memory (MB)          :      123      123      1004
...
004 (64430.004.000) 06/26 21:13:38 Job was evicted.
	(0) Job was not checkpointed.
		Usr 0 00:00:01, Sys 0 00:00:00  -  Run Remote Usage
		Usr 0 00:00:00, Sys 0 00:00:00  -  Run Local Usage
	92406  -  Run Bytes Sent By Job
	45463808  -  Run Bytes Received By Job
	Partitionable Resources :    Usage  Request Allocated
	   Cpus                 :                 1         1
	   Disk (KB)            :    45000    45000   4733030
	   Memory (MB)          :      123      123      1004
...
004 (64430.009.000) 06/26 21:13:47 Job was evicted.
	(0) Job was not checkpointed.
		Usr 0 00:00:01, Sys 0 00:00:00  -  Run Remote Usage
		Usr 0 00:00:00, Sys 0 00:00:00  -  Run Local Usage
	92344  -  Run Bytes Sent By Job
	45463808  -  Run Bytes Received By Job
	Partitionable Resources :    Usage  Request Allocated
	   Cpus                 :                 1         1
	   Disk (KB)            :    45000    45000   4426293
	   Memory (MB)          :      123      123      1004
...
004 (64430.003.000) 06/26 21:14:05 Job was evicted.
	(0) Job was not checkpointed.
		Usr 0 00:00:01, Sys 0 00:00:00  -  Run Remote Usage
		Usr 0 00:00:00, Sys 0 00:00:00  -  Run Local Usage
	92423  -  Run Bytes Sent By Job
	45463808  -  Run Bytes Received By Job
	Partitionable Resources :    Usage  Request Allocated
	   Cpus                 :                 1         1
	   Disk (KB)            :    45000    45000   4394283
	   Memory (MB)          :      123      123      1004
...
001 (64430.007.000) 06/26 21:14:23 Job executing on host: <139.153.253.11:9618?addrs=139.153.253.11-9618&noUDP&sock=3504_59b2_3>
...
001 (64430.001.000) 06/26 21:14:24 Job executing on host: <139.153.253.6:9618?addrs=139.153.253.6-9618&noUDP&sock=3312_54cc_3>
...
001 (64430.002.000) 06/26 21:14:25 Job executing on host: <139.153.253.7:9618?addrs=139.153.253.7-9618&noUDP&sock=2576_4204_3>
...
001 (64430.009.000) 06/26 21:14:26 Job executing on host: <139.153.253.13:9618?addrs=139.153.253.13-9618&noUDP&sock=1412_2452_3>
...
001 (64430.006.000) 06/26 21:14:26 Job executing on host: <139.153.253.10:9618?addrs=139.153.253.10-9618&noUDP&sock=1356_22e4_3>
...
001 (64430.004.000) 06/26 21:14:26 Job executing on host: <139.153.253.9:9618?addrs=139.153.253.9-9618&noUDP&sock=1444_2524_3>
...
001 (64430.008.000) 06/26 21:14:26 Job executing on host: <139.153.253.12:9618?addrs=139.153.253.12-9618&noUDP&sock=3552_5aea_3>
...
001 (64430.003.000) 06/26 21:14:27 Job executing on host: <139.153.253.8:9618?addrs=139.153.253.8-9618&noUDP&sock=3632_5cf6_3>
...
004 (64430.000.000) 06/26 21:14:35 Job was evicted.
	(0) Job was not checkpointed.
		Usr 0 00:00:01, Sys 0 00:00:00  -  Run Remote Usage
		Usr 0 00:00:00, Sys 0 00:00:00  -  Run Local Usage
	92344  -  Run Bytes Sent By Job
	45463808  -  Run Bytes Received By Job
	Partitionable Resources :    Usage  Request Allocated
	   Cpus                 :                 1         1
	   Disk (KB)            :    45000    45000   4394283
	   Memory (MB)          :      123      123      1004
...
004 (64430.005.000) 06/26 21:14:37 Job was evicted.
	(0) Job was not checkpointed.
		Usr 0 00:00:01, Sys 0 00:00:00  -  Run Remote Usage
		Usr 0 00:00:00, Sys 0 00:00:00  -  Run Local Usage
	92406  -  Run Bytes Sent By Job
	45463808  -  Run Bytes Received By Job
	Partitionable Resources :    Usage  Request Allocated
	   Cpus                 :                 1         1
	   Disk (KB)            :    45000    45000   4420415
	   Memory (MB)          :      123      123      1004
...
001 (64430.000.000) 06/26 21:15:19 Job executing on host: <139.153.253.3:9618?addrs=139.153.253.3-9618&noUDP&sock=3540_5a9c_3>
...
001 (64430.005.000) 06/26 21:15:21 Job executing on host: <139.153.253.4:9618?addrs=139.153.253.4-9618&noUDP&sock=1244_200a_3>
...
004 (64430.004.000) 06/26 21:55:09 Job was evicted.
	(0) Job was not checkpointed.
		Usr 0 00:00:01, Sys 0 00:00:00  -  Run Remote Usage
		Usr 0 00:00:00, Sys 0 00:00:00  -  Run Local Usage
	92414  -  Run Bytes Sent By Job
	45463808  -  Run Bytes Received By Job
	Partitionable Resources :    Usage  Request Allocated
	   Cpus                 :                 1         1
	   Disk (KB)            :    45000    45000   4438562
	   Memory (MB)          :      123      123      1004
...
004 (64430.007.000) 06/26 21:55:34 Job was evicted.
	(0) Job was not checkpointed.
		Usr 0 00:00:01, Sys 0 00:00:00  -  Run Remote Usage
		Usr 0 00:00:00, Sys 0 00:00:00  -  Run Local Usage
	92406  -  Run Bytes Sent By Job
	45463808  -  Run Bytes Received By Job
	Partitionable Resources :    Usage  Request Allocated
	   Cpus                 :                 1         1
	   Disk (KB)            :    45000    45000   4468508
	   Memory (MB)          :      123      123      1004
...
004 (64430.005.000) 06/26 21:56:02 Job was evicted.
	(0) Job was not checkpointed.
		Usr 0 00:00:01, Sys 0 00:00:00  -  Run Remote Usage
		Usr 0 00:00:00, Sys 0 00:00:00  -  Run Local Usage
	92406  -  Run Bytes Sent By Job
	45463808  -  Run Bytes Received By Job
	Partitionable Resources :    Usage  Request Allocated
	   Cpus                 :                 1         1
	   Disk (KB)            :    45000    45000   4420415
	   Memory (MB)          :      123      123      1004
...
004 (64430.000.000) 06/26 21:56:03 Job was evicted.
	(0) Job was not checkpointed.
		Usr 0 00:00:01, Sys 0 00:00:00  -  Run Remote Usage
		Usr 0 00:00:00, Sys 0 00:00:00  -  Run Local Usage
	92414  -  Run Bytes Sent By Job
	45463808  -  Run Bytes Received By Job
	Partitionable Resources :    Usage  Request Allocated
	   Cpus                 :                 1         1
	   Disk (KB)            :    45000    45000   4394283
	   Memory (MB)          :      123      123      1004
...
004 (64430.006.000) 06/26 21:56:03 Job was evicted.
	(0) Job was not checkpointed.
		Usr 0 00:00:01, Sys 0 00:00:00  -  Run Remote Usage
		Usr 0 00:00:00, Sys 0 00:00:00  -  Run Local Usage
	92344  -  Run Bytes Sent By Job
	45463808  -  Run Bytes Received By Job
	Partitionable Resources :    Usage  Request Allocated
	   Cpus                 :                 1         1
	   Disk (KB)            :    45000    45000   4469200
	   Memory (MB)          :      123      123      1004
...
004 (64430.003.000) 06/26 21:56:43 Job was evicted.
	(0) Job was not checkpointed.
		Usr 0 00:00:01, Sys 0 00:00:00  -  Run Remote Usage
		Usr 0 00:00:00, Sys 0 00:00:00  -  Run Local Usage
	92414  -  Run Bytes Sent By Job
	45463808  -  Run Bytes Received By Job
	Partitionable Resources :    Usage  Request Allocated
	   Cpus                 :                 1         1
	   Disk (KB)            :    45000    45000   4408495
	   Memory (MB)          :      123      123      1004
...
004 (64430.001.000) 06/26 21:57:06 Job was evicted.
	(0) Job was not checkpointed.
		Usr 0 00:00:01, Sys 0 00:00:00  -  Run Remote Usage
		Usr 0 00:00:00, Sys 0 00:00:00  -  Run Local Usage
	92390  -  Run Bytes Sent By Job
	45463808  -  Run Bytes Received By Job
	Partitionable Resources :    Usage  Request Allocated
	   Cpus                 :                 1         1
	   Disk (KB)            :    45000    45000   4744197
	   Memory (MB)          :      123      123      1004
...
004 (64430.002.000) 06/26 21:57:07 Job was evicted.
	(0) Job was not checkpointed.
		Usr 0 00:00:01, Sys 0 00:00:00  -  Run Remote Usage
		Usr 0 00:00:00, Sys 0 00:00:00  -  Run Local Usage
	92406  -  Run Bytes Sent By Job
	45463808  -  Run Bytes Received By Job
	Partitionable Resources :    Usage  Request Allocated
	   Cpus                 :                 1         1
	   Disk (KB)            :    45000    45000   4733030
	   Memory (MB)          :      123      123      1004
...
004 (64430.008.000) 06/26 21:57:09 Job was evicted.
	(0) Job was not checkpointed.
		Usr 0 00:00:01, Sys 0 00:00:00  -  Run Remote Usage
		Usr 0 00:00:00, Sys 0 00:00:00  -  Run Local Usage
	92423  -  Run Bytes Sent By Job
	45463808  -  Run Bytes Received By Job
	Partitionable Resources :    Usage  Request Allocated
	   Cpus                 :                 1         1
	   Disk (KB)            :    45000    45000   4426293
	   Memory (MB)          :      123      123      1004
...
004 (64430.009.000) 06/26 21:57:13 Job was evicted.
	(0) Job was not checkpointed.
		Usr 0 00:00:01, Sys 0 00:00:00  -  Run Remote Usage
		Usr 0 00:00:00, Sys 0 00:00:00  -  Run Local Usage
	92390  -  Run Bytes Sent By Job
	45463808  -  Run Bytes Received By Job
	Partitionable Resources :    Usage  Request Allocated
	   Cpus                 :                 1         1
	   Disk (KB)            :    45000    45000   4462816
	   Memory (MB)          :      123      123      1004
...
001 (64430.003.000) 06/26 21:58:22 Job executing on host: <139.153.253.7:9618?addrs=139.153.253.7-9618&noUDP&sock=2576_4204_3>
...
001 (64430.001.000) 06/26 21:58:22 Job executing on host: <139.153.253.5:9618?addrs=139.153.253.5-9618&noUDP&sock=3320_5500_3>
...
001 (64430.007.000) 06/26 21:58:22 Job executing on host: <139.153.253.14:9618?addrs=139.153.253.14-9618&noUDP&sock=2688_44e0_3>
...
001 (64430.002.000) 06/26 21:58:22 Job executing on host: <139.153.253.6:9618?addrs=139.153.253.6-9618&noUDP&sock=3312_54cc_3>
...
001 (64430.004.000) 06/26 21:58:24 Job executing on host: <139.153.253.8:9618?addrs=139.153.253.8-9618&noUDP&sock=3632_5cf6_3>
...
001 (64430.000.000) 06/26 21:58:24 Job executing on host: <139.153.253.3:9618?addrs=139.153.253.3-9618&noUDP&sock=3540_5a9c_3>
...
001 (64430.006.000) 06/26 21:58:26 Job executing on host: <139.153.253.13:9618?addrs=139.153.253.13-9618&noUDP&sock=1412_2452_3>
...
001 (64430.008.000) 06/26 21:58:27 Job executing on host: <139.153.253.2:9618?addrs=139.153.253.2-9618&noUDP&sock=1468_25c0_3>
...
001 (64430.005.000) 06/26 21:58:27 Job executing on host: <139.153.253.10:9618?addrs=139.153.253.10-9618&noUDP&sock=1356_22e4_3>
...
001 (64430.009.000) 06/26 21:58:27 Job executing on host: <139.153.253.3:9618?addrs=139.153.253.3-9618&noUDP&sock=3540_5a9c_3>
...
004 (64430.007.000) 06/26 22:38:35 Job was evicted.
	(0) Job was not checkpointed.
		Usr 0 00:00:01, Sys 0 00:00:00  -  Run Remote Usage
		Usr 0 00:00:00, Sys 0 00:00:00  -  Run Local Usage
	92390  -  Run Bytes Sent By Job
	45463808  -  Run Bytes Received By Job
	Partitionable Resources :    Usage  Request Allocated
	   Cpus                 :                 1         1
	   Disk (KB)            :    45000    45000   4460892
	   Memory (MB)          :      123      123      1004
...
004 (64430.006.000) 06/26 22:38:37 Job was evicted.
	(0) Job was not checkpointed.
		Usr 0 00:00:01, Sys 0 00:00:00  -  Run Remote Usage
		Usr 0 00:00:00, Sys 0 00:00:00  -  Run Local Usage
	92344  -  Run Bytes Sent By Job
	45463808  -  Run Bytes Received By Job
	Partitionable Resources :    Usage  Request Allocated
	   Cpus                 :                 1         1
	   Disk (KB)            :    45000    45000   4462816
	   Memory (MB)          :      123      123      1004
...
004 (64430.009.000) 06/26 22:38:37 Job was evicted.
	(0) Job was not checkpointed.
		Usr 0 00:00:01, Sys 0 00:00:00  -  Run Remote Usage
		Usr 0 00:00:00, Sys 0 00:00:00  -  Run Local Usage
	92406  -  Run Bytes Sent By Job
	45463808  -  Run Bytes Received By Job
	Partitionable Resources :    Usage  Request Allocated
	   Cpus                 :                 1         1
	   Disk (KB)            :    45000    45000   4394283
	   Memory (MB)          :      123      123      1004
...
004 (64430.001.000) 06/26 22:39:04 Job was evicted.
	(0) Job was not checkpointed.
		Usr 0 00:00:01, Sys 0 00:00:00  -  Run Remote Usage
		Usr 0 00:00:00, Sys 0 00:00:00  -  Run Local Usage
	92406  -  Run Bytes Sent By Job
	45463808  -  Run Bytes Received By Job
	Partitionable Resources :    Usage  Request Allocated
	   Cpus                 :                 1         1
	   Disk (KB)            :    45000    45000   4684464
	   Memory (MB)          :      123      123      1004
...
004 (64430.000.000) 06/26 22:39:07 Job was evicted.
	(0) Job was not checkpointed.
		Usr 0 00:00:01, Sys 0 00:00:00  -  Run Remote Usage
		Usr 0 00:00:00, Sys 0 00:00:00  -  Run Local Usage
	92414  -  Run Bytes Sent By Job
	45463808  -  Run Bytes Received By Job
	Partitionable Resources :    Usage  Request Allocated
	   Cpus                 :                 1         1
	   Disk (KB)            :    45000    45000   4394283
	   Memory (MB)          :      123      123      1004
...
004 (64430.008.000) 06/26 22:40:14 Job was evicted.
	(0) Job was not checkpointed.
		Usr 0 00:00:01, Sys 0 00:00:00  -  Run Remote Usage
		Usr 0 00:00:00, Sys 0 00:00:00  -  Run Local Usage
	92344  -  Run Bytes Sent By Job
	45463808  -  Run Bytes Received By Job
	Partitionable Resources :    Usage  Request Allocated
	   Cpus                 :                 1         1
	   Disk (KB)            :    45000    45000   4617362
	   Memory (MB)          :      123      123      1004
...
004 (64430.005.000) 06/26 22:40:16 Job was evicted.
	(0) Job was not checkpointed.
		Usr 0 00:00:01, Sys 0 00:00:00  -  Run Remote Usage
		Usr 0 00:00:00, Sys 0 00:00:00  -  Run Local Usage
	92414  -  Run Bytes Sent By Job
	45463808  -  Run Bytes Received By Job
	Partitionable Resources :    Usage  Request Allocated
	   Cpus                 :                 1         1
	   Disk (KB)            :    45000    45000   4469200
	   Memory (MB)          :      123      123      1004
...
004 (64430.004.000) 06/26 22:40:38 Job was evicted.
	(0) Job was not checkpointed.
		Usr 0 00:00:01, Sys 0 00:00:00  -  Run Remote Usage
		Usr 0 00:00:00, Sys 0 00:00:00  -  Run Local Usage
	92423  -  Run Bytes Sent By Job
	45463808  -  Run Bytes Received By Job
	Partitionable Resources :    Usage  Request Allocated
	   Cpus                 :                 1         1
	   Disk (KB)            :    45000    45000   4408495
	   Memory (MB)          :      123      123      1004
...
004 (64430.003.000) 06/26 22:41:03 Job was evicted.
	(0) Job was not checkpointed.
		Usr 0 00:00:01, Sys 0 00:00:00  -  Run Remote Usage
		Usr 0 00:00:00, Sys 0 00:00:00  -  Run Local Usage
	92423  -  Run Bytes Sent By Job
	45463808  -  Run Bytes Received By Job
	Partitionable Resources :    Usage  Request Allocated
	   Cpus                 :                 1         1
	   Disk (KB)            :    45000    45000   4733030
	   Memory (MB)          :      123      123      1004
...
004 (64430.002.000) 06/26 22:41:10 Job was evicted.
	(0) Job was not checkpointed.
		Usr 0 00:00:01, Sys 0 00:00:00  -  Run Remote Usage
		Usr 0 00:00:00, Sys 0 00:00:00  -  Run Local Usage
	92414  -  Run Bytes Sent By Job
	45463808  -  Run Bytes Received By Job
	Partitionable Resources :    Usage  Request Allocated
	   Cpus                 :                 1         1
	   Disk (KB)            :    45000    45000   4744197
	   Memory (MB)          :      123      123      1004
...
001 (64430.003.000) 06/26 22:41:22 Job executing on host: <139.153.254.119:9618?addrs=139.153.254.119-9618+[--1]-9618&noUDP&sock=1744_d142_3>
...
001 (64430.001.000) 06/26 22:41:22 Job executing on host: <139.153.254.119:9618?addrs=139.153.254.119-9618+[--1]-9618&noUDP&sock=1744_d142_3>
...
001 (64430.002.000) 06/26 22:41:22 Job executing on host: <139.153.254.119:9618?addrs=139.153.254.119-9618+[--1]-9618&noUDP&sock=1744_d142_3>
...
001 (64430.009.000) 06/26 22:41:23 Job executing on host: <139.153.253.4:9618?addrs=139.153.253.4-9618&noUDP&sock=1244_200a_3>
...
001 (64430.008.000) 06/26 22:41:24 Job executing on host: <139.153.253.3:9618?addrs=139.153.253.3-9618&noUDP&sock=3540_5a9c_3>
...
001 (64430.006.000) 06/26 22:41:24 Job executing on host: <139.153.253.1:9618?addrs=139.153.253.1-9618&noUDP&sock=1440_250a_3>
...
001 (64430.005.000) 06/26 22:41:24 Job executing on host: <139.153.253.0:9618?addrs=139.153.253.0-9618&noUDP&sock=3900_63cc_3>
...
001 (64430.000.000) 06/26 22:41:25 Job executing on host: <139.153.254.119:9618?addrs=139.153.254.119-9618+[--1]-9618&noUDP&sock=1744_d142_3>
...
001 (64430.004.000) 06/26 22:41:25 Job executing on host: <139.153.254.119:9618?addrs=139.153.254.119-9618+[--1]-9618&noUDP&sock=1744_d142_3>
...
001 (64430.007.000) 06/26 22:41:26 Job executing on host: <139.153.253.2:9618?addrs=139.153.253.2-9618&noUDP&sock=1468_25c0_3>
...
006 (64430.001.000) 06/26 22:41:31 Image size of job updated: 175084
	171  -  MemoryUsage of job (MB)
	175084  -  ResidentSetSize of job (KB)
...
006 (64430.002.000) 06/26 22:41:31 Image size of job updated: 188852
	185  -  MemoryUsage of job (MB)
	188852  -  ResidentSetSize of job (KB)
...
006 (64430.000.000) 06/26 22:41:33 Image size of job updated: 141228
	138  -  MemoryUsage of job (MB)
	141228  -  ResidentSetSize of job (KB)
...
006 (64430.004.000) 06/26 22:41:33 Image size of job updated: 141808
	139  -  MemoryUsage of job (MB)
	141808  -  ResidentSetSize of job (KB)
...
006 (64430.003.000) 06/26 22:46:30 Image size of job updated: 359900
	352  -  MemoryUsage of job (MB)
	359900  -  ResidentSetSize of job (KB)
...
006 (64430.001.000) 06/26 22:46:32 Image size of job updated: 339600
	332  -  MemoryUsage of job (MB)
	339600  -  ResidentSetSize of job (KB)
...
006 (64430.002.000) 06/26 22:46:32 Image size of job updated: 343284
	336  -  MemoryUsage of job (MB)
	343284  -  ResidentSetSize of job (KB)
...
006 (64430.000.000) 06/26 22:46:33 Image size of job updated: 347236
	340  -  MemoryUsage of job (MB)
	347236  -  ResidentSetSize of job (KB)
...
006 (64430.004.000) 06/26 22:46:33 Image size of job updated: 342976
	335  -  MemoryUsage of job (MB)
	342976  -  ResidentSetSize of job (KB)
...
006 (64430.003.000) 06/26 22:51:31 Image size of job updated: 362448
	354  -  MemoryUsage of job (MB)
	362448  -  ResidentSetSize of job (KB)
...
006 (64430.002.000) 06/26 22:51:33 Image size of job updated: 343416
	336  -  MemoryUsage of job (MB)
	343416  -  ResidentSetSize of job (KB)
...
006 (64430.000.000) 06/26 22:51:34 Image size of job updated: 347368
	340  -  MemoryUsage of job (MB)
	347368  -  ResidentSetSize of job (KB)
...
006 (64430.004.000) 06/26 22:51:34 Image size of job updated: 345096
	338  -  MemoryUsage of job (MB)
	345096  -  ResidentSetSize of job (KB)
...
006 (64430.003.000) 06/26 22:56:32 Image size of job updated: 370852
	363  -  MemoryUsage of job (MB)
	370852  -  ResidentSetSize of job (KB)
...
006 (64430.001.000) 06/26 22:56:33 Image size of job updated: 348192
	341  -  MemoryUsage of job (MB)
	348192  -  ResidentSetSize of job (KB)
...
006 (64430.002.000) 06/26 22:56:33 Image size of job updated: 347664
	340  -  MemoryUsage of job (MB)
	347664  -  ResidentSetSize of job (KB)
...
006 (64430.000.000) 06/26 22:56:35 Image size of job updated: 351520
	344  -  MemoryUsage of job (MB)
	351520  -  ResidentSetSize of job (KB)
...
006 (64430.004.000) 06/26 22:56:35 Image size of job updated: 349260
	342  -  MemoryUsage of job (MB)
	349260  -  ResidentSetSize of job (KB)
...
006 (64430.003.000) 06/26 23:01:32 Image size of job updated: 373564
	365  -  MemoryUsage of job (MB)
	373564  -  ResidentSetSize of job (KB)
...
006 (64430.001.000) 06/26 23:01:34 Image size of job updated: 350752
	343  -  MemoryUsage of job (MB)
	350752  -  ResidentSetSize of job (KB)
...
006 (64430.002.000) 06/26 23:01:34 Image size of job updated: 355148
	347  -  MemoryUsage of job (MB)
	355148  -  ResidentSetSize of job (KB)
...
006 (64430.000.000) 06/26 23:01:35 Image size of job updated: 355552
	348  -  MemoryUsage of job (MB)
	355552  -  ResidentSetSize of job (KB)
...
006 (64430.004.000) 06/26 23:01:35 Image size of job updated: 351840
	344  -  MemoryUsage of job (MB)
	351840  -  ResidentSetSize of job (KB)
...
006 (64430.000.000) 06/26 23:06:35 Image size of job updated: 359832
	352  -  MemoryUsage of job (MB)
	359832  -  ResidentSetSize of job (KB)
...
006 (64430.004.000) 06/26 23:06:35 Image size of job updated: 351932
	344  -  MemoryUsage of job (MB)
	351932  -  ResidentSetSize of job (KB)
...
006 (64430.004.000) 06/26 23:11:36 Image size of job updated: 356308
	348  -  MemoryUsage of job (MB)
	356308  -  ResidentSetSize of job (KB)
...
004 (64430.006.000) 06/26 23:22:07 Job was evicted.
	(0) Job was not checkpointed.
		Usr 0 00:00:01, Sys 0 00:00:00  -  Run Remote Usage
		Usr 0 00:00:00, Sys 0 00:00:00  -  Run Local Usage
	92344  -  Run Bytes Sent By Job
	45463808  -  Run Bytes Received By Job
	Partitionable Resources :    Usage  Request Allocated
	   Cpus                 :                 1         1
	   Disk (KB)            :    45000    45000   4348990
	   Memory (MB)          :      123      123      1004
...
004 (64430.008.000) 06/26 23:23:33 Job was evicted.
	(0) Job was not checkpointed.
		Usr 0 00:00:01, Sys 0 00:00:00  -  Run Remote Usage
		Usr 0 00:00:00, Sys 0 00:00:00  -  Run Local Usage
	92423  -  Run Bytes Sent By Job
	45463808  -  Run Bytes Received By Job
	Partitionable Resources :    Usage  Request Allocated
	   Cpus                 :                 1         1
	   Disk (KB)            :    45000    45000   4394283
	   Memory (MB)          :      123      123      1004
...
004 (64430.009.000) 06/26 23:23:34 Job was evicted.
	(0) Job was not checkpointed.
		Usr 0 00:00:01, Sys 0 00:00:00  -  Run Remote Usage
		Usr 0 00:00:00, Sys 0 00:00:00  -  Run Local Usage
	92390  -  Run Bytes Sent By Job
	45463808  -  Run Bytes Received By Job
	Partitionable Resources :    Usage  Request Allocated
	   Cpus                 :                 1         1
	   Disk (KB)            :    45000    45000   4420415
	   Memory (MB)          :      123      123      1004
...
004 (64430.007.000) 06/26 23:23:37 Job was evicted.
	(0) Job was not checkpointed.
		Usr 0 00:00:01, Sys 0 00:00:00  -  Run Remote Usage
		Usr 0 00:00:00, Sys 0 00:00:00  -  Run Local Usage
	92406  -  Run Bytes Sent By Job
	45463808  -  Run Bytes Received By Job
	Partitionable Resources :    Usage  Request Allocated
	   Cpus                 :                 1         1
	   Disk (KB)            :    45000    45000   4617362
	   Memory (MB)          :      123      123      1004
...
004 (64430.005.000) 06/26 23:24:11 Job was evicted.
	(0) Job was not checkpointed.
		Usr 0 00:00:01, Sys 0 00:00:00  -  Run Remote Usage
		Usr 0 00:00:00, Sys 0 00:00:00  -  Run Local Usage
	92390  -  Run Bytes Sent By Job
	45463808  -  Run Bytes Received By Job
	Partitionable Resources :    Usage  Request Allocated
	   Cpus                 :                 1         1
	   Disk (KB)            :    45000    45000   4834083
	   Memory (MB)          :      123      123      1004
...
001 (64430.005.000) 06/26 23:25:21 Job executing on host: <139.153.253.0:9618?addrs=139.153.253.0-9618&noUDP&sock=3900_63cc_3>
...
001 (64430.008.000) 06/26 23:25:22 Job executing on host: <139.153.253.4:9618?addrs=139.153.253.4-9618&noUDP&sock=1244_200a_3>
...
001 (64430.006.000) 06/26 23:25:24 Job executing on host: <139.153.253.2:9618?addrs=139.153.253.2-9618&noUDP&sock=1468_25c0_3>
...
001 (64430.009.000) 06/26 23:25:27 Job executing on host: <139.153.253.5:9618?addrs=139.153.253.5-9618&noUDP&sock=3320_5500_3>
...
001 (64430.007.000) 06/26 23:25:39 Job executing on host: <139.153.253.3:9618?addrs=139.153.253.3-9618&noUDP&sock=3540_5a9c_3>
...
006 (64430.003.000) 06/26 23:26:34 Image size of job updated: 375944
	368  -  MemoryUsage of job (MB)
	375944  -  ResidentSetSize of job (KB)
...
006 (64430.002.000) 06/26 23:26:36 Image size of job updated: 359380
	351  -  MemoryUsage of job (MB)
	359380  -  ResidentSetSize of job (KB)
...
006 (64430.004.000) 06/26 23:26:37 Image size of job updated: 358624
	351  -  MemoryUsage of job (MB)
	358624  -  ResidentSetSize of job (KB)
...
005 (64430.004.000) 06/26 23:27:51 Job terminated.
	(1) Normal termination (return value 0)
		Usr 0 00:46:23, Sys 0 00:00:02  -  Run Remote Usage
		Usr 0 00:00:00, Sys 0 00:00:00  -  Run Local Usage
		Usr 0 00:46:23, Sys 0 00:00:02  -  Total Remote Usage
		Usr 0 00:00:00, Sys 0 00:00:00  -  Total Local Usage
	323062  -  Run Bytes Sent By Job
	45463808  -  Run Bytes Received By Job
	785072  -  Total Bytes Sent By Job
	272782848  -  Total Bytes Received By Job
	Partitionable Resources :    Usage  Request Allocated
	   Cpus                 :                 1         1
	   Disk (KB)            :    45000    45000  10634657
	   Memory (MB)          :      351      123       978
...
005 (64430.002.000) 06/26 23:28:19 Job terminated.
	(1) Normal termination (return value 0)
		Usr 0 00:46:56, Sys 0 00:00:02  -  Run Remote Usage
		Usr 0 00:00:00, Sys 0 00:00:00  -  Run Local Usage
		Usr 0 00:46:56, Sys 0 00:00:02  -  Total Remote Usage
		Usr 0 00:00:00, Sys 0 00:00:00  -  Total Local Usage
	322957  -  Run Bytes Sent By Job
	45463808  -  Run Bytes Received By Job
	785037  -  Total Bytes Sent By Job
	272782848  -  Total Bytes Received By Job
	Partitionable Resources :    Usage  Request Allocated
	   Cpus                 :                 1         1
	   Disk (KB)            :    45000    45000  10634657
	   Memory (MB)          :      351      123       978
...
005 (64430.003.000) 06/26 23:28:32 Job terminated.
	(1) Normal termination (return value 0)
		Usr 0 00:46:57, Sys 0 00:00:01  -  Run Remote Usage
		Usr 0 00:00:00, Sys 0 00:00:00  -  Run Local Usage
		Usr 0 00:46:57, Sys 0 00:00:01  -  Total Remote Usage
		Usr 0 00:00:00, Sys 0 00:00:00  -  Total Local Usage
	321377  -  Run Bytes Sent By Job
	45463808  -  Run Bytes Received By Job
	783404  -  Total Bytes Sent By Job
	272782848  -  Total Bytes Received By Job
	Partitionable Resources :    Usage  Request Allocated
	   Cpus                 :                 1         1
	   Disk (KB)            :    45000    45000  10634657
	   Memory (MB)          :      368      123       978
...
006 (64430.001.000) 06/26 23:30:27 Image size of job updated: 350884
	343  -  MemoryUsage of job (MB)
	350752  -  ResidentSetSize of job (KB)
...
005 (64430.001.000) 06/26 23:30:28 Job terminated.
	(1) Normal termination (return value 0)
		Usr 0 00:49:05, Sys 0 00:00:02  -  Run Remote Usage
		Usr 0 00:00:00, Sys 0 00:00:00  -  Run Local Usage
		Usr 0 00:49:05, Sys 0 00:00:02  -  Total Remote Usage
		Usr 0 00:00:00, Sys 0 00:00:00  -  Total Local Usage
	320090  -  Run Bytes Sent By Job
	45463808  -  Run Bytes Received By Job
	782034  -  Total Bytes Sent By Job
	272782848  -  Total Bytes Received By Job
	Partitionable Resources :    Usage  Request Allocated
	   Cpus                 :                 1         1
	   Disk (KB)            :    45000    45000  10634657
	   Memory (MB)          :      343      123       978
...
006 (64430.000.000) 06/26 23:31:05 Image size of job updated: 3535168
	352  -  MemoryUsage of job (MB)
	359832  -  ResidentSetSize of job (KB)
...
005 (64430.000.000) 06/26 23:31:06 Job terminated.
	(1) Normal termination (return value 0)
		Usr 0 00:49:37, Sys 0 00:00:01  -  Run Remote Usage
		Usr 0 00:00:00, Sys 0 00:00:00  -  Run Local Usage
		Usr 0 00:49:37, Sys 0 00:00:01  -  Total Remote Usage
		Usr 0 00:00:00, Sys 0 00:00:00  -  Total Local Usage
	320835  -  Run Bytes Sent By Job
	45463808  -  Run Bytes Received By Job
	782811  -  Total Bytes Sent By Job
	272782848  -  Total Bytes Received By Job
	Partitionable Resources :    Usage  Request Allocated
	   Cpus                 :                 1         1
	   Disk (KB)            :    45000    45000  10634657
	   Memory (MB)          :      352      123       978
...
004 (64430.009.000) 06/27 00:05:41 Job was evicted.
	(0) Job was not checkpointed.
		Usr 0 00:00:01, Sys 0 00:00:00  -  Run Remote Usage
		Usr 0 00:00:00, Sys 0 00:00:00  -  Run Local Usage
	92406  -  Run Bytes Sent By Job
	45463808  -  Run Bytes Received By Job
	Partitionable Resources :    Usage  Request Allocated
	   Cpus                 :                 1         1
	   Disk (KB)            :    45000    45000   4684464
	   Memory (MB)          :      123      123      1004
...
004 (64430.008.000) 06/27 00:06:07 Job was evicted.
	(0) Job was not checkpointed.
		Usr 0 00:00:01, Sys 0 00:00:00  -  Run Remote Usage
		Usr 0 00:00:00, Sys 0 00:00:00  -  Run Local Usage
	92344  -  Run Bytes Sent By Job
	45463808  -  Run Bytes Received By Job
	Partitionable Resources :    Usage  Request Allocated
	   Cpus                 :                 1         1
	   Disk (KB)            :    45000    45000   4420415
	   Memory (MB)          :      123      123      1004
...
004 (64430.006.000) 06/27 00:06:58 Job was evicted.
	(0) Job was not checkpointed.
		Usr 0 00:00:01, Sys 0 00:00:00  -  Run Remote Usage
		Usr 0 00:00:00, Sys 0 00:00:00  -  Run Local Usage
	92423  -  Run Bytes Sent By Job
	45463808  -  Run Bytes Received By Job
	Partitionable Resources :    Usage  Request Allocated
	   Cpus                 :                 1         1
	   Disk (KB)            :    45000    45000   4617362
	   Memory (MB)          :      123      123      1004
...
004 (64430.007.000) 06/27 00:07:15 Job was evicted.
	(0) Job was not checkpointed.
		Usr 0 00:00:01, Sys 0 00:00:00  -  Run Remote Usage
		Usr 0 00:00:00, Sys 0 00:00:00  -  Run Local Usage
	92406  -  Run Bytes Sent By Job
	45463808  -  Run Bytes Received By Job
	Partitionable Resources :    Usage  Request Allocated
	   Cpus                 :                 1         1
	   Disk (KB)            :    45000    45000   4394283
	   Memory (MB)          :      123      123      1004
...
004 (64430.005.000) 06/27 00:07:32 Job was evicted.
	(0) Job was not checkpointed.
		Usr 0 00:00:01, Sys 0 00:00:00  -  Run Remote Usage
		Usr 0 00:00:00, Sys 0 00:00:00  -  Run Local Usage
	92414  -  Run Bytes Sent By Job
	45463808  -  Run Bytes Received By Job
	Partitionable Resources :    Usage  Request Allocated
	   Cpus                 :                 1         1
	   Disk (KB)            :    45000    45000   4834083
	   Memory (MB)          :      123      123      1004
...
001 (64430.007.000) 06/27 00:08:23 Job executing on host: <139.153.254.119:9618?addrs=139.153.254.119-9618+[--1]-9618&noUDP&sock=1744_d142_3>
...
001 (64430.009.000) 06/27 00:08:23 Job executing on host: <139.153.254.119:9618?addrs=139.153.254.119-9618+[--1]-9618&noUDP&sock=1744_d142_3>
...
001 (64430.006.000) 06/27 00:08:23 Job executing on host: <139.153.254.119:9618?addrs=139.153.254.119-9618+[--1]-9618&noUDP&sock=1744_d142_3>
...
001 (64430.008.000) 06/27 00:08:24 Job executing on host: <139.153.254.119:9618?addrs=139.153.254.119-9618+[--1]-9618&noUDP&sock=1744_d142_3>
...
001 (64430.005.000) 06/27 00:08:24 Job executing on host: <139.153.254.119:9618?addrs=139.153.254.119-9618+[--1]-9618&noUDP&sock=1744_d142_3>
...
006 (64430.007.000) 06/27 00:08:31 Image size of job updated: 178492
	175  -  MemoryUsage of job (MB)
	178492  -  ResidentSetSize of job (KB)
...
006 (64430.008.000) 06/27 00:08:32 Image size of job updated: 178580
	175  -  MemoryUsage of job (MB)
	178580  -  ResidentSetSize of job (KB)
...
006 (64430.009.000) 06/27 00:08:32 Image size of job updated: 171152
	168  -  MemoryUsage of job (MB)
	171152  -  ResidentSetSize of job (KB)
...
006 (64430.006.000) 06/27 00:08:32 Image size of job updated: 141076
	138  -  MemoryUsage of job (MB)
	141076  -  ResidentSetSize of job (KB)
...
006 (64430.005.000) 06/27 00:08:33 Image size of job updated: 168748
	165  -  MemoryUsage of job (MB)
	168748  -  ResidentSetSize of job (KB)
...
006 (64430.007.000) 06/27 00:13:31 Image size of job updated: 354940
	347  -  MemoryUsage of job (MB)
	354940  -  ResidentSetSize of job (KB)
...
006 (64430.008.000) 06/27 00:13:32 Image size of job updated: 355156
	347  -  MemoryUsage of job (MB)
	355156  -  ResidentSetSize of job (KB)
...
006 (64430.009.000) 06/27 00:13:33 Image size of job updated: 356284
	348  -  MemoryUsage of job (MB)
	356284  -  ResidentSetSize of job (KB)
...
006 (64430.006.000) 06/27 00:13:33 Image size of job updated: 344468
	337  -  MemoryUsage of job (MB)
	344468  -  ResidentSetSize of job (KB)
...
006 (64430.005.000) 06/27 00:13:34 Image size of job updated: 341040
	334  -  MemoryUsage of job (MB)
	341040  -  ResidentSetSize of job (KB)
...
006 (64430.007.000) 06/27 00:18:32 Image size of job updated: 355204
	347  -  MemoryUsage of job (MB)
	355204  -  ResidentSetSize of job (KB)
...
006 (64430.008.000) 06/27 00:18:32 Image size of job updated: 355288
	347  -  MemoryUsage of job (MB)
	355288  -  ResidentSetSize of job (KB)
...
006 (64430.009.000) 06/27 00:18:33 Image size of job updated: 359064
	351  -  MemoryUsage of job (MB)
	359064  -  ResidentSetSize of job (KB)
...
006 (64430.006.000) 06/27 00:18:33 Image size of job updated: 347152
	340  -  MemoryUsage of job (MB)
	347152  -  ResidentSetSize of job (KB)
...
006 (64430.005.000) 06/27 00:18:35 Image size of job updated: 341172
	334  -  MemoryUsage of job (MB)
	341172  -  ResidentSetSize of job (KB)
...
006 (64430.007.000) 06/27 00:23:32 Image size of job updated: 359436
	352  -  MemoryUsage of job (MB)
	359436  -  ResidentSetSize of job (KB)
...
006 (64430.009.000) 06/27 00:23:33 Image size of job updated: 363296
	355  -  MemoryUsage of job (MB)
	363296  -  ResidentSetSize of job (KB)
...
006 (64430.006.000) 06/27 00:23:33 Image size of job updated: 352092
	344  -  MemoryUsage of job (MB)
	352092  -  ResidentSetSize of job (KB)
...
006 (64430.008.000) 06/27 00:23:33 Image size of job updated: 359472
	352  -  MemoryUsage of job (MB)
	359472  -  ResidentSetSize of job (KB)
...
006 (64430.005.000) 06/27 00:23:35 Image size of job updated: 346276
	339  -  MemoryUsage of job (MB)
	346276  -  ResidentSetSize of job (KB)
...
006 (64430.007.000) 06/27 00:28:32 Image size of job updated: 364204
	356  -  MemoryUsage of job (MB)
	364204  -  ResidentSetSize of job (KB)
...
006 (64430.008.000) 06/27 00:28:34 Image size of job updated: 360460
	353  -  MemoryUsage of job (MB)
	360460  -  ResidentSetSize of job (KB)
...
006 (64430.009.000) 06/27 00:28:34 Image size of job updated: 367328
	359  -  MemoryUsage of job (MB)
	367328  -  ResidentSetSize of job (KB)
...
006 (64430.006.000) 06/27 00:28:34 Image size of job updated: 356124
	348  -  MemoryUsage of job (MB)
	356124  -  ResidentSetSize of job (KB)
...
006 (64430.005.000) 06/27 00:28:36 Image size of job updated: 349804
	342  -  MemoryUsage of job (MB)
	349804  -  ResidentSetSize of job (KB)
...
006 (64430.008.000) 06/27 00:33:34 Image size of job updated: 360592
	353  -  MemoryUsage of job (MB)
	360592  -  ResidentSetSize of job (KB)
...
006 (64430.009.000) 06/27 00:43:35 Image size of job updated: 367460
	359  -  MemoryUsage of job (MB)
	367460  -  ResidentSetSize of job (KB)
...
006 (64430.005.000) 06/27 00:48:38 Image size of job updated: 352616
	345  -  MemoryUsage of job (MB)
	352616  -  ResidentSetSize of job (KB)
...
006 (64430.007.000) 06/27 00:53:36 Image size of job updated: 368372
	360  -  MemoryUsage of job (MB)
	368372  -  ResidentSetSize of job (KB)
...
006 (64430.009.000) 06/27 00:53:36 Image size of job updated: 372428
	364  -  MemoryUsage of job (MB)
	372428  -  ResidentSetSize of job (KB)
...
006 (64430.008.000) 06/27 00:53:36 Image size of job updated: 364820
	357  -  MemoryUsage of job (MB)
	364820  -  ResidentSetSize of job (KB)
...
005 (64430.005.000) 06/27 00:54:15 Job terminated.
	(1) Normal termination (return value 0)
		Usr 0 00:45:47, Sys 0 00:00:01  -  Run Remote Usage
		Usr 0 00:00:00, Sys 0 00:00:00  -  Run Local Usage
		Usr 0 00:45:47, Sys 0 00:00:01  -  Total Remote Usage
		Usr 0 00:00:00, Sys 0 00:00:00  -  Total Local Usage
	322562  -  Run Bytes Sent By Job
	45463808  -  Run Bytes Received By Job
	969396  -  Total Bytes Sent By Job
	363710464  -  Total Bytes Received By Job
	Partitionable Resources :    Usage  Request Allocated
	   Cpus                 :                 1         1
	   Disk (KB)            :    45000    45000  10634657
	   Memory (MB)          :      345      123       978
...
005 (64430.008.000) 06/27 00:55:41 Job terminated.
	(1) Normal termination (return value 0)
		Usr 0 00:47:14, Sys 0 00:00:02  -  Run Remote Usage
		Usr 0 00:00:00, Sys 0 00:00:00  -  Run Local Usage
		Usr 0 00:47:14, Sys 0 00:00:02  -  Total Remote Usage
		Usr 0 00:00:00, Sys 0 00:00:00  -  Total Local Usage
	321631  -  Run Bytes Sent By Job
	45463808  -  Run Bytes Received By Job
	968359  -  Total Bytes Sent By Job
	363710464  -  Total Bytes Received By Job
	Partitionable Resources :    Usage  Request Allocated
	   Cpus                 :                 1         1
	   Disk (KB)            :    45000    45000  10634657
	   Memory (MB)          :      357      123       978
...
006 (64430.009.000) 06/27 00:56:07 Image size of job updated: 3601732
	364  -  MemoryUsage of job (MB)
	372428  -  ResidentSetSize of job (KB)
...
005 (64430.009.000) 06/27 00:56:09 Job terminated.
	(1) Normal termination (return value 0)
		Usr 0 00:47:43, Sys 0 00:00:01  -  Run Remote Usage
		Usr 0 00:00:00, Sys 0 00:00:00  -  Run Local Usage
		Usr 0 00:47:43, Sys 0 00:00:01  -  Total Remote Usage
		Usr 0 00:00:00, Sys 0 00:00:00  -  Total Local Usage
	321008  -  Run Bytes Sent By Job
	45463808  -  Run Bytes Received By Job
	967773  -  Total Bytes Sent By Job
	363710464  -  Total Bytes Received By Job
	Partitionable Resources :    Usage  Request Allocated
	   Cpus                 :                 1         1
	   Disk (KB)            :    45000    45000  10634657
	   Memory (MB)          :      364      123       978
...
005 (64430.007.000) 06/27 00:56:15 Job terminated.
	(1) Normal termination (return value 0)
		Usr 0 00:47:50, Sys 0 00:00:01  -  Run Remote Usage
		Usr 0 00:00:00, Sys 0 00:00:00  -  Run Local Usage
		Usr 0 00:47:50, Sys 0 00:00:01  -  Total Remote Usage
		Usr 0 00:00:00, Sys 0 00:00:00  -  Total Local Usage
	320184  -  Run Bytes Sent By Job
	45463808  -  Run Bytes Received By Job
	966870  -  Total Bytes Sent By Job
	363710464  -  Total Bytes Received By Job
	Partitionable Resources :    Usage  Request Allocated
	   Cpus                 :                 1         1
	   Disk (KB)            :    45000    45000  10634657
	   Memory (MB)          :      360      123       978
...
006 (64430.006.000) 06/27 00:56:59 Image size of job updated: 360336
	348  -  MemoryUsage of job (MB)
	356124  -  ResidentSetSize of job (KB)
...
005 (64430.006.000) 06/27 00:57:00 Job terminated.
	(1) Normal termination (return value 0)
		Usr 0 00:48:30, Sys 0 00:00:01  -  Run Remote Usage
		Usr 0 00:00:00, Sys 0 00:00:00  -  Run Local Usage
		Usr 0 00:48:30, Sys 0 00:00:01  -  Total Remote Usage
		Usr 0 00:00:00, Sys 0 00:00:00  -  Total Local Usage
	321867  -  Run Bytes Sent By Job
	45463808  -  Run Bytes Received By Job
	968516  -  Total Bytes Sent By Job
	363710464  -  Total Bytes Received By Job
	Partitionable Resources :    Usage  Request Allocated
	   Cpus                 :                 1         1
	   Disk (KB)            :    45000    45000  10634657
	   Memory (MB)          :      348      123       978
...
