000 (64531.000.000) 07/21 12:05:13 Job submitted from host: <139.153.252.230:9618?addrs=139.153.252.230-9618+[--1]-9618&noUDP&sock=729_9ca1_4>
...
000 (64531.001.000) 07/21 12:05:13 Job submitted from host: <139.153.252.230:9618?addrs=139.153.252.230-9618+[--1]-9618&noUDP&sock=729_9ca1_4>
...
000 (64531.002.000) 07/21 12:05:13 Job submitted from host: <139.153.252.230:9618?addrs=139.153.252.230-9618+[--1]-9618&noUDP&sock=729_9ca1_4>
...
000 (64531.003.000) 07/21 12:05:13 Job submitted from host: <139.153.252.230:9618?addrs=139.153.252.230-9618+[--1]-9618&noUDP&sock=729_9ca1_4>
...
000 (64531.004.000) 07/21 12:05:13 Job submitted from host: <139.153.252.230:9618?addrs=139.153.252.230-9618+[--1]-9618&noUDP&sock=729_9ca1_4>
...
000 (64531.005.000) 07/21 12:05:13 Job submitted from host: <139.153.252.230:9618?addrs=139.153.252.230-9618+[--1]-9618&noUDP&sock=729_9ca1_4>
...
000 (64531.006.000) 07/21 12:05:13 Job submitted from host: <139.153.252.230:9618?addrs=139.153.252.230-9618+[--1]-9618&noUDP&sock=729_9ca1_4>
...
000 (64531.007.000) 07/21 12:05:13 Job submitted from host: <139.153.252.230:9618?addrs=139.153.252.230-9618+[--1]-9618&noUDP&sock=729_9ca1_4>
...
000 (64531.008.000) 07/21 12:05:13 Job submitted from host: <139.153.252.230:9618?addrs=139.153.252.230-9618+[--1]-9618&noUDP&sock=729_9ca1_4>
...
000 (64531.009.000) 07/21 12:05:13 Job submitted from host: <139.153.252.230:9618?addrs=139.153.252.230-9618+[--1]-9618&noUDP&sock=729_9ca1_4>
...
000 (64531.010.000) 07/21 12:05:13 Job submitted from host: <139.153.252.230:9618?addrs=139.153.252.230-9618+[--1]-9618&noUDP&sock=729_9ca1_4>
...
000 (64531.011.000) 07/21 12:05:13 Job submitted from host: <139.153.252.230:9618?addrs=139.153.252.230-9618+[--1]-9618&noUDP&sock=729_9ca1_4>
...
000 (64531.012.000) 07/21 12:05:13 Job submitted from host: <139.153.252.230:9618?addrs=139.153.252.230-9618+[--1]-9618&noUDP&sock=729_9ca1_4>
...
000 (64531.013.000) 07/21 12:05:13 Job submitted from host: <139.153.252.230:9618?addrs=139.153.252.230-9618+[--1]-9618&noUDP&sock=729_9ca1_4>
...
000 (64531.014.000) 07/21 12:05:13 Job submitted from host: <139.153.252.230:9618?addrs=139.153.252.230-9618+[--1]-9618&noUDP&sock=729_9ca1_4>
...
000 (64531.015.000) 07/21 12:05:13 Job submitted from host: <139.153.252.230:9618?addrs=139.153.252.230-9618+[--1]-9618&noUDP&sock=729_9ca1_4>
...
000 (64531.016.000) 07/21 12:05:13 Job submitted from host: <139.153.252.230:9618?addrs=139.153.252.230-9618+[--1]-9618&noUDP&sock=729_9ca1_4>
...
000 (64531.017.000) 07/21 12:05:13 Job submitted from host: <139.153.252.230:9618?addrs=139.153.252.230-9618+[--1]-9618&noUDP&sock=729_9ca1_4>
...
000 (64531.018.000) 07/21 12:05:13 Job submitted from host: <139.153.252.230:9618?addrs=139.153.252.230-9618+[--1]-9618&noUDP&sock=729_9ca1_4>
...
000 (64531.019.000) 07/21 12:05:13 Job submitted from host: <139.153.252.230:9618?addrs=139.153.252.230-9618+[--1]-9618&noUDP&sock=729_9ca1_4>
...
001 (64531.001.000) 07/21 12:05:27 Job executing on host: <139.153.252.235:9618?addrs=139.153.252.235-9618+[--1]-9618&noUDP&sock=2094_e367_3>
...
001 (64531.002.000) 07/21 12:05:27 Job executing on host: <139.153.252.236:9618?addrs=139.153.252.236-9618+[--1]-9618&noUDP&sock=1037_dfcd_3>
...
001 (64531.003.000) 07/21 12:05:28 Job executing on host: <139.153.252.237:9618?addrs=139.153.252.237-9618+[--1]-9618&noUDP&sock=2101_b091_3>
...
001 (64531.014.000) 07/21 12:05:28 Job executing on host: <139.153.252.235:9618?addrs=139.153.252.235-9618+[--1]-9618&noUDP&sock=2094_e367_3>
...
001 (64531.004.000) 07/21 12:05:28 Job executing on host: <139.153.252.238:9618?addrs=139.153.252.238-9618+[--1]-9618&noUDP&sock=1065_1473_3>
...
001 (64531.005.000) 07/21 12:05:28 Job executing on host: <139.153.252.239:9618?addrs=139.153.252.239-9618+[--1]-9618&noUDP&sock=1028_b372_3>
...
001 (64531.000.000) 07/21 12:05:28 Job executing on host: <139.153.252.234:9618?addrs=139.153.252.234-9618+[--1]-9618&noUDP&sock=2365_c592_3>
...
001 (64531.008.000) 07/21 12:05:29 Job executing on host: <139.153.252.242:9618?addrs=139.153.252.242-9618+[--1]-9618&noUDP&sock=1011_0a56_3>
...
001 (64531.015.000) 07/21 12:05:29 Job executing on host: <139.153.252.236:9618?addrs=139.153.252.236-9618+[--1]-9618&noUDP&sock=1037_dfcd_3>
...
001 (64531.006.000) 07/21 12:05:29 Job executing on host: <139.153.252.240:9618?addrs=139.153.252.240-9618+[--1]-9618&noUDP&sock=1047_bbbf_3>
...
001 (64531.007.000) 07/21 12:05:31 Job executing on host: <139.153.252.241:9618?addrs=139.153.252.241-9618+[--1]-9618&noUDP&sock=1072_e19d_3>
...
001 (64531.009.000) 07/21 12:05:32 Job executing on host: <139.153.252.243:9618?addrs=139.153.252.243-9618+[--1]-9618&noUDP&sock=1374_0737_3>
...
001 (64531.011.000) 07/21 12:05:32 Job executing on host: <139.153.252.232:9618?addrs=139.153.252.232-9618+[--1]-9618&noUDP&sock=2167_f5d1_3>
...
001 (64531.010.000) 07/21 12:05:32 Job executing on host: <139.153.252.231:9618?addrs=139.153.252.231-9618+[--1]-9618&noUDP&sock=995_10d2_3>
...
001 (64531.018.000) 07/21 12:05:32 Job executing on host: <139.153.252.239:9618?addrs=139.153.252.239-9618+[--1]-9618&noUDP&sock=1028_b372_3>
...
001 (64531.013.000) 07/21 12:05:32 Job executing on host: <139.153.252.234:9618?addrs=139.153.252.234-9618+[--1]-9618&noUDP&sock=2365_c592_3>
...
001 (64531.019.000) 07/21 12:05:32 Job executing on host: <139.153.252.240:9618?addrs=139.153.252.240-9618+[--1]-9618&noUDP&sock=1047_bbbf_3>
...
001 (64531.016.000) 07/21 12:05:32 Job executing on host: <139.153.252.237:9618?addrs=139.153.252.237-9618+[--1]-9618&noUDP&sock=2101_b091_3>
...
001 (64531.017.000) 07/21 12:05:32 Job executing on host: <139.153.252.238:9618?addrs=139.153.252.238-9618+[--1]-9618&noUDP&sock=1065_1473_3>
...
001 (64531.012.000) 07/21 12:05:32 Job executing on host: <139.153.252.233:9618?addrs=139.153.252.233-9618+[--1]-9618&noUDP&sock=1045_5c8e_3>
...
006 (64531.001.000) 07/21 12:05:36 Image size of job updated: 179800
	176  -  MemoryUsage of job (MB)
	179800  -  ResidentSetSize of job (KB)
...
006 (64531.002.000) 07/21 12:05:36 Image size of job updated: 178140
	174  -  MemoryUsage of job (MB)
	178140  -  ResidentSetSize of job (KB)
...
006 (64531.008.000) 07/21 12:05:37 Image size of job updated: 189496
	186  -  MemoryUsage of job (MB)
	189496  -  ResidentSetSize of job (KB)
...
006 (64531.015.000) 07/21 12:05:37 Image size of job updated: 180232
	177  -  MemoryUsage of job (MB)
	180232  -  ResidentSetSize of job (KB)
...
006 (64531.003.000) 07/21 12:05:37 Image size of job updated: 200864
	197  -  MemoryUsage of job (MB)
	200864  -  ResidentSetSize of job (KB)
...
006 (64531.014.000) 07/21 12:05:37 Image size of job updated: 203164
	199  -  MemoryUsage of job (MB)
	203164  -  ResidentSetSize of job (KB)
...
006 (64531.004.000) 07/21 12:05:37 Image size of job updated: 206500
	202  -  MemoryUsage of job (MB)
	206500  -  ResidentSetSize of job (KB)
...
006 (64531.000.000) 07/21 12:05:37 Image size of job updated: 205264
	201  -  MemoryUsage of job (MB)
	205264  -  ResidentSetSize of job (KB)
...
006 (64531.005.000) 07/21 12:05:37 Image size of job updated: 199688
	196  -  MemoryUsage of job (MB)
	199688  -  ResidentSetSize of job (KB)
...
006 (64531.006.000) 07/21 12:05:38 Image size of job updated: 197468
	193  -  MemoryUsage of job (MB)
	197468  -  ResidentSetSize of job (KB)
...
006 (64531.009.000) 07/21 12:05:40 Image size of job updated: 205644
	201  -  MemoryUsage of job (MB)
	205644  -  ResidentSetSize of job (KB)
...
006 (64531.011.000) 07/21 12:05:40 Image size of job updated: 203224
	199  -  MemoryUsage of job (MB)
	203224  -  ResidentSetSize of job (KB)
...
006 (64531.007.000) 07/21 12:05:40 Image size of job updated: 112392
	110  -  MemoryUsage of job (MB)
	112392  -  ResidentSetSize of job (KB)
...
006 (64531.010.000) 07/21 12:05:41 Image size of job updated: 212860
	208  -  MemoryUsage of job (MB)
	212860  -  ResidentSetSize of job (KB)
...
006 (64531.018.000) 07/21 12:05:41 Image size of job updated: 200304
	196  -  MemoryUsage of job (MB)
	200304  -  ResidentSetSize of job (KB)
...
006 (64531.013.000) 07/21 12:05:41 Image size of job updated: 198824
	195  -  MemoryUsage of job (MB)
	198824  -  ResidentSetSize of job (KB)
...
006 (64531.019.000) 07/21 12:05:41 Image size of job updated: 193744
	190  -  MemoryUsage of job (MB)
	193744  -  ResidentSetSize of job (KB)
...
006 (64531.016.000) 07/21 12:05:41 Image size of job updated: 188372
	184  -  MemoryUsage of job (MB)
	188372  -  ResidentSetSize of job (KB)
...
006 (64531.017.000) 07/21 12:05:41 Image size of job updated: 196828
	193  -  MemoryUsage of job (MB)
	196828  -  ResidentSetSize of job (KB)
...
006 (64531.012.000) 07/21 12:05:41 Image size of job updated: 84356
	83  -  MemoryUsage of job (MB)
	84356  -  ResidentSetSize of job (KB)
...
006 (64531.001.000) 07/21 12:10:36 Image size of job updated: 326672
	320  -  MemoryUsage of job (MB)
	326672  -  ResidentSetSize of job (KB)
...
006 (64531.002.000) 07/21 12:10:36 Image size of job updated: 321864
	315  -  MemoryUsage of job (MB)
	321864  -  ResidentSetSize of job (KB)
...
006 (64531.008.000) 07/21 12:10:37 Image size of job updated: 310692
	304  -  MemoryUsage of job (MB)
	310692  -  ResidentSetSize of job (KB)
...
006 (64531.015.000) 07/21 12:10:37 Image size of job updated: 324380
	317  -  MemoryUsage of job (MB)
	324380  -  ResidentSetSize of job (KB)
...
006 (64531.003.000) 07/21 12:10:38 Image size of job updated: 325584
	318  -  MemoryUsage of job (MB)
	325584  -  ResidentSetSize of job (KB)
...
006 (64531.014.000) 07/21 12:10:38 Image size of job updated: 322564
	316  -  MemoryUsage of job (MB)
	322564  -  ResidentSetSize of job (KB)
...
006 (64531.004.000) 07/21 12:10:38 Image size of job updated: 319920
	313  -  MemoryUsage of job (MB)
	319920  -  ResidentSetSize of job (KB)
...
006 (64531.005.000) 07/21 12:10:38 Image size of job updated: 315308
	308  -  MemoryUsage of job (MB)
	315308  -  ResidentSetSize of job (KB)
...
006 (64531.000.000) 07/21 12:10:38 Image size of job updated: 334452
	327  -  MemoryUsage of job (MB)
	334452  -  ResidentSetSize of job (KB)
...
006 (64531.006.000) 07/21 12:10:39 Image size of job updated: 315600
	309  -  MemoryUsage of job (MB)
	315600  -  ResidentSetSize of job (KB)
...
006 (64531.009.000) 07/21 12:10:40 Image size of job updated: 312112
	305  -  MemoryUsage of job (MB)
	312112  -  ResidentSetSize of job (KB)
...
006 (64531.011.000) 07/21 12:10:40 Image size of job updated: 316952
	310  -  MemoryUsage of job (MB)
	316952  -  ResidentSetSize of job (KB)
...
006 (64531.007.000) 07/21 12:10:41 Image size of job updated: 301072
	295  -  MemoryUsage of job (MB)
	301072  -  ResidentSetSize of job (KB)
...
006 (64531.012.000) 07/21 12:10:42 Image size of job updated: 316172
	309  -  MemoryUsage of job (MB)
	316172  -  ResidentSetSize of job (KB)
...
006 (64531.010.000) 07/21 12:10:42 Image size of job updated: 319816
	313  -  MemoryUsage of job (MB)
	319816  -  ResidentSetSize of job (KB)
...
006 (64531.018.000) 07/21 12:10:42 Image size of job updated: 317048
	310  -  MemoryUsage of job (MB)
	317048  -  ResidentSetSize of job (KB)
...
006 (64531.013.000) 07/21 12:10:42 Image size of job updated: 314940
	308  -  MemoryUsage of job (MB)
	314940  -  ResidentSetSize of job (KB)
...
006 (64531.019.000) 07/21 12:10:42 Image size of job updated: 311808
	305  -  MemoryUsage of job (MB)
	311808  -  ResidentSetSize of job (KB)
...
006 (64531.016.000) 07/21 12:10:42 Image size of job updated: 309716
	303  -  MemoryUsage of job (MB)
	309716  -  ResidentSetSize of job (KB)
...
006 (64531.017.000) 07/21 12:10:42 Image size of job updated: 321688
	315  -  MemoryUsage of job (MB)
	321688  -  ResidentSetSize of job (KB)
...
006 (64531.001.000) 07/21 12:15:36 Image size of job updated: 371392
	363  -  MemoryUsage of job (MB)
	371392  -  ResidentSetSize of job (KB)
...
006 (64531.002.000) 07/21 12:15:36 Image size of job updated: 404176
	395  -  MemoryUsage of job (MB)
	404176  -  ResidentSetSize of job (KB)
...
006 (64531.008.000) 07/21 12:15:37 Image size of job updated: 381728
	373  -  MemoryUsage of job (MB)
	381728  -  ResidentSetSize of job (KB)
...
006 (64531.003.000) 07/21 12:15:38 Image size of job updated: 406532
	398  -  MemoryUsage of job (MB)
	406532  -  ResidentSetSize of job (KB)
...
006 (64531.014.000) 07/21 12:15:38 Image size of job updated: 392968
	384  -  MemoryUsage of job (MB)
	392968  -  ResidentSetSize of job (KB)
...
006 (64531.004.000) 07/21 12:15:38 Image size of job updated: 393836
	385  -  MemoryUsage of job (MB)
	393836  -  ResidentSetSize of job (KB)
...
006 (64531.005.000) 07/21 12:15:38 Image size of job updated: 390408
	382  -  MemoryUsage of job (MB)
	390408  -  ResidentSetSize of job (KB)
...
006 (64531.000.000) 07/21 12:15:38 Image size of job updated: 415964
	407  -  MemoryUsage of job (MB)
	415964  -  ResidentSetSize of job (KB)
...
006 (64531.015.000) 07/21 12:15:38 Image size of job updated: 397064
	388  -  MemoryUsage of job (MB)
	397064  -  ResidentSetSize of job (KB)
...
006 (64531.006.000) 07/21 12:15:39 Image size of job updated: 390584
	382  -  MemoryUsage of job (MB)
	390584  -  ResidentSetSize of job (KB)
...
006 (64531.009.000) 07/21 12:15:40 Image size of job updated: 382160
	374  -  MemoryUsage of job (MB)
	382160  -  ResidentSetSize of job (KB)
...
006 (64531.011.000) 07/21 12:15:40 Image size of job updated: 386360
	378  -  MemoryUsage of job (MB)
	386360  -  ResidentSetSize of job (KB)
...
006 (64531.007.000) 07/21 12:15:41 Image size of job updated: 305484
	299  -  MemoryUsage of job (MB)
	305484  -  ResidentSetSize of job (KB)
...
006 (64531.012.000) 07/21 12:15:42 Image size of job updated: 316436
	310  -  MemoryUsage of job (MB)
	316436  -  ResidentSetSize of job (KB)
...
006 (64531.010.000) 07/21 12:15:43 Image size of job updated: 387656
	379  -  MemoryUsage of job (MB)
	387656  -  ResidentSetSize of job (KB)
...
006 (64531.018.000) 07/21 12:15:43 Image size of job updated: 385308
	377  -  MemoryUsage of job (MB)
	385308  -  ResidentSetSize of job (KB)
...
006 (64531.013.000) 07/21 12:15:43 Image size of job updated: 387648
	379  -  MemoryUsage of job (MB)
	387648  -  ResidentSetSize of job (KB)
...
006 (64531.016.000) 07/21 12:15:43 Image size of job updated: 381768
	373  -  MemoryUsage of job (MB)
	381768  -  ResidentSetSize of job (KB)
...
006 (64531.019.000) 07/21 12:15:43 Image size of job updated: 381628
	373  -  MemoryUsage of job (MB)
	381628  -  ResidentSetSize of job (KB)
...
006 (64531.017.000) 07/21 12:15:43 Image size of job updated: 391532
	383  -  MemoryUsage of job (MB)
	391532  -  ResidentSetSize of job (KB)
...
006 (64531.001.000) 07/21 12:20:37 Image size of job updated: 402296
	393  -  MemoryUsage of job (MB)
	402296  -  ResidentSetSize of job (KB)
...
006 (64531.014.000) 07/21 12:20:38 Image size of job updated: 398028
	389  -  MemoryUsage of job (MB)
	398028  -  ResidentSetSize of job (KB)
...
006 (64531.015.000) 07/21 12:20:39 Image size of job updated: 401548
	393  -  MemoryUsage of job (MB)
	401548  -  ResidentSetSize of job (KB)
...
006 (64531.006.000) 07/21 12:20:39 Image size of job updated: 391872
	383  -  MemoryUsage of job (MB)
	391872  -  ResidentSetSize of job (KB)
...
006 (64531.004.000) 07/21 12:20:39 Image size of job updated: 396008
	387  -  MemoryUsage of job (MB)
	396008  -  ResidentSetSize of job (KB)
...
006 (64531.007.000) 07/21 12:20:41 Image size of job updated: 305616
	299  -  MemoryUsage of job (MB)
	305616  -  ResidentSetSize of job (KB)
...
006 (64531.009.000) 07/21 12:20:41 Image size of job updated: 386548
	378  -  MemoryUsage of job (MB)
	386548  -  ResidentSetSize of job (KB)
...
006 (64531.018.000) 07/21 12:20:43 Image size of job updated: 392584
	384  -  MemoryUsage of job (MB)
	392584  -  ResidentSetSize of job (KB)
...
006 (64531.013.000) 07/21 12:20:43 Image size of job updated: 391592
	383  -  MemoryUsage of job (MB)
	391592  -  ResidentSetSize of job (KB)
...
006 (64531.016.000) 07/21 12:20:43 Image size of job updated: 385296
	377  -  MemoryUsage of job (MB)
	385296  -  ResidentSetSize of job (KB)
...
006 (64531.019.000) 07/21 12:20:43 Image size of job updated: 386336
	378  -  MemoryUsage of job (MB)
	386336  -  ResidentSetSize of job (KB)
...
006 (64531.017.000) 07/21 12:20:43 Image size of job updated: 396144
	387  -  MemoryUsage of job (MB)
	396144  -  ResidentSetSize of job (KB)
...
006 (64531.012.000) 07/21 12:20:43 Image size of job updated: 319552
	313  -  MemoryUsage of job (MB)
	319552  -  ResidentSetSize of job (KB)
...
006 (64531.001.000) 07/21 12:25:38 Image size of job updated: 403956
	395  -  MemoryUsage of job (MB)
	403956  -  ResidentSetSize of job (KB)
...
006 (64531.004.000) 07/21 12:25:40 Image size of job updated: 398072
	389  -  MemoryUsage of job (MB)
	398072  -  ResidentSetSize of job (KB)
...
006 (64531.011.000) 07/21 12:25:41 Image size of job updated: 390484
	382  -  MemoryUsage of job (MB)
	390484  -  ResidentSetSize of job (KB)
...
006 (64531.007.000) 07/21 12:25:42 Image size of job updated: 305748
	299  -  MemoryUsage of job (MB)
	305748  -  ResidentSetSize of job (KB)
...
006 (64531.010.000) 07/21 12:25:43 Image size of job updated: 391604
	383  -  MemoryUsage of job (MB)
	391604  -  ResidentSetSize of job (KB)
...
006 (64531.012.000) 07/21 12:25:44 Image size of job updated: 319684
	313  -  MemoryUsage of job (MB)
	319684  -  ResidentSetSize of job (KB)
...
006 (64531.013.000) 07/21 12:25:44 Image size of job updated: 391724
	383  -  MemoryUsage of job (MB)
	391724  -  ResidentSetSize of job (KB)
...
006 (64531.001.000) 07/21 12:30:38 Image size of job updated: 404088
	395  -  MemoryUsage of job (MB)
	404088  -  ResidentSetSize of job (KB)
...
006 (64531.008.000) 07/21 12:30:39 Image size of job updated: 382520
	374  -  MemoryUsage of job (MB)
	382520  -  ResidentSetSize of job (KB)
...
006 (64531.007.000) 07/21 12:30:42 Image size of job updated: 307828
	301  -  MemoryUsage of job (MB)
	307828  -  ResidentSetSize of job (KB)
...
006 (64531.018.000) 07/21 12:30:44 Image size of job updated: 392716
	384  -  MemoryUsage of job (MB)
	392716  -  ResidentSetSize of job (KB)
...
006 (64531.012.000) 07/21 12:30:44 Image size of job updated: 322088
	315  -  MemoryUsage of job (MB)
	322088  -  ResidentSetSize of job (KB)
...
006 (64531.013.000) 07/21 12:30:45 Image size of job updated: 391856
	383  -  MemoryUsage of job (MB)
	391856  -  ResidentSetSize of job (KB)
...
006 (64531.002.000) 07/21 12:35:39 Image size of job updated: 407712
	399  -  MemoryUsage of job (MB)
	407712  -  ResidentSetSize of job (KB)
...
006 (64531.003.000) 07/21 12:35:40 Image size of job updated: 409944
	401  -  MemoryUsage of job (MB)
	409944  -  ResidentSetSize of job (KB)
...
006 (64531.014.000) 07/21 12:35:40 Image size of job updated: 399280
	390  -  MemoryUsage of job (MB)
	399280  -  ResidentSetSize of job (KB)
...
006 (64531.004.000) 07/21 12:35:40 Image size of job updated: 403344
	394  -  MemoryUsage of job (MB)
	403344  -  ResidentSetSize of job (KB)
...
006 (64531.005.000) 07/21 12:35:40 Image size of job updated: 399516
	391  -  MemoryUsage of job (MB)
	399516  -  ResidentSetSize of job (KB)
...
006 (64531.000.000) 07/21 12:35:40 Image size of job updated: 420392
	411  -  MemoryUsage of job (MB)
	420392  -  ResidentSetSize of job (KB)
...
006 (64531.008.000) 07/21 12:35:40 Image size of job updated: 387364
	379  -  MemoryUsage of job (MB)
	387364  -  ResidentSetSize of job (KB)
...
006 (64531.015.000) 07/21 12:35:40 Image size of job updated: 410008
	401  -  MemoryUsage of job (MB)
	410008  -  ResidentSetSize of job (KB)
...
006 (64531.006.000) 07/21 12:35:41 Image size of job updated: 394772
	386  -  MemoryUsage of job (MB)
	394772  -  ResidentSetSize of job (KB)
...
006 (64531.007.000) 07/21 12:35:42 Image size of job updated: 309872
	303  -  MemoryUsage of job (MB)
	309872  -  ResidentSetSize of job (KB)
...
006 (64531.011.000) 07/21 12:35:42 Image size of job updated: 397832
	389  -  MemoryUsage of job (MB)
	397832  -  ResidentSetSize of job (KB)
...
006 (64531.009.000) 07/21 12:35:43 Image size of job updated: 397300
	388  -  MemoryUsage of job (MB)
	397300  -  ResidentSetSize of job (KB)
...
006 (64531.018.000) 07/21 12:35:44 Image size of job updated: 393464
	385  -  MemoryUsage of job (MB)
	393464  -  ResidentSetSize of job (KB)
...
006 (64531.010.000) 07/21 12:35:45 Image size of job updated: 395992
	387  -  MemoryUsage of job (MB)
	395992  -  ResidentSetSize of job (KB)
...
006 (64531.013.000) 07/21 12:35:45 Image size of job updated: 399520
	391  -  MemoryUsage of job (MB)
	399520  -  ResidentSetSize of job (KB)
...
006 (64531.016.000) 07/21 12:35:45 Image size of job updated: 393748
	385  -  MemoryUsage of job (MB)
	393748  -  ResidentSetSize of job (KB)
...
006 (64531.019.000) 07/21 12:35:45 Image size of job updated: 391272
	383  -  MemoryUsage of job (MB)
	391272  -  ResidentSetSize of job (KB)
...
006 (64531.017.000) 07/21 12:35:45 Image size of job updated: 399116
	390  -  MemoryUsage of job (MB)
	399116  -  ResidentSetSize of job (KB)
...
006 (64531.002.000) 07/21 12:40:40 Image size of job updated: 407976
	399  -  MemoryUsage of job (MB)
	407976  -  ResidentSetSize of job (KB)
...
006 (64531.001.000) 07/21 12:40:40 Image size of job updated: 404352
	395  -  MemoryUsage of job (MB)
	404352  -  ResidentSetSize of job (KB)
...
006 (64531.000.000) 07/21 12:40:41 Image size of job updated: 420524
	411  -  MemoryUsage of job (MB)
	420524  -  ResidentSetSize of job (KB)
...
006 (64531.008.000) 07/21 12:40:41 Image size of job updated: 387496
	379  -  MemoryUsage of job (MB)
	387496  -  ResidentSetSize of job (KB)
...
006 (64531.015.000) 07/21 12:40:41 Image size of job updated: 410140
	401  -  MemoryUsage of job (MB)
	410140  -  ResidentSetSize of job (KB)
...
006 (64531.003.000) 07/21 12:40:41 Image size of job updated: 410076
	401  -  MemoryUsage of job (MB)
	410076  -  ResidentSetSize of job (KB)
...
006 (64531.014.000) 07/21 12:40:41 Image size of job updated: 399412
	391  -  MemoryUsage of job (MB)
	399412  -  ResidentSetSize of job (KB)
...
006 (64531.004.000) 07/21 12:40:41 Image size of job updated: 403476
	395  -  MemoryUsage of job (MB)
	403476  -  ResidentSetSize of job (KB)
...
006 (64531.011.000) 07/21 12:40:43 Image size of job updated: 397964
	389  -  MemoryUsage of job (MB)
	397964  -  ResidentSetSize of job (KB)
...
006 (64531.007.000) 07/21 12:40:44 Image size of job updated: 312000
	305  -  MemoryUsage of job (MB)
	312000  -  ResidentSetSize of job (KB)
...
006 (64531.018.000) 07/21 12:40:44 Image size of job updated: 393596
	385  -  MemoryUsage of job (MB)
	393596  -  ResidentSetSize of job (KB)
...
006 (64531.010.000) 07/21 12:40:45 Image size of job updated: 396124
	387  -  MemoryUsage of job (MB)
	396124  -  ResidentSetSize of job (KB)
...
006 (64531.016.000) 07/21 12:40:45 Image size of job updated: 394012
	385  -  MemoryUsage of job (MB)
	394012  -  ResidentSetSize of job (KB)
...
006 (64531.019.000) 07/21 12:40:45 Image size of job updated: 391404
	383  -  MemoryUsage of job (MB)
	391404  -  ResidentSetSize of job (KB)
...
006 (64531.012.000) 07/21 12:40:46 Image size of job updated: 324212
	317  -  MemoryUsage of job (MB)
	324212  -  ResidentSetSize of job (KB)
...
006 (64531.000.000) 07/21 12:45:41 Image size of job updated: 420580
	411  -  MemoryUsage of job (MB)
	420580  -  ResidentSetSize of job (KB)
...
006 (64531.007.000) 07/21 12:45:44 Image size of job updated: 314060
	307  -  MemoryUsage of job (MB)
	314060  -  ResidentSetSize of job (KB)
...
006 (64531.012.000) 07/21 12:45:46 Image size of job updated: 328400
	321  -  MemoryUsage of job (MB)
	328400  -  ResidentSetSize of job (KB)
...
006 (64531.001.000) 07/21 12:50:40 Image size of job updated: 404384
	395  -  MemoryUsage of job (MB)
	404384  -  ResidentSetSize of job (KB)
...
006 (64531.002.000) 07/21 12:50:40 Image size of job updated: 408036
	399  -  MemoryUsage of job (MB)
	408036  -  ResidentSetSize of job (KB)
...
006 (64531.005.000) 07/21 12:50:41 Image size of job updated: 399536
	391  -  MemoryUsage of job (MB)
	399536  -  ResidentSetSize of job (KB)
...
006 (64531.000.000) 07/21 12:50:41 Image size of job updated: 420632
	411  -  MemoryUsage of job (MB)
	420632  -  ResidentSetSize of job (KB)
...
006 (64531.008.000) 07/21 12:50:41 Image size of job updated: 387512
	379  -  MemoryUsage of job (MB)
	387512  -  ResidentSetSize of job (KB)
...
006 (64531.003.000) 07/21 12:50:42 Image size of job updated: 410104
	401  -  MemoryUsage of job (MB)
	410104  -  ResidentSetSize of job (KB)
...
006 (64531.014.000) 07/21 12:50:42 Image size of job updated: 399416
	391  -  MemoryUsage of job (MB)
	399416  -  ResidentSetSize of job (KB)
...
006 (64531.004.000) 07/21 12:50:42 Image size of job updated: 403572
	395  -  MemoryUsage of job (MB)
	403572  -  ResidentSetSize of job (KB)
...
006 (64531.006.000) 07/21 12:50:43 Image size of job updated: 394780
	386  -  MemoryUsage of job (MB)
	394780  -  ResidentSetSize of job (KB)
...
006 (64531.009.000) 07/21 12:50:44 Image size of job updated: 397316
	389  -  MemoryUsage of job (MB)
	397316  -  ResidentSetSize of job (KB)
...
006 (64531.007.000) 07/21 12:50:44 Image size of job updated: 318772
	312  -  MemoryUsage of job (MB)
	318772  -  ResidentSetSize of job (KB)
...
006 (64531.013.000) 07/21 12:50:47 Image size of job updated: 399636
	391  -  MemoryUsage of job (MB)
	399636  -  ResidentSetSize of job (KB)
...
006 (64531.012.000) 07/21 12:50:47 Image size of job updated: 332608
	325  -  MemoryUsage of job (MB)
	332608  -  ResidentSetSize of job (KB)
...
006 (64531.015.000) 07/21 12:55:43 Image size of job updated: 410152
	401  -  MemoryUsage of job (MB)
	410152  -  ResidentSetSize of job (KB)
...
006 (64531.007.000) 07/21 12:55:45 Image size of job updated: 322924
	316  -  MemoryUsage of job (MB)
	322924  -  ResidentSetSize of job (KB)
...
006 (64531.013.000) 07/21 12:55:47 Image size of job updated: 400504
	392  -  MemoryUsage of job (MB)
	400504  -  ResidentSetSize of job (KB)
...
006 (64531.012.000) 07/21 12:55:48 Image size of job updated: 338204
	331  -  MemoryUsage of job (MB)
	338204  -  ResidentSetSize of job (KB)
...
006 (64531.007.000) 07/21 13:00:45 Image size of job updated: 329364
	322  -  MemoryUsage of job (MB)
	329364  -  ResidentSetSize of job (KB)
...
006 (64531.012.000) 07/21 13:00:48 Image size of job updated: 342308
	335  -  MemoryUsage of job (MB)
	342308  -  ResidentSetSize of job (KB)
...
006 (64531.013.000) 07/21 13:00:48 Image size of job updated: 400636
	392  -  MemoryUsage of job (MB)
	400636  -  ResidentSetSize of job (KB)
...
006 (64531.007.000) 07/21 13:05:45 Image size of job updated: 335548
	328  -  MemoryUsage of job (MB)
	335548  -  ResidentSetSize of job (KB)
...
006 (64531.017.000) 07/21 13:05:49 Image size of job updated: 399248
	390  -  MemoryUsage of job (MB)
	399248  -  ResidentSetSize of job (KB)
...
006 (64531.012.000) 07/21 13:05:49 Image size of job updated: 352652
	345  -  MemoryUsage of job (MB)
	352652  -  ResidentSetSize of job (KB)
...
006 (64531.003.000) 07/21 13:10:43 Image size of job updated: 410160
	401  -  MemoryUsage of job (MB)
	410160  -  ResidentSetSize of job (KB)
...
006 (64531.008.000) 07/21 13:10:43 Image size of job updated: 390516
	382  -  MemoryUsage of job (MB)
	390516  -  ResidentSetSize of job (KB)
...
006 (64531.005.000) 07/21 13:10:44 Image size of job updated: 399752
	391  -  MemoryUsage of job (MB)
	399752  -  ResidentSetSize of job (KB)
...
006 (64531.000.000) 07/21 13:10:44 Image size of job updated: 420664
	411  -  MemoryUsage of job (MB)
	420664  -  ResidentSetSize of job (KB)
...
006 (64531.007.000) 07/21 13:10:46 Image size of job updated: 350072
	342  -  MemoryUsage of job (MB)
	350072  -  ResidentSetSize of job (KB)
...
006 (64531.011.000) 07/21 13:10:46 Image size of job updated: 398092
	389  -  MemoryUsage of job (MB)
	398092  -  ResidentSetSize of job (KB)
...
006 (64531.009.000) 07/21 13:10:47 Image size of job updated: 397428
	389  -  MemoryUsage of job (MB)
	397428  -  ResidentSetSize of job (KB)
...
006 (64531.010.000) 07/21 13:10:48 Image size of job updated: 399104
	390  -  MemoryUsage of job (MB)
	399104  -  ResidentSetSize of job (KB)
...
006 (64531.017.000) 07/21 13:10:49 Image size of job updated: 402292
	393  -  MemoryUsage of job (MB)
	402292  -  ResidentSetSize of job (KB)
...
006 (64531.019.000) 07/21 13:10:49 Image size of job updated: 394804
	386  -  MemoryUsage of job (MB)
	394804  -  ResidentSetSize of job (KB)
...
006 (64531.012.000) 07/21 13:10:50 Image size of job updated: 367216
	359  -  MemoryUsage of job (MB)
	367216  -  ResidentSetSize of job (KB)
...
006 (64531.002.000) 07/21 13:15:44 Image size of job updated: 408140
	399  -  MemoryUsage of job (MB)
	408140  -  ResidentSetSize of job (KB)
...
006 (64531.015.000) 07/21 13:15:44 Image size of job updated: 410488
	401  -  MemoryUsage of job (MB)
	410488  -  ResidentSetSize of job (KB)
...
006 (64531.014.000) 07/21 13:15:44 Image size of job updated: 402520
	394  -  MemoryUsage of job (MB)
	402520  -  ResidentSetSize of job (KB)
...
006 (64531.004.000) 07/21 13:15:45 Image size of job updated: 405636
	397  -  MemoryUsage of job (MB)
	405636  -  ResidentSetSize of job (KB)
...
006 (64531.006.000) 07/21 13:15:45 Image size of job updated: 394904
	386  -  MemoryUsage of job (MB)
	394904  -  ResidentSetSize of job (KB)
...
006 (64531.007.000) 07/21 13:15:46 Image size of job updated: 364452
	356  -  MemoryUsage of job (MB)
	364452  -  ResidentSetSize of job (KB)
...
006 (64531.018.000) 07/21 13:15:47 Image size of job updated: 396944
	388  -  MemoryUsage of job (MB)
	396944  -  ResidentSetSize of job (KB)
...
006 (64531.016.000) 07/21 13:15:49 Image size of job updated: 394112
	385  -  MemoryUsage of job (MB)
	394112  -  ResidentSetSize of job (KB)
...
006 (64531.013.000) 07/21 13:15:49 Image size of job updated: 400676
	392  -  MemoryUsage of job (MB)
	400676  -  ResidentSetSize of job (KB)
...
006 (64531.012.000) 07/21 13:15:50 Image size of job updated: 387744
	379  -  MemoryUsage of job (MB)
	387744  -  ResidentSetSize of job (KB)
...
006 (64531.007.000) 07/21 13:20:46 Image size of job updated: 378824
	370  -  MemoryUsage of job (MB)
	378824  -  ResidentSetSize of job (KB)
...
006 (64531.012.000) 07/21 13:20:51 Image size of job updated: 402152
	393  -  MemoryUsage of job (MB)
	402152  -  ResidentSetSize of job (KB)
...
006 (64531.014.000) 07/21 13:25:45 Image size of job updated: 403344
	394  -  MemoryUsage of job (MB)
	403344  -  ResidentSetSize of job (KB)
...
006 (64531.004.000) 07/21 13:25:45 Image size of job updated: 405644
	397  -  MemoryUsage of job (MB)
	405644  -  ResidentSetSize of job (KB)
...
006 (64531.008.000) 07/21 13:25:45 Image size of job updated: 391128
	382  -  MemoryUsage of job (MB)
	391128  -  ResidentSetSize of job (KB)
...
006 (64531.007.000) 07/21 13:25:47 Image size of job updated: 388624
	380  -  MemoryUsage of job (MB)
	388624  -  ResidentSetSize of job (KB)
...
006 (64531.013.000) 07/21 13:25:50 Image size of job updated: 400692
	392  -  MemoryUsage of job (MB)
	400692  -  ResidentSetSize of job (KB)
...
006 (64531.012.000) 07/21 13:25:52 Image size of job updated: 403252
	394  -  MemoryUsage of job (MB)
	403252  -  ResidentSetSize of job (KB)
...
006 (64531.015.000) 07/21 13:30:46 Image size of job updated: 410500
	401  -  MemoryUsage of job (MB)
	410500  -  ResidentSetSize of job (KB)
...
006 (64531.018.000) 07/21 13:30:49 Image size of job updated: 397320
	389  -  MemoryUsage of job (MB)
	397320  -  ResidentSetSize of job (KB)
...
006 (64531.017.000) 07/21 13:30:50 Image size of job updated: 403044
	394  -  MemoryUsage of job (MB)
	403044  -  ResidentSetSize of job (KB)
...
006 (64531.019.000) 07/21 13:30:50 Image size of job updated: 395260
	386  -  MemoryUsage of job (MB)
	395260  -  ResidentSetSize of job (KB)
...
006 (64531.012.000) 07/21 13:30:52 Image size of job updated: 403896
	395  -  MemoryUsage of job (MB)
	403896  -  ResidentSetSize of job (KB)
...
006 (64531.010.000) 07/21 13:35:50 Image size of job updated: 399848
	391  -  MemoryUsage of job (MB)
	399848  -  ResidentSetSize of job (KB)
...
006 (64531.017.000) 07/21 13:40:52 Image size of job updated: 403176
	394  -  MemoryUsage of job (MB)
	403176  -  ResidentSetSize of job (KB)
...
006 (64531.008.000) 07/21 13:45:47 Image size of job updated: 391168
	382  -  MemoryUsage of job (MB)
	391168  -  ResidentSetSize of job (KB)
...
006 (64531.011.000) 07/21 13:45:50 Image size of job updated: 398640
	390  -  MemoryUsage of job (MB)
	398640  -  ResidentSetSize of job (KB)
...
006 (64531.019.000) 07/21 13:45:52 Image size of job updated: 395332
	387  -  MemoryUsage of job (MB)
	395332  -  ResidentSetSize of job (KB)
...
006 (64531.001.000) 07/21 13:50:47 Image size of job updated: 404504
	396  -  MemoryUsage of job (MB)
	404504  -  ResidentSetSize of job (KB)
...
006 (64531.015.000) 07/21 13:50:47 Image size of job updated: 410564
	401  -  MemoryUsage of job (MB)
	410564  -  ResidentSetSize of job (KB)
...
006 (64531.000.000) 07/21 13:50:48 Image size of job updated: 420740
	411  -  MemoryUsage of job (MB)
	420740  -  ResidentSetSize of job (KB)
...
006 (64531.006.000) 07/21 13:50:48 Image size of job updated: 395368
	387  -  MemoryUsage of job (MB)
	395368  -  ResidentSetSize of job (KB)
...
006 (64531.004.000) 07/21 13:50:49 Image size of job updated: 405700
	397  -  MemoryUsage of job (MB)
	405700  -  ResidentSetSize of job (KB)
...
006 (64531.002.000) 07/21 14:00:48 Image size of job updated: 408208
	399  -  MemoryUsage of job (MB)
	408208  -  ResidentSetSize of job (KB)
...
006 (64531.004.000) 07/21 14:00:49 Image size of job updated: 405744
	397  -  MemoryUsage of job (MB)
	405744  -  ResidentSetSize of job (KB)
...
006 (64531.008.000) 07/21 14:00:49 Image size of job updated: 391236
	383  -  MemoryUsage of job (MB)
	391236  -  ResidentSetSize of job (KB)
...
006 (64531.003.000) 07/21 14:05:50 Image size of job updated: 410292
	401  -  MemoryUsage of job (MB)
	410292  -  ResidentSetSize of job (KB)
...
006 (64531.001.000) 07/21 14:10:48 Image size of job updated: 404840
	396  -  MemoryUsage of job (MB)
	404840  -  ResidentSetSize of job (KB)
...
006 (64531.000.000) 07/21 14:10:49 Image size of job updated: 420872
	412  -  MemoryUsage of job (MB)
	420872  -  ResidentSetSize of job (KB)
...
006 (64531.011.000) 07/21 14:10:52 Image size of job updated: 399196
	390  -  MemoryUsage of job (MB)
	399196  -  ResidentSetSize of job (KB)
...
006 (64531.001.000) 07/21 14:15:48 Image size of job updated: 404972
	396  -  MemoryUsage of job (MB)
	404972  -  ResidentSetSize of job (KB)
...
006 (64531.008.000) 07/21 14:20:51 Image size of job updated: 391272
	383  -  MemoryUsage of job (MB)
	391272  -  ResidentSetSize of job (KB)
...
006 (64531.003.000) 07/21 14:20:51 Image size of job updated: 410376
	401  -  MemoryUsage of job (MB)
	410376  -  ResidentSetSize of job (KB)
...
006 (64531.011.000) 07/21 14:20:54 Image size of job updated: 399224
	390  -  MemoryUsage of job (MB)
	399224  -  ResidentSetSize of job (KB)
...
006 (64531.019.000) 07/21 14:20:56 Image size of job updated: 395388
	387  -  MemoryUsage of job (MB)
	395388  -  ResidentSetSize of job (KB)
...
006 (64531.000.000) 07/21 14:25:51 Image size of job updated: 420944
	412  -  MemoryUsage of job (MB)
	420944  -  ResidentSetSize of job (KB)
...
006 (64531.002.000) 07/21 14:25:51 Image size of job updated: 408228
	399  -  MemoryUsage of job (MB)
	408228  -  ResidentSetSize of job (KB)
...
006 (64531.010.000) 07/21 14:40:57 Image size of job updated: 401444
	393  -  MemoryUsage of job (MB)
	401444  -  ResidentSetSize of job (KB)
...
006 (64531.019.000) 07/21 14:40:58 Image size of job updated: 395580
	387  -  MemoryUsage of job (MB)
	395580  -  ResidentSetSize of job (KB)
...
006 (64531.011.000) 07/21 14:45:56 Image size of job updated: 399288
	390  -  MemoryUsage of job (MB)
	399288  -  ResidentSetSize of job (KB)
...
006 (64531.003.000) 07/21 14:50:54 Image size of job updated: 410456
	401  -  MemoryUsage of job (MB)
	410456  -  ResidentSetSize of job (KB)
...
006 (64531.005.000) 07/21 14:50:54 Image size of job updated: 400964
	392  -  MemoryUsage of job (MB)
	400964  -  ResidentSetSize of job (KB)
...
006 (64531.009.000) 07/21 14:50:56 Image size of job updated: 398508
	390  -  MemoryUsage of job (MB)
	398508  -  ResidentSetSize of job (KB)
...
006 (64531.001.000) 07/21 14:55:53 Image size of job updated: 407588
	399  -  MemoryUsage of job (MB)
	407588  -  ResidentSetSize of job (KB)
...
006 (64531.000.000) 07/21 14:55:54 Image size of job updated: 421072
	412  -  MemoryUsage of job (MB)
	421072  -  ResidentSetSize of job (KB)
...
006 (64531.006.000) 07/21 14:55:55 Image size of job updated: 397676
	389  -  MemoryUsage of job (MB)
	397676  -  ResidentSetSize of job (KB)
...
006 (64531.018.000) 07/21 14:55:59 Image size of job updated: 399008
	390  -  MemoryUsage of job (MB)
	399008  -  ResidentSetSize of job (KB)
...
006 (64531.019.000) 07/21 14:55:59 Image size of job updated: 395620
	387  -  MemoryUsage of job (MB)
	395620  -  ResidentSetSize of job (KB)
...
006 (64531.016.000) 07/21 14:55:59 Image size of job updated: 394592
	386  -  MemoryUsage of job (MB)
	394592  -  ResidentSetSize of job (KB)
...
006 (64531.013.000) 07/21 14:56:00 Image size of job updated: 402368
	393  -  MemoryUsage of job (MB)
	402368  -  ResidentSetSize of job (KB)
...
006 (64531.017.000) 07/21 14:56:00 Image size of job updated: 405528
	397  -  MemoryUsage of job (MB)
	405528  -  ResidentSetSize of job (KB)
...
006 (64531.001.000) 07/21 15:00:54 Image size of job updated: 407720
	399  -  MemoryUsage of job (MB)
	407720  -  ResidentSetSize of job (KB)
...
006 (64531.002.000) 07/21 15:00:55 Image size of job updated: 408544
	399  -  MemoryUsage of job (MB)
	408544  -  ResidentSetSize of job (KB)
...
006 (64531.014.000) 07/21 15:00:55 Image size of job updated: 405408
	396  -  MemoryUsage of job (MB)
	405408  -  ResidentSetSize of job (KB)
...
006 (64531.003.000) 07/21 15:00:55 Image size of job updated: 410588
	401  -  MemoryUsage of job (MB)
	410588  -  ResidentSetSize of job (KB)
...
006 (64531.001.000) 07/21 15:05:54 Image size of job updated: 408576
	399  -  MemoryUsage of job (MB)
	408576  -  ResidentSetSize of job (KB)
...
006 (64531.002.000) 07/21 15:05:55 Image size of job updated: 408676
	400  -  MemoryUsage of job (MB)
	408676  -  ResidentSetSize of job (KB)
...
006 (64531.018.000) 07/21 15:06:01 Image size of job updated: 399140
	390  -  MemoryUsage of job (MB)
	399140  -  ResidentSetSize of job (KB)
...
006 (64531.004.000) 07/21 15:15:58 Image size of job updated: 406840
	398  -  MemoryUsage of job (MB)
	406840  -  ResidentSetSize of job (KB)
...
006 (64531.004.000) 07/21 15:20:59 Image size of job updated: 406972
	398  -  MemoryUsage of job (MB)
	406972  -  ResidentSetSize of job (KB)
...
006 (64531.003.000) 07/21 15:25:58 Image size of job updated: 410720
	402  -  MemoryUsage of job (MB)
	410720  -  ResidentSetSize of job (KB)
...
006 (64531.002.000) 07/21 15:30:57 Image size of job updated: 408784
	400  -  MemoryUsage of job (MB)
	408784  -  ResidentSetSize of job (KB)
...
006 (64531.008.000) 07/21 15:35:59 Image size of job updated: 392816
	384  -  MemoryUsage of job (MB)
	392816  -  ResidentSetSize of job (KB)
...
006 (64531.011.000) 07/21 15:41:02 Image size of job updated: 401100
	392  -  MemoryUsage of job (MB)
	401100  -  ResidentSetSize of job (KB)
...
006 (64531.010.000) 07/21 15:41:03 Image size of job updated: 401496
	393  -  MemoryUsage of job (MB)
	401496  -  ResidentSetSize of job (KB)
...
006 (64531.002.000) 07/21 15:45:59 Image size of job updated: 408788
	400  -  MemoryUsage of job (MB)
	408788  -  ResidentSetSize of job (KB)
...
006 (64531.003.000) 07/21 15:51:00 Image size of job updated: 410852
	402  -  MemoryUsage of job (MB)
	410852  -  ResidentSetSize of job (KB)
...
006 (64531.007.000) 07/21 15:51:01 Image size of job updated: 388832
	380  -  MemoryUsage of job (MB)
	388832  -  ResidentSetSize of job (KB)
...
006 (64531.010.000) 07/21 15:51:03 Image size of job updated: 401628
	393  -  MemoryUsage of job (MB)
	401628  -  ResidentSetSize of job (KB)
...
006 (64531.012.000) 07/21 15:51:11 Image size of job updated: 411508
	402  -  MemoryUsage of job (MB)
	411508  -  ResidentSetSize of job (KB)
...
006 (64531.009.000) 07/21 15:56:03 Image size of job updated: 398560
	390  -  MemoryUsage of job (MB)
	398560  -  ResidentSetSize of job (KB)
...
006 (64531.003.000) 07/21 16:01:01 Image size of job updated: 410896
	402  -  MemoryUsage of job (MB)
	410896  -  ResidentSetSize of job (KB)
...
006 (64531.008.000) 07/21 16:01:02 Image size of job updated: 392916
	384  -  MemoryUsage of job (MB)
	392916  -  ResidentSetSize of job (KB)
...
006 (64531.011.000) 07/21 16:01:04 Image size of job updated: 401120
	392  -  MemoryUsage of job (MB)
	401120  -  ResidentSetSize of job (KB)
...
006 (64531.010.000) 07/21 16:01:05 Image size of job updated: 401688
	393  -  MemoryUsage of job (MB)
	401688  -  ResidentSetSize of job (KB)
...
006 (64531.019.000) 07/21 16:01:06 Image size of job updated: 397572
	389  -  MemoryUsage of job (MB)
	397572  -  ResidentSetSize of job (KB)
...
006 (64531.001.000) 07/21 16:06:00 Image size of job updated: 410216
	401  -  MemoryUsage of job (MB)
	410216  -  ResidentSetSize of job (KB)
...
006 (64531.000.000) 07/21 16:06:00 Image size of job updated: 421132
	412  -  MemoryUsage of job (MB)
	421132  -  ResidentSetSize of job (KB)
...
006 (64531.005.000) 07/21 16:06:02 Image size of job updated: 401584
	393  -  MemoryUsage of job (MB)
	401584  -  ResidentSetSize of job (KB)
...
006 (64531.004.000) 07/21 16:06:03 Image size of job updated: 407240
	398  -  MemoryUsage of job (MB)
	407240  -  ResidentSetSize of job (KB)
...
006 (64531.016.000) 07/21 16:06:06 Image size of job updated: 394740
	386  -  MemoryUsage of job (MB)
	394740  -  ResidentSetSize of job (KB)
...
006 (64531.018.000) 07/21 16:06:07 Image size of job updated: 399192
	390  -  MemoryUsage of job (MB)
	399192  -  ResidentSetSize of job (KB)
...
006 (64531.012.000) 07/21 16:06:13 Image size of job updated: 411620
	402  -  MemoryUsage of job (MB)
	411620  -  ResidentSetSize of job (KB)
...
006 (64531.014.000) 07/21 16:11:02 Image size of job updated: 405708
	397  -  MemoryUsage of job (MB)
	405708  -  ResidentSetSize of job (KB)
...
006 (64531.015.000) 07/21 16:11:03 Image size of job updated: 410944
	402  -  MemoryUsage of job (MB)
	410944  -  ResidentSetSize of job (KB)
...
006 (64531.012.000) 07/21 16:11:14 Image size of job updated: 411752
	403  -  MemoryUsage of job (MB)
	411752  -  ResidentSetSize of job (KB)
...
006 (64531.009.000) 07/21 16:16:05 Image size of job updated: 398596
	390  -  MemoryUsage of job (MB)
	398596  -  ResidentSetSize of job (KB)
...
006 (64531.010.000) 07/21 16:21:06 Image size of job updated: 401772
	393  -  MemoryUsage of job (MB)
	401772  -  ResidentSetSize of job (KB)
...
006 (64531.011.000) 07/21 16:21:06 Image size of job updated: 401176
	392  -  MemoryUsage of job (MB)
	401176  -  ResidentSetSize of job (KB)
...
006 (64531.016.000) 07/21 16:26:08 Image size of job updated: 394796
	386  -  MemoryUsage of job (MB)
	394796  -  ResidentSetSize of job (KB)
...
006 (64531.019.000) 07/21 16:26:09 Image size of job updated: 397740
	389  -  MemoryUsage of job (MB)
	397740  -  ResidentSetSize of job (KB)
...
006 (64531.001.000) 07/21 16:31:02 Image size of job updated: 410320
	401  -  MemoryUsage of job (MB)
	410320  -  ResidentSetSize of job (KB)
...
006 (64531.000.000) 07/21 16:31:03 Image size of job updated: 421224
	412  -  MemoryUsage of job (MB)
	421224  -  ResidentSetSize of job (KB)
...
006 (64531.014.000) 07/21 16:31:04 Image size of job updated: 405840
	397  -  MemoryUsage of job (MB)
	405840  -  ResidentSetSize of job (KB)
...
006 (64531.018.000) 07/21 16:31:10 Image size of job updated: 399208
	390  -  MemoryUsage of job (MB)
	399208  -  ResidentSetSize of job (KB)
...
006 (64531.012.000) 07/21 16:36:17 Image size of job updated: 411820
	403  -  MemoryUsage of job (MB)
	411820  -  ResidentSetSize of job (KB)
...
006 (64531.009.000) 07/21 16:41:08 Image size of job updated: 398732
	390  -  MemoryUsage of job (MB)
	398732  -  ResidentSetSize of job (KB)
...
006 (64531.008.000) 07/21 16:46:06 Image size of job updated: 392936
	384  -  MemoryUsage of job (MB)
	392936  -  ResidentSetSize of job (KB)
...
006 (64531.005.000) 07/21 16:51:07 Image size of job updated: 401592
	393  -  MemoryUsage of job (MB)
	401592  -  ResidentSetSize of job (KB)
...
006 (64531.016.000) 07/21 16:51:11 Image size of job updated: 394956
	386  -  MemoryUsage of job (MB)
	394956  -  ResidentSetSize of job (KB)
...
006 (64531.000.000) 07/21 16:56:05 Image size of job updated: 421376
	412  -  MemoryUsage of job (MB)
	421376  -  ResidentSetSize of job (KB)
...
006 (64531.004.000) 07/21 16:56:08 Image size of job updated: 407260
	398  -  MemoryUsage of job (MB)
	407260  -  ResidentSetSize of job (KB)
...
006 (64531.018.000) 07/21 16:56:13 Image size of job updated: 399372
	391  -  MemoryUsage of job (MB)
	399372  -  ResidentSetSize of job (KB)
...
006 (64531.014.000) 07/21 17:01:06 Image size of job updated: 406072
	397  -  MemoryUsage of job (MB)
	406072  -  ResidentSetSize of job (KB)
...
006 (64531.009.000) 07/21 17:01:10 Image size of job updated: 398760
	390  -  MemoryUsage of job (MB)
	398760  -  ResidentSetSize of job (KB)
...
006 (64531.011.000) 07/21 17:01:11 Image size of job updated: 401276
	392  -  MemoryUsage of job (MB)
	401276  -  ResidentSetSize of job (KB)
...
006 (64531.008.000) 07/21 17:06:09 Image size of job updated: 393152
	384  -  MemoryUsage of job (MB)
	393152  -  ResidentSetSize of job (KB)
...
006 (64531.000.000) 07/21 17:16:07 Image size of job updated: 421416
	412  -  MemoryUsage of job (MB)
	421416  -  ResidentSetSize of job (KB)
...
006 (64531.006.000) 07/21 17:16:11 Image size of job updated: 399768
	391  -  MemoryUsage of job (MB)
	399768  -  ResidentSetSize of job (KB)
...
006 (64531.004.000) 07/21 17:21:12 Image size of job updated: 407448
	398  -  MemoryUsage of job (MB)
	407448  -  ResidentSetSize of job (KB)
...
006 (64531.010.000) 07/21 17:21:12 Image size of job updated: 402936
	394  -  MemoryUsage of job (MB)
	402936  -  ResidentSetSize of job (KB)
...
006 (64531.013.000) 07/21 17:21:17 Image size of job updated: 402784
	394  -  MemoryUsage of job (MB)
	402784  -  ResidentSetSize of job (KB)
...
006 (64531.009.000) 07/21 17:26:12 Image size of job updated: 399864
	391  -  MemoryUsage of job (MB)
	399864  -  ResidentSetSize of job (KB)
...
006 (64531.010.000) 07/21 17:26:13 Image size of job updated: 403956
	395  -  MemoryUsage of job (MB)
	403956  -  ResidentSetSize of job (KB)
...
006 (64531.002.000) 07/21 17:31:10 Image size of job updated: 408912
	400  -  MemoryUsage of job (MB)
	408912  -  ResidentSetSize of job (KB)
...
006 (64531.006.000) 07/21 17:36:13 Image size of job updated: 400172
	391  -  MemoryUsage of job (MB)
	400172  -  ResidentSetSize of job (KB)
...
006 (64531.000.000) 07/21 17:41:09 Image size of job updated: 421432
	412  -  MemoryUsage of job (MB)
	421432  -  ResidentSetSize of job (KB)
...
006 (64531.004.000) 07/21 17:41:14 Image size of job updated: 408216
	399  -  MemoryUsage of job (MB)
	408216  -  ResidentSetSize of job (KB)
...
006 (64531.006.000) 07/21 17:41:14 Image size of job updated: 400888
	392  -  MemoryUsage of job (MB)
	400888  -  ResidentSetSize of job (KB)
...
006 (64531.002.000) 07/21 17:46:11 Image size of job updated: 409044
	400  -  MemoryUsage of job (MB)
	409044  -  ResidentSetSize of job (KB)
...
006 (64531.003.000) 07/21 17:56:12 Image size of job updated: 410920
	402  -  MemoryUsage of job (MB)
	410920  -  ResidentSetSize of job (KB)
...
006 (64531.019.000) 07/21 17:56:19 Image size of job updated: 405612
	397  -  MemoryUsage of job (MB)
	405612  -  ResidentSetSize of job (KB)
...
006 (64531.006.000) 07/21 18:01:16 Image size of job updated: 400908
	392  -  MemoryUsage of job (MB)
	400908  -  ResidentSetSize of job (KB)
...
006 (64531.016.000) 07/21 18:01:18 Image size of job updated: 396772
	388  -  MemoryUsage of job (MB)
	396772  -  ResidentSetSize of job (KB)
...
006 (64531.017.000) 07/21 18:01:19 Image size of job updated: 405936
	397  -  MemoryUsage of job (MB)
	405936  -  ResidentSetSize of job (KB)
...
006 (64531.018.000) 07/21 18:06:21 Image size of job updated: 399460
	391  -  MemoryUsage of job (MB)
	399460  -  ResidentSetSize of job (KB)
...
006 (64531.014.000) 07/21 18:11:12 Image size of job updated: 406448
	397  -  MemoryUsage of job (MB)
	406448  -  ResidentSetSize of job (KB)
...
006 (64531.001.000) 07/21 18:11:13 Image size of job updated: 410356
	401  -  MemoryUsage of job (MB)
	410356  -  ResidentSetSize of job (KB)
...
006 (64531.008.000) 07/21 18:16:15 Image size of job updated: 393208
	384  -  MemoryUsage of job (MB)
	393208  -  ResidentSetSize of job (KB)
...
006 (64531.010.000) 07/21 18:21:19 Image size of job updated: 404112
	395  -  MemoryUsage of job (MB)
	404112  -  ResidentSetSize of job (KB)
...
006 (64531.004.000) 07/21 18:31:20 Image size of job updated: 408324
	399  -  MemoryUsage of job (MB)
	408324  -  ResidentSetSize of job (KB)
...
006 (64531.006.000) 07/21 18:51:20 Image size of job updated: 400984
	392  -  MemoryUsage of job (MB)
	400984  -  ResidentSetSize of job (KB)
...
006 (64531.010.000) 07/21 18:56:22 Image size of job updated: 404212
	395  -  MemoryUsage of job (MB)
	404212  -  ResidentSetSize of job (KB)
...
006 (64531.004.000) 07/21 18:56:23 Image size of job updated: 408436
	399  -  MemoryUsage of job (MB)
	408436  -  ResidentSetSize of job (KB)
...
006 (64531.002.000) 07/21 19:01:19 Image size of job updated: 409140
	400  -  MemoryUsage of job (MB)
	409140  -  ResidentSetSize of job (KB)
...
006 (64531.015.000) 07/21 19:01:20 Image size of job updated: 411292
	402  -  MemoryUsage of job (MB)
	411292  -  ResidentSetSize of job (KB)
...
006 (64531.010.000) 07/21 19:01:23 Image size of job updated: 404220
	395  -  MemoryUsage of job (MB)
	404220  -  ResidentSetSize of job (KB)
...
006 (64531.011.000) 07/21 19:01:25 Image size of job updated: 402004
	393  -  MemoryUsage of job (MB)
	402004  -  ResidentSetSize of job (KB)
...
006 (64531.005.000) 07/21 19:11:23 Image size of job updated: 401848
	393  -  MemoryUsage of job (MB)
	401848  -  ResidentSetSize of job (KB)
...
006 (64531.017.000) 07/21 19:11:26 Image size of job updated: 405940
	397  -  MemoryUsage of job (MB)
	405940  -  ResidentSetSize of job (KB)
...
006 (64531.000.000) 07/21 19:16:18 Image size of job updated: 421472
	412  -  MemoryUsage of job (MB)
	421472  -  ResidentSetSize of job (KB)
...
006 (64531.018.000) 07/21 19:16:28 Image size of job updated: 399644
	391  -  MemoryUsage of job (MB)
	399644  -  ResidentSetSize of job (KB)
...
006 (64531.008.000) 07/21 19:21:21 Image size of job updated: 393352
	385  -  MemoryUsage of job (MB)
	393352  -  ResidentSetSize of job (KB)
...
006 (64531.006.000) 07/21 19:21:24 Image size of job updated: 401220
	392  -  MemoryUsage of job (MB)
	401220  -  ResidentSetSize of job (KB)
...
006 (64531.013.000) 07/21 19:21:30 Image size of job updated: 402800
	394  -  MemoryUsage of job (MB)
	402800  -  ResidentSetSize of job (KB)
...
006 (64531.003.000) 07/21 19:31:22 Image size of job updated: 411032
	402  -  MemoryUsage of job (MB)
	411032  -  ResidentSetSize of job (KB)
...
006 (64531.002.000) 07/21 19:36:23 Image size of job updated: 409272
	400  -  MemoryUsage of job (MB)
	409272  -  ResidentSetSize of job (KB)
...
006 (64531.008.000) 07/21 19:36:23 Image size of job updated: 393484
	385  -  MemoryUsage of job (MB)
	393484  -  ResidentSetSize of job (KB)
...
006 (64531.017.000) 07/21 19:36:28 Image size of job updated: 406172
	397  -  MemoryUsage of job (MB)
	406172  -  ResidentSetSize of job (KB)
...
006 (64531.013.000) 07/21 19:36:32 Image size of job updated: 402932
	394  -  MemoryUsage of job (MB)
	402932  -  ResidentSetSize of job (KB)
...
006 (64531.000.000) 07/21 19:41:21 Image size of job updated: 421512
	412  -  MemoryUsage of job (MB)
	421512  -  ResidentSetSize of job (KB)
...
006 (64531.008.000) 07/21 19:41:24 Image size of job updated: 393600
	385  -  MemoryUsage of job (MB)
	393600  -  ResidentSetSize of job (KB)
...
006 (64531.004.000) 07/21 19:41:27 Image size of job updated: 408452
	399  -  MemoryUsage of job (MB)
	408452  -  ResidentSetSize of job (KB)
...
006 (64531.018.000) 07/21 19:41:30 Image size of job updated: 400008
	391  -  MemoryUsage of job (MB)
	400008  -  ResidentSetSize of job (KB)
...
006 (64531.007.000) 07/21 19:41:32 Image size of job updated: 391952
	383  -  MemoryUsage of job (MB)
	391952  -  ResidentSetSize of job (KB)
...
006 (64531.005.000) 07/21 19:46:28 Image size of job updated: 401980
	393  -  MemoryUsage of job (MB)
	401980  -  ResidentSetSize of job (KB)
...
006 (64531.013.000) 07/21 19:46:32 Image size of job updated: 403284
	394  -  MemoryUsage of job (MB)
	403284  -  ResidentSetSize of job (KB)
...
006 (64531.012.000) 07/21 19:46:36 Image size of job updated: 411860
	403  -  MemoryUsage of job (MB)
	411860  -  ResidentSetSize of job (KB)
...
006 (64531.011.000) 07/21 19:51:31 Image size of job updated: 402072
	393  -  MemoryUsage of job (MB)
	402072  -  ResidentSetSize of job (KB)
...
006 (64531.003.000) 07/21 19:56:24 Image size of job updated: 411064
	402  -  MemoryUsage of job (MB)
	411064  -  ResidentSetSize of job (KB)
...
006 (64531.017.000) 07/21 19:56:31 Image size of job updated: 406196
	397  -  MemoryUsage of job (MB)
	406196  -  ResidentSetSize of job (KB)
...
006 (64531.006.000) 07/21 20:01:28 Image size of job updated: 401388
	392  -  MemoryUsage of job (MB)
	401388  -  ResidentSetSize of job (KB)
...
006 (64531.018.000) 07/21 20:01:32 Image size of job updated: 400080
	391  -  MemoryUsage of job (MB)
	400080  -  ResidentSetSize of job (KB)
...
006 (64531.011.000) 07/21 20:01:34 Image size of job updated: 402192
	393  -  MemoryUsage of job (MB)
	402192  -  ResidentSetSize of job (KB)
...
006 (64531.000.000) 07/21 20:06:23 Image size of job updated: 421576
	412  -  MemoryUsage of job (MB)
	421576  -  ResidentSetSize of job (KB)
...
006 (64531.014.000) 07/21 20:06:24 Image size of job updated: 406580
	398  -  MemoryUsage of job (MB)
	406580  -  ResidentSetSize of job (KB)
...
006 (64531.013.000) 07/21 20:06:35 Image size of job updated: 403348
	394  -  MemoryUsage of job (MB)
	403348  -  ResidentSetSize of job (KB)
...
006 (64531.001.000) 07/21 20:11:24 Image size of job updated: 410636
	402  -  MemoryUsage of job (MB)
	410636  -  ResidentSetSize of job (KB)
...
006 (64531.014.000) 07/21 20:11:25 Image size of job updated: 406588
	398  -  MemoryUsage of job (MB)
	406588  -  ResidentSetSize of job (KB)
...
006 (64531.002.000) 07/21 20:11:26 Image size of job updated: 409308
	400  -  MemoryUsage of job (MB)
	409308  -  ResidentSetSize of job (KB)
...
006 (64531.015.000) 07/21 20:11:28 Image size of job updated: 412440
	403  -  MemoryUsage of job (MB)
	412440  -  ResidentSetSize of job (KB)
...
006 (64531.007.000) 07/21 20:11:36 Image size of job updated: 392404
	384  -  MemoryUsage of job (MB)
	392404  -  ResidentSetSize of job (KB)
...
006 (64531.017.000) 07/21 20:21:34 Image size of job updated: 406272
	397  -  MemoryUsage of job (MB)
	406272  -  ResidentSetSize of job (KB)
...
006 (64531.011.000) 07/21 20:21:36 Image size of job updated: 402276
	393  -  MemoryUsage of job (MB)
	402276  -  ResidentSetSize of job (KB)
...
006 (64531.000.000) 07/21 20:26:26 Image size of job updated: 421632
	412  -  MemoryUsage of job (MB)
	421632  -  ResidentSetSize of job (KB)
...
006 (64531.014.000) 07/21 20:36:28 Image size of job updated: 406612
	398  -  MemoryUsage of job (MB)
	406612  -  ResidentSetSize of job (KB)
...
006 (64531.002.000) 07/21 20:36:29 Image size of job updated: 409348
	400  -  MemoryUsage of job (MB)
	409348  -  ResidentSetSize of job (KB)
...
006 (64531.017.000) 07/21 20:46:37 Image size of job updated: 406352
	397  -  MemoryUsage of job (MB)
	406352  -  ResidentSetSize of job (KB)
...
006 (64531.000.000) 07/21 20:51:29 Image size of job updated: 421820
	412  -  MemoryUsage of job (MB)
	421820  -  ResidentSetSize of job (KB)
...
006 (64531.006.000) 07/21 20:51:33 Image size of job updated: 401400
	392  -  MemoryUsage of job (MB)
	401400  -  ResidentSetSize of job (KB)
...
006 (64531.004.000) 07/21 20:56:36 Image size of job updated: 408456
	399  -  MemoryUsage of job (MB)
	408456  -  ResidentSetSize of job (KB)
...
006 (64531.014.000) 07/21 21:01:31 Image size of job updated: 406640
	398  -  MemoryUsage of job (MB)
	406640  -  ResidentSetSize of job (KB)
...
006 (64531.002.000) 07/21 21:01:31 Image size of job updated: 409404
	400  -  MemoryUsage of job (MB)
	409404  -  ResidentSetSize of job (KB)
...
006 (64531.003.000) 07/21 21:01:32 Image size of job updated: 411192
	402  -  MemoryUsage of job (MB)
	411192  -  ResidentSetSize of job (KB)
...
006 (64531.017.000) 07/21 21:01:39 Image size of job updated: 406484
	397  -  MemoryUsage of job (MB)
	406484  -  ResidentSetSize of job (KB)
...
006 (64531.011.000) 07/21 21:01:40 Image size of job updated: 402284
	393  -  MemoryUsage of job (MB)
	402284  -  ResidentSetSize of job (KB)
...
006 (64531.003.000) 07/21 21:06:33 Image size of job updated: 411216
	402  -  MemoryUsage of job (MB)
	411216  -  ResidentSetSize of job (KB)
...
006 (64531.017.000) 07/21 21:06:39 Image size of job updated: 406492
	397  -  MemoryUsage of job (MB)
	406492  -  ResidentSetSize of job (KB)
...
006 (64531.001.000) 07/21 21:16:31 Image size of job updated: 410900
	402  -  MemoryUsage of job (MB)
	410900  -  ResidentSetSize of job (KB)
...
006 (64531.004.000) 07/21 21:16:38 Image size of job updated: 408648
	400  -  MemoryUsage of job (MB)
	408648  -  ResidentSetSize of job (KB)
...
005 (64531.011.000) 07/21 21:19:26 Job terminated.
	(1) Normal termination (return value 0)
		Usr 0 09:13:49, Sys 0 00:00:32  -  Run Remote Usage
		Usr 0 00:00:00, Sys 0 00:00:00  -  Run Local Usage
		Usr 0 09:13:49, Sys 0 00:00:32  -  Total Remote Usage
		Usr 0 00:00:00, Sys 0 00:00:00  -  Total Local Usage
	2975964  -  Run Bytes Sent By Job
	45451000  -  Run Bytes Received By Job
	2975964  -  Total Bytes Sent By Job
	45451000  -  Total Bytes Received By Job
	Partitionable Resources :    Usage  Request Allocated
	   Cpus                 :                 1         1
	   Disk (KB)            :    45000    45000  11902753
	   Memory (MB)          :      393        0      2004
...
005 (64531.010.000) 07/21 21:20:59 Job terminated.
	(1) Normal termination (return value 0)
		Usr 0 09:15:24, Sys 0 00:00:34  -  Run Remote Usage
		Usr 0 00:00:00, Sys 0 00:00:00  -  Run Local Usage
		Usr 0 09:15:24, Sys 0 00:00:34  -  Total Remote Usage
		Usr 0 00:00:00, Sys 0 00:00:00  -  Total Local Usage
	2975962  -  Run Bytes Sent By Job
	45451000  -  Run Bytes Received By Job
	2975962  -  Total Bytes Sent By Job
	45451000  -  Total Bytes Received By Job
	Partitionable Resources :    Usage  Request Allocated
	   Cpus                 :                 1         1
	   Disk (KB)            :    45000    45000  11883160
	   Memory (MB)          :      395        0      2004
...
006 (64531.013.000) 07/21 21:21:43 Image size of job updated: 403364
	394  -  MemoryUsage of job (MB)
	403364  -  ResidentSetSize of job (KB)
...
006 (64531.005.000) 07/21 21:26:38 Image size of job updated: 409008
	400  -  MemoryUsage of job (MB)
	409008  -  ResidentSetSize of job (KB)
...
006 (64531.004.000) 07/21 21:41:41 Image size of job updated: 408772
	400  -  MemoryUsage of job (MB)
	408772  -  ResidentSetSize of job (KB)
...
006 (64531.008.000) 07/21 22:01:38 Image size of job updated: 393664
	385  -  MemoryUsage of job (MB)
	393664  -  ResidentSetSize of job (KB)
...
006 (64531.018.000) 07/21 22:01:44 Image size of job updated: 400244
	391  -  MemoryUsage of job (MB)
	400244  -  ResidentSetSize of job (KB)
...
006 (64531.000.000) 07/21 22:06:37 Image size of job updated: 421828
	412  -  MemoryUsage of job (MB)
	421828  -  ResidentSetSize of job (KB)
...
006 (64531.004.000) 07/21 22:06:44 Image size of job updated: 409028
	400  -  MemoryUsage of job (MB)
	409028  -  ResidentSetSize of job (KB)
...
006 (64531.014.000) 07/21 22:11:37 Image size of job updated: 406844
	398  -  MemoryUsage of job (MB)
	406844  -  ResidentSetSize of job (KB)
...
006 (64531.013.000) 07/21 22:11:48 Image size of job updated: 403368
	394  -  MemoryUsage of job (MB)
	403368  -  ResidentSetSize of job (KB)
...
005 (64531.009.000) 07/21 22:12:47 Job terminated.
	(1) Normal termination (return value 0)
		Usr 0 10:07:17, Sys 0 00:00:34  -  Run Remote Usage
		Usr 0 00:00:00, Sys 0 00:00:00  -  Run Local Usage
		Usr 0 10:07:17, Sys 0 00:00:34  -  Total Remote Usage
		Usr 0 00:00:00, Sys 0 00:00:00  -  Total Local Usage
	2975741  -  Run Bytes Sent By Job
	45451000  -  Run Bytes Received By Job
	2975741  -  Total Bytes Sent By Job
	45451000  -  Total Bytes Received By Job
	Partitionable Resources :    Usage  Request Allocated
	   Cpus                 :                 1         1
	   Disk (KB)            :    45000    45000  10609299
	   Memory (MB)          :      391        0      2004
...
005 (64531.008.000) 07/21 22:20:20 Job terminated.
	(1) Normal termination (return value 0)
		Usr 0 10:14:54, Sys 0 00:00:34  -  Run Remote Usage
		Usr 0 00:00:00, Sys 0 00:00:00  -  Run Local Usage
		Usr 0 10:14:54, Sys 0 00:00:34  -  Total Remote Usage
		Usr 0 00:00:00, Sys 0 00:00:00  -  Total Local Usage
	2977286  -  Run Bytes Sent By Job
	45451000  -  Run Bytes Received By Job
	2977286  -  Total Bytes Sent By Job
	45451000  -  Total Bytes Received By Job
	Partitionable Resources :    Usage  Request Allocated
	   Cpus                 :                 1         1
	   Disk (KB)            :    45000    45000  10608117
	   Memory (MB)          :      385        0      2004
...
006 (64531.016.000) 07/21 22:21:46 Image size of job updated: 396856
	388  -  MemoryUsage of job (MB)
	396856  -  ResidentSetSize of job (KB)
...
006 (64531.018.000) 07/21 22:26:47 Image size of job updated: 400380
	391  -  MemoryUsage of job (MB)
	400380  -  ResidentSetSize of job (KB)
...
006 (64531.000.000) 07/21 22:31:39 Image size of job updated: 421872
	412  -  MemoryUsage of job (MB)
	421872  -  ResidentSetSize of job (KB)
...
006 (64531.013.000) 07/21 22:31:50 Image size of job updated: 403404
	394  -  MemoryUsage of job (MB)
	403404  -  ResidentSetSize of job (KB)
...
006 (64531.014.000) 07/21 22:36:40 Image size of job updated: 406892
	398  -  MemoryUsage of job (MB)
	406892  -  ResidentSetSize of job (KB)
...
006 (64531.001.000) 07/21 22:36:41 Image size of job updated: 410924
	402  -  MemoryUsage of job (MB)
	410924  -  ResidentSetSize of job (KB)
...
006 (64531.002.000) 07/21 22:36:42 Image size of job updated: 409472
	400  -  MemoryUsage of job (MB)
	409472  -  ResidentSetSize of job (KB)
...
005 (64531.005.000) 07/21 22:38:03 Job terminated.
	(1) Normal termination (return value 0)
		Usr 0 10:32:38, Sys 0 00:00:36  -  Run Remote Usage
		Usr 0 00:00:00, Sys 0 00:00:00  -  Run Local Usage
		Usr 0 10:32:38, Sys 0 00:00:36  -  Total Remote Usage
		Usr 0 00:00:00, Sys 0 00:00:00  -  Total Local Usage
	2977319  -  Run Bytes Sent By Job
	45451000  -  Run Bytes Received By Job
	2977319  -  Total Bytes Sent By Job
	45451000  -  Total Bytes Received By Job
	Partitionable Resources :    Usage  Request Allocated
	   Cpus                 :                 1         1
	   Disk (KB)            :    45000    45000  10609806
	   Memory (MB)          :      400        0      2004
...
005 (64531.003.000) 07/21 22:41:04 Job terminated.
	(1) Normal termination (return value 0)
		Usr 0 10:35:40, Sys 0 00:00:35  -  Run Remote Usage
		Usr 0 00:00:00, Sys 0 00:00:00  -  Run Local Usage
		Usr 0 10:35:40, Sys 0 00:00:35  -  Total Remote Usage
		Usr 0 00:00:00, Sys 0 00:00:00  -  Total Local Usage
	2976821  -  Run Bytes Sent By Job
	45451000  -  Run Bytes Received By Job
	2976821  -  Total Bytes Sent By Job
	45451000  -  Total Bytes Received By Job
	Partitionable Resources :    Usage  Request Allocated
	   Cpus                 :                 1         1
	   Disk (KB)            :    45000    45000  10092038
	   Memory (MB)          :      402        0      2004
...
005 (64531.019.000) 07/21 22:41:45 Job terminated.
	(1) Normal termination (return value 0)
		Usr 0 10:36:18, Sys 0 00:00:40  -  Run Remote Usage
		Usr 0 00:00:00, Sys 0 00:00:00  -  Run Local Usage
		Usr 0 10:36:18, Sys 0 00:00:40  -  Total Remote Usage
		Usr 0 00:00:00, Sys 0 00:00:00  -  Total Local Usage
	2976074  -  Run Bytes Sent By Job
	45451000  -  Run Bytes Received By Job
	2976074  -  Total Bytes Sent By Job
	45451000  -  Total Bytes Received By Job
	Partitionable Resources :    Usage  Request Allocated
	   Cpus                 :                 1         1
	   Disk (KB)            :    45000    45000  10608286
	   Memory (MB)          :      397        0      2004
...
005 (64531.017.000) 07/21 22:43:25 Job terminated.
	(1) Normal termination (return value 0)
		Usr 0 10:37:56, Sys 0 00:00:36  -  Run Remote Usage
		Usr 0 00:00:00, Sys 0 00:00:00  -  Run Local Usage
		Usr 0 10:37:56, Sys 0 00:00:36  -  Total Remote Usage
		Usr 0 00:00:00, Sys 0 00:00:00  -  Total Local Usage
	2977100  -  Run Bytes Sent By Job
	45451000  -  Run Bytes Received By Job
	2977100  -  Total Bytes Sent By Job
	45451000  -  Total Bytes Received By Job
	Partitionable Resources :    Usage  Request Allocated
	   Cpus                 :                 1         1
	   Disk (KB)            :    45000    45000  10608570
	   Memory (MB)          :      397        0      2004
...
005 (64531.006.000) 07/21 22:44:13 Job terminated.
	(1) Normal termination (return value 0)
		Usr 0 10:38:50, Sys 0 00:00:39  -  Run Remote Usage
		Usr 0 00:00:00, Sys 0 00:00:00  -  Run Local Usage
		Usr 0 10:38:50, Sys 0 00:00:39  -  Total Remote Usage
		Usr 0 00:00:00, Sys 0 00:00:00  -  Total Local Usage
	2976593  -  Run Bytes Sent By Job
	45451000  -  Run Bytes Received By Job
	2976593  -  Total Bytes Sent By Job
	45451000  -  Total Bytes Received By Job
	Partitionable Resources :    Usage  Request Allocated
	   Cpus                 :                 1         1
	   Disk (KB)            :    45000    45000  10608286
	   Memory (MB)          :      392        0      2004
...
005 (64531.016.000) 07/21 22:44:59 Job terminated.
	(1) Normal termination (return value 0)
		Usr 0 10:39:38, Sys 0 00:00:40  -  Run Remote Usage
		Usr 0 00:00:00, Sys 0 00:00:00  -  Run Local Usage
		Usr 0 10:39:38, Sys 0 00:00:40  -  Total Remote Usage
		Usr 0 00:00:00, Sys 0 00:00:00  -  Total Local Usage
	2976581  -  Run Bytes Sent By Job
	45451000  -  Run Bytes Received By Job
	2976581  -  Total Bytes Sent By Job
	45451000  -  Total Bytes Received By Job
	Partitionable Resources :    Usage  Request Allocated
	   Cpus                 :                 1         1
	   Disk (KB)            :    45000    45000  10092038
	   Memory (MB)          :      388        0      2004
...
005 (64531.018.000) 07/21 22:47:32 Job terminated.
	(1) Normal termination (return value 0)
		Usr 0 10:42:07, Sys 0 00:00:39  -  Run Remote Usage
		Usr 0 00:00:00, Sys 0 00:00:00  -  Run Local Usage
		Usr 0 10:42:07, Sys 0 00:00:39  -  Total Remote Usage
		Usr 0 00:00:00, Sys 0 00:00:00  -  Total Local Usage
	2976185  -  Run Bytes Sent By Job
	45451000  -  Run Bytes Received By Job
	2976185  -  Total Bytes Sent By Job
	45451000  -  Total Bytes Received By Job
	Partitionable Resources :    Usage  Request Allocated
	   Cpus                 :                 1         1
	   Disk (KB)            :    45000    45000  10609806
	   Memory (MB)          :      391        0      2004
...
005 (64531.004.000) 07/21 22:51:08 Job terminated.
	(1) Normal termination (return value 0)
		Usr 0 10:45:43, Sys 0 00:00:38  -  Run Remote Usage
		Usr 0 00:00:00, Sys 0 00:00:00  -  Run Local Usage
		Usr 0 10:45:43, Sys 0 00:00:38  -  Total Remote Usage
		Usr 0 00:00:00, Sys 0 00:00:00  -  Total Local Usage
	2977194  -  Run Bytes Sent By Job
	45451000  -  Run Bytes Received By Job
	2977194  -  Total Bytes Sent By Job
	45451000  -  Total Bytes Received By Job
	Partitionable Resources :    Usage  Request Allocated
	   Cpus                 :                 1         1
	   Disk (KB)            :    45000    45000  10608570
	   Memory (MB)          :      400        0      2004
...
005 (64531.000.000) 07/21 22:51:30 Job terminated.
	(1) Normal termination (return value 0)
		Usr 0 10:46:11, Sys 0 00:00:38  -  Run Remote Usage
		Usr 0 00:00:00, Sys 0 00:00:00  -  Run Local Usage
		Usr 0 10:46:11, Sys 0 00:00:38  -  Total Remote Usage
		Usr 0 00:00:00, Sys 0 00:00:00  -  Total Local Usage
	2976439  -  Run Bytes Sent By Job
	45451000  -  Run Bytes Received By Job
	2976439  -  Total Bytes Sent By Job
	45451000  -  Total Bytes Received By Job
	Partitionable Resources :    Usage  Request Allocated
	   Cpus                 :                 1         1
	   Disk (KB)            :    45000    45000  11861668
	   Memory (MB)          :      412        0      2004
...
005 (64531.013.000) 07/21 22:55:18 Job terminated.
	(1) Normal termination (return value 0)
		Usr 0 10:49:52, Sys 0 00:00:38  -  Run Remote Usage
		Usr 0 00:00:00, Sys 0 00:00:00  -  Run Local Usage
		Usr 0 10:49:52, Sys 0 00:00:38  -  Total Remote Usage
		Usr 0 00:00:00, Sys 0 00:00:00  -  Total Local Usage
	2975129  -  Run Bytes Sent By Job
	45451000  -  Run Bytes Received By Job
	2975129  -  Total Bytes Sent By Job
	45451000  -  Total Bytes Received By Job
	Partitionable Resources :    Usage  Request Allocated
	   Cpus                 :                 1         1
	   Disk (KB)            :    45000    45000  11861668
	   Memory (MB)          :      394        0      2004
...
005 (64531.014.000) 07/21 22:56:30 Job terminated.
	(1) Normal termination (return value 0)
		Usr 0 10:51:08, Sys 0 00:00:40  -  Run Remote Usage
		Usr 0 00:00:00, Sys 0 00:00:00  -  Run Local Usage
		Usr 0 10:51:08, Sys 0 00:00:40  -  Total Remote Usage
		Usr 0 00:00:00, Sys 0 00:00:00  -  Total Local Usage
	2976494  -  Run Bytes Sent By Job
	45451000  -  Run Bytes Received By Job
	2976494  -  Total Bytes Sent By Job
	45451000  -  Total Bytes Received By Job
	Partitionable Resources :    Usage  Request Allocated
	   Cpus                 :                 1         1
	   Disk (KB)            :    45000    45000  10052613
	   Memory (MB)          :      398        0      2004
...
005 (64531.015.000) 07/21 22:56:48 Job terminated.
	(1) Normal termination (return value 0)
		Usr 0 10:51:27, Sys 0 00:00:40  -  Run Remote Usage
		Usr 0 00:00:00, Sys 0 00:00:00  -  Run Local Usage
		Usr 0 10:51:27, Sys 0 00:00:40  -  Total Remote Usage
		Usr 0 00:00:00, Sys 0 00:00:00  -  Total Local Usage
	2976397  -  Run Bytes Sent By Job
	45451000  -  Run Bytes Received By Job
	2976397  -  Total Bytes Sent By Job
	45451000  -  Total Bytes Received By Job
	Partitionable Resources :    Usage  Request Allocated
	   Cpus                 :                 1         1
	   Disk (KB)            :    45000    45000  10049193
	   Memory (MB)          :      403        0      2004
...
005 (64531.002.000) 07/21 22:57:37 Job terminated.
	(1) Normal termination (return value 0)
		Usr 0 10:52:15, Sys 0 00:00:39  -  Run Remote Usage
		Usr 0 00:00:00, Sys 0 00:00:00  -  Run Local Usage
		Usr 0 10:52:15, Sys 0 00:00:39  -  Total Remote Usage
		Usr 0 00:00:00, Sys 0 00:00:00  -  Total Local Usage
	2976969  -  Run Bytes Sent By Job
	45451000  -  Run Bytes Received By Job
	2976969  -  Total Bytes Sent By Job
	45451000  -  Total Bytes Received By Job
	Partitionable Resources :    Usage  Request Allocated
	   Cpus                 :                 1         1
	   Disk (KB)            :    45000    45000  10049193
	   Memory (MB)          :      400        0      2004
...
006 (64531.001.000) 07/21 22:57:56 Image size of job updated: 3537348
	402  -  MemoryUsage of job (MB)
	410924  -  ResidentSetSize of job (KB)
...
005 (64531.001.000) 07/21 22:57:57 Job terminated.
	(1) Normal termination (return value 0)
		Usr 0 10:52:37, Sys 0 00:00:40  -  Run Remote Usage
		Usr 0 00:00:00, Sys 0 00:00:00  -  Run Local Usage
		Usr 0 10:52:37, Sys 0 00:00:40  -  Total Remote Usage
		Usr 0 00:00:00, Sys 0 00:00:00  -  Total Local Usage
	2976744  -  Run Bytes Sent By Job
	45451000  -  Run Bytes Received By Job
	2976744  -  Total Bytes Sent By Job
	45451000  -  Total Bytes Received By Job
	Partitionable Resources :    Usage  Request Allocated
	   Cpus                 :                 1         1
	   Disk (KB)            :    45000    45000  10052613
	   Memory (MB)          :      402        0      2004
...
006 (64531.007.000) 07/22 05:47:20 Image size of job updated: 394124
	385  -  MemoryUsage of job (MB)
	394124  -  ResidentSetSize of job (KB)
...
006 (64531.007.000) 07/22 07:32:31 Image size of job updated: 394332
	386  -  MemoryUsage of job (MB)
	394332  -  ResidentSetSize of job (KB)
...
006 (64531.007.000) 07/22 11:42:59 Image size of job updated: 394564
	386  -  MemoryUsage of job (MB)
	394564  -  ResidentSetSize of job (KB)
...
006 (64531.007.000) 07/22 13:28:09 Image size of job updated: 394672
	386  -  MemoryUsage of job (MB)
	394672  -  ResidentSetSize of job (KB)
...
006 (64531.007.000) 07/22 15:43:23 Image size of job updated: 395804
	387  -  MemoryUsage of job (MB)
	395804  -  ResidentSetSize of job (KB)
...
005 (64531.012.000) 07/22 17:14:24 Job terminated.
	(1) Normal termination (return value 0)
		Usr 1 05:11:29, Sys 0 00:05:56  -  Run Remote Usage
		Usr 0 00:00:00, Sys 0 00:00:00  -  Run Local Usage
		Usr 1 05:11:29, Sys 0 00:05:56  -  Total Remote Usage
		Usr 0 00:00:00, Sys 0 00:00:00  -  Total Local Usage
	2975892  -  Run Bytes Sent By Job
	45451000  -  Run Bytes Received By Job
	2975892  -  Total Bytes Sent By Job
	45451000  -  Total Bytes Received By Job
	Partitionable Resources :    Usage  Request Allocated
	   Cpus                 :                 1         1
	   Disk (KB)            :    45000    45000  11886501
	   Memory (MB)          :      403        0      2004
...
005 (64531.007.000) 07/22 17:30:40 Job terminated.
	(1) Normal termination (return value 0)
		Usr 1 05:28:10, Sys 0 00:05:53  -  Run Remote Usage
		Usr 0 00:00:00, Sys 0 00:00:00  -  Run Local Usage
		Usr 1 05:28:10, Sys 0 00:05:53  -  Total Remote Usage
		Usr 0 00:00:00, Sys 0 00:00:00  -  Total Local Usage
	2976513  -  Run Bytes Sent By Job
	45451000  -  Run Bytes Received By Job
	2976513  -  Total Bytes Sent By Job
	45451000  -  Total Bytes Received By Job
	Partitionable Resources :    Usage  Request Allocated
	   Cpus                 :                 1         1
	   Disk (KB)            :    45000    45000  10607864
	   Memory (MB)          :      387        0      2004
...
