000 (64528.000.000) 07/21 12:01:08 Job submitted from host: <139.153.252.230:9618?addrs=139.153.252.230-9618+[--1]-9618&noUDP&sock=729_9ca1_4>
...
000 (64528.001.000) 07/21 12:01:08 Job submitted from host: <139.153.252.230:9618?addrs=139.153.252.230-9618+[--1]-9618&noUDP&sock=729_9ca1_4>
...
000 (64528.002.000) 07/21 12:01:08 Job submitted from host: <139.153.252.230:9618?addrs=139.153.252.230-9618+[--1]-9618&noUDP&sock=729_9ca1_4>
...
000 (64528.003.000) 07/21 12:01:08 Job submitted from host: <139.153.252.230:9618?addrs=139.153.252.230-9618+[--1]-9618&noUDP&sock=729_9ca1_4>
...
000 (64528.004.000) 07/21 12:01:08 Job submitted from host: <139.153.252.230:9618?addrs=139.153.252.230-9618+[--1]-9618&noUDP&sock=729_9ca1_4>
...
000 (64528.005.000) 07/21 12:01:08 Job submitted from host: <139.153.252.230:9618?addrs=139.153.252.230-9618+[--1]-9618&noUDP&sock=729_9ca1_4>
...
000 (64528.006.000) 07/21 12:01:08 Job submitted from host: <139.153.252.230:9618?addrs=139.153.252.230-9618+[--1]-9618&noUDP&sock=729_9ca1_4>
...
000 (64528.007.000) 07/21 12:01:08 Job submitted from host: <139.153.252.230:9618?addrs=139.153.252.230-9618+[--1]-9618&noUDP&sock=729_9ca1_4>
...
000 (64528.008.000) 07/21 12:01:08 Job submitted from host: <139.153.252.230:9618?addrs=139.153.252.230-9618+[--1]-9618&noUDP&sock=729_9ca1_4>
...
000 (64528.009.000) 07/21 12:01:08 Job submitted from host: <139.153.252.230:9618?addrs=139.153.252.230-9618+[--1]-9618&noUDP&sock=729_9ca1_4>
...
001 (64528.001.000) 07/21 12:01:25 Job executing on host: <139.153.252.232:9618?addrs=139.153.252.232-9618+[--1]-9618&noUDP&sock=2167_f5d1_3>
...
001 (64528.000.000) 07/21 12:01:26 Job executing on host: <139.153.252.231:9618?addrs=139.153.252.231-9618+[--1]-9618&noUDP&sock=995_10d2_3>
...
001 (64528.008.000) 07/21 12:01:26 Job executing on host: <139.153.252.238:9618?addrs=139.153.252.238-9618+[--1]-9618&noUDP&sock=1065_1473_3>
...
001 (64528.002.000) 07/21 12:01:26 Job executing on host: <139.153.252.232:9618?addrs=139.153.252.232-9618+[--1]-9618&noUDP&sock=2167_f5d1_3>
...
001 (64528.009.000) 07/21 12:01:26 Job executing on host: <139.153.252.239:9618?addrs=139.153.252.239-9618+[--1]-9618&noUDP&sock=1028_b372_3>
...
001 (64528.004.000) 07/21 12:01:26 Job executing on host: <139.153.252.234:9618?addrs=139.153.252.234-9618+[--1]-9618&noUDP&sock=2365_c592_3>
...
001 (64528.005.000) 07/21 12:01:26 Job executing on host: <139.153.252.235:9618?addrs=139.153.252.235-9618+[--1]-9618&noUDP&sock=2094_e367_3>
...
001 (64528.007.000) 07/21 12:01:27 Job executing on host: <139.153.252.237:9618?addrs=139.153.252.237-9618+[--1]-9618&noUDP&sock=2101_b091_3>
...
001 (64528.006.000) 07/21 12:01:27 Job executing on host: <139.153.252.236:9618?addrs=139.153.252.236-9618+[--1]-9618&noUDP&sock=1037_dfcd_3>
...
001 (64528.003.000) 07/21 12:01:27 Job executing on host: <139.153.252.233:9618?addrs=139.153.252.233-9618+[--1]-9618&noUDP&sock=1045_5c8e_3>
...
006 (64528.001.000) 07/21 12:01:33 Image size of job updated: 218864
	214  -  MemoryUsage of job (MB)
	218864  -  ResidentSetSize of job (KB)
...
006 (64528.000.000) 07/21 12:01:34 Image size of job updated: 237572
	233  -  MemoryUsage of job (MB)
	237572  -  ResidentSetSize of job (KB)
...
006 (64528.005.000) 07/21 12:01:35 Image size of job updated: 203844
	200  -  MemoryUsage of job (MB)
	203844  -  ResidentSetSize of job (KB)
...
006 (64528.007.000) 07/21 12:01:35 Image size of job updated: 219772
	215  -  MemoryUsage of job (MB)
	219772  -  ResidentSetSize of job (KB)
...
006 (64528.006.000) 07/21 12:01:35 Image size of job updated: 203784
	200  -  MemoryUsage of job (MB)
	203784  -  ResidentSetSize of job (KB)
...
006 (64528.003.000) 07/21 12:01:35 Image size of job updated: 155932
	153  -  MemoryUsage of job (MB)
	155932  -  ResidentSetSize of job (KB)
...
006 (64528.008.000) 07/21 12:01:35 Image size of job updated: 223268
	219  -  MemoryUsage of job (MB)
	223268  -  ResidentSetSize of job (KB)
...
006 (64528.002.000) 07/21 12:01:35 Image size of job updated: 257324
	252  -  MemoryUsage of job (MB)
	257324  -  ResidentSetSize of job (KB)
...
006 (64528.009.000) 07/21 12:01:35 Image size of job updated: 217500
	213  -  MemoryUsage of job (MB)
	217500  -  ResidentSetSize of job (KB)
...
006 (64528.004.000) 07/21 12:01:35 Image size of job updated: 213600
	209  -  MemoryUsage of job (MB)
	213600  -  ResidentSetSize of job (KB)
...
006 (64528.001.000) 07/21 12:06:33 Image size of job updated: 314580
	308  -  MemoryUsage of job (MB)
	314580  -  ResidentSetSize of job (KB)
...
006 (64528.000.000) 07/21 12:06:34 Image size of job updated: 325488
	318  -  MemoryUsage of job (MB)
	325488  -  ResidentSetSize of job (KB)
...
006 (64528.005.000) 07/21 12:06:35 Image size of job updated: 311984
	305  -  MemoryUsage of job (MB)
	311984  -  ResidentSetSize of job (KB)
...
006 (64528.006.000) 07/21 12:06:35 Image size of job updated: 308676
	302  -  MemoryUsage of job (MB)
	308676  -  ResidentSetSize of job (KB)
...
006 (64528.007.000) 07/21 12:06:35 Image size of job updated: 325052
	318  -  MemoryUsage of job (MB)
	325052  -  ResidentSetSize of job (KB)
...
006 (64528.003.000) 07/21 12:06:35 Image size of job updated: 314264
	307  -  MemoryUsage of job (MB)
	314264  -  ResidentSetSize of job (KB)
...
006 (64528.008.000) 07/21 12:06:36 Image size of job updated: 321208
	314  -  MemoryUsage of job (MB)
	321208  -  ResidentSetSize of job (KB)
...
006 (64528.009.000) 07/21 12:06:36 Image size of job updated: 324344
	317  -  MemoryUsage of job (MB)
	324344  -  ResidentSetSize of job (KB)
...
006 (64528.002.000) 07/21 12:06:36 Image size of job updated: 321160
	314  -  MemoryUsage of job (MB)
	321160  -  ResidentSetSize of job (KB)
...
006 (64528.004.000) 07/21 12:06:36 Image size of job updated: 319992
	313  -  MemoryUsage of job (MB)
	319992  -  ResidentSetSize of job (KB)
...
006 (64528.001.000) 07/21 12:11:34 Image size of job updated: 349096
	341  -  MemoryUsage of job (MB)
	349096  -  ResidentSetSize of job (KB)
...
006 (64528.005.000) 07/21 12:11:35 Image size of job updated: 341464
	334  -  MemoryUsage of job (MB)
	341464  -  ResidentSetSize of job (KB)
...
006 (64528.006.000) 07/21 12:11:35 Image size of job updated: 341644
	334  -  MemoryUsage of job (MB)
	341644  -  ResidentSetSize of job (KB)
...
006 (64528.007.000) 07/21 12:11:35 Image size of job updated: 354884
	347  -  MemoryUsage of job (MB)
	354884  -  ResidentSetSize of job (KB)
...
006 (64528.003.000) 07/21 12:11:35 Image size of job updated: 316628
	310  -  MemoryUsage of job (MB)
	316628  -  ResidentSetSize of job (KB)
...
006 (64528.000.000) 07/21 12:11:35 Image size of job updated: 358796
	351  -  MemoryUsage of job (MB)
	358796  -  ResidentSetSize of job (KB)
...
006 (64528.008.000) 07/21 12:11:36 Image size of job updated: 352232
	344  -  MemoryUsage of job (MB)
	352232  -  ResidentSetSize of job (KB)
...
006 (64528.009.000) 07/21 12:11:36 Image size of job updated: 357228
	349  -  MemoryUsage of job (MB)
	357228  -  ResidentSetSize of job (KB)
...
006 (64528.002.000) 07/21 12:11:36 Image size of job updated: 353552
	346  -  MemoryUsage of job (MB)
	353552  -  ResidentSetSize of job (KB)
...
006 (64528.004.000) 07/21 12:11:36 Image size of job updated: 349272
	342  -  MemoryUsage of job (MB)
	349272  -  ResidentSetSize of job (KB)
...
006 (64528.001.000) 07/21 12:16:35 Image size of job updated: 353196
	345  -  MemoryUsage of job (MB)
	353196  -  ResidentSetSize of job (KB)
...
006 (64528.003.000) 07/21 12:16:36 Image size of job updated: 316760
	310  -  MemoryUsage of job (MB)
	316760  -  ResidentSetSize of job (KB)
...
006 (64528.000.000) 07/21 12:16:36 Image size of job updated: 364776
	357  -  MemoryUsage of job (MB)
	364776  -  ResidentSetSize of job (KB)
...
006 (64528.008.000) 07/21 12:16:36 Image size of job updated: 358664
	351  -  MemoryUsage of job (MB)
	358664  -  ResidentSetSize of job (KB)
...
006 (64528.009.000) 07/21 12:16:36 Image size of job updated: 363404
	355  -  MemoryUsage of job (MB)
	363404  -  ResidentSetSize of job (KB)
...
006 (64528.005.000) 07/21 12:16:36 Image size of job updated: 349676
	342  -  MemoryUsage of job (MB)
	349676  -  ResidentSetSize of job (KB)
...
006 (64528.006.000) 07/21 12:16:36 Image size of job updated: 349948
	342  -  MemoryUsage of job (MB)
	349948  -  ResidentSetSize of job (KB)
...
006 (64528.007.000) 07/21 12:16:36 Image size of job updated: 363132
	355  -  MemoryUsage of job (MB)
	363132  -  ResidentSetSize of job (KB)
...
006 (64528.002.000) 07/21 12:16:37 Image size of job updated: 360004
	352  -  MemoryUsage of job (MB)
	360004  -  ResidentSetSize of job (KB)
...
006 (64528.004.000) 07/21 12:16:37 Image size of job updated: 357544
	350  -  MemoryUsage of job (MB)
	357544  -  ResidentSetSize of job (KB)
...
006 (64528.003.000) 07/21 12:21:36 Image size of job updated: 316892
	310  -  MemoryUsage of job (MB)
	316892  -  ResidentSetSize of job (KB)
...
006 (64528.006.000) 07/21 12:21:37 Image size of job updated: 350080
	342  -  MemoryUsage of job (MB)
	350080  -  ResidentSetSize of job (KB)
...
006 (64528.001.000) 07/21 12:26:35 Image size of job updated: 389764
	381  -  MemoryUsage of job (MB)
	389764  -  ResidentSetSize of job (KB)
...
006 (64528.003.000) 07/21 12:26:36 Image size of job updated: 319188
	312  -  MemoryUsage of job (MB)
	319188  -  ResidentSetSize of job (KB)
...
006 (64528.000.000) 07/21 12:26:36 Image size of job updated: 401408
	392  -  MemoryUsage of job (MB)
	401408  -  ResidentSetSize of job (KB)
...
006 (64528.002.000) 07/21 12:26:38 Image size of job updated: 401736
	393  -  MemoryUsage of job (MB)
	401736  -  ResidentSetSize of job (KB)
...
006 (64528.003.000) 07/21 12:31:37 Image size of job updated: 321260
	314  -  MemoryUsage of job (MB)
	321260  -  ResidentSetSize of job (KB)
...
006 (64528.009.000) 07/21 12:31:37 Image size of job updated: 405624
	397  -  MemoryUsage of job (MB)
	405624  -  ResidentSetSize of job (KB)
...
006 (64528.006.000) 07/21 12:31:37 Image size of job updated: 386528
	378  -  MemoryUsage of job (MB)
	386528  -  ResidentSetSize of job (KB)
...
006 (64528.005.000) 07/21 12:31:37 Image size of job updated: 386248
	378  -  MemoryUsage of job (MB)
	386248  -  ResidentSetSize of job (KB)
...
006 (64528.007.000) 07/21 12:31:37 Image size of job updated: 399588
	391  -  MemoryUsage of job (MB)
	399588  -  ResidentSetSize of job (KB)
...
006 (64528.008.000) 07/21 12:31:38 Image size of job updated: 395320
	387  -  MemoryUsage of job (MB)
	395320  -  ResidentSetSize of job (KB)
...
006 (64528.002.000) 07/21 12:31:38 Image size of job updated: 401868
	393  -  MemoryUsage of job (MB)
	401868  -  ResidentSetSize of job (KB)
...
006 (64528.004.000) 07/21 12:31:38 Image size of job updated: 393936
	385  -  MemoryUsage of job (MB)
	393936  -  ResidentSetSize of job (KB)
...
006 (64528.003.000) 07/21 12:36:37 Image size of job updated: 323332
	316  -  MemoryUsage of job (MB)
	323332  -  ResidentSetSize of job (KB)
...
006 (64528.003.000) 07/21 12:41:37 Image size of job updated: 323828
	317  -  MemoryUsage of job (MB)
	323828  -  ResidentSetSize of job (KB)
...
006 (64528.009.000) 07/21 12:41:39 Image size of job updated: 405708
	397  -  MemoryUsage of job (MB)
	405708  -  ResidentSetSize of job (KB)
...
006 (64528.003.000) 07/21 12:46:38 Image size of job updated: 328036
	321  -  MemoryUsage of job (MB)
	328036  -  ResidentSetSize of job (KB)
...
006 (64528.002.000) 07/21 12:46:40 Image size of job updated: 401880
	393  -  MemoryUsage of job (MB)
	401880  -  ResidentSetSize of job (KB)
...
006 (64528.003.000) 07/21 12:51:38 Image size of job updated: 330092
	323  -  MemoryUsage of job (MB)
	330092  -  ResidentSetSize of job (KB)
...
006 (64528.003.000) 07/21 12:56:38 Image size of job updated: 334200
	327  -  MemoryUsage of job (MB)
	334200  -  ResidentSetSize of job (KB)
...
006 (64528.003.000) 07/21 13:01:39 Image size of job updated: 336256
	329  -  MemoryUsage of job (MB)
	336256  -  ResidentSetSize of job (KB)
...
006 (64528.003.000) 07/21 13:06:39 Image size of job updated: 340404
	333  -  MemoryUsage of job (MB)
	340404  -  ResidentSetSize of job (KB)
...
006 (64528.001.000) 07/21 13:06:40 Image size of job updated: 389852
	381  -  MemoryUsage of job (MB)
	389852  -  ResidentSetSize of job (KB)
...
006 (64528.000.000) 07/21 13:06:41 Image size of job updated: 401736
	393  -  MemoryUsage of job (MB)
	401736  -  ResidentSetSize of job (KB)
...
006 (64528.006.000) 07/21 13:06:41 Image size of job updated: 386936
	378  -  MemoryUsage of job (MB)
	386936  -  ResidentSetSize of job (KB)
...
006 (64528.005.000) 07/21 13:06:41 Image size of job updated: 386324
	378  -  MemoryUsage of job (MB)
	386324  -  ResidentSetSize of job (KB)
...
006 (64528.007.000) 07/21 13:06:41 Image size of job updated: 399856
	391  -  MemoryUsage of job (MB)
	399856  -  ResidentSetSize of job (KB)
...
006 (64528.008.000) 07/21 13:06:42 Image size of job updated: 395704
	387  -  MemoryUsage of job (MB)
	395704  -  ResidentSetSize of job (KB)
...
006 (64528.002.000) 07/21 13:06:42 Image size of job updated: 402144
	393  -  MemoryUsage of job (MB)
	402144  -  ResidentSetSize of job (KB)
...
006 (64528.004.000) 07/21 13:06:42 Image size of job updated: 394000
	385  -  MemoryUsage of job (MB)
	394000  -  ResidentSetSize of job (KB)
...
006 (64528.003.000) 07/21 13:11:39 Image size of job updated: 344576
	337  -  MemoryUsage of job (MB)
	344576  -  ResidentSetSize of job (KB)
...
006 (64528.003.000) 07/21 13:16:40 Image size of job updated: 348752
	341  -  MemoryUsage of job (MB)
	348752  -  ResidentSetSize of job (KB)
...
006 (64528.003.000) 07/21 13:21:40 Image size of job updated: 352796
	345  -  MemoryUsage of job (MB)
	352796  -  ResidentSetSize of job (KB)
...
006 (64528.003.000) 07/21 13:26:40 Image size of job updated: 354848
	347  -  MemoryUsage of job (MB)
	354848  -  ResidentSetSize of job (KB)
...
006 (64528.003.000) 07/21 13:31:41 Image size of job updated: 359100
	351  -  MemoryUsage of job (MB)
	359100  -  ResidentSetSize of job (KB)
...
006 (64528.003.000) 07/21 13:36:41 Image size of job updated: 361160
	353  -  MemoryUsage of job (MB)
	361160  -  ResidentSetSize of job (KB)
...
006 (64528.003.000) 07/21 13:41:41 Image size of job updated: 363212
	355  -  MemoryUsage of job (MB)
	363212  -  ResidentSetSize of job (KB)
...
006 (64528.003.000) 07/21 13:51:42 Image size of job updated: 365288
	357  -  MemoryUsage of job (MB)
	365288  -  ResidentSetSize of job (KB)
...
006 (64528.000.000) 07/21 13:56:46 Image size of job updated: 401976
	393  -  MemoryUsage of job (MB)
	401976  -  ResidentSetSize of job (KB)
...
006 (64528.002.000) 07/21 13:56:47 Image size of job updated: 402560
	394  -  MemoryUsage of job (MB)
	402560  -  ResidentSetSize of job (KB)
...
006 (64528.007.000) 07/21 14:01:47 Image size of job updated: 399944
	391  -  MemoryUsage of job (MB)
	399944  -  ResidentSetSize of job (KB)
...
006 (64528.004.000) 07/21 14:01:48 Image size of job updated: 394036
	385  -  MemoryUsage of job (MB)
	394036  -  ResidentSetSize of job (KB)
...
006 (64528.009.000) 07/21 14:01:48 Image size of job updated: 405788
	397  -  MemoryUsage of job (MB)
	405788  -  ResidentSetSize of job (KB)
...
006 (64528.003.000) 07/21 14:16:44 Image size of job updated: 367356
	359  -  MemoryUsage of job (MB)
	367356  -  ResidentSetSize of job (KB)
...
005 (64528.000.000) 07/21 14:20:17 Job terminated.
	(1) Normal termination (return value 0)
		Usr 0 02:18:45, Sys 0 00:00:12  -  Run Remote Usage
		Usr 0 00:00:00, Sys 0 00:00:00  -  Run Local Usage
		Usr 0 02:18:45, Sys 0 00:00:12  -  Total Remote Usage
		Usr 0 00:00:00, Sys 0 00:00:00  -  Total Local Usage
	579331  -  Run Bytes Sent By Job
	45451000  -  Run Bytes Received By Job
	579331  -  Total Bytes Sent By Job
	45451000  -  Total Bytes Received By Job
	Partitionable Resources :    Usage  Request Allocated
	   Cpus                 :                 1         1
	   Disk (KB)            :    45000    45000  11883160
	   Memory (MB)          :      393        0      2004
...
005 (64528.002.000) 07/21 14:21:35 Job terminated.
	(1) Normal termination (return value 0)
		Usr 0 02:20:05, Sys 0 00:00:13  -  Run Remote Usage
		Usr 0 00:00:00, Sys 0 00:00:00  -  Run Local Usage
		Usr 0 02:20:05, Sys 0 00:00:13  -  Total Remote Usage
		Usr 0 00:00:00, Sys 0 00:00:00  -  Total Local Usage
	579377  -  Run Bytes Sent By Job
	45451000  -  Run Bytes Received By Job
	579377  -  Total Bytes Sent By Job
	45451000  -  Total Bytes Received By Job
	Partitionable Resources :    Usage  Request Allocated
	   Cpus                 :                 1         1
	   Disk (KB)            :    45000    45000  11902753
	   Memory (MB)          :      394        0      2004
...
005 (64528.001.000) 07/21 14:22:51 Job terminated.
	(1) Normal termination (return value 0)
		Usr 0 02:21:22, Sys 0 00:00:13  -  Run Remote Usage
		Usr 0 00:00:00, Sys 0 00:00:00  -  Run Local Usage
		Usr 0 02:21:22, Sys 0 00:00:13  -  Total Remote Usage
		Usr 0 00:00:00, Sys 0 00:00:00  -  Total Local Usage
	579370  -  Run Bytes Sent By Job
	45451000  -  Run Bytes Received By Job
	579370  -  Total Bytes Sent By Job
	45451000  -  Total Bytes Received By Job
	Partitionable Resources :    Usage  Request Allocated
	   Cpus                 :                 1         1
	   Disk (KB)            :    45000    45000  11902753
	   Memory (MB)          :      381        0      2004
...
005 (64528.008.000) 07/21 14:28:34 Job terminated.
	(1) Normal termination (return value 0)
		Usr 0 02:27:08, Sys 0 00:00:14  -  Run Remote Usage
		Usr 0 00:00:00, Sys 0 00:00:00  -  Run Local Usage
		Usr 0 02:27:08, Sys 0 00:00:14  -  Total Remote Usage
		Usr 0 00:00:00, Sys 0 00:00:00  -  Total Local Usage
	579508  -  Run Bytes Sent By Job
	45451000  -  Run Bytes Received By Job
	579508  -  Total Bytes Sent By Job
	45451000  -  Total Bytes Received By Job
	Partitionable Resources :    Usage  Request Allocated
	   Cpus                 :                 1         1
	   Disk (KB)            :    45000    45000  10608570
	   Memory (MB)          :      387        0      2004
...
005 (64528.007.000) 07/21 14:29:12 Job terminated.
	(1) Normal termination (return value 0)
		Usr 0 02:27:46, Sys 0 00:00:12  -  Run Remote Usage
		Usr 0 00:00:00, Sys 0 00:00:00  -  Run Local Usage
		Usr 0 02:27:46, Sys 0 00:00:12  -  Total Remote Usage
		Usr 0 00:00:00, Sys 0 00:00:00  -  Total Local Usage
	580107  -  Run Bytes Sent By Job
	45451000  -  Run Bytes Received By Job
	580107  -  Total Bytes Sent By Job
	45451000  -  Total Bytes Received By Job
	Partitionable Resources :    Usage  Request Allocated
	   Cpus                 :                 1         1
	   Disk (KB)            :    45000    45000  10092038
	   Memory (MB)          :      391        0      2004
...
006 (64528.005.000) 07/21 14:29:17 Image size of job updated: 3603912
	378  -  MemoryUsage of job (MB)
	386324  -  ResidentSetSize of job (KB)
...
005 (64528.005.000) 07/21 14:29:17 Job terminated.
	(1) Normal termination (return value 0)
		Usr 0 02:27:45, Sys 0 00:00:14  -  Run Remote Usage
		Usr 0 00:00:00, Sys 0 00:00:00  -  Run Local Usage
		Usr 0 02:27:45, Sys 0 00:00:14  -  Total Remote Usage
		Usr 0 00:00:00, Sys 0 00:00:00  -  Total Local Usage
	580118  -  Run Bytes Sent By Job
	45451000  -  Run Bytes Received By Job
	580118  -  Total Bytes Sent By Job
	45451000  -  Total Bytes Received By Job
	Partitionable Resources :    Usage  Request Allocated
	   Cpus                 :                 1         1
	   Disk (KB)            :    45000    45000  10052613
	   Memory (MB)          :      378        0      2004
...
006 (64528.009.000) 07/21 14:30:21 Image size of job updated: 3603912
	397  -  MemoryUsage of job (MB)
	405788  -  ResidentSetSize of job (KB)
...
005 (64528.009.000) 07/21 14:30:23 Job terminated.
	(1) Normal termination (return value 0)
		Usr 0 02:28:54, Sys 0 00:00:15  -  Run Remote Usage
		Usr 0 00:00:00, Sys 0 00:00:00  -  Run Local Usage
		Usr 0 02:28:54, Sys 0 00:00:15  -  Total Remote Usage
		Usr 0 00:00:00, Sys 0 00:00:00  -  Total Local Usage
	579620  -  Run Bytes Sent By Job
	45451000  -  Run Bytes Received By Job
	579620  -  Total Bytes Sent By Job
	45451000  -  Total Bytes Received By Job
	Partitionable Resources :    Usage  Request Allocated
	   Cpus                 :                 1         1
	   Disk (KB)            :    45000    45000  10609806
	   Memory (MB)          :      397        0      2004
...
005 (64528.004.000) 07/21 14:31:12 Job terminated.
	(1) Normal termination (return value 0)
		Usr 0 02:29:40, Sys 0 00:00:16  -  Run Remote Usage
		Usr 0 00:00:00, Sys 0 00:00:00  -  Run Local Usage
		Usr 0 02:29:40, Sys 0 00:00:16  -  Total Remote Usage
		Usr 0 00:00:00, Sys 0 00:00:00  -  Total Local Usage
	579586  -  Run Bytes Sent By Job
	45451000  -  Run Bytes Received By Job
	579586  -  Total Bytes Sent By Job
	45451000  -  Total Bytes Received By Job
	Partitionable Resources :    Usage  Request Allocated
	   Cpus                 :                 1         1
	   Disk (KB)            :    45000    45000  11861668
	   Memory (MB)          :      385        0      2004
...
005 (64528.006.000) 07/21 14:31:44 Job terminated.
	(1) Normal termination (return value 0)
		Usr 0 02:30:15, Sys 0 00:00:14  -  Run Remote Usage
		Usr 0 00:00:00, Sys 0 00:00:00  -  Run Local Usage
		Usr 0 02:30:15, Sys 0 00:00:14  -  Total Remote Usage
		Usr 0 00:00:00, Sys 0 00:00:00  -  Total Local Usage
	579244  -  Run Bytes Sent By Job
	45451000  -  Run Bytes Received By Job
	579244  -  Total Bytes Sent By Job
	45451000  -  Total Bytes Received By Job
	Partitionable Resources :    Usage  Request Allocated
	   Cpus                 :                 1         1
	   Disk (KB)            :    45000    45000  10049193
	   Memory (MB)          :      378        0      2004
...
006 (64528.003.000) 07/21 15:31:51 Image size of job updated: 402204
	393  -  MemoryUsage of job (MB)
	402204  -  ResidentSetSize of job (KB)
...
006 (64528.003.000) 07/21 19:37:23 Image size of job updated: 402272
	393  -  MemoryUsage of job (MB)
	402272  -  ResidentSetSize of job (KB)
...
006 (64528.003.000) 07/22 01:18:02 Image size of job updated: 402336
	393  -  MemoryUsage of job (MB)
	402336  -  ResidentSetSize of job (KB)
...
005 (64528.003.000) 07/22 04:28:18 Job terminated.
	(1) Normal termination (return value 0)
		Usr 0 16:27:57, Sys 0 00:05:08  -  Run Remote Usage
		Usr 0 00:00:00, Sys 0 00:00:00  -  Run Local Usage
		Usr 0 16:27:57, Sys 0 00:05:08  -  Total Remote Usage
		Usr 0 00:00:00, Sys 0 00:00:00  -  Total Local Usage
	579634  -  Run Bytes Sent By Job
	45451000  -  Run Bytes Received By Job
	579634  -  Total Bytes Sent By Job
	45451000  -  Total Bytes Received By Job
	Partitionable Resources :    Usage  Request Allocated
	   Cpus                 :                 1         1
	   Disk (KB)            :    45000    45000  11886501
	   Memory (MB)          :      393        0      2004
...
