000 (64535.000.000) 07/21 12:10:08 Job submitted from host: <139.153.252.230:9618?addrs=139.153.252.230-9618+[--1]-9618&noUDP&sock=729_9ca1_4>
...
000 (64535.001.000) 07/21 12:10:08 Job submitted from host: <139.153.252.230:9618?addrs=139.153.252.230-9618+[--1]-9618&noUDP&sock=729_9ca1_4>
...
000 (64535.002.000) 07/21 12:10:08 Job submitted from host: <139.153.252.230:9618?addrs=139.153.252.230-9618+[--1]-9618&noUDP&sock=729_9ca1_4>
...
000 (64535.003.000) 07/21 12:10:08 Job submitted from host: <139.153.252.230:9618?addrs=139.153.252.230-9618+[--1]-9618&noUDP&sock=729_9ca1_4>
...
000 (64535.004.000) 07/21 12:10:08 Job submitted from host: <139.153.252.230:9618?addrs=139.153.252.230-9618+[--1]-9618&noUDP&sock=729_9ca1_4>
...
000 (64535.005.000) 07/21 12:10:08 Job submitted from host: <139.153.252.230:9618?addrs=139.153.252.230-9618+[--1]-9618&noUDP&sock=729_9ca1_4>
...
000 (64535.006.000) 07/21 12:10:08 Job submitted from host: <139.153.252.230:9618?addrs=139.153.252.230-9618+[--1]-9618&noUDP&sock=729_9ca1_4>
...
000 (64535.007.000) 07/21 12:10:08 Job submitted from host: <139.153.252.230:9618?addrs=139.153.252.230-9618+[--1]-9618&noUDP&sock=729_9ca1_4>
...
000 (64535.008.000) 07/21 12:10:08 Job submitted from host: <139.153.252.230:9618?addrs=139.153.252.230-9618+[--1]-9618&noUDP&sock=729_9ca1_4>
...
000 (64535.009.000) 07/21 12:10:08 Job submitted from host: <139.153.252.230:9618?addrs=139.153.252.230-9618+[--1]-9618&noUDP&sock=729_9ca1_4>
...
001 (64535.001.000) 07/21 12:10:12 Job executing on host: <139.153.252.238:9618?addrs=139.153.252.238-9618+[--1]-9618&noUDP&sock=1065_1473_3>
...
001 (64535.002.000) 07/21 12:10:14 Job executing on host: <139.153.252.239:9618?addrs=139.153.252.239-9618+[--1]-9618&noUDP&sock=1028_b372_3>
...
001 (64535.006.000) 07/21 12:10:14 Job executing on host: <139.153.252.243:9618?addrs=139.153.252.243-9618+[--1]-9618&noUDP&sock=1374_0737_3>
...
001 (64535.004.000) 07/21 12:10:14 Job executing on host: <139.153.252.241:9618?addrs=139.153.252.241-9618+[--1]-9618&noUDP&sock=1072_e19d_3>
...
001 (64535.000.000) 07/21 12:10:14 Job executing on host: <139.153.252.234:9618?addrs=139.153.252.234-9618+[--1]-9618&noUDP&sock=2365_c592_3>
...
001 (64535.007.000) 07/21 12:10:14 Job executing on host: <139.153.252.231:9618?addrs=139.153.252.231-9618+[--1]-9618&noUDP&sock=995_10d2_3>
...
001 (64535.005.000) 07/21 12:10:14 Job executing on host: <139.153.252.242:9618?addrs=139.153.252.242-9618+[--1]-9618&noUDP&sock=1011_0a56_3>
...
001 (64535.008.000) 07/21 12:10:14 Job executing on host: <139.153.252.232:9618?addrs=139.153.252.232-9618+[--1]-9618&noUDP&sock=2167_f5d1_3>
...
001 (64535.003.000) 07/21 12:10:14 Job executing on host: <139.153.252.240:9618?addrs=139.153.252.240-9618+[--1]-9618&noUDP&sock=1047_bbbf_3>
...
001 (64535.009.000) 07/21 12:10:15 Job executing on host: <139.153.252.233:9618?addrs=139.153.252.233-9618+[--1]-9618&noUDP&sock=1045_5c8e_3>
...
006 (64535.001.000) 07/21 12:10:21 Image size of job updated: 172796
	169  -  MemoryUsage of job (MB)
	172796  -  ResidentSetSize of job (KB)
...
006 (64535.006.000) 07/21 12:10:22 Image size of job updated: 154376
	151  -  MemoryUsage of job (MB)
	154376  -  ResidentSetSize of job (KB)
...
006 (64535.002.000) 07/21 12:10:22 Image size of job updated: 156852
	154  -  MemoryUsage of job (MB)
	156852  -  ResidentSetSize of job (KB)
...
006 (64535.000.000) 07/21 12:10:22 Image size of job updated: 155544
	152  -  MemoryUsage of job (MB)
	155544  -  ResidentSetSize of job (KB)
...
006 (64535.009.000) 07/21 12:10:23 Image size of job updated: 53008
	52  -  MemoryUsage of job (MB)
	53008  -  ResidentSetSize of job (KB)
...
006 (64535.007.000) 07/21 12:10:23 Image size of job updated: 150832
	148  -  MemoryUsage of job (MB)
	150832  -  ResidentSetSize of job (KB)
...
006 (64535.004.000) 07/21 12:10:23 Image size of job updated: 66848
	66  -  MemoryUsage of job (MB)
	66848  -  ResidentSetSize of job (KB)
...
006 (64535.005.000) 07/21 12:10:23 Image size of job updated: 175608
	172  -  MemoryUsage of job (MB)
	175608  -  ResidentSetSize of job (KB)
...
006 (64535.008.000) 07/21 12:10:23 Image size of job updated: 147476
	145  -  MemoryUsage of job (MB)
	147476  -  ResidentSetSize of job (KB)
...
006 (64535.003.000) 07/21 12:10:23 Image size of job updated: 173360
	170  -  MemoryUsage of job (MB)
	173360  -  ResidentSetSize of job (KB)
...
006 (64535.001.000) 07/21 12:15:22 Image size of job updated: 317888
	311  -  MemoryUsage of job (MB)
	317888  -  ResidentSetSize of job (KB)
...
006 (64535.006.000) 07/21 12:15:22 Image size of job updated: 315184
	308  -  MemoryUsage of job (MB)
	315184  -  ResidentSetSize of job (KB)
...
006 (64535.002.000) 07/21 12:15:22 Image size of job updated: 304972
	298  -  MemoryUsage of job (MB)
	304972  -  ResidentSetSize of job (KB)
...
006 (64535.000.000) 07/21 12:15:22 Image size of job updated: 313060
	306  -  MemoryUsage of job (MB)
	313060  -  ResidentSetSize of job (KB)
...
006 (64535.009.000) 07/21 12:15:23 Image size of job updated: 312196
	305  -  MemoryUsage of job (MB)
	312196  -  ResidentSetSize of job (KB)
...
006 (64535.007.000) 07/21 12:15:24 Image size of job updated: 313328
	306  -  MemoryUsage of job (MB)
	313328  -  ResidentSetSize of job (KB)
...
006 (64535.005.000) 07/21 12:15:24 Image size of job updated: 311148
	304  -  MemoryUsage of job (MB)
	311148  -  ResidentSetSize of job (KB)
...
006 (64535.008.000) 07/21 12:15:24 Image size of job updated: 320928
	314  -  MemoryUsage of job (MB)
	320928  -  ResidentSetSize of job (KB)
...
006 (64535.003.000) 07/21 12:15:24 Image size of job updated: 306600
	300  -  MemoryUsage of job (MB)
	306600  -  ResidentSetSize of job (KB)
...
006 (64535.004.000) 07/21 12:15:24 Image size of job updated: 299800
	293  -  MemoryUsage of job (MB)
	299800  -  ResidentSetSize of job (KB)
...
006 (64535.001.000) 07/21 12:20:22 Image size of job updated: 334616
	327  -  MemoryUsage of job (MB)
	334616  -  ResidentSetSize of job (KB)
...
006 (64535.006.000) 07/21 12:20:23 Image size of job updated: 333924
	327  -  MemoryUsage of job (MB)
	333924  -  ResidentSetSize of job (KB)
...
006 (64535.002.000) 07/21 12:20:23 Image size of job updated: 323676
	317  -  MemoryUsage of job (MB)
	323676  -  ResidentSetSize of job (KB)
...
006 (64535.000.000) 07/21 12:20:23 Image size of job updated: 329648
	322  -  MemoryUsage of job (MB)
	329648  -  ResidentSetSize of job (KB)
...
006 (64535.009.000) 07/21 12:20:24 Image size of job updated: 317076
	310  -  MemoryUsage of job (MB)
	317076  -  ResidentSetSize of job (KB)
...
006 (64535.007.000) 07/21 12:20:25 Image size of job updated: 332204
	325  -  MemoryUsage of job (MB)
	332204  -  ResidentSetSize of job (KB)
...
006 (64535.005.000) 07/21 12:20:25 Image size of job updated: 327828
	321  -  MemoryUsage of job (MB)
	327828  -  ResidentSetSize of job (KB)
...
006 (64535.008.000) 07/21 12:20:25 Image size of job updated: 337760
	330  -  MemoryUsage of job (MB)
	337760  -  ResidentSetSize of job (KB)
...
006 (64535.003.000) 07/21 12:20:25 Image size of job updated: 323364
	316  -  MemoryUsage of job (MB)
	323364  -  ResidentSetSize of job (KB)
...
006 (64535.004.000) 07/21 12:20:25 Image size of job updated: 304420
	298  -  MemoryUsage of job (MB)
	304420  -  ResidentSetSize of job (KB)
...
006 (64535.006.000) 07/21 12:25:23 Image size of job updated: 348368
	341  -  MemoryUsage of job (MB)
	348368  -  ResidentSetSize of job (KB)
...
006 (64535.002.000) 07/21 12:25:23 Image size of job updated: 338076
	331  -  MemoryUsage of job (MB)
	338076  -  ResidentSetSize of job (KB)
...
006 (64535.000.000) 07/21 12:25:23 Image size of job updated: 346172
	339  -  MemoryUsage of job (MB)
	346172  -  ResidentSetSize of job (KB)
...
006 (64535.001.000) 07/21 12:25:23 Image size of job updated: 351168
	343  -  MemoryUsage of job (MB)
	351168  -  ResidentSetSize of job (KB)
...
006 (64535.007.000) 07/21 12:25:25 Image size of job updated: 346612
	339  -  MemoryUsage of job (MB)
	346612  -  ResidentSetSize of job (KB)
...
006 (64535.005.000) 07/21 12:25:25 Image size of job updated: 342296
	335  -  MemoryUsage of job (MB)
	342296  -  ResidentSetSize of job (KB)
...
006 (64535.008.000) 07/21 12:25:25 Image size of job updated: 354220
	346  -  MemoryUsage of job (MB)
	354220  -  ResidentSetSize of job (KB)
...
006 (64535.003.000) 07/21 12:25:25 Image size of job updated: 339812
	332  -  MemoryUsage of job (MB)
	339812  -  ResidentSetSize of job (KB)
...
006 (64535.006.000) 07/21 12:30:23 Image size of job updated: 353872
	346  -  MemoryUsage of job (MB)
	353872  -  ResidentSetSize of job (KB)
...
006 (64535.002.000) 07/21 12:30:23 Image size of job updated: 343828
	336  -  MemoryUsage of job (MB)
	343828  -  ResidentSetSize of job (KB)
...
006 (64535.000.000) 07/21 12:30:23 Image size of job updated: 352068
	344  -  MemoryUsage of job (MB)
	352068  -  ResidentSetSize of job (KB)
...
006 (64535.001.000) 07/21 12:30:24 Image size of job updated: 355540
	348  -  MemoryUsage of job (MB)
	355540  -  ResidentSetSize of job (KB)
...
006 (64535.009.000) 07/21 12:30:25 Image size of job updated: 319860
	313  -  MemoryUsage of job (MB)
	319860  -  ResidentSetSize of job (KB)
...
006 (64535.007.000) 07/21 12:30:25 Image size of job updated: 348664
	341  -  MemoryUsage of job (MB)
	348664  -  ResidentSetSize of job (KB)
...
006 (64535.005.000) 07/21 12:30:25 Image size of job updated: 349804
	342  -  MemoryUsage of job (MB)
	349804  -  ResidentSetSize of job (KB)
...
006 (64535.008.000) 07/21 12:30:26 Image size of job updated: 356272
	348  -  MemoryUsage of job (MB)
	356272  -  ResidentSetSize of job (KB)
...
006 (64535.003.000) 07/21 12:30:26 Image size of job updated: 345932
	338  -  MemoryUsage of job (MB)
	345932  -  ResidentSetSize of job (KB)
...
006 (64535.004.000) 07/21 12:30:26 Image size of job updated: 306584
	300  -  MemoryUsage of job (MB)
	306584  -  ResidentSetSize of job (KB)
...
006 (64535.001.000) 07/21 12:35:24 Image size of job updated: 355672
	348  -  MemoryUsage of job (MB)
	355672  -  ResidentSetSize of job (KB)
...
006 (64535.002.000) 07/21 12:35:24 Image size of job updated: 343960
	336  -  MemoryUsage of job (MB)
	343960  -  ResidentSetSize of job (KB)
...
006 (64535.000.000) 07/21 12:35:24 Image size of job updated: 352332
	345  -  MemoryUsage of job (MB)
	352332  -  ResidentSetSize of job (KB)
...
006 (64535.007.000) 07/21 12:35:26 Image size of job updated: 352044
	344  -  MemoryUsage of job (MB)
	352044  -  ResidentSetSize of job (KB)
...
006 (64535.005.000) 07/21 12:35:26 Image size of job updated: 350764
	343  -  MemoryUsage of job (MB)
	350764  -  ResidentSetSize of job (KB)
...
006 (64535.003.000) 07/21 12:35:27 Image size of job updated: 347000
	339  -  MemoryUsage of job (MB)
	347000  -  ResidentSetSize of job (KB)
...
006 (64535.008.000) 07/21 12:35:27 Image size of job updated: 358912
	351  -  MemoryUsage of job (MB)
	358912  -  ResidentSetSize of job (KB)
...
006 (64535.001.000) 07/21 12:40:24 Image size of job updated: 398780
	390  -  MemoryUsage of job (MB)
	398780  -  ResidentSetSize of job (KB)
...
006 (64535.006.000) 07/21 12:40:25 Image size of job updated: 397020
	388  -  MemoryUsage of job (MB)
	397020  -  ResidentSetSize of job (KB)
...
006 (64535.002.000) 07/21 12:40:25 Image size of job updated: 387188
	379  -  MemoryUsage of job (MB)
	387188  -  ResidentSetSize of job (KB)
...
006 (64535.000.000) 07/21 12:40:25 Image size of job updated: 395500
	387  -  MemoryUsage of job (MB)
	395500  -  ResidentSetSize of job (KB)
...
006 (64535.007.000) 07/21 12:40:26 Image size of job updated: 395280
	387  -  MemoryUsage of job (MB)
	395280  -  ResidentSetSize of job (KB)
...
006 (64535.005.000) 07/21 12:40:26 Image size of job updated: 393948
	385  -  MemoryUsage of job (MB)
	393948  -  ResidentSetSize of job (KB)
...
006 (64535.008.000) 07/21 12:40:27 Image size of job updated: 402064
	393  -  MemoryUsage of job (MB)
	402064  -  ResidentSetSize of job (KB)
...
006 (64535.003.000) 07/21 12:40:27 Image size of job updated: 390148
	382  -  MemoryUsage of job (MB)
	390148  -  ResidentSetSize of job (KB)
...
006 (64535.004.000) 07/21 12:40:27 Image size of job updated: 308664
	302  -  MemoryUsage of job (MB)
	308664  -  ResidentSetSize of job (KB)
...
006 (64535.006.000) 07/21 12:45:25 Image size of job updated: 398816
	390  -  MemoryUsage of job (MB)
	398816  -  ResidentSetSize of job (KB)
...
006 (64535.002.000) 07/21 12:45:25 Image size of job updated: 388840
	380  -  MemoryUsage of job (MB)
	388840  -  ResidentSetSize of job (KB)
...
006 (64535.000.000) 07/21 12:45:25 Image size of job updated: 397280
	388  -  MemoryUsage of job (MB)
	397280  -  ResidentSetSize of job (KB)
...
006 (64535.001.000) 07/21 12:45:25 Image size of job updated: 406040
	397  -  MemoryUsage of job (MB)
	406040  -  ResidentSetSize of job (KB)
...
006 (64535.007.000) 07/21 12:45:26 Image size of job updated: 396868
	388  -  MemoryUsage of job (MB)
	396868  -  ResidentSetSize of job (KB)
...
006 (64535.005.000) 07/21 12:45:26 Image size of job updated: 395692
	387  -  MemoryUsage of job (MB)
	395692  -  ResidentSetSize of job (KB)
...
006 (64535.009.000) 07/21 12:45:27 Image size of job updated: 321936
	315  -  MemoryUsage of job (MB)
	321936  -  ResidentSetSize of job (KB)
...
006 (64535.008.000) 07/21 12:45:27 Image size of job updated: 403584
	395  -  MemoryUsage of job (MB)
	403584  -  ResidentSetSize of job (KB)
...
006 (64535.003.000) 07/21 12:45:27 Image size of job updated: 391920
	383  -  MemoryUsage of job (MB)
	391920  -  ResidentSetSize of job (KB)
...
006 (64535.004.000) 07/21 12:50:29 Image size of job updated: 310780
	304  -  MemoryUsage of job (MB)
	310780  -  ResidentSetSize of job (KB)
...
006 (64535.009.000) 07/21 12:55:28 Image size of job updated: 324020
	317  -  MemoryUsage of job (MB)
	324020  -  ResidentSetSize of job (KB)
...
006 (64535.004.000) 07/21 12:55:29 Image size of job updated: 310912
	304  -  MemoryUsage of job (MB)
	310912  -  ResidentSetSize of job (KB)
...
006 (64535.009.000) 07/21 13:00:28 Image size of job updated: 324152
	317  -  MemoryUsage of job (MB)
	324152  -  ResidentSetSize of job (KB)
...
006 (64535.004.000) 07/21 13:00:30 Image size of job updated: 312968
	306  -  MemoryUsage of job (MB)
	312968  -  ResidentSetSize of job (KB)
...
006 (64535.009.000) 07/21 13:05:29 Image size of job updated: 326264
	319  -  MemoryUsage of job (MB)
	326264  -  ResidentSetSize of job (KB)
...
006 (64535.005.000) 07/21 13:05:29 Image size of job updated: 395972
	387  -  MemoryUsage of job (MB)
	395972  -  ResidentSetSize of job (KB)
...
006 (64535.008.000) 07/21 13:05:30 Image size of job updated: 403716
	395  -  MemoryUsage of job (MB)
	403716  -  ResidentSetSize of job (KB)
...
006 (64535.004.000) 07/21 13:05:31 Image size of job updated: 315152
	308  -  MemoryUsage of job (MB)
	315152  -  ResidentSetSize of job (KB)
...
006 (64535.006.000) 07/21 13:10:27 Image size of job updated: 398948
	390  -  MemoryUsage of job (MB)
	398948  -  ResidentSetSize of job (KB)
...
006 (64535.001.000) 07/21 13:10:28 Image size of job updated: 406172
	397  -  MemoryUsage of job (MB)
	406172  -  ResidentSetSize of job (KB)
...
006 (64535.002.000) 07/21 13:10:28 Image size of job updated: 388972
	380  -  MemoryUsage of job (MB)
	388972  -  ResidentSetSize of job (KB)
...
006 (64535.009.000) 07/21 13:10:29 Image size of job updated: 328332
	321  -  MemoryUsage of job (MB)
	328332  -  ResidentSetSize of job (KB)
...
006 (64535.004.000) 07/21 13:10:31 Image size of job updated: 317328
	310  -  MemoryUsage of job (MB)
	317328  -  ResidentSetSize of job (KB)
...
006 (64535.006.000) 07/21 13:15:28 Image size of job updated: 399056
	390  -  MemoryUsage of job (MB)
	399056  -  ResidentSetSize of job (KB)
...
006 (64535.000.000) 07/21 13:15:28 Image size of job updated: 397396
	389  -  MemoryUsage of job (MB)
	397396  -  ResidentSetSize of job (KB)
...
006 (64535.001.000) 07/21 13:15:28 Image size of job updated: 406304
	397  -  MemoryUsage of job (MB)
	406304  -  ResidentSetSize of job (KB)
...
006 (64535.002.000) 07/21 13:15:29 Image size of job updated: 389080
	380  -  MemoryUsage of job (MB)
	389080  -  ResidentSetSize of job (KB)
...
006 (64535.009.000) 07/21 13:15:29 Image size of job updated: 332468
	325  -  MemoryUsage of job (MB)
	332468  -  ResidentSetSize of job (KB)
...
006 (64535.007.000) 07/21 13:15:30 Image size of job updated: 397108
	388  -  MemoryUsage of job (MB)
	397108  -  ResidentSetSize of job (KB)
...
006 (64535.005.000) 07/21 13:15:30 Image size of job updated: 396052
	387  -  MemoryUsage of job (MB)
	396052  -  ResidentSetSize of job (KB)
...
006 (64535.003.000) 07/21 13:15:31 Image size of job updated: 391964
	383  -  MemoryUsage of job (MB)
	391964  -  ResidentSetSize of job (KB)
...
006 (64535.004.000) 07/21 13:15:32 Image size of job updated: 319436
	312  -  MemoryUsage of job (MB)
	319436  -  ResidentSetSize of job (KB)
...
006 (64535.009.000) 07/21 13:20:30 Image size of job updated: 334520
	327  -  MemoryUsage of job (MB)
	334520  -  ResidentSetSize of job (KB)
...
006 (64535.004.000) 07/21 13:20:33 Image size of job updated: 321528
	314  -  MemoryUsage of job (MB)
	321528  -  ResidentSetSize of job (KB)
...
006 (64535.009.000) 07/21 13:25:30 Image size of job updated: 336676
	329  -  MemoryUsage of job (MB)
	336676  -  ResidentSetSize of job (KB)
...
006 (64535.004.000) 07/21 13:25:33 Image size of job updated: 325656
	319  -  MemoryUsage of job (MB)
	325656  -  ResidentSetSize of job (KB)
...
006 (64535.009.000) 07/21 13:30:30 Image size of job updated: 340892
	333  -  MemoryUsage of job (MB)
	340892  -  ResidentSetSize of job (KB)
...
006 (64535.004.000) 07/21 13:30:34 Image size of job updated: 327712
	321  -  MemoryUsage of job (MB)
	327712  -  ResidentSetSize of job (KB)
...
006 (64535.009.000) 07/21 13:35:31 Image size of job updated: 342952
	335  -  MemoryUsage of job (MB)
	342952  -  ResidentSetSize of job (KB)
...
006 (64535.004.000) 07/21 13:35:35 Image size of job updated: 329792
	323  -  MemoryUsage of job (MB)
	329792  -  ResidentSetSize of job (KB)
...
006 (64535.009.000) 07/21 13:40:31 Image size of job updated: 345188
	338  -  MemoryUsage of job (MB)
	345188  -  ResidentSetSize of job (KB)
...
006 (64535.004.000) 07/21 13:40:35 Image size of job updated: 333904
	327  -  MemoryUsage of job (MB)
	333904  -  ResidentSetSize of job (KB)
...
006 (64535.009.000) 07/21 13:45:31 Image size of job updated: 347236
	340  -  MemoryUsage of job (MB)
	347236  -  ResidentSetSize of job (KB)
...
006 (64535.007.000) 07/21 13:45:34 Image size of job updated: 397256
	388  -  MemoryUsage of job (MB)
	397256  -  ResidentSetSize of job (KB)
...
006 (64535.004.000) 07/21 13:45:36 Image size of job updated: 335956
	329  -  MemoryUsage of job (MB)
	335956  -  ResidentSetSize of job (KB)
...
006 (64535.009.000) 07/21 13:50:32 Image size of job updated: 349352
	342  -  MemoryUsage of job (MB)
	349352  -  ResidentSetSize of job (KB)
...
006 (64535.006.000) 07/21 13:50:32 Image size of job updated: 399232
	390  -  MemoryUsage of job (MB)
	399232  -  ResidentSetSize of job (KB)
...
006 (64535.001.000) 07/21 13:50:32 Image size of job updated: 406372
	397  -  MemoryUsage of job (MB)
	406372  -  ResidentSetSize of job (KB)
...
006 (64535.005.000) 07/21 13:50:33 Image size of job updated: 396112
	387  -  MemoryUsage of job (MB)
	396112  -  ResidentSetSize of job (KB)
...
006 (64535.003.000) 07/21 13:50:34 Image size of job updated: 392104
	383  -  MemoryUsage of job (MB)
	392104  -  ResidentSetSize of job (KB)
...
006 (64535.004.000) 07/21 13:50:37 Image size of job updated: 338028
	331  -  MemoryUsage of job (MB)
	338028  -  ResidentSetSize of job (KB)
...
006 (64535.009.000) 07/21 13:55:32 Image size of job updated: 351484
	344  -  MemoryUsage of job (MB)
	351484  -  ResidentSetSize of job (KB)
...
006 (64535.009.000) 07/21 14:00:32 Image size of job updated: 353540
	346  -  MemoryUsage of job (MB)
	353540  -  ResidentSetSize of job (KB)
...
006 (64535.004.000) 07/21 14:00:38 Image size of job updated: 340084
	333  -  MemoryUsage of job (MB)
	340084  -  ResidentSetSize of job (KB)
...
006 (64535.009.000) 07/21 14:05:34 Image size of job updated: 355592
	348  -  MemoryUsage of job (MB)
	355592  -  ResidentSetSize of job (KB)
...
006 (64535.004.000) 07/21 14:05:39 Image size of job updated: 342212
	335  -  MemoryUsage of job (MB)
	342212  -  ResidentSetSize of job (KB)
...
006 (64535.007.000) 07/21 14:10:35 Image size of job updated: 397388
	389  -  MemoryUsage of job (MB)
	397388  -  ResidentSetSize of job (KB)
...
006 (64535.004.000) 07/21 14:10:39 Image size of job updated: 342812
	335  -  MemoryUsage of job (MB)
	342812  -  ResidentSetSize of job (KB)
...
006 (64535.008.000) 07/21 14:15:36 Image size of job updated: 403732
	395  -  MemoryUsage of job (MB)
	403732  -  ResidentSetSize of job (KB)
...
006 (64535.007.000) 07/21 14:15:36 Image size of job updated: 397400
	389  -  MemoryUsage of job (MB)
	397400  -  ResidentSetSize of job (KB)
...
006 (64535.009.000) 07/21 14:20:35 Image size of job updated: 357644
	350  -  MemoryUsage of job (MB)
	357644  -  ResidentSetSize of job (KB)
...
006 (64535.006.000) 07/21 14:20:35 Image size of job updated: 399296
	390  -  MemoryUsage of job (MB)
	399296  -  ResidentSetSize of job (KB)
...
006 (64535.003.000) 07/21 14:20:37 Image size of job updated: 392196
	384  -  MemoryUsage of job (MB)
	392196  -  ResidentSetSize of job (KB)
...
006 (64535.004.000) 07/21 14:20:41 Image size of job updated: 344848
	337  -  MemoryUsage of job (MB)
	344848  -  ResidentSetSize of job (KB)
...
006 (64535.000.000) 07/21 14:25:36 Image size of job updated: 397416
	389  -  MemoryUsage of job (MB)
	397416  -  ResidentSetSize of job (KB)
...
006 (64535.005.000) 07/21 14:25:36 Image size of job updated: 396188
	387  -  MemoryUsage of job (MB)
	396188  -  ResidentSetSize of job (KB)
...
005 (64535.007.000) 07/21 14:30:50 Job terminated.
	(1) Normal termination (return value 0)
		Usr 0 02:20:13, Sys 0 00:00:16  -  Run Remote Usage
		Usr 0 00:00:00, Sys 0 00:00:00  -  Run Local Usage
		Usr 0 02:20:13, Sys 0 00:00:16  -  Total Remote Usage
		Usr 0 00:00:00, Sys 0 00:00:00  -  Total Local Usage
	584655  -  Run Bytes Sent By Job
	45451000  -  Run Bytes Received By Job
	584655  -  Total Bytes Sent By Job
	45451000  -  Total Bytes Received By Job
	Partitionable Resources :    Usage  Request Allocated
	   Cpus                 :                 1         1
	   Disk (KB)            :    45000    45000  11883160
	   Memory (MB)          :      389        0      2004
...
005 (64535.008.000) 07/21 14:32:14 Job terminated.
	(1) Normal termination (return value 0)
		Usr 0 02:21:38, Sys 0 00:00:16  -  Run Remote Usage
		Usr 0 00:00:00, Sys 0 00:00:00  -  Run Local Usage
		Usr 0 02:21:38, Sys 0 00:00:16  -  Total Remote Usage
		Usr 0 00:00:00, Sys 0 00:00:00  -  Total Local Usage
	585419  -  Run Bytes Sent By Job
	45451000  -  Run Bytes Received By Job
	585419  -  Total Bytes Sent By Job
	45451000  -  Total Bytes Received By Job
	Partitionable Resources :    Usage  Request Allocated
	   Cpus                 :                 1         1
	   Disk (KB)            :    45000    45000  11902753
	   Memory (MB)          :      395        0      2004
...
005 (64535.006.000) 07/21 14:38:07 Job terminated.
	(1) Normal termination (return value 0)
		Usr 0 02:27:55, Sys 0 00:00:15  -  Run Remote Usage
		Usr 0 00:00:00, Sys 0 00:00:00  -  Run Local Usage
		Usr 0 02:27:55, Sys 0 00:00:15  -  Total Remote Usage
		Usr 0 00:00:00, Sys 0 00:00:00  -  Total Local Usage
	584976  -  Run Bytes Sent By Job
	45451000  -  Run Bytes Received By Job
	584976  -  Total Bytes Sent By Job
	45451000  -  Total Bytes Received By Job
	Partitionable Resources :    Usage  Request Allocated
	   Cpus                 :                 1         1
	   Disk (KB)            :    45000    45000  10609299
	   Memory (MB)          :      390        0      2004
...
005 (64535.002.000) 07/21 14:39:49 Job terminated.
	(1) Normal termination (return value 0)
		Usr 0 02:29:30, Sys 0 00:00:15  -  Run Remote Usage
		Usr 0 00:00:00, Sys 0 00:00:00  -  Run Local Usage
		Usr 0 02:29:30, Sys 0 00:00:15  -  Total Remote Usage
		Usr 0 00:00:00, Sys 0 00:00:00  -  Total Local Usage
	584526  -  Run Bytes Sent By Job
	45451000  -  Run Bytes Received By Job
	584526  -  Total Bytes Sent By Job
	45451000  -  Total Bytes Received By Job
	Partitionable Resources :    Usage  Request Allocated
	   Cpus                 :                 1         1
	   Disk (KB)            :    45000    45000  10609806
	   Memory (MB)          :      380        0      2004
...
006 (64535.001.000) 07/21 14:40:01 Image size of job updated: 3537348
	397  -  MemoryUsage of job (MB)
	406372  -  ResidentSetSize of job (KB)
...
005 (64535.001.000) 07/21 14:40:01 Job terminated.
	(1) Normal termination (return value 0)
		Usr 0 02:29:46, Sys 0 00:00:14  -  Run Remote Usage
		Usr 0 00:00:00, Sys 0 00:00:00  -  Run Local Usage
		Usr 0 02:29:46, Sys 0 00:00:14  -  Total Remote Usage
		Usr 0 00:00:00, Sys 0 00:00:00  -  Total Local Usage
	584827  -  Run Bytes Sent By Job
	45451000  -  Run Bytes Received By Job
	584827  -  Total Bytes Sent By Job
	45451000  -  Total Bytes Received By Job
	Partitionable Resources :    Usage  Request Allocated
	   Cpus                 :                 1         1
	   Disk (KB)            :    45000    45000  10608570
	   Memory (MB)          :      397        0      2004
...
005 (64535.003.000) 07/21 14:41:30 Job terminated.
	(1) Normal termination (return value 0)
		Usr 0 02:31:12, Sys 0 00:00:15  -  Run Remote Usage
		Usr 0 00:00:00, Sys 0 00:00:00  -  Run Local Usage
		Usr 0 02:31:12, Sys 0 00:00:15  -  Total Remote Usage
		Usr 0 00:00:00, Sys 0 00:00:00  -  Total Local Usage
	584769  -  Run Bytes Sent By Job
	45451000  -  Run Bytes Received By Job
	584769  -  Total Bytes Sent By Job
	45451000  -  Total Bytes Received By Job
	Partitionable Resources :    Usage  Request Allocated
	   Cpus                 :                 1         1
	   Disk (KB)            :    45000    45000  10608286
	   Memory (MB)          :      384        0      2004
...
005 (64535.005.000) 07/21 14:41:39 Job terminated.
	(1) Normal termination (return value 0)
		Usr 0 02:31:23, Sys 0 00:00:16  -  Run Remote Usage
		Usr 0 00:00:00, Sys 0 00:00:00  -  Run Local Usage
		Usr 0 02:31:23, Sys 0 00:00:16  -  Total Remote Usage
		Usr 0 00:00:00, Sys 0 00:00:00  -  Total Local Usage
	584723  -  Run Bytes Sent By Job
	45451000  -  Run Bytes Received By Job
	584723  -  Total Bytes Sent By Job
	45451000  -  Total Bytes Received By Job
	Partitionable Resources :    Usage  Request Allocated
	   Cpus                 :                 1         1
	   Disk (KB)            :    45000    45000  10608117
	   Memory (MB)          :      387        0      2004
...
005 (64535.000.000) 07/21 14:42:13 Job terminated.
	(1) Normal termination (return value 0)
		Usr 0 02:31:59, Sys 0 00:00:14  -  Run Remote Usage
		Usr 0 00:00:00, Sys 0 00:00:00  -  Run Local Usage
		Usr 0 02:31:59, Sys 0 00:00:14  -  Total Remote Usage
		Usr 0 00:00:00, Sys 0 00:00:00  -  Total Local Usage
	584579  -  Run Bytes Sent By Job
	45451000  -  Run Bytes Received By Job
	584579  -  Total Bytes Sent By Job
	45451000  -  Total Bytes Received By Job
	Partitionable Resources :    Usage  Request Allocated
	   Cpus                 :                 1         1
	   Disk (KB)            :    45000    45000  11861668
	   Memory (MB)          :      389        0      2004
...
006 (64535.009.000) 07/21 15:40:45 Image size of job updated: 401116
	392  -  MemoryUsage of job (MB)
	401116  -  ResidentSetSize of job (KB)
...
006 (64535.004.000) 07/21 15:40:51 Image size of job updated: 387972
	379  -  MemoryUsage of job (MB)
	387972  -  ResidentSetSize of job (KB)
...
006 (64535.009.000) 07/21 15:55:47 Image size of job updated: 401248
	392  -  MemoryUsage of job (MB)
	401248  -  ResidentSetSize of job (KB)
...
006 (64535.004.000) 07/21 15:55:53 Image size of job updated: 388236
	380  -  MemoryUsage of job (MB)
	388236  -  ResidentSetSize of job (KB)
...
006 (64535.009.000) 07/21 16:00:47 Image size of job updated: 401776
	393  -  MemoryUsage of job (MB)
	401776  -  ResidentSetSize of job (KB)
...
006 (64535.009.000) 07/21 16:05:48 Image size of job updated: 402332
	393  -  MemoryUsage of job (MB)
	402332  -  ResidentSetSize of job (KB)
...
006 (64535.009.000) 07/21 19:21:14 Image size of job updated: 402508
	394  -  MemoryUsage of job (MB)
	402508  -  ResidentSetSize of job (KB)
...
006 (64535.009.000) 07/21 23:06:35 Image size of job updated: 402580
	394  -  MemoryUsage of job (MB)
	402580  -  ResidentSetSize of job (KB)
...
006 (64535.004.000) 07/21 23:06:51 Image size of job updated: 388276
	380  -  MemoryUsage of job (MB)
	388276  -  ResidentSetSize of job (KB)
...
006 (64535.009.000) 07/22 02:46:54 Image size of job updated: 402780
	394  -  MemoryUsage of job (MB)
	402780  -  ResidentSetSize of job (KB)
...
006 (64535.004.000) 07/22 04:56:06 Image size of job updated: 3535300
	380  -  MemoryUsage of job (MB)
	388276  -  ResidentSetSize of job (KB)
...
005 (64535.004.000) 07/22 04:56:06 Job terminated.
	(1) Normal termination (return value 0)
		Usr 0 16:48:49, Sys 0 00:05:10  -  Run Remote Usage
		Usr 0 00:00:00, Sys 0 00:00:00  -  Run Local Usage
		Usr 0 16:48:49, Sys 0 00:05:10  -  Total Remote Usage
		Usr 0 00:00:00, Sys 0 00:00:00  -  Total Local Usage
	584659  -  Run Bytes Sent By Job
	45451000  -  Run Bytes Received By Job
	584659  -  Total Bytes Sent By Job
	45451000  -  Total Bytes Received By Job
	Partitionable Resources :    Usage  Request Allocated
	   Cpus                 :                 1         1
	   Disk (KB)            :    45000    45000  10607864
	   Memory (MB)          :      380        0      2004
...
005 (64535.009.000) 07/22 05:03:26 Job terminated.
	(1) Normal termination (return value 0)
		Usr 0 16:54:33, Sys 0 00:05:15  -  Run Remote Usage
		Usr 0 00:00:00, Sys 0 00:00:00  -  Run Local Usage
		Usr 0 16:54:33, Sys 0 00:05:15  -  Total Remote Usage
		Usr 0 00:00:00, Sys 0 00:00:00  -  Total Local Usage
	584712  -  Run Bytes Sent By Job
	45451000  -  Run Bytes Received By Job
	584712  -  Total Bytes Sent By Job
	45451000  -  Total Bytes Received By Job
	Partitionable Resources :    Usage  Request Allocated
	   Cpus                 :                 1         1
	   Disk (KB)            :    45000    45000  11886501
	   Memory (MB)          :      394        0      2004
...
